#
# There is insufficient memory for the Java Runtime Environment to continue.
# Native memory allocation (mmap) failed to map 89128960 bytes for Failed to commit area from 0x0000000092800000 to 0x0000000097d00000 of length 89128960.
# Possible reasons:
#   The system is out of physical RAM or swap space
#   The process is running with CompressedOops enabled, and the Java Heap may be blocking the growth of the native heap
# Possible solutions:
#   Reduce memory load on the system
#   Increase physical memory or swap space
#   Check if swap backing store is full
#   Decrease Java heap size (-Xmx/-Xms)
#   Decrease number of Java threads
#   Decrease Java thread stack sizes (-Xss)
#   Set larger code cache with -XX:ReservedCodeCacheSize=
#   JVM is running with Unscaled Compressed Oops mode in which the Java heap is
#     placed in the first 4GB address space. The Java Heap base address is the
#     maximum limit for the native heap growth. Please use -XX:HeapBaseMinAddress
#     to set the Java Heap base and to place the Java Heap above 4GB virtual address.
# This output file may be truncated or incomplete.
#
#  Out of Memory Error (./src/hotspot/os/windows/os_windows.cpp:3619), pid=14888, tid=15716
#
# JRE version: OpenJDK Runtime Environment (11.0.13) (build 11.0.13+0-b1751.21-8125866)
# Java VM: OpenJDK 64-Bit Server VM (11.0.13+0-b1751.21-8125866, mixed mode, tiered, compressed oops, g1 gc, windows-amd64)
# No core dump will be written. Minidumps are not enabled by default on client versions of Windows
#

---------------  S U M M A R Y ------------

Command Line: --add-opens=java.base/java.util=ALL-UNNAMED --add-opens=java.base/java.lang=ALL-UNNAMED --add-opens=java.base/java.lang.invoke=ALL-UNNAMED --add-opens=java.base/java.util=ALL-UNNAMED --add-opens=java.prefs/java.util.prefs=ALL-UNNAMED --add-opens=java.prefs/java.util.prefs=ALL-UNNAMED --add-opens=java.base/java.nio.charset=ALL-UNNAMED --add-opens=java.base/java.net=ALL-UNNAMED --add-opens=java.base/java.util.concurrent.atomic=ALL-UNNAMED -Xmx2048m -Dfile.encoding=UTF-8 -Duser.country=RU -Duser.language=ru -Duser.variant org.gradle.launcher.daemon.bootstrap.GradleDaemon 7.2

Host: AMD Ryzen 5 4500U with Radeon Graphics         , 6 cores, 15G,  Windows 11 , 64 bit Build 22621 (10.0.22621.608)
Time: Sun Oct 30 08:31:12 2022 RTZ 2 (зима) elapsed time: 12.938024 seconds (0d 0h 0m 12s)

---------------  T H R E A D  ---------------

Current thread (0x0000023f3334b000):  VMThread "VM Thread" [stack: 0x0000007bf3b00000,0x0000007bf3c00000] [id=15716]

Stack: [0x0000007bf3b00000,0x0000007bf3c00000]
[error occurred during error reporting (printing stack bounds), id 0xc0000005, EXCEPTION_ACCESS_VIOLATION (0xc0000005) at pc=0x0000023f1cdd112d]

Native frames: (J=compiled Java code, j=interpreted, Vv=VM code, C=native code)
V  [jvm.dll+0x6100fa]
V  [jvm.dll+0x747090]
V  [jvm.dll+0x7486ad]
V  [jvm.dll+0x748ce5]
V  [jvm.dll+0x748c9b]
V  [jvm.dll+0x60f224]
V  [jvm.dll+0x60f9b8]
C  [ntdll.dll+0xa3e1f]
C  [ntdll.dll+0x1eae6]
C  [ntdll.dll+0xa2e0e]
C  0x0000023f1cdd112d

VM_Operation (0x0000007bfb7fe780): G1CollectForAllocation, mode: safepoint, requested by thread 0x0000023f3712c000


---------------  P R O C E S S  ---------------

Threads class SMR info:
_java_thread_list=0x0000023f397d6580, length=120, elements={
0x0000023f192b8000, 0x0000023f33b71800, 0x0000023f33b73800, 0x0000023f33b94800,
0x0000023f33b97800, 0x0000023f33bdd800, 0x0000023f33bdf800, 0x0000023f33be1800,
0x0000023f33be8000, 0x0000023f33d4b800, 0x0000023f35d3d000, 0x0000023f34ddc000,
0x0000023f351d1800, 0x0000023f34926800, 0x0000023f36a89800, 0x0000023f35770000,
0x0000023f3662c800, 0x0000023f352d9000, 0x0000023f35d1c000, 0x0000023f356a2800,
0x0000023f36c12000, 0x0000023f36c14800, 0x0000023f36c12800, 0x0000023f36c13800,
0x0000023f36426000, 0x0000023f36c15000, 0x0000023f36c16000, 0x0000023f36c11000,
0x0000023f36c10800, 0x0000023f36c17000, 0x0000023f39476000, 0x0000023f39471000,
0x0000023f39474800, 0x0000023f39472800, 0x0000023f39472000, 0x0000023f39479000,
0x0000023f39478800, 0x0000023f39473800, 0x0000023f3947b800, 0x0000023f3947e000,
0x0000023f3947b000, 0x0000023f3947c800, 0x0000023f3947d800, 0x0000023f3947f000,
0x0000023f39480000, 0x0000023f3947a000, 0x0000023f37513000, 0x0000023f3750d800,
0x0000023f3750f800, 0x0000023f37510800, 0x0000023f37514000, 0x0000023f37511800,
0x0000023f37512000, 0x0000023f3750e000, 0x0000023f37514800, 0x0000023f3750f000,
0x0000023f3751a800, 0x0000023f37515800, 0x0000023f3751b000, 0x0000023f3751c000,
0x0000023f37518000, 0x0000023f37516000, 0x0000023f37517000, 0x0000023f37518800,
0x0000023f37519800, 0x0000023f3ac7d800, 0x0000023f3ac7f800, 0x0000023f3ac7e800,
0x0000023f3ac7d000, 0x0000023f3ac80000, 0x0000023f3ac81000, 0x0000023f3ac7b800,
0x0000023f3ac82000, 0x0000023f3ac7c000, 0x0000023f3ac86000, 0x0000023f3ac86800,
0x0000023f3ac85000, 0x0000023f3ac84000, 0x0000023f3ac83800, 0x0000023f3ac87800,
0x0000023f3ac88800, 0x0000023f3ac82800, 0x0000023f3ac8a000, 0x0000023f3ac89000,
0x0000023f39c69000, 0x0000023f39c6c800, 0x0000023f39c6f800, 0x0000023f39c6b000,
0x0000023f39c6a000, 0x0000023f39c70800, 0x0000023f39c6e000, 0x0000023f39c71800,
0x0000023f39c6d800, 0x0000023f39c6b800, 0x0000023f39c72000, 0x0000023f39c73000,
0x0000023f39c74000, 0x0000023f39c74800, 0x0000023f39c6f000, 0x0000023f39c78000,
0x0000023f39c75800, 0x0000023f39c77000, 0x0000023f39c76000, 0x0000023f37126000,
0x0000023f37123000, 0x0000023f37121000, 0x0000023f37123800, 0x0000023f37127800,
0x0000023f37124800, 0x0000023f37125800, 0x0000023f37127000, 0x0000023f37122000,
0x0000023f3712e800, 0x0000023f3712b000, 0x0000023f37129800, 0x0000023f3712c000,
0x0000023f37128800, 0x0000023f3712f000, 0x0000023f3712c800, 0x0000023f37130000
}

Java Threads: ( => current thread )
  0x0000023f192b8000 JavaThread "main" [_thread_blocked, id=15960, stack(0x0000007bf3400000,0x0000007bf3500000)]
  0x0000023f33b71800 JavaThread "Reference Handler" daemon [_thread_blocked, id=5404, stack(0x0000007bf3c00000,0x0000007bf3d00000)]
  0x0000023f33b73800 JavaThread "Finalizer" daemon [_thread_blocked, id=2928, stack(0x0000007bf3d00000,0x0000007bf3e00000)]
  0x0000023f33b94800 JavaThread "Signal Dispatcher" daemon [_thread_blocked, id=11668, stack(0x0000007bf3f00000,0x0000007bf4000000)]
  0x0000023f33b97800 JavaThread "Attach Listener" daemon [_thread_blocked, id=3576, stack(0x0000007bf4000000,0x0000007bf4100000)]
  0x0000023f33bdd800 JavaThread "Service Thread" daemon [_thread_blocked, id=9444, stack(0x0000007bf4100000,0x0000007bf4200000)]
  0x0000023f33bdf800 JavaThread "C2 CompilerThread0" daemon [_thread_blocked, id=6900, stack(0x0000007bf4200000,0x0000007bf4300000)]
  0x0000023f33be1800 JavaThread "C1 CompilerThread0" daemon [_thread_blocked, id=5016, stack(0x0000007bf4300000,0x0000007bf4400000)]
  0x0000023f33be8000 JavaThread "Sweeper thread" daemon [_thread_blocked, id=2920, stack(0x0000007bf4400000,0x0000007bf4500000)]
  0x0000023f33d4b800 JavaThread "Common-Cleaner" daemon [_thread_blocked, id=1644, stack(0x0000007bf4500000,0x0000007bf4600000)]
  0x0000023f35d3d000 JavaThread "Daemon health stats" [_thread_blocked, id=3184, stack(0x0000007bf4c00000,0x0000007bf4d00000)]
  0x0000023f34ddc000 JavaThread "Incoming local TCP Connector on port 63717" [_thread_in_native, id=14516, stack(0x0000007bf4700000,0x0000007bf4800000)]
  0x0000023f351d1800 JavaThread "Daemon periodic checks" [_thread_blocked, id=4440, stack(0x0000007bf4d00000,0x0000007bf4e00000)]
  0x0000023f34926800 JavaThread "Daemon" [_thread_blocked, id=9760, stack(0x0000007bf4e00000,0x0000007bf4f00000)]
  0x0000023f36a89800 JavaThread "Handler for socket connection from /127.0.0.1:63717 to /127.0.0.1:63718" [_thread_in_native, id=2416, stack(0x0000007bf4f00000,0x0000007bf5000000)]
  0x0000023f35770000 JavaThread "Cancel handler" [_thread_blocked, id=12764, stack(0x0000007bf5000000,0x0000007bf5100000)]
  0x0000023f3662c800 JavaThread "Daemon worker" [_thread_blocked, id=4500, stack(0x0000007bf5100000,0x0000007bf5200000)]
  0x0000023f352d9000 JavaThread "Asynchronous log dispatcher for DefaultDaemonConnection: socket connection from /127.0.0.1:63717 to /127.0.0.1:63718" [_thread_blocked, id=14324, stack(0x0000007bf5200000,0x0000007bf5300000)]
  0x0000023f35d1c000 JavaThread "Stdin handler" [_thread_blocked, id=4888, stack(0x0000007bf5300000,0x0000007bf5400000)]
  0x0000023f356a2800 JavaThread "Daemon client event forwarder" [_thread_blocked, id=15536, stack(0x0000007bf5400000,0x0000007bf5500000)]
  0x0000023f36c12000 JavaThread "Cache worker for journal cache (C:\Users\Nauruz\.gradle\caches\journal-1)" [_thread_blocked, id=10424, stack(0x0000007bf5500000,0x0000007bf5600000)]
  0x0000023f36c14800 JavaThread "File lock request listener" [_thread_in_native, id=8380, stack(0x0000007bf5600000,0x0000007bf5700000)]
  0x0000023f36c12800 JavaThread "Cache worker for file hash cache (C:\Users\Nauruz\.gradle\caches\7.2\fileHashes)" [_thread_blocked, id=15488, stack(0x0000007bf5700000,0x0000007bf5800000)]
  0x0000023f36c13800 JavaThread "Cache worker for file hash cache (C:\Users\Nauruz\AndroidStudioProjects\FakeStore\.gradle\7.2\fileHashes)" [_thread_blocked, id=16132, stack(0x0000007bf5a00000,0x0000007bf5b00000)]
  0x0000023f36426000 JavaThread "C2 CompilerThread1" daemon [_thread_in_native, id=2488, stack(0x0000007bf5b00000,0x0000007bf5c00000)]
  0x0000023f36c15000 JavaThread "File watcher server" daemon [_thread_blocked, id=8360, stack(0x0000007bf5c00000,0x0000007bf5d00000)]
  0x0000023f36c16000 JavaThread "File watcher consumer" daemon [_thread_blocked, id=2288, stack(0x0000007bf5d00000,0x0000007bf5e00000)]
  0x0000023f36c11000 JavaThread "Cache worker for checksums cache (C:\Users\Nauruz\AndroidStudioProjects\FakeStore\.gradle\checksums)" [_thread_blocked, id=10148, stack(0x0000007bf5e00000,0x0000007bf5f00000)]
  0x0000023f36c10800 JavaThread "Cache worker for cache directory md-supplier (C:\Users\Nauruz\.gradle\caches\7.2\md-supplier)" [_thread_blocked, id=11956, stack(0x0000007bf5f00000,0x0000007bf6000000)]
  0x0000023f36c17000 JavaThread "Cache worker for cache directory md-rule (C:\Users\Nauruz\.gradle\caches\7.2\md-rule)" [_thread_blocked, id=5032, stack(0x0000007bf6000000,0x0000007bf6100000)]
  0x0000023f39476000 JavaThread "Cache worker for execution history cache (C:\Users\Nauruz\.gradle\caches\7.2\executionHistory)" [_thread_blocked, id=1716, stack(0x0000007bf6100000,0x0000007bf6200000)]
  0x0000023f39471000 JavaThread "jar transforms" [_thread_blocked, id=12752, stack(0x0000007bf6200000,0x0000007bf6300000)]
  0x0000023f39474800 JavaThread "Cache worker for file content cache (C:\Users\Nauruz\.gradle\caches\7.2\fileContent)" [_thread_blocked, id=1832, stack(0x0000007bf6300000,0x0000007bf6400000)]
  0x0000023f39472800 JavaThread "jar transforms Thread 2" [_thread_blocked, id=5636, stack(0x0000007bf6400000,0x0000007bf6500000)]
  0x0000023f39472000 JavaThread "Cache worker for dependencies-accessors (C:\Users\Nauruz\AndroidStudioProjects\FakeStore\.gradle\7.2\dependencies-accessors)" [_thread_blocked, id=5880, stack(0x0000007bf6500000,0x0000007bf6600000)]
  0x0000023f39479000 JavaThread "jar transforms Thread 3" [_thread_blocked, id=16376, stack(0x0000007bf6600000,0x0000007bf6700000)]
  0x0000023f39478800 JavaThread "Cache worker for Build Output Cleanup Cache (C:\Users\Nauruz\AndroidStudioProjects\FakeStore\.gradle\buildOutputCleanup)" [_thread_blocked, id=11904, stack(0x0000007bf6700000,0x0000007bf6800000)]
  0x0000023f39473800 JavaThread "Unconstrained build operations" [_thread_blocked, id=10564, stack(0x0000007bf6800000,0x0000007bf6900000)]
  0x0000023f3947b800 JavaThread "Unconstrained build operations Thread 2" [_thread_blocked, id=12112, stack(0x0000007bf6900000,0x0000007bf6a00000)]
  0x0000023f3947e000 JavaThread "Unconstrained build operations Thread 3" [_thread_blocked, id=7668, stack(0x0000007bf6a00000,0x0000007bf6b00000)]
  0x0000023f3947b000 JavaThread "Unconstrained build operations Thread 4" [_thread_blocked, id=12236, stack(0x0000007bf6b00000,0x0000007bf6c00000)]
  0x0000023f3947c800 JavaThread "Unconstrained build operations Thread 5" [_thread_blocked, id=11644, stack(0x0000007bf6c00000,0x0000007bf6d00000)]
  0x0000023f3947d800 JavaThread "Unconstrained build operations Thread 6" [_thread_blocked, id=4136, stack(0x0000007bf6d00000,0x0000007bf6e00000)]
  0x0000023f3947f000 JavaThread "Unconstrained build operations Thread 7" [_thread_blocked, id=4596, stack(0x0000007bf6e00000,0x0000007bf6f00000)]
  0x0000023f39480000 JavaThread "Unconstrained build operations Thread 8" [_thread_blocked, id=6732, stack(0x0000007bf6f00000,0x0000007bf7000000)]
  0x0000023f3947a000 JavaThread "Unconstrained build operations Thread 9" [_thread_blocked, id=7588, stack(0x0000007bf7000000,0x0000007bf7100000)]
  0x0000023f37513000 JavaThread "Unconstrained build operations Thread 10" [_thread_blocked, id=7908, stack(0x0000007bf7100000,0x0000007bf7200000)]
  0x0000023f3750d800 JavaThread "Unconstrained build operations Thread 11" [_thread_blocked, id=2144, stack(0x0000007bf7200000,0x0000007bf7300000)]
  0x0000023f3750f800 JavaThread "Unconstrained build operations Thread 12" [_thread_blocked, id=11496, stack(0x0000007bf7300000,0x0000007bf7400000)]
  0x0000023f37510800 JavaThread "Unconstrained build operations Thread 13" [_thread_blocked, id=14828, stack(0x0000007bf7400000,0x0000007bf7500000)]
  0x0000023f37514000 JavaThread "Unconstrained build operations Thread 14" [_thread_blocked, id=15300, stack(0x0000007bf7500000,0x0000007bf7600000)]
  0x0000023f37511800 JavaThread "Unconstrained build operations Thread 15" [_thread_blocked, id=4860, stack(0x0000007bf7600000,0x0000007bf7700000)]
  0x0000023f37512000 JavaThread "Unconstrained build operations Thread 16" [_thread_blocked, id=14204, stack(0x0000007bf7700000,0x0000007bf7800000)]
  0x0000023f3750e000 JavaThread "Unconstrained build operations Thread 17" [_thread_blocked, id=12296, stack(0x0000007bf7800000,0x0000007bf7900000)]
  0x0000023f37514800 JavaThread "Unconstrained build operations Thread 18" [_thread_blocked, id=13540, stack(0x0000007bf7900000,0x0000007bf7a00000)]
  0x0000023f3750f000 JavaThread "Unconstrained build operations Thread 19" [_thread_blocked, id=13116, stack(0x0000007bf7a00000,0x0000007bf7b00000)]
  0x0000023f3751a800 JavaThread "Unconstrained build operations Thread 20" [_thread_blocked, id=12040, stack(0x0000007bf7b00000,0x0000007bf7c00000)]
  0x0000023f37515800 JavaThread "Unconstrained build operations Thread 21" [_thread_blocked, id=8880, stack(0x0000007bf7c00000,0x0000007bf7d00000)]
  0x0000023f3751b000 JavaThread "Unconstrained build operations Thread 22" [_thread_blocked, id=13896, stack(0x0000007bf7d00000,0x0000007bf7e00000)]
  0x0000023f3751c000 JavaThread "Unconstrained build operations Thread 23" [_thread_blocked, id=6208, stack(0x0000007bf7e00000,0x0000007bf7f00000)]
  0x0000023f37518000 JavaThread "Unconstrained build operations Thread 24" [_thread_blocked, id=15836, stack(0x0000007bf7f00000,0x0000007bf8000000)]
  0x0000023f37516000 JavaThread "Unconstrained build operations Thread 25" [_thread_blocked, id=9608, stack(0x0000007bf8000000,0x0000007bf8100000)]
  0x0000023f37517000 JavaThread "Unconstrained build operations Thread 26" [_thread_blocked, id=12388, stack(0x0000007bf8100000,0x0000007bf8200000)]
  0x0000023f37518800 JavaThread "Unconstrained build operations Thread 27" [_thread_blocked, id=15908, stack(0x0000007bf8200000,0x0000007bf8300000)]
  0x0000023f37519800 JavaThread "Unconstrained build operations Thread 28" [_thread_blocked, id=3168, stack(0x0000007bf8300000,0x0000007bf8400000)]
  0x0000023f3ac7d800 JavaThread "Unconstrained build operations Thread 29" [_thread_blocked, id=3740, stack(0x0000007bf8400000,0x0000007bf8500000)]
  0x0000023f3ac7f800 JavaThread "Unconstrained build operations Thread 30" [_thread_blocked, id=7860, stack(0x0000007bf8500000,0x0000007bf8600000)]
  0x0000023f3ac7e800 JavaThread "Unconstrained build operations Thread 31" [_thread_blocked, id=13600, stack(0x0000007bf8600000,0x0000007bf8700000)]
  0x0000023f3ac7d000 JavaThread "Unconstrained build operations Thread 32" [_thread_blocked, id=9792, stack(0x0000007bf8700000,0x0000007bf8800000)]
  0x0000023f3ac80000 JavaThread "Unconstrained build operations Thread 33" [_thread_blocked, id=8740, stack(0x0000007bf8800000,0x0000007bf8900000)]
  0x0000023f3ac81000 JavaThread "Unconstrained build operations Thread 34" [_thread_blocked, id=9432, stack(0x0000007bf8900000,0x0000007bf8a00000)]
  0x0000023f3ac7b800 JavaThread "Unconstrained build operations Thread 35" [_thread_blocked, id=7260, stack(0x0000007bf8a00000,0x0000007bf8b00000)]
  0x0000023f3ac82000 JavaThread "Unconstrained build operations Thread 36" [_thread_blocked, id=13700, stack(0x0000007bf8b00000,0x0000007bf8c00000)]
  0x0000023f3ac7c000 JavaThread "Unconstrained build operations Thread 37" [_thread_blocked, id=7452, stack(0x0000007bf8c00000,0x0000007bf8d00000)]
  0x0000023f3ac86000 JavaThread "Unconstrained build operations Thread 38" [_thread_blocked, id=14352, stack(0x0000007bf8d00000,0x0000007bf8e00000)]
  0x0000023f3ac86800 JavaThread "Unconstrained build operations Thread 39" [_thread_blocked, id=2000, stack(0x0000007bf8e00000,0x0000007bf8f00000)]
  0x0000023f3ac85000 JavaThread "Unconstrained build operations Thread 40" [_thread_blocked, id=11780, stack(0x0000007bf8f00000,0x0000007bf9000000)]
  0x0000023f3ac84000 JavaThread "Unconstrained build operations Thread 41" [_thread_blocked, id=2140, stack(0x0000007bf9000000,0x0000007bf9100000)]
  0x0000023f3ac83800 JavaThread "Unconstrained build operations Thread 42" [_thread_blocked, id=11828, stack(0x0000007bf9100000,0x0000007bf9200000)]
  0x0000023f3ac87800 JavaThread "Unconstrained build operations Thread 43" [_thread_blocked, id=7900, stack(0x0000007bf9200000,0x0000007bf9300000)]
  0x0000023f3ac88800 JavaThread "Unconstrained build operations Thread 44" [_thread_blocked, id=7784, stack(0x0000007bf9300000,0x0000007bf9400000)]
  0x0000023f3ac82800 JavaThread "Unconstrained build operations Thread 45" [_thread_blocked, id=5004, stack(0x0000007bf9400000,0x0000007bf9500000)]
  0x0000023f3ac8a000 JavaThread "Unconstrained build operations Thread 46" [_thread_blocked, id=8700, stack(0x0000007bf9500000,0x0000007bf9600000)]
  0x0000023f3ac89000 JavaThread "Unconstrained build operations Thread 47" [_thread_blocked, id=4132, stack(0x0000007bf9600000,0x0000007bf9700000)]
  0x0000023f39c69000 JavaThread "Unconstrained build operations Thread 48" [_thread_blocked, id=15864, stack(0x0000007bf9700000,0x0000007bf9800000)]
  0x0000023f39c6c800 JavaThread "Unconstrained build operations Thread 49" [_thread_blocked, id=3704, stack(0x0000007bf9800000,0x0000007bf9900000)]
  0x0000023f39c6f800 JavaThread "Unconstrained build operations Thread 50" [_thread_blocked, id=7552, stack(0x0000007bf9900000,0x0000007bf9a00000)]
  0x0000023f39c6b000 JavaThread "Unconstrained build operations Thread 51" [_thread_blocked, id=16064, stack(0x0000007bf9a00000,0x0000007bf9b00000)]
  0x0000023f39c6a000 JavaThread "Unconstrained build operations Thread 52" [_thread_blocked, id=1752, stack(0x0000007bf9b00000,0x0000007bf9c00000)]
  0x0000023f39c70800 JavaThread "Unconstrained build operations Thread 53" [_thread_blocked, id=1576, stack(0x0000007bf9c00000,0x0000007bf9d00000)]
  0x0000023f39c6e000 JavaThread "Unconstrained build operations Thread 54" [_thread_blocked, id=2220, stack(0x0000007bf9d00000,0x0000007bf9e00000)]
  0x0000023f39c71800 JavaThread "Unconstrained build operations Thread 55" [_thread_blocked, id=13264, stack(0x0000007bf9e00000,0x0000007bf9f00000)]
  0x0000023f39c6d800 JavaThread "Unconstrained build operations Thread 56" [_thread_blocked, id=6548, stack(0x0000007bf9f00000,0x0000007bfa000000)]
  0x0000023f39c6b800 JavaThread "Unconstrained build operations Thread 57" [_thread_blocked, id=8172, stack(0x0000007bfa000000,0x0000007bfa100000)]
  0x0000023f39c72000 JavaThread "Unconstrained build operations Thread 58" [_thread_blocked, id=10788, stack(0x0000007bfa100000,0x0000007bfa200000)]
  0x0000023f39c73000 JavaThread "Unconstrained build operations Thread 59" [_thread_blocked, id=5156, stack(0x0000007bfa200000,0x0000007bfa300000)]
  0x0000023f39c74000 JavaThread "Unconstrained build operations Thread 60" [_thread_blocked, id=14920, stack(0x0000007bfa300000,0x0000007bfa400000)]
  0x0000023f39c74800 JavaThread "jar transforms Thread 4" [_thread_blocked, id=11980, stack(0x0000007bfa400000,0x0000007bfa500000)]
  0x0000023f39c6f000 JavaThread "jar transforms Thread 5" [_thread_blocked, id=15440, stack(0x0000007bfa500000,0x0000007bfa600000)]
  0x0000023f39c78000 JavaThread "jar transforms Thread 6" [_thread_blocked, id=600, stack(0x0000007bfa600000,0x0000007bfa700000)]
  0x0000023f39c75800 JavaThread "Memory manager" [_thread_blocked, id=11844, stack(0x0000007bfa800000,0x0000007bfa900000)]
  0x0000023f39c77000 JavaThread "build event listener" [_thread_blocked, id=4656, stack(0x0000007bfa900000,0x0000007bfaa00000)]
  0x0000023f39c76000 JavaThread "Execution worker for ':'" [_thread_blocked, id=748, stack(0x0000007bfaa00000,0x0000007bfab00000)]
  0x0000023f37126000 JavaThread "Execution worker for ':' Thread 2" [_thread_blocked, id=10940, stack(0x0000007bfab00000,0x0000007bfac00000)]
  0x0000023f37123000 JavaThread "Execution worker for ':' Thread 3" [_thread_blocked, id=15928, stack(0x0000007bfac00000,0x0000007bfad00000)]
  0x0000023f37121000 JavaThread "Execution worker for ':' Thread 4" [_thread_blocked, id=3412, stack(0x0000007bfad00000,0x0000007bfae00000)]
  0x0000023f37123800 JavaThread "Execution worker for ':' Thread 5" [_thread_blocked, id=15540, stack(0x0000007bfae00000,0x0000007bfaf00000)]
  0x0000023f37127800 JavaThread "Cache worker for execution history cache (C:\Users\Nauruz\AndroidStudioProjects\FakeStore\.gradle\7.2\executionHistory)" [_thread_blocked, id=12756, stack(0x0000007bfaf00000,0x0000007bfb000000)]
  0x0000023f37124800 JavaThread "WorkerExecutor Queue" [_thread_blocked, id=7932, stack(0x0000007bfb000000,0x0000007bfb100000)]
  0x0000023f37125800 JavaThread "WorkerExecutor Queue Thread 2" [_thread_blocked, id=11704, stack(0x0000007bfb100000,0x0000007bfb200000)]
  0x0000023f37127000 JavaThread "WorkerExecutor Queue Thread 3" [_thread_blocked, id=4420, stack(0x0000007bfb200000,0x0000007bfb300000)]
  0x0000023f37122000 JavaThread "pool-3-thread-1" [_thread_blocked, id=11544, stack(0x0000007bfb300000,0x0000007bfb400000)]
  0x0000023f3712e800 JavaThread "stderr" [_thread_in_native, id=15220, stack(0x0000007bfb400000,0x0000007bfb500000)]
  0x0000023f3712b000 JavaThread "stdout" [_thread_in_native, id=15672, stack(0x0000007bfb500000,0x0000007bfb600000)]
  0x0000023f37129800 JavaThread "ForkJoinPool-1-worker-3" daemon [_thread_blocked, id=12688, stack(0x0000007bfb600000,0x0000007bfb700000)]
  0x0000023f3712c000 JavaThread "ForkJoinPool-1-worker-5" daemon [_thread_blocked, id=7944, stack(0x0000007bfb700000,0x0000007bfb800000)]
  0x0000023f37128800 JavaThread "ForkJoinPool-1-worker-7" daemon [_thread_blocked, id=16120, stack(0x0000007bfb800000,0x0000007bfb900000)]
  0x0000023f3712f000 JavaThread "ForkJoinPool-1-worker-9" daemon [_thread_blocked, id=15288, stack(0x0000007bfb900000,0x0000007bfba00000)]
  0x0000023f3712c800 JavaThread "ForkJoinPool-1-worker-11" daemon [_thread_blocked, id=15324, stack(0x0000007bfba00000,0x0000007bfbb00000)]
  0x0000023f37130000 JavaThread "ForkJoinPool-1-worker-13" daemon [_thread_blocked, id=11220, stack(0x0000007bfbb00000,0x0000007bfbc00000)]

Other Threads:
=>0x0000023f3334b000 VMThread "VM Thread" [stack: 0x0000007bf3b00000,0x0000007bf3c00000] [id=15716]
  0x0000023f33dad800 WatcherThread [stack: 0x0000007bf4600000,0x0000007bf4700000] [id=1144]
  0x0000023f192d1000 GCTaskThread "GC Thread#0" [stack: 0x0000007bf3600000,0x0000007bf3700000] [id=15584]
  0x0000023f345f3800 GCTaskThread "GC Thread#1" [stack: 0x0000007bf4800000,0x0000007bf4900000] [id=10184]
  0x0000023f34311000 GCTaskThread "GC Thread#2" [stack: 0x0000007bf4900000,0x0000007bf4a00000] [id=8800]
  0x0000023f34a63000 GCTaskThread "GC Thread#3" [stack: 0x0000007bf4a00000,0x0000007bf4b00000] [id=3392]
  0x0000023f34a94000 GCTaskThread "GC Thread#4" [stack: 0x0000007bf4b00000,0x0000007bf4c00000] [id=13348]
  0x0000023f35569000 GCTaskThread "GC Thread#5" [stack: 0x0000007bf5800000,0x0000007bf5900000] [id=9248]
  0x0000023f19302800 ConcurrentGCThread "G1 Main Marker" [stack: 0x0000007bf3700000,0x0000007bf3800000] [id=15468]
  0x0000023f19304800 ConcurrentGCThread "G1 Conc#0" [stack: 0x0000007bf3800000,0x0000007bf3900000] [id=15812]
  0x0000023f34d6f800 ConcurrentGCThread "G1 Conc#1" [stack: 0x0000007bf5900000,0x0000007bf5a00000] [id=13160]
  0x0000023f331bc800 ConcurrentGCThread "G1 Refine#0" [stack: 0x0000007bf3900000,0x0000007bf3a00000] [id=3596]
  0x0000023f37aa9000 ConcurrentGCThread "G1 Refine#1" [stack: 0x0000007bfa700000,0x0000007bfa800000] [id=15952]
  0x0000023f3d6f2000 ConcurrentGCThread "G1 Refine#2" [stack: 0x0000007bfbc00000,0x0000007bfbd00000] [id=8832]
  0x0000023f331bf800 ConcurrentGCThread "G1 Young RemSet Sampling" [stack: 0x0000007bf3a00000,0x0000007bf3b00000] [id=15456]

Threads with active compile tasks:
C2 CompilerThread0  12946 12364   !   4       com.android.tools.r8.graph.W0::Q (125 bytes)
C1 CompilerThread0  12946 12388       2       com.android.tools.r8.code.l0::<init> (7 bytes)
C2 CompilerThread1  12946 12295       4       com.android.tools.r8.dex.r::e (654 bytes)

VM state:at safepoint (normal execution)

VM Mutex/Monitor currently owned by a thread:  ([mutex/lock_event])
[0x0000023f192b1f40] Threads_lock - owner thread: 0x0000023f3334b000
[0x0000023f192b2de0] Heap_lock - owner thread: 0x0000023f3712c000

Heap address: 0x0000000080000000, size: 2048 MB, Compressed Oops mode: 32-bit
Narrow klass base: 0x0000000000000000, Narrow klass shift: 3
Compressed class space size: 1073741824 Address: 0x0000000100000000

Heap:
 garbage-first heap   total 390144K, used 229888K [0x0000000080000000, 0x0000000100000000)
  region size 1024K, 4 young (4096K), 4 survivors (4096K)
 Metaspace       used 98692K, capacity 101229K, committed 101584K, reserved 1136640K
  class space    used 12849K, capacity 13847K, committed 13952K, reserved 1048576K
Heap Regions: E=young(eden), S=young(survivor), O=old, HS=humongous(starts), HC=humongous(continues), CS=collection set, F=free, A=archive, TAMS=top-at-mark-start (previous, next)
|   0|0x0000000080000000, 0x0000000080100000, 0x0000000080100000|100%| O|  |TAMS 0x0000000080100000, 0x0000000080100000| Untracked 
|   1|0x0000000080100000, 0x0000000080200000, 0x0000000080200000|100%| O|  |TAMS 0x0000000080200000, 0x0000000080200000| Untracked 
|   2|0x0000000080200000, 0x0000000080300000, 0x0000000080300000|100%| O|  |TAMS 0x0000000080300000, 0x0000000080300000| Untracked 
|   3|0x0000000080300000, 0x0000000080400000, 0x0000000080400000|100%|HS|  |TAMS 0x0000000080400000, 0x0000000080400000| Complete 
|   4|0x0000000080400000, 0x0000000080500000, 0x0000000080500000|100%|HC|  |TAMS 0x0000000080500000, 0x0000000080500000| Complete 
|   5|0x0000000080500000, 0x0000000080600000, 0x0000000080600000|100%|HC|  |TAMS 0x0000000080600000, 0x0000000080600000| Complete 
|   6|0x0000000080600000, 0x0000000080700000, 0x0000000080700000|100%| O|  |TAMS 0x0000000080700000, 0x0000000080700000| Untracked 
|   7|0x0000000080700000, 0x0000000080800000, 0x0000000080800000|100%| O|  |TAMS 0x0000000080800000, 0x0000000080800000| Untracked 
|   8|0x0000000080800000, 0x0000000080900000, 0x0000000080900000|100%| O|  |TAMS 0x0000000080900000, 0x0000000080900000| Untracked 
|   9|0x0000000080900000, 0x0000000080a00000, 0x0000000080a00000|100%| O|  |TAMS 0x0000000080a00000, 0x0000000080a00000| Untracked 
|  10|0x0000000080a00000, 0x0000000080b00000, 0x0000000080b00000|100%| O|  |TAMS 0x0000000080b00000, 0x0000000080b00000| Untracked 
|  11|0x0000000080b00000, 0x0000000080c00000, 0x0000000080c00000|100%| O|  |TAMS 0x0000000080c00000, 0x0000000080c00000| Untracked 
|  12|0x0000000080c00000, 0x0000000080d00000, 0x0000000080d00000|100%| O|  |TAMS 0x0000000080d00000, 0x0000000080d00000| Untracked 
|  13|0x0000000080d00000, 0x0000000080e00000, 0x0000000080e00000|100%| O|  |TAMS 0x0000000080e00000, 0x0000000080e00000| Untracked 
|  14|0x0000000080e00000, 0x0000000080f00000, 0x0000000080f00000|100%| O|  |TAMS 0x0000000080f00000, 0x0000000080f00000| Untracked 
|  15|0x0000000080f00000, 0x0000000081000000, 0x0000000081000000|100%| O|  |TAMS 0x0000000081000000, 0x0000000081000000| Untracked 
|  16|0x0000000081000000, 0x0000000081100000, 0x0000000081100000|100%| O|  |TAMS 0x0000000081100000, 0x0000000081100000| Untracked 
|  17|0x0000000081100000, 0x0000000081200000, 0x0000000081200000|100%|HS|  |TAMS 0x0000000081200000, 0x0000000081200000| Complete 
|  18|0x0000000081200000, 0x0000000081300000, 0x0000000081300000|100%|HS|  |TAMS 0x0000000081300000, 0x0000000081300000| Complete 
|  19|0x0000000081300000, 0x0000000081400000, 0x0000000081400000|100%|HS|  |TAMS 0x0000000081400000, 0x0000000081400000| Complete 
|  20|0x0000000081400000, 0x0000000081500000, 0x0000000081500000|100%|HS|  |TAMS 0x0000000081500000, 0x0000000081500000| Complete 
|  21|0x0000000081500000, 0x0000000081600000, 0x0000000081600000|100%|HS|  |TAMS 0x0000000081600000, 0x0000000081600000| Complete 
|  22|0x0000000081600000, 0x0000000081700000, 0x0000000081700000|100%|HC|  |TAMS 0x0000000081700000, 0x0000000081700000| Complete 
|  23|0x0000000081700000, 0x0000000081800000, 0x0000000081800000|100%|HC|  |TAMS 0x0000000081800000, 0x0000000081800000| Complete 
|  24|0x0000000081800000, 0x0000000081900000, 0x0000000081900000|100%|HS|  |TAMS 0x0000000081900000, 0x0000000081900000| Complete 
|  25|0x0000000081900000, 0x0000000081a00000, 0x0000000081a00000|100%|HC|  |TAMS 0x0000000081a00000, 0x0000000081a00000| Complete 
|  26|0x0000000081a00000, 0x0000000081b00000, 0x0000000081b00000|100%| O|  |TAMS 0x0000000081b00000, 0x0000000081b00000| Untracked 
|  27|0x0000000081b00000, 0x0000000081c00000, 0x0000000081c00000|100%| O|  |TAMS 0x0000000081c00000, 0x0000000081c00000| Untracked 
|  28|0x0000000081c00000, 0x0000000081d00000, 0x0000000081d00000|100%| O|  |TAMS 0x0000000081d00000, 0x0000000081d00000| Untracked 
|  29|0x0000000081d00000, 0x0000000081e00000, 0x0000000081e00000|100%| O|  |TAMS 0x0000000081e00000, 0x0000000081e00000| Untracked 
|  30|0x0000000081e00000, 0x0000000081f00000, 0x0000000081f00000|100%| O|  |TAMS 0x0000000081f00000, 0x0000000081f00000| Untracked 
|  31|0x0000000081f00000, 0x0000000082000000, 0x0000000082000000|100%| O|  |TAMS 0x0000000082000000, 0x0000000082000000| Untracked 
|  32|0x0000000082000000, 0x0000000082100000, 0x0000000082100000|100%| O|  |TAMS 0x0000000082100000, 0x0000000082100000| Untracked 
|  33|0x0000000082100000, 0x0000000082200000, 0x0000000082200000|100%| O|  |TAMS 0x0000000082200000, 0x0000000082200000| Untracked 
|  34|0x0000000082200000, 0x0000000082300000, 0x0000000082300000|100%| O|  |TAMS 0x0000000082300000, 0x0000000082300000| Untracked 
|  35|0x0000000082300000, 0x0000000082400000, 0x0000000082400000|100%| O|  |TAMS 0x0000000082400000, 0x0000000082400000| Untracked 
|  36|0x0000000082400000, 0x0000000082500000, 0x0000000082500000|100%| O|  |TAMS 0x0000000082500000, 0x0000000082500000| Untracked 
|  37|0x0000000082500000, 0x0000000082600000, 0x0000000082600000|100%| O|  |TAMS 0x0000000082600000, 0x0000000082600000| Untracked 
|  38|0x0000000082600000, 0x0000000082700000, 0x0000000082700000|100%| O|  |TAMS 0x0000000082700000, 0x0000000082700000| Untracked 
|  39|0x0000000082700000, 0x0000000082800000, 0x0000000082800000|100%| O|  |TAMS 0x0000000082800000, 0x0000000082800000| Untracked 
|  40|0x0000000082800000, 0x0000000082900000, 0x0000000082900000|100%| O|  |TAMS 0x0000000082900000, 0x0000000082900000| Untracked 
|  41|0x0000000082900000, 0x0000000082a00000, 0x0000000082a00000|100%| O|  |TAMS 0x0000000082a00000, 0x0000000082a00000| Untracked 
|  42|0x0000000082a00000, 0x0000000082b00000, 0x0000000082b00000|100%| O|  |TAMS 0x0000000082b00000, 0x0000000082b00000| Untracked 
|  43|0x0000000082b00000, 0x0000000082c00000, 0x0000000082c00000|100%| O|  |TAMS 0x0000000082c00000, 0x0000000082c00000| Untracked 
|  44|0x0000000082c00000, 0x0000000082d00000, 0x0000000082d00000|100%| O|  |TAMS 0x0000000082d00000, 0x0000000082d00000| Untracked 
|  45|0x0000000082d00000, 0x0000000082e00000, 0x0000000082e00000|100%| O|  |TAMS 0x0000000082e00000, 0x0000000082e00000| Untracked 
|  46|0x0000000082e00000, 0x0000000082f00000, 0x0000000082f00000|100%| O|  |TAMS 0x0000000082f00000, 0x0000000082f00000| Untracked 
|  47|0x0000000082f00000, 0x0000000083000000, 0x0000000083000000|100%| O|  |TAMS 0x0000000083000000, 0x0000000083000000| Untracked 
|  48|0x0000000083000000, 0x0000000083100000, 0x0000000083100000|100%| O|  |TAMS 0x0000000083100000, 0x0000000083100000| Untracked 
|  49|0x0000000083100000, 0x0000000083200000, 0x0000000083200000|100%| O|  |TAMS 0x0000000083200000, 0x0000000083200000| Untracked 
|  50|0x0000000083200000, 0x0000000083300000, 0x0000000083300000|100%| O|  |TAMS 0x0000000083300000, 0x0000000083300000| Untracked 
|  51|0x0000000083300000, 0x0000000083400000, 0x0000000083400000|100%| O|  |TAMS 0x0000000083400000, 0x0000000083400000| Untracked 
|  52|0x0000000083400000, 0x0000000083500000, 0x0000000083500000|100%| O|  |TAMS 0x0000000083500000, 0x0000000083500000| Untracked 
|  53|0x0000000083500000, 0x0000000083600000, 0x0000000083600000|100%| O|  |TAMS 0x0000000083600000, 0x0000000083600000| Untracked 
|  54|0x0000000083600000, 0x0000000083700000, 0x0000000083700000|100%| O|  |TAMS 0x0000000083700000, 0x0000000083700000| Untracked 
|  55|0x0000000083700000, 0x0000000083800000, 0x0000000083800000|100%| O|  |TAMS 0x0000000083800000, 0x0000000083800000| Untracked 
|  56|0x0000000083800000, 0x0000000083900000, 0x0000000083900000|100%| O|  |TAMS 0x0000000083900000, 0x0000000083900000| Untracked 
|  57|0x0000000083900000, 0x0000000083a00000, 0x0000000083a00000|100%| O|  |TAMS 0x0000000083a00000, 0x0000000083a00000| Untracked 
|  58|0x0000000083a00000, 0x0000000083b00000, 0x0000000083b00000|100%| O|  |TAMS 0x0000000083b00000, 0x0000000083b00000| Untracked 
|  59|0x0000000083b00000, 0x0000000083c00000, 0x0000000083c00000|100%| O|  |TAMS 0x0000000083c00000, 0x0000000083c00000| Untracked 
|  60|0x0000000083c00000, 0x0000000083d00000, 0x0000000083d00000|100%| O|  |TAMS 0x0000000083d00000, 0x0000000083d00000| Untracked 
|  61|0x0000000083d00000, 0x0000000083e00000, 0x0000000083e00000|100%| O|  |TAMS 0x0000000083e00000, 0x0000000083e00000| Untracked 
|  62|0x0000000083e00000, 0x0000000083f00000, 0x0000000083f00000|100%| O|  |TAMS 0x0000000083f00000, 0x0000000083f00000| Untracked 
|  63|0x0000000083f00000, 0x0000000084000000, 0x0000000084000000|100%| O|  |TAMS 0x0000000084000000, 0x0000000084000000| Untracked 
|  64|0x0000000084000000, 0x0000000084100000, 0x0000000084100000|100%| O|  |TAMS 0x0000000084100000, 0x0000000084100000| Untracked 
|  65|0x0000000084100000, 0x0000000084200000, 0x0000000084200000|100%| O|  |TAMS 0x0000000084200000, 0x0000000084200000| Untracked 
|  66|0x0000000084200000, 0x0000000084300000, 0x0000000084300000|100%| O|  |TAMS 0x0000000084300000, 0x0000000084300000| Untracked 
|  67|0x0000000084300000, 0x0000000084400000, 0x0000000084400000|100%| O|  |TAMS 0x0000000084400000, 0x0000000084400000| Untracked 
|  68|0x0000000084400000, 0x0000000084500000, 0x0000000084500000|100%| O|  |TAMS 0x0000000084500000, 0x0000000084500000| Untracked 
|  69|0x0000000084500000, 0x0000000084600000, 0x0000000084600000|100%| O|  |TAMS 0x0000000084600000, 0x0000000084600000| Untracked 
|  70|0x0000000084600000, 0x0000000084700000, 0x0000000084700000|100%| O|  |TAMS 0x0000000084700000, 0x0000000084700000| Untracked 
|  71|0x0000000084700000, 0x0000000084800000, 0x0000000084800000|100%| O|  |TAMS 0x0000000084800000, 0x0000000084800000| Untracked 
|  72|0x0000000084800000, 0x0000000084900000, 0x0000000084900000|100%| O|  |TAMS 0x0000000084900000, 0x0000000084900000| Untracked 
|  73|0x0000000084900000, 0x0000000084a00000, 0x0000000084a00000|100%| O|  |TAMS 0x0000000084a00000, 0x0000000084a00000| Untracked 
|  74|0x0000000084a00000, 0x0000000084b00000, 0x0000000084b00000|100%| O|  |TAMS 0x0000000084b00000, 0x0000000084b00000| Untracked 
|  75|0x0000000084b00000, 0x0000000084c00000, 0x0000000084c00000|100%| O|  |TAMS 0x0000000084c00000, 0x0000000084c00000| Untracked 
|  76|0x0000000084c00000, 0x0000000084d00000, 0x0000000084d00000|100%| O|  |TAMS 0x0000000084d00000, 0x0000000084d00000| Untracked 
|  77|0x0000000084d00000, 0x0000000084e00000, 0x0000000084e00000|100%| O|  |TAMS 0x0000000084e00000, 0x0000000084e00000| Untracked 
|  78|0x0000000084e00000, 0x0000000084f00000, 0x0000000084f00000|100%| O|  |TAMS 0x0000000084f00000, 0x0000000084f00000| Untracked 
|  79|0x0000000084f00000, 0x0000000085000000, 0x0000000085000000|100%| O|  |TAMS 0x0000000085000000, 0x0000000085000000| Untracked 
|  80|0x0000000085000000, 0x0000000085100000, 0x0000000085100000|100%| O|  |TAMS 0x0000000085100000, 0x0000000085100000| Untracked 
|  81|0x0000000085100000, 0x0000000085200000, 0x0000000085200000|100%| O|  |TAMS 0x0000000085200000, 0x0000000085200000| Untracked 
|  82|0x0000000085200000, 0x0000000085300000, 0x0000000085300000|100%| O|  |TAMS 0x0000000085300000, 0x0000000085300000| Untracked 
|  83|0x0000000085300000, 0x0000000085400000, 0x0000000085400000|100%| O|  |TAMS 0x0000000085400000, 0x0000000085400000| Untracked 
|  84|0x0000000085400000, 0x0000000085500000, 0x0000000085500000|100%| O|  |TAMS 0x0000000085500000, 0x0000000085500000| Untracked 
|  85|0x0000000085500000, 0x0000000085600000, 0x0000000085600000|100%| O|  |TAMS 0x0000000085600000, 0x0000000085600000| Untracked 
|  86|0x0000000085600000, 0x0000000085700000, 0x0000000085700000|100%|HS|  |TAMS 0x0000000085700000, 0x0000000085700000| Complete 
|  87|0x0000000085700000, 0x0000000085800000, 0x0000000085800000|100%|HC|  |TAMS 0x0000000085800000, 0x0000000085800000| Complete 
|  88|0x0000000085800000, 0x0000000085900000, 0x0000000085900000|100%|HS|  |TAMS 0x0000000085900000, 0x0000000085900000| Complete 
|  89|0x0000000085900000, 0x0000000085a00000, 0x0000000085a00000|100%|HS|  |TAMS 0x0000000085a00000, 0x0000000085a00000| Complete 
|  90|0x0000000085a00000, 0x0000000085b00000, 0x0000000085b00000|100%|HS|  |TAMS 0x0000000085b00000, 0x0000000085b00000| Complete 
|  91|0x0000000085b00000, 0x0000000085c00000, 0x0000000085c00000|100%|HC|  |TAMS 0x0000000085c00000, 0x0000000085c00000| Complete 
|  92|0x0000000085c00000, 0x0000000085d00000, 0x0000000085d00000|100%|HS|  |TAMS 0x0000000085d00000, 0x0000000085d00000| Complete 
|  93|0x0000000085d00000, 0x0000000085e00000, 0x0000000085e00000|100%|HS|  |TAMS 0x0000000085e00000, 0x0000000085e00000| Complete 
|  94|0x0000000085e00000, 0x0000000085f00000, 0x0000000085f00000|100%|HC|  |TAMS 0x0000000085f00000, 0x0000000085f00000| Complete 
|  95|0x0000000085f00000, 0x0000000086000000, 0x0000000086000000|100%|HS|  |TAMS 0x0000000086000000, 0x0000000086000000| Complete 
|  96|0x0000000086000000, 0x0000000086100000, 0x0000000086100000|100%|HC|  |TAMS 0x0000000086100000, 0x0000000086100000| Complete 
|  97|0x0000000086100000, 0x0000000086200000, 0x0000000086200000|100%|HC|  |TAMS 0x0000000086200000, 0x0000000086200000| Complete 
|  98|0x0000000086200000, 0x0000000086300000, 0x0000000086300000|100%| O|  |TAMS 0x0000000086300000, 0x0000000086300000| Untracked 
|  99|0x0000000086300000, 0x0000000086400000, 0x0000000086400000|100%| O|  |TAMS 0x0000000086400000, 0x0000000086400000| Untracked 
| 100|0x0000000086400000, 0x0000000086500000, 0x0000000086500000|100%| O|  |TAMS 0x0000000086500000, 0x0000000086500000| Untracked 
| 101|0x0000000086500000, 0x0000000086600000, 0x0000000086600000|100%| O|  |TAMS 0x0000000086600000, 0x0000000086600000| Untracked 
| 102|0x0000000086600000, 0x0000000086700000, 0x0000000086700000|100%| O|  |TAMS 0x0000000086700000, 0x0000000086700000| Untracked 
| 103|0x0000000086700000, 0x0000000086800000, 0x0000000086800000|100%| O|  |TAMS 0x0000000086800000, 0x0000000086800000| Untracked 
| 104|0x0000000086800000, 0x0000000086900000, 0x0000000086900000|100%| O|  |TAMS 0x0000000086900000, 0x0000000086900000| Untracked 
| 105|0x0000000086900000, 0x0000000086a00000, 0x0000000086a00000|100%| O|  |TAMS 0x0000000086a00000, 0x0000000086a00000| Untracked 
| 106|0x0000000086a00000, 0x0000000086b00000, 0x0000000086b00000|100%| O|  |TAMS 0x0000000086b00000, 0x0000000086b00000| Untracked 
| 107|0x0000000086b00000, 0x0000000086c00000, 0x0000000086c00000|100%| O|  |TAMS 0x0000000086c00000, 0x0000000086c00000| Untracked 
| 108|0x0000000086c00000, 0x0000000086d00000, 0x0000000086d00000|100%| O|  |TAMS 0x0000000086d00000, 0x0000000086d00000| Untracked 
| 109|0x0000000086d00000, 0x0000000086e00000, 0x0000000086e00000|100%| O|  |TAMS 0x0000000086e00000, 0x0000000086e00000| Untracked 
| 110|0x0000000086e00000, 0x0000000086f00000, 0x0000000086f00000|100%| O|  |TAMS 0x0000000086f00000, 0x0000000086f00000| Untracked 
| 111|0x0000000086f00000, 0x0000000087000000, 0x0000000087000000|100%| O|  |TAMS 0x0000000087000000, 0x0000000087000000| Untracked 
| 112|0x0000000087000000, 0x0000000087100000, 0x0000000087100000|100%| O|  |TAMS 0x0000000087100000, 0x0000000087100000| Untracked 
| 113|0x0000000087100000, 0x0000000087200000, 0x0000000087200000|100%| O|  |TAMS 0x0000000087200000, 0x0000000087200000| Untracked 
| 114|0x0000000087200000, 0x0000000087300000, 0x0000000087300000|100%| O|  |TAMS 0x0000000087300000, 0x0000000087300000| Untracked 
| 115|0x0000000087300000, 0x0000000087400000, 0x0000000087400000|100%| O|  |TAMS 0x0000000087400000, 0x0000000087400000| Untracked 
| 116|0x0000000087400000, 0x0000000087500000, 0x0000000087500000|100%| O|  |TAMS 0x0000000087500000, 0x0000000087500000| Untracked 
| 117|0x0000000087500000, 0x0000000087600000, 0x0000000087600000|100%| O|  |TAMS 0x0000000087600000, 0x0000000087600000| Untracked 
| 118|0x0000000087600000, 0x0000000087700000, 0x0000000087700000|100%| O|  |TAMS 0x0000000087700000, 0x0000000087700000| Untracked 
| 119|0x0000000087700000, 0x0000000087800000, 0x0000000087800000|100%| O|  |TAMS 0x0000000087800000, 0x0000000087800000| Untracked 
| 120|0x0000000087800000, 0x0000000087900000, 0x0000000087900000|100%| O|  |TAMS 0x0000000087900000, 0x0000000087900000| Untracked 
| 121|0x0000000087900000, 0x0000000087a00000, 0x0000000087a00000|100%| O|  |TAMS 0x0000000087a00000, 0x0000000087a00000| Untracked 
| 122|0x0000000087a00000, 0x0000000087b00000, 0x0000000087b00000|100%| O|  |TAMS 0x0000000087b00000, 0x0000000087b00000| Untracked 
| 123|0x0000000087b00000, 0x0000000087c00000, 0x0000000087c00000|100%| O|  |TAMS 0x0000000087c00000, 0x0000000087c00000| Untracked 
| 124|0x0000000087c00000, 0x0000000087d00000, 0x0000000087d00000|100%| O|  |TAMS 0x0000000087d00000, 0x0000000087d00000| Untracked 
| 125|0x0000000087d00000, 0x0000000087e00000, 0x0000000087e00000|100%|HS|  |TAMS 0x0000000087e00000, 0x0000000087e00000| Complete 
| 126|0x0000000087e00000, 0x0000000087f00000, 0x0000000087f00000|100%|HC|  |TAMS 0x0000000087f00000, 0x0000000087f00000| Complete 
| 127|0x0000000087f00000, 0x0000000088000000, 0x0000000088000000|100%| O|  |TAMS 0x0000000088000000, 0x0000000088000000| Untracked 
| 128|0x0000000088000000, 0x0000000088100000, 0x0000000088100000|100%|HS|  |TAMS 0x0000000088100000, 0x0000000088100000| Complete 
| 129|0x0000000088100000, 0x0000000088200000, 0x0000000088200000|100%| O|  |TAMS 0x0000000088200000, 0x0000000088200000| Untracked 
| 130|0x0000000088200000, 0x0000000088300000, 0x0000000088300000|100%|HS|  |TAMS 0x0000000088300000, 0x0000000088300000| Complete 
| 131|0x0000000088300000, 0x0000000088400000, 0x0000000088400000|100%| O|  |TAMS 0x0000000088400000, 0x0000000088400000| Untracked 
| 132|0x0000000088400000, 0x0000000088500000, 0x0000000088500000|100%| O|  |TAMS 0x0000000088500000, 0x0000000088500000| Untracked 
| 133|0x0000000088500000, 0x0000000088600000, 0x0000000088600000|100%|HS|  |TAMS 0x0000000088600000, 0x0000000088600000| Complete 
| 134|0x0000000088600000, 0x0000000088700000, 0x0000000088700000|100%|HC|  |TAMS 0x0000000088700000, 0x0000000088700000| Complete 
| 135|0x0000000088700000, 0x0000000088800000, 0x0000000088800000|100%| O|  |TAMS 0x0000000088800000, 0x0000000088800000| Untracked 
| 136|0x0000000088800000, 0x0000000088900000, 0x0000000088900000|100%|HS|  |TAMS 0x0000000088900000, 0x0000000088900000| Complete 
| 137|0x0000000088900000, 0x0000000088a00000, 0x0000000088a00000|100%| O|  |TAMS 0x00000000889fda00, 0x0000000088a00000| Untracked 
| 138|0x0000000088a00000, 0x0000000088b00000, 0x0000000088b00000|100%|HS|  |TAMS 0x0000000088a00000, 0x0000000088b00000| Complete 
| 139|0x0000000088b00000, 0x0000000088c00000, 0x0000000088c00000|100%|HS|  |TAMS 0x0000000088c00000, 0x0000000088c00000| Complete 
| 140|0x0000000088c00000, 0x0000000088d00000, 0x0000000088d00000|100%|HC|  |TAMS 0x0000000088d00000, 0x0000000088d00000| Complete 
| 141|0x0000000088d00000, 0x0000000088e00000, 0x0000000088e00000|100%|HS|  |TAMS 0x0000000088d00000, 0x0000000088e00000| Complete 
| 142|0x0000000088e00000, 0x0000000088f00000, 0x0000000088f00000|100%| O|  |TAMS 0x0000000088e00000, 0x0000000088f00000| Untracked 
| 143|0x0000000088f00000, 0x0000000089000000, 0x0000000089000000|100%| O|  |TAMS 0x0000000088f00000, 0x0000000089000000| Untracked 
| 144|0x0000000089000000, 0x0000000089100000, 0x0000000089100000|100%|HS|  |TAMS 0x0000000089100000, 0x0000000089100000| Complete 
| 145|0x0000000089100000, 0x0000000089200000, 0x0000000089200000|100%|HC|  |TAMS 0x0000000089200000, 0x0000000089200000| Complete 
| 146|0x0000000089200000, 0x0000000089300000, 0x0000000089300000|100%|HC|  |TAMS 0x0000000089300000, 0x0000000089300000| Complete 
| 147|0x0000000089300000, 0x0000000089400000, 0x0000000089400000|100%| O|  |TAMS 0x0000000089400000, 0x0000000089400000| Untracked 
| 148|0x0000000089400000, 0x0000000089500000, 0x0000000089500000|100%| O|  |TAMS 0x0000000089500000, 0x0000000089500000| Untracked 
| 149|0x0000000089500000, 0x0000000089600000, 0x0000000089600000|100%| O|  |TAMS 0x0000000089600000, 0x0000000089600000| Untracked 
| 150|0x0000000089600000, 0x0000000089700000, 0x0000000089700000|100%| O|  |TAMS 0x0000000089700000, 0x0000000089700000| Untracked 
| 151|0x0000000089700000, 0x0000000089800000, 0x0000000089800000|100%| O|  |TAMS 0x0000000089800000, 0x0000000089800000| Untracked 
| 152|0x0000000089800000, 0x0000000089900000, 0x0000000089900000|100%| O|  |TAMS 0x0000000089900000, 0x0000000089900000| Untracked 
| 153|0x0000000089900000, 0x0000000089a00000, 0x0000000089a00000|100%| O|  |TAMS 0x0000000089a00000, 0x0000000089a00000| Untracked 
| 154|0x0000000089a00000, 0x0000000089b00000, 0x0000000089b00000|100%| O|  |TAMS 0x0000000089b00000, 0x0000000089b00000| Untracked 
| 155|0x0000000089b00000, 0x0000000089c00000, 0x0000000089c00000|100%| O|  |TAMS 0x0000000089c00000, 0x0000000089c00000| Untracked 
| 156|0x0000000089c00000, 0x0000000089d00000, 0x0000000089d00000|100%| O|  |TAMS 0x0000000089d00000, 0x0000000089d00000| Untracked 
| 157|0x0000000089d00000, 0x0000000089e00000, 0x0000000089e00000|100%| O|  |TAMS 0x0000000089e00000, 0x0000000089e00000| Untracked 
| 158|0x0000000089e00000, 0x0000000089f00000, 0x0000000089f00000|100%| O|  |TAMS 0x0000000089f00000, 0x0000000089f00000| Untracked 
| 159|0x0000000089f00000, 0x000000008a000000, 0x000000008a000000|100%| O|  |TAMS 0x000000008a000000, 0x000000008a000000| Untracked 
| 160|0x000000008a000000, 0x000000008a100000, 0x000000008a100000|100%| O|  |TAMS 0x000000008a100000, 0x000000008a100000| Untracked 
| 161|0x000000008a100000, 0x000000008a200000, 0x000000008a200000|100%| O|  |TAMS 0x000000008a200000, 0x000000008a200000| Untracked 
| 162|0x000000008a200000, 0x000000008a300000, 0x000000008a300000|100%| O|  |TAMS 0x000000008a200000, 0x000000008a300000| Untracked 
| 163|0x000000008a300000, 0x000000008a400000, 0x000000008a400000|100%| O|  |TAMS 0x000000008a300000, 0x000000008a400000| Untracked 
| 164|0x000000008a400000, 0x000000008a500000, 0x000000008a500000|100%| O|  |TAMS 0x000000008a400000, 0x000000008a500000| Untracked 
| 165|0x000000008a500000, 0x000000008a600000, 0x000000008a600000|100%| O|  |TAMS 0x000000008a500000, 0x000000008a600000| Untracked 
| 166|0x000000008a600000, 0x000000008a700000, 0x000000008a700000|100%| O|  |TAMS 0x000000008a600000, 0x000000008a700000| Untracked 
| 167|0x000000008a700000, 0x000000008a800000, 0x000000008a800000|100%| O|  |TAMS 0x000000008a700000, 0x000000008a800000| Untracked 
| 168|0x000000008a800000, 0x000000008a900000, 0x000000008a900000|100%| O|  |TAMS 0x000000008a800000, 0x000000008a900000| Untracked 
| 169|0x000000008a900000, 0x000000008aa00000, 0x000000008aa00000|100%| O|  |TAMS 0x000000008a900000, 0x000000008aa00000| Untracked 
| 170|0x000000008aa00000, 0x000000008ab00000, 0x000000008ab00000|100%| O|  |TAMS 0x000000008aa00000, 0x000000008ab00000| Untracked 
| 171|0x000000008ab00000, 0x000000008ac00000, 0x000000008ac00000|100%| O|  |TAMS 0x000000008ab00000, 0x000000008ac00000| Untracked 
| 172|0x000000008ac00000, 0x000000008ad00000, 0x000000008ad00000|100%| O|  |TAMS 0x000000008ac00000, 0x000000008ad00000| Untracked 
| 173|0x000000008ad00000, 0x000000008ae00000, 0x000000008ae00000|100%| O|  |TAMS 0x000000008ad00000, 0x000000008ae00000| Untracked 
| 174|0x000000008ae00000, 0x000000008af00000, 0x000000008af00000|100%| O|  |TAMS 0x000000008ae00000, 0x000000008af00000| Untracked 
| 175|0x000000008af00000, 0x000000008b000000, 0x000000008b000000|100%| O|  |TAMS 0x000000008af00000, 0x000000008b000000| Untracked 
| 176|0x000000008b000000, 0x000000008b100000, 0x000000008b100000|100%| O|  |TAMS 0x000000008b000000, 0x000000008b100000| Untracked 
| 177|0x000000008b100000, 0x000000008b200000, 0x000000008b200000|100%| O|  |TAMS 0x000000008b100000, 0x000000008b200000| Untracked 
| 178|0x000000008b200000, 0x000000008b300000, 0x000000008b300000|100%| O|  |TAMS 0x000000008b200000, 0x000000008b300000| Untracked 
| 179|0x000000008b300000, 0x000000008b400000, 0x000000008b400000|100%| O|  |TAMS 0x000000008b300000, 0x000000008b400000| Untracked 
| 180|0x000000008b400000, 0x000000008b500000, 0x000000008b500000|100%| O|  |TAMS 0x000000008b400000, 0x000000008b500000| Untracked 
| 181|0x000000008b500000, 0x000000008b600000, 0x000000008b600000|100%| O|  |TAMS 0x000000008b500000, 0x000000008b600000| Untracked 
| 182|0x000000008b600000, 0x000000008b700000, 0x000000008b700000|100%| O|  |TAMS 0x000000008b600000, 0x000000008b700000| Untracked 
| 183|0x000000008b700000, 0x000000008b800000, 0x000000008b800000|100%| O|  |TAMS 0x000000008b700000, 0x000000008b800000| Untracked 
| 184|0x000000008b800000, 0x000000008b900000, 0x000000008b900000|100%| O|  |TAMS 0x000000008b800000, 0x000000008b900000| Untracked 
| 185|0x000000008b900000, 0x000000008ba00000, 0x000000008ba00000|100%| O|  |TAMS 0x000000008b900000, 0x000000008ba00000| Untracked 
| 186|0x000000008ba00000, 0x000000008bb00000, 0x000000008bb00000|100%| O|  |TAMS 0x000000008ba00000, 0x000000008bb00000| Untracked 
| 187|0x000000008bb00000, 0x000000008bc00000, 0x000000008bc00000|100%| O|  |TAMS 0x000000008bb00000, 0x000000008bc00000| Untracked 
| 188|0x000000008bc00000, 0x000000008bd00000, 0x000000008bd00000|100%| O|  |TAMS 0x000000008bc00000, 0x000000008bc3fe00| Untracked 
| 189|0x000000008bd00000, 0x000000008be00000, 0x000000008be00000|100%| O|  |TAMS 0x000000008bd00000, 0x000000008bd00000| Untracked 
| 190|0x000000008be00000, 0x000000008bf00000, 0x000000008bf00000|100%| O|  |TAMS 0x000000008be00000, 0x000000008be00000| Untracked 
| 191|0x000000008bf00000, 0x000000008c000000, 0x000000008c000000|100%| O|  |TAMS 0x000000008bf00000, 0x000000008bf00000| Untracked 
| 192|0x000000008c000000, 0x000000008c100000, 0x000000008c100000|100%| O|  |TAMS 0x000000008c000000, 0x000000008c000000| Untracked 
| 193|0x000000008c100000, 0x000000008c200000, 0x000000008c200000|100%| O|  |TAMS 0x000000008c100000, 0x000000008c100000| Untracked 
| 194|0x000000008c200000, 0x000000008c300000, 0x000000008c300000|100%| O|  |TAMS 0x000000008c200000, 0x000000008c200000| Untracked 
| 195|0x000000008c300000, 0x000000008c400000, 0x000000008c400000|100%| O|  |TAMS 0x000000008c300000, 0x000000008c300000| Untracked 
| 196|0x000000008c400000, 0x000000008c500000, 0x000000008c500000|100%| O|  |TAMS 0x000000008c400000, 0x000000008c400000| Untracked 
| 197|0x000000008c500000, 0x000000008c600000, 0x000000008c600000|100%| O|  |TAMS 0x000000008c500000, 0x000000008c500000| Untracked 
| 198|0x000000008c600000, 0x000000008c700000, 0x000000008c700000|100%| O|  |TAMS 0x000000008c600000, 0x000000008c600000| Untracked 
| 199|0x000000008c700000, 0x000000008c800000, 0x000000008c800000|100%| O|  |TAMS 0x000000008c700000, 0x000000008c700000| Untracked 
| 200|0x000000008c800000, 0x000000008c900000, 0x000000008c900000|100%| O|  |TAMS 0x000000008c800000, 0x000000008c800000| Untracked 
| 201|0x000000008c900000, 0x000000008ca00000, 0x000000008ca00000|100%| O|  |TAMS 0x000000008c900000, 0x000000008c900000| Untracked 
| 202|0x000000008ca00000, 0x000000008cb00000, 0x000000008cb00000|100%| O|  |TAMS 0x000000008ca00000, 0x000000008ca00000| Untracked 
| 203|0x000000008cb00000, 0x000000008cc00000, 0x000000008cc00000|100%| O|  |TAMS 0x000000008cb00000, 0x000000008cb00000| Untracked 
| 204|0x000000008cc00000, 0x000000008cd00000, 0x000000008cd00000|100%| O|  |TAMS 0x000000008cc00000, 0x000000008cc00000| Untracked 
| 205|0x000000008cd00000, 0x000000008ce00000, 0x000000008ce00000|100%| O|  |TAMS 0x000000008cd00000, 0x000000008cd00000| Untracked 
| 206|0x000000008ce00000, 0x000000008cf00000, 0x000000008cf00000|100%| O|  |TAMS 0x000000008ce00000, 0x000000008ce00000| Untracked 
| 207|0x000000008cf00000, 0x000000008d000000, 0x000000008d000000|100%| O|  |TAMS 0x000000008cf00000, 0x000000008cf00000| Untracked 
| 208|0x000000008d000000, 0x000000008d100000, 0x000000008d100000|100%| O|  |TAMS 0x000000008d000000, 0x000000008d000000| Untracked 
| 209|0x000000008d100000, 0x000000008d200000, 0x000000008d200000|100%| O|  |TAMS 0x000000008d100000, 0x000000008d100000| Untracked 
| 210|0x000000008d200000, 0x000000008d300000, 0x000000008d300000|100%| O|  |TAMS 0x000000008d200000, 0x000000008d200000| Untracked 
| 211|0x000000008d300000, 0x000000008d400000, 0x000000008d400000|100%| O|  |TAMS 0x000000008d300000, 0x000000008d300000| Untracked 
| 212|0x000000008d400000, 0x000000008d500000, 0x000000008d500000|100%| O|  |TAMS 0x000000008d400000, 0x000000008d400000| Untracked 
| 213|0x000000008d500000, 0x000000008d600000, 0x000000008d600000|100%| O|  |TAMS 0x000000008d500000, 0x000000008d500000| Untracked 
| 214|0x000000008d600000, 0x000000008d700000, 0x000000008d700000|100%| O|  |TAMS 0x000000008d600000, 0x000000008d600000| Untracked 
| 215|0x000000008d700000, 0x000000008d800000, 0x000000008d800000|100%| O|  |TAMS 0x000000008d700000, 0x000000008d700000| Untracked 
| 216|0x000000008d800000, 0x000000008d900000, 0x000000008d900000|100%| O|  |TAMS 0x000000008d800000, 0x000000008d800000| Untracked 
| 217|0x000000008d900000, 0x000000008da00000, 0x000000008da00000|100%| O|  |TAMS 0x000000008d900000, 0x000000008d900000| Untracked 
| 218|0x000000008da00000, 0x000000008db00000, 0x000000008db00000|100%| O|  |TAMS 0x000000008da00000, 0x000000008da00000| Untracked 
| 219|0x000000008db00000, 0x000000008dc00000, 0x000000008dc00000|100%| O|  |TAMS 0x000000008db00000, 0x000000008db00000| Untracked 
| 220|0x000000008dc00000, 0x000000008dc80000, 0x000000008dd00000| 50%| O|  |TAMS 0x000000008dc00000, 0x000000008dc00000| Untracked 
| 221|0x000000008dd00000, 0x000000008dd00000, 0x000000008de00000|  0%| F|  |TAMS 0x000000008dd00000, 0x000000008dd00000| Untracked 
| 222|0x000000008de00000, 0x000000008de00000, 0x000000008df00000|  0%| F|  |TAMS 0x000000008de00000, 0x000000008de00000| Untracked 
| 223|0x000000008df00000, 0x000000008df00000, 0x000000008e000000|  0%| F|  |TAMS 0x000000008df00000, 0x000000008df00000| Untracked 
| 224|0x000000008e000000, 0x000000008e000000, 0x000000008e100000|  0%| F|  |TAMS 0x000000008e000000, 0x000000008e000000| Untracked 
| 225|0x000000008e100000, 0x000000008e100000, 0x000000008e200000|  0%| F|  |TAMS 0x000000008e100000, 0x000000008e100000| Untracked 
| 226|0x000000008e200000, 0x000000008e200000, 0x000000008e300000|  0%| F|  |TAMS 0x000000008e200000, 0x000000008e200000| Untracked 
| 227|0x000000008e300000, 0x000000008e300000, 0x000000008e400000|  0%| F|  |TAMS 0x000000008e300000, 0x000000008e300000| Untracked 
| 228|0x000000008e400000, 0x000000008e400000, 0x000000008e500000|  0%| F|  |TAMS 0x000000008e400000, 0x000000008e400000| Untracked 
| 229|0x000000008e500000, 0x000000008e500000, 0x000000008e600000|  0%| F|  |TAMS 0x000000008e500000, 0x000000008e500000| Untracked 
| 230|0x000000008e600000, 0x000000008e600000, 0x000000008e700000|  0%| F|  |TAMS 0x000000008e600000, 0x000000008e600000| Untracked 
| 231|0x000000008e700000, 0x000000008e700000, 0x000000008e800000|  0%| F|  |TAMS 0x000000008e700000, 0x000000008e700000| Untracked 
| 232|0x000000008e800000, 0x000000008e800000, 0x000000008e900000|  0%| F|  |TAMS 0x000000008e800000, 0x000000008e800000| Untracked 
| 233|0x000000008e900000, 0x000000008e900000, 0x000000008ea00000|  0%| F|  |TAMS 0x000000008e900000, 0x000000008e900000| Untracked 
| 234|0x000000008ea00000, 0x000000008ea00000, 0x000000008eb00000|  0%| F|  |TAMS 0x000000008ea00000, 0x000000008ea00000| Untracked 
| 235|0x000000008eb00000, 0x000000008eb00000, 0x000000008ec00000|  0%| F|  |TAMS 0x000000008eb00000, 0x000000008eb00000| Untracked 
| 236|0x000000008ec00000, 0x000000008ec00000, 0x000000008ed00000|  0%| F|  |TAMS 0x000000008ec00000, 0x000000008ec00000| Untracked 
| 237|0x000000008ed00000, 0x000000008ed00000, 0x000000008ee00000|  0%| F|  |TAMS 0x000000008ed00000, 0x000000008ed00000| Untracked 
| 238|0x000000008ee00000, 0x000000008ee00000, 0x000000008ef00000|  0%| F|  |TAMS 0x000000008ee00000, 0x000000008ee00000| Untracked 
| 239|0x000000008ef00000, 0x000000008ef00000, 0x000000008f000000|  0%| F|  |TAMS 0x000000008ef00000, 0x000000008ef00000| Untracked 
| 240|0x000000008f000000, 0x000000008f000000, 0x000000008f100000|  0%| F|  |TAMS 0x000000008f000000, 0x000000008f000000| Untracked 
| 241|0x000000008f100000, 0x000000008f100000, 0x000000008f200000|  0%| F|  |TAMS 0x000000008f100000, 0x000000008f100000| Untracked 
| 242|0x000000008f200000, 0x000000008f200000, 0x000000008f300000|  0%| F|  |TAMS 0x000000008f200000, 0x000000008f200000| Untracked 
| 243|0x000000008f300000, 0x000000008f300000, 0x000000008f400000|  0%| F|  |TAMS 0x000000008f300000, 0x000000008f300000| Untracked 
| 244|0x000000008f400000, 0x000000008f400000, 0x000000008f500000|  0%| F|  |TAMS 0x000000008f400000, 0x000000008f400000| Untracked 
| 245|0x000000008f500000, 0x000000008f500000, 0x000000008f600000|  0%| F|  |TAMS 0x000000008f500000, 0x000000008f500000| Untracked 
| 246|0x000000008f600000, 0x000000008f600000, 0x000000008f700000|  0%| F|  |TAMS 0x000000008f600000, 0x000000008f600000| Untracked 
| 247|0x000000008f700000, 0x000000008f700000, 0x000000008f800000|  0%| F|  |TAMS 0x000000008f700000, 0x000000008f700000| Untracked 
| 248|0x000000008f800000, 0x000000008f800000, 0x000000008f900000|  0%| F|  |TAMS 0x000000008f800000, 0x000000008f800000| Untracked 
| 249|0x000000008f900000, 0x000000008f900000, 0x000000008fa00000|  0%| F|  |TAMS 0x000000008f900000, 0x000000008f900000| Untracked 
| 250|0x000000008fa00000, 0x000000008fa00000, 0x000000008fb00000|  0%| F|  |TAMS 0x000000008fa00000, 0x000000008fa00000| Untracked 
| 251|0x000000008fb00000, 0x000000008fb00000, 0x000000008fc00000|  0%| F|  |TAMS 0x000000008fb00000, 0x000000008fb00000| Untracked 
| 252|0x000000008fc00000, 0x000000008fc00000, 0x000000008fd00000|  0%| F|  |TAMS 0x000000008fc00000, 0x000000008fc00000| Untracked 
| 253|0x000000008fd00000, 0x000000008fd00000, 0x000000008fe00000|  0%| F|  |TAMS 0x000000008fd00000, 0x000000008fd00000| Untracked 
| 254|0x000000008fe00000, 0x000000008fe00000, 0x000000008ff00000|  0%| F|  |TAMS 0x000000008fe00000, 0x000000008fe00000| Untracked 
| 255|0x000000008ff00000, 0x000000008ff00000, 0x0000000090000000|  0%| F|  |TAMS 0x000000008ff00000, 0x000000008ff00000| Untracked 
| 256|0x0000000090000000, 0x0000000090000000, 0x0000000090100000|  0%| F|  |TAMS 0x0000000090000000, 0x0000000090000000| Untracked 
| 257|0x0000000090100000, 0x0000000090100000, 0x0000000090200000|  0%| F|  |TAMS 0x0000000090100000, 0x0000000090100000| Untracked 
| 258|0x0000000090200000, 0x0000000090200000, 0x0000000090300000|  0%| F|  |TAMS 0x0000000090200000, 0x0000000090200000| Untracked 
| 259|0x0000000090300000, 0x0000000090300000, 0x0000000090400000|  0%| F|  |TAMS 0x0000000090300000, 0x0000000090300000| Untracked 
| 260|0x0000000090400000, 0x0000000090400000, 0x0000000090500000|  0%| F|  |TAMS 0x0000000090400000, 0x0000000090400000| Untracked 
| 261|0x0000000090500000, 0x0000000090500000, 0x0000000090600000|  0%| F|  |TAMS 0x0000000090500000, 0x0000000090500000| Untracked 
| 262|0x0000000090600000, 0x0000000090600000, 0x0000000090700000|  0%| F|  |TAMS 0x0000000090600000, 0x0000000090600000| Untracked 
| 263|0x0000000090700000, 0x0000000090700000, 0x0000000090800000|  0%| F|  |TAMS 0x0000000090700000, 0x0000000090700000| Untracked 
| 264|0x0000000090800000, 0x0000000090800000, 0x0000000090900000|  0%| F|  |TAMS 0x0000000090800000, 0x0000000090800000| Untracked 
| 265|0x0000000090900000, 0x0000000090900000, 0x0000000090a00000|  0%| F|  |TAMS 0x0000000090900000, 0x0000000090900000| Untracked 
| 266|0x0000000090a00000, 0x0000000090a00000, 0x0000000090b00000|  0%| F|  |TAMS 0x0000000090a00000, 0x0000000090a00000| Untracked 
| 267|0x0000000090b00000, 0x0000000090b00000, 0x0000000090c00000|  0%| F|  |TAMS 0x0000000090b00000, 0x0000000090b00000| Untracked 
| 268|0x0000000090c00000, 0x0000000090d00000, 0x0000000090d00000|100%| S|CS|TAMS 0x0000000090c00000, 0x0000000090c00000| Complete 
| 269|0x0000000090d00000, 0x0000000090e00000, 0x0000000090e00000|100%| S|CS|TAMS 0x0000000090d00000, 0x0000000090d00000| Complete 
| 270|0x0000000090e00000, 0x0000000090f00000, 0x0000000090f00000|100%| S|CS|TAMS 0x0000000090e00000, 0x0000000090e00000| Complete 
| 271|0x0000000090f00000, 0x0000000091000000, 0x0000000091000000|100%| S|CS|TAMS 0x0000000090f00000, 0x0000000090f00000| Complete 
| 272|0x0000000091000000, 0x0000000091000000, 0x0000000091100000|  0%| F|  |TAMS 0x0000000091000000, 0x0000000091000000| Untracked 
| 273|0x0000000091100000, 0x0000000091100000, 0x0000000091200000|  0%| F|  |TAMS 0x0000000091100000, 0x0000000091100000| Untracked 
| 274|0x0000000091200000, 0x0000000091200000, 0x0000000091300000|  0%| F|  |TAMS 0x0000000091200000, 0x0000000091200000| Untracked 
| 275|0x0000000091300000, 0x0000000091300000, 0x0000000091400000|  0%| F|  |TAMS 0x0000000091300000, 0x0000000091300000| Untracked 
| 276|0x0000000091400000, 0x0000000091400000, 0x0000000091500000|  0%| F|  |TAMS 0x0000000091400000, 0x0000000091400000| Untracked 
| 277|0x0000000091500000, 0x0000000091500000, 0x0000000091600000|  0%| F|  |TAMS 0x0000000091500000, 0x0000000091500000| Untracked 
| 278|0x0000000091600000, 0x0000000091600000, 0x0000000091700000|  0%| F|  |TAMS 0x0000000091600000, 0x0000000091600000| Untracked 
| 279|0x0000000091700000, 0x0000000091700000, 0x0000000091800000|  0%| F|  |TAMS 0x0000000091700000, 0x0000000091700000| Untracked 
| 280|0x0000000091800000, 0x0000000091800000, 0x0000000091900000|  0%| F|  |TAMS 0x0000000091800000, 0x0000000091800000| Untracked 
| 281|0x0000000091900000, 0x0000000091900000, 0x0000000091a00000|  0%| F|  |TAMS 0x0000000091900000, 0x0000000091900000| Untracked 
| 282|0x0000000091a00000, 0x0000000091a00000, 0x0000000091b00000|  0%| F|  |TAMS 0x0000000091a00000, 0x0000000091a00000| Untracked 
| 283|0x0000000091b00000, 0x0000000091b00000, 0x0000000091c00000|  0%| F|  |TAMS 0x0000000091b00000, 0x0000000091b00000| Untracked 
| 284|0x0000000091c00000, 0x0000000091c00000, 0x0000000091d00000|  0%| F|  |TAMS 0x0000000091c00000, 0x0000000091c00000| Untracked 
| 285|0x0000000091d00000, 0x0000000091d00000, 0x0000000091e00000|  0%| F|  |TAMS 0x0000000091d00000, 0x0000000091d00000| Untracked 
| 286|0x0000000091e00000, 0x0000000091e00000, 0x0000000091f00000|  0%| F|  |TAMS 0x0000000091e00000, 0x0000000091e00000| Untracked 
| 287|0x0000000091f00000, 0x0000000091f00000, 0x0000000092000000|  0%| F|  |TAMS 0x0000000091f00000, 0x0000000091f00000| Untracked 
| 288|0x0000000092000000, 0x0000000092000000, 0x0000000092100000|  0%| F|  |TAMS 0x0000000092000000, 0x0000000092000000| Untracked 
| 289|0x0000000092100000, 0x0000000092100000, 0x0000000092200000|  0%| F|  |TAMS 0x0000000092100000, 0x0000000092100000| Untracked 
| 290|0x0000000092200000, 0x0000000092200000, 0x0000000092300000|  0%| F|  |TAMS 0x0000000092200000, 0x0000000092200000| Untracked 
| 291|0x0000000092300000, 0x0000000092300000, 0x0000000092400000|  0%| F|  |TAMS 0x0000000092300000, 0x0000000092300000| Untracked 
| 292|0x0000000092400000, 0x0000000092400000, 0x0000000092500000|  0%| F|  |TAMS 0x0000000092400000, 0x0000000092400000| Untracked 
| 293|0x0000000092500000, 0x0000000092500000, 0x0000000092600000|  0%| F|  |TAMS 0x0000000092500000, 0x0000000092500000| Untracked 
| 294|0x0000000092600000, 0x0000000092600000, 0x0000000092700000|  0%| F|  |TAMS 0x0000000092600000, 0x0000000092600000| Untracked 
| 295|0x0000000092700000, 0x0000000092700000, 0x0000000092800000|  0%| F|  |TAMS 0x0000000092700000, 0x0000000092700000| Untracked 

Card table byte_map: [0x0000023f2c2e0000,0x0000023f2c6e0000] _byte_map_base: 0x0000023f2bee0000

Marking Bits (Prev, Next): (CMBitMap*) 0x0000023f192f9aa0, (CMBitMap*) 0x0000023f192f9a68
 Prev Bits: [0x0000023f2eae0000, 0x0000023f30ae0000)
 Next Bits: [0x0000023f2cae0000, 0x0000023f2eae0000)

Polling page: 0x0000023f17210000

Metaspace:

Usage:
  Non-class:     85.33 MB capacity,    83.83 MB ( 98%) used,     1.22 MB (  1%) free+waste,   284.50 KB ( <1%) overhead. 
      Class:     13.52 MB capacity,    12.55 MB ( 93%) used,   866.54 KB (  6%) free+waste,   131.25 KB ( <1%) overhead. 
       Both:     98.86 MB capacity,    96.38 MB ( 97%) used,     2.07 MB (  2%) free+waste,   415.75 KB ( <1%) overhead. 

Virtual space:
  Non-class space:       86.00 MB reserved,      85.58 MB (>99%) committed 
      Class space:        1.00 GB reserved,      13.63 MB (  1%) committed 
             Both:        1.08 GB reserved,      99.20 MB (  9%) committed 

Chunk freelists:
   Non-Class:  250.00 KB
       Class:  105.00 KB
        Both:  355.00 KB

MaxMetaspaceSize: 17179869184.00 GB
CompressedClassSpaceSize: 1.00 GB
Initial GC threshold: 20.80 MB
Current GC threshold: 162.21 MB
CDS: off

CodeHeap 'non-profiled nmethods': size=120064Kb used=7065Kb max_used=7065Kb free=112998Kb
 bounds [0x0000023f24890000, 0x0000023f24f80000, 0x0000023f2bdd0000]
CodeHeap 'profiled nmethods': size=120000Kb used=26046Kb max_used=26046Kb free=93953Kb
 bounds [0x0000023f1d360000, 0x0000023f1ecd0000, 0x0000023f24890000]
CodeHeap 'non-nmethods': size=5696Kb used=2392Kb max_used=2437Kb free=3304Kb
 bounds [0x0000023f1cdd0000, 0x0000023f1d040000, 0x0000023f1d360000]
 total_blobs=13188 nmethods=12276 adapters=824
 compilation: enabled
              stopped_count=0, restarted_count=0
 full_count=0

Compilation events (20 events):
Event: 12.898 Thread 0x0000023f33bdf800 12371       4       com.android.tools.r8.graph.L0::g (62 bytes)
Event: 12.898 Thread 0x0000023f33be1800 12379       2       com.android.tools.r8.code.x2::<init> (7 bytes)
Event: 12.899 Thread 0x0000023f33be1800 nmethod 12379 0x0000023f1ecca490 code [0x0000023f1ecca640, 0x0000023f1ecca798]
Event: 12.900 Thread 0x0000023f33be1800 12380       3       com.android.tools.r8.dex.r::a (261 bytes)
Event: 12.901 Thread 0x0000023f33be1800 nmethod 12380 0x0000023f1ecca890 code [0x0000023f1eccac20, 0x0000023f1eccc4b8]
Event: 12.901 Thread 0x0000023f33be1800 12381       2       com.android.tools.r8.code.t::<init> (7 bytes)
Event: 12.902 Thread 0x0000023f33be1800 nmethod 12381 0x0000023f1eccd110 code [0x0000023f1eccd2e0, 0x0000023f1eccd4a8]
Event: 12.903 Thread 0x0000023f33bdf800 nmethod 12371 0x0000023f24f75710 code [0x0000023f24f758e0, 0x0000023f24f76058]
Event: 12.905 Thread 0x0000023f33be1800 12382       2       com.android.tools.r8.code.m::<init> (7 bytes)
Event: 12.905 Thread 0x0000023f33bdf800 12364   !   4       com.android.tools.r8.graph.W0::Q (125 bytes)
Event: 12.905 Thread 0x0000023f33be1800 nmethod 12382 0x0000023f1eccd610 code [0x0000023f1eccd7e0, 0x0000023f1eccda18]
Event: 12.907 Thread 0x0000023f33be1800 12383       2       com.android.tools.r8.code.E3::<init> (85 bytes)
Event: 12.908 Thread 0x0000023f33be1800 nmethod 12383 0x0000023f1eccdc10 code [0x0000023f1eccde40, 0x0000023f1ecce568]
Event: 12.909 Thread 0x0000023f33be1800 12384       2       com.android.tools.r8.code.v3::<init> (7 bytes)
Event: 12.909 Thread 0x0000023f33be1800 nmethod 12384 0x0000023f1eccea90 code [0x0000023f1eccec60, 0x0000023f1eccee98]
Event: 12.912 Thread 0x0000023f33be1800 12385       2       com.android.tools.r8.code.f1::<init> (7 bytes)
Event: 12.912 Thread 0x0000023f33be1800 nmethod 12385 0x0000023f1eccf090 code [0x0000023f1eccf260, 0x0000023f1eccf428]
Event: 12.917 Thread 0x0000023f33be1800 12387       2       com.android.tools.r8.code.i::<init> (7 bytes)
Event: 12.917 Thread 0x0000023f33be1800 nmethod 12387 0x0000023f1eccf590 code [0x0000023f1eccf740, 0x0000023f1eccf898]
Event: 12.918 Thread 0x0000023f33be1800 12388       2       com.android.tools.r8.code.l0::<init> (7 bytes)

GC Heap History (20 events):
Event: 10.545 GC heap after
{Heap after GC invocations=15 (full 0):
 garbage-first heap   total 251904K, used 87916K [0x0000000080000000, 0x0000000100000000)
  region size 1024K, 14 young (14336K), 14 survivors (14336K)
 Metaspace       used 87390K, capacity 90022K, committed 90320K, reserved 1128448K
  class space    used 11332K, capacity 12319K, committed 12416K, reserved 1048576K
}
Event: 11.095 GC heap before
{Heap before GC invocations=15 (full 0):
 garbage-first heap   total 251904K, used 187244K [0x0000000080000000, 0x0000000100000000)
  region size 1024K, 112 young (114688K), 14 survivors (14336K)
 Metaspace       used 88612K, capacity 91142K, committed 91472K, reserved 1128448K
  class space    used 11442K, capacity 12430K, committed 12544K, reserved 1048576K
}
Event: 11.111 GC heap after
{Heap after GC invocations=16 (full 0):
 garbage-first heap   total 251904K, used 94852K [0x0000000080000000, 0x0000000100000000)
  region size 1024K, 14 young (14336K), 14 survivors (14336K)
 Metaspace       used 88612K, capacity 91142K, committed 91472K, reserved 1128448K
  class space    used 11442K, capacity 12430K, committed 12544K, reserved 1048576K
}
Event: 11.603 GC heap before
{Heap before GC invocations=16 (full 0):
 garbage-first heap   total 251904K, used 193156K [0x0000000080000000, 0x0000000100000000)
  region size 1024K, 111 young (113664K), 14 survivors (14336K)
 Metaspace       used 91404K, capacity 94006K, committed 94288K, reserved 1130496K
  class space    used 11771K, capacity 12753K, committed 12800K, reserved 1048576K
}
Event: 11.618 GC heap after
{Heap after GC invocations=17 (full 0):
 garbage-first heap   total 251904K, used 100189K [0x0000000080000000, 0x0000000100000000)
  region size 1024K, 12 young (12288K), 12 survivors (12288K)
 Metaspace       used 91404K, capacity 94006K, committed 94288K, reserved 1130496K
  class space    used 11771K, capacity 12753K, committed 12800K, reserved 1048576K
}
Event: 11.981 GC heap before
{Heap before GC invocations=17 (full 0):
 garbage-first heap   total 251904K, used 209757K [0x0000000080000000, 0x0000000100000000)
  region size 1024K, 108 young (110592K), 12 survivors (12288K)
 Metaspace       used 94146K, capacity 96766K, committed 96976K, reserved 1132544K
  class space    used 12100K, capacity 13090K, committed 13184K, reserved 1048576K
}
Event: 11.996 GC heap after
{Heap after GC invocations=18 (full 0):
 garbage-first heap   total 251904K, used 124928K [0x0000000080000000, 0x0000000100000000)
  region size 1024K, 14 young (14336K), 14 survivors (14336K)
 Metaspace       used 94146K, capacity 96766K, committed 96976K, reserved 1132544K
  class space    used 12100K, capacity 13090K, committed 13184K, reserved 1048576K
}
Event: 12.121 GC heap before
{Heap before GC invocations=18 (full 0):
 garbage-first heap   total 251904K, used 138240K [0x0000000080000000, 0x0000000100000000)
  region size 1024K, 27 young (27648K), 14 survivors (14336K)
 Metaspace       used 96576K, capacity 99258K, committed 99408K, reserved 1134592K
  class space    used 12443K, capacity 13479K, committed 13568K, reserved 1048576K
}
Event: 12.130 GC heap after
{Heap after GC invocations=19 (full 0):
 garbage-first heap   total 251904K, used 131266K [0x0000000080000000, 0x0000000100000000)
  region size 1024K, 4 young (4096K), 4 survivors (4096K)
 Metaspace       used 96576K, capacity 99258K, committed 99408K, reserved 1134592K
  class space    used 12443K, capacity 13479K, committed 13568K, reserved 1048576K
}
Event: 12.308 GC heap before
{Heap before GC invocations=20 (full 0):
 garbage-first heap   total 251904K, used 198850K [0x0000000080000000, 0x0000000100000000)
  region size 1024K, 49 young (50176K), 4 survivors (4096K)
 Metaspace       used 96389K, capacity 98763K, committed 99664K, reserved 1136640K
  class space    used 12332K, capacity 13243K, committed 13568K, reserved 1048576K
}
Event: 12.325 GC heap after
{Heap after GC invocations=21 (full 0):
 garbage-first heap   total 251904K, used 160563K [0x0000000080000000, 0x0000000100000000)
  region size 1024K, 7 young (7168K), 7 survivors (7168K)
 Metaspace       used 96389K, capacity 98763K, committed 99664K, reserved 1136640K
  class space    used 12332K, capacity 13243K, committed 13568K, reserved 1048576K
}
Event: 12.335 GC heap before
{Heap before GC invocations=21 (full 0):
 garbage-first heap   total 251904K, used 162611K [0x0000000080000000, 0x0000000100000000)
  region size 1024K, 10 young (10240K), 7 survivors (7168K)
 Metaspace       used 96389K, capacity 98763K, committed 99664K, reserved 1136640K
  class space    used 12332K, capacity 13243K, committed 13568K, reserved 1048576K
}
Event: 12.347 GC heap after
{Heap after GC invocations=22 (full 0):
 garbage-first heap   total 303104K, used 163119K [0x0000000080000000, 0x0000000100000000)
  region size 1024K, 2 young (2048K), 2 survivors (2048K)
 Metaspace       used 96389K, capacity 98763K, committed 99664K, reserved 1136640K
  class space    used 12332K, capacity 13243K, committed 13568K, reserved 1048576K
}
Event: 12.625 GC heap before
{Heap before GC invocations=23 (full 0):
 garbage-first heap   total 303104K, used 207151K [0x0000000080000000, 0x0000000100000000)
  region size 1024K, 44 young (45056K), 2 survivors (2048K)
 Metaspace       used 98281K, capacity 100843K, committed 101328K, reserved 1136640K
  class space    used 12823K, capacity 13809K, committed 13952K, reserved 1048576K
}
Event: 12.645 GC heap after
{Heap after GC invocations=24 (full 0):
 garbage-first heap   total 303104K, used 179328K [0x0000000080000000, 0x0000000100000000)
  region size 1024K, 6 young (6144K), 6 survivors (6144K)
 Metaspace       used 98281K, capacity 100843K, committed 101328K, reserved 1136640K
  class space    used 12823K, capacity 13809K, committed 13952K, reserved 1048576K
}
Event: 12.762 GC heap before
{Heap before GC invocations=24 (full 0):
 garbage-first heap   total 303104K, used 217216K [0x0000000080000000, 0x0000000100000000)
  region size 1024K, 44 young (45056K), 6 survivors (6144K)
 Metaspace       used 98654K, capacity 101226K, committed 101584K, reserved 1136640K
  class space    used 12848K, capacity 13847K, committed 13952K, reserved 1048576K
}
Event: 12.786 GC heap after
{Heap after GC invocations=25 (full 0):
 garbage-first heap   total 303104K, used 198911K [0x0000000080000000, 0x0000000100000000)
  region size 1024K, 6 young (6144K), 6 survivors (6144K)
 Metaspace       used 98654K, capacity 101226K, committed 101584K, reserved 1136640K
  class space    used 12848K, capacity 13847K, committed 13952K, reserved 1048576K
}
Event: 12.863 GC heap before
{Heap before GC invocations=25 (full 0):
 garbage-first heap   total 303104K, used 230655K [0x0000000080000000, 0x0000000100000000)
  region size 1024K, 37 young (37888K), 6 survivors (6144K)
 Metaspace       used 98686K, capacity 101229K, committed 101584K, reserved 1136640K
  class space    used 12849K, capacity 13847K, committed 13952K, reserved 1048576K
}
Event: 12.881 GC heap after
{Heap after GC invocations=26 (full 0):
 garbage-first heap   total 303104K, used 215552K [0x0000000080000000, 0x0000000100000000)
  region size 1024K, 5 young (5120K), 5 survivors (5120K)
 Metaspace       used 98686K, capacity 101229K, committed 101584K, reserved 1136640K
  class space    used 12849K, capacity 13847K, committed 13952K, reserved 1048576K
}
Event: 12.918 GC heap before
{Heap before GC invocations=26 (full 0):
 garbage-first heap   total 303104K, used 239104K [0x0000000080000000, 0x0000000100000000)
  region size 1024K, 29 young (29696K), 5 survivors (5120K)
 Metaspace       used 98692K, capacity 101229K, committed 101584K, reserved 1136640K
  class space    used 12849K, capacity 13847K, committed 13952K, reserved 1048576K
}

Deoptimization events (20 events):
Event: 12.891 Thread 0x0000023f3712c000 DEOPT PACKING pc=0x0000023f1ec6cb13 sp=0x0000007bfb7fe8d0
Event: 12.891 Thread 0x0000023f3712c000 DEOPT UNPACKING pc=0x0000023f1ce1a95e sp=0x0000007bfb7fde50 mode 0
Event: 12.894 Thread 0x0000023f37129800 DEOPT PACKING pc=0x0000023f1ec6cb13 sp=0x0000007bfb6fe780
Event: 12.894 Thread 0x0000023f37129800 DEOPT UNPACKING pc=0x0000023f1ce1a95e sp=0x0000007bfb6fdd00 mode 0
Event: 12.897 Thread 0x0000023f3712f000 DEOPT PACKING pc=0x0000023f1ec6cb13 sp=0x0000007bfb9fe8a0
Event: 12.897 Thread 0x0000023f3712f000 DEOPT UNPACKING pc=0x0000023f1ce1a95e sp=0x0000007bfb9fde20 mode 0
Event: 12.899 Thread 0x0000023f3712c000 DEOPT PACKING pc=0x0000023f1ec6cb13 sp=0x0000007bfb7fe8d0
Event: 12.899 Thread 0x0000023f3712c000 DEOPT UNPACKING pc=0x0000023f1ce1a95e sp=0x0000007bfb7fde50 mode 0
Event: 12.901 Thread 0x0000023f3712c000 DEOPT PACKING pc=0x0000023f1ec6cb13 sp=0x0000007bfb7fe8d0
Event: 12.901 Thread 0x0000023f3712c000 DEOPT UNPACKING pc=0x0000023f1ce1a95e sp=0x0000007bfb7fde50 mode 0
Event: 12.903 Thread 0x0000023f37130000 DEOPT PACKING pc=0x0000023f1ec6cb13 sp=0x0000007bfbbfe520
Event: 12.903 Thread 0x0000023f37130000 DEOPT UNPACKING pc=0x0000023f1ce1a95e sp=0x0000007bfbbfdaa0 mode 0
Event: 12.905 Thread 0x0000023f3712c000 DEOPT PACKING pc=0x0000023f1ec6cb13 sp=0x0000007bfb7fe8d0
Event: 12.905 Thread 0x0000023f3712c000 DEOPT UNPACKING pc=0x0000023f1ce1a95e sp=0x0000007bfb7fde50 mode 0
Event: 12.908 Thread 0x0000023f37128800 DEOPT PACKING pc=0x0000023f1ec6cb13 sp=0x0000007bfb8fe610
Event: 12.908 Thread 0x0000023f37128800 DEOPT UNPACKING pc=0x0000023f1ce1a95e sp=0x0000007bfb8fdb90 mode 0
Event: 12.912 Thread 0x0000023f3712f000 DEOPT PACKING pc=0x0000023f1ec6cb13 sp=0x0000007bfb9fe8a0
Event: 12.912 Thread 0x0000023f3712f000 DEOPT UNPACKING pc=0x0000023f1ce1a95e sp=0x0000007bfb9fde20 mode 0
Event: 12.917 Thread 0x0000023f37130000 DEOPT PACKING pc=0x0000023f1ec6cb13 sp=0x0000007bfbbfe520
Event: 12.917 Thread 0x0000023f37130000 DEOPT UNPACKING pc=0x0000023f1ce1a95e sp=0x0000007bfbbfdaa0 mode 0

Classes redefined (0 events):
No events

Internal exceptions (20 events):
Event: 11.255 Thread 0x0000023f3662c800 Exception <a 'java/lang/NoSuchMethodError'{0x000000008dddbc60}: <clinit>> (0x000000008dddbc60) thrown at [./src/hotspot/share/prims/jni.cpp, line 1366]
Event: 11.351 Thread 0x0000023f39c71800 Implicit null exception at 0x0000023f24e93a24 to 0x0000023f24e94480
Event: 11.351 Thread 0x0000023f3947f000 Implicit null exception at 0x0000023f24e93a24 to 0x0000023f24e94480
Event: 11.351 Thread 0x0000023f3ac84000 Implicit null exception at 0x0000023f24e93a24 to 0x0000023f24e94480
Event: 11.997 Thread 0x0000023f37127000 Exception <a 'sun/nio/fs/WindowsException'{0x000000008f50bb88}> (0x000000008f50bb88) thrown at [./src/hotspot/share/prims/jni.cpp, line 616]
Event: 12.021 Thread 0x0000023f37124800 Exception <a 'java/lang/NoSuchMethodError'{0x000000008f356138}: 'void java.lang.invoke.DirectMethodHandle$Holder.invokeStatic(java.lang.Object, long)'> (0x000000008f356138) thrown at [./src/hotspot/share/interpreter/linkResolver.cpp, line 773]
Event: 12.022 Thread 0x0000023f37124800 Exception <a 'java/lang/NoSuchMethodError'{0x000000008f35b350}: 'java.lang.Object java.lang.invoke.DirectMethodHandle$Holder.invokeStatic(java.lang.Object, long)'> (0x000000008f35b350) thrown at [./src/hotspot/share/interpreter/linkResolver.cpp, line 773]
Event: 12.025 Thread 0x0000023f37124800 Exception <a 'java/lang/NoSuchMethodError'{0x000000008f3696b8}: 'java.lang.Object java.lang.invoke.DirectMethodHandle$Holder.invokeStaticInit(java.lang.Object, java.lang.Object, long, java.lang.Object)'> (0x000000008f3696b8) thrown at [./src/hotspot/share/interpreter/linkResolver.cpp, line 773]
Event: 12.026 Thread 0x0000023f37124800 Exception <a 'java/lang/NoSuchMethodError'{0x000000008f36f850}: 'java.lang.Object java.lang.invoke.DirectMethodHandle$Holder.invokeStatic(java.lang.Object, java.lang.Object, long)'> (0x000000008f36f850) thrown at [./src/hotspot/share/interpreter/linkResolver.cpp, line 773]
Event: 12.026 Thread 0x0000023f37124800 Exception <a 'java/lang/NoSuchMethodError'{0x000000008f375dc8}: 'java.lang.Object java.lang.invoke.Invokers$Holder.linkToTargetMethod(java.lang.Object, long, java.lang.Object)'> (0x000000008f375dc8) thrown at [./src/hotspot/share/interpreter/linkResolver.cpp, line 773]
Event: 12.082 Thread 0x0000023f37124800 Exception <a 'java/lang/NoSuchMethodError'{0x000000008eebcb28}: 'int java.lang.invoke.DirectMethodHandle$Holder.invokeSpecialIFC(java.lang.Object, java.lang.Object, java.lang.Object)'> (0x000000008eebcb28) thrown at [./src/hotspot/share/interpreter/linkResolver.cpp, line 773]
Event: 12.114 Thread 0x0000023f37127000 Exception <a 'java/lang/NoSuchMethodError'{0x000000008ecf2758}: 'java.lang.Object java.lang.invoke.DirectMethodHandle$Holder.invokeStaticInit(java.lang.Object, java.lang.Object, java.lang.Object, java.lang.Object, java.lang.Object, java.lang.Object, java.lang.Object, java.lang.Object, java.lang.Object, java.lang.Object, java.lang.Object, java.lang.Object, java.lang.Object, java.lang.Object, java.lang.Object, java.lang.Object, java.lang.Object, java.lang.Object, int, java.lang.Object, java.lang.Object)'> (0
Event: 12.519 Thread 0x0000023f3712f000 Exception <a 'java/lang/IncompatibleClassChangeError'{0x00000000906dfeb8}: Found class java.lang.Object, but interface was expected> (0x00000000906dfeb8) thrown at [./src/hotspot/share/interpreter/linkResolver.cpp, line 839]
Event: 12.542 Thread 0x0000023f3712c800 Exception <a 'java/lang/IncompatibleClassChangeError'{0x00000000904769f8}: Found class java.lang.Object, but interface was expected> (0x00000000904769f8) thrown at [./src/hotspot/share/interpreter/linkResolver.cpp, line 839]
Event: 12.542 Thread 0x0000023f3712c000 Exception <a 'java/lang/IncompatibleClassChangeError'{0x0000000090491c20}: Found class java.lang.Object, but interface was expected> (0x0000000090491c20) thrown at [./src/hotspot/share/interpreter/linkResolver.cpp, line 839]
Event: 12.542 Thread 0x0000023f37130000 Exception <a 'java/lang/IncompatibleClassChangeError'{0x0000000090487090}: Found class java.lang.Object, but interface was expected> (0x0000000090487090) thrown at [./src/hotspot/share/interpreter/linkResolver.cpp, line 839]
Event: 12.544 Thread 0x0000023f3712c000 Exception <a 'java/lang/IncompatibleClassChangeError'{0x0000000090494828}: Found class java.lang.Object, but interface was expected> (0x0000000090494828) thrown at [./src/hotspot/share/interpreter/linkResolver.cpp, line 839]
Event: 12.544 Thread 0x0000023f3712c800 Exception <a 'java/lang/IncompatibleClassChangeError'{0x00000000904c18e8}: Found class java.lang.Object, but interface was expected> (0x00000000904c18e8) thrown at [./src/hotspot/share/interpreter/linkResolver.cpp, line 839]
Event: 12.544 Thread 0x0000023f37130000 Exception <a 'java/lang/IncompatibleClassChangeError'{0x00000000904cc820}: Found class java.lang.Object, but interface was expected> (0x00000000904cc820) thrown at [./src/hotspot/share/interpreter/linkResolver.cpp, line 839]
Event: 12.548 Thread 0x0000023f37129800 Exception <a 'java/lang/NoSuchMethodError'{0x00000000904f7db0}: 'java.lang.Object java.lang.invoke.DirectMethodHandle$Holder.newInvokeSpecial(java.lang.Object, int)'> (0x00000000904f7db0) thrown at [./src/hotspot/share/interpreter/linkResolver.cpp, line 773]

Events (20 events):
Event: 12.664 loading class com/android/tools/r8/graph/D2 done
Event: 12.664 loading class com/android/tools/r8/graph/D2
Event: 12.664 loading class com/android/tools/r8/graph/D2 done
Event: 12.664 loading class com/android/tools/r8/internal/Zb1
Event: 12.664 loading class com/android/tools/r8/internal/Zb1 done
Event: 12.665 loading class com/android/tools/r8/internal/ec1
Event: 12.665 loading class com/android/tools/r8/internal/ec1 done
Event: 12.672 loading class com/android/tools/r8/internal/c61
Event: 12.672 loading class com/android/tools/r8/internal/c61 done
Event: 12.686 loading class com/android/tools/r8/internal/HP0
Event: 12.686 loading class com/android/tools/r8/internal/HP0 done
Event: 12.743 loading class com/android/tools/r8/internal/KI0
Event: 12.743 loading class com/android/tools/r8/internal/KI0 done
Event: 12.762 Executing VM operation: G1CollectForAllocation
Event: 12.786 Executing VM operation: G1CollectForAllocation done
Event: 12.823 loading class com/android/tools/r8/graph/Z0
Event: 12.823 loading class com/android/tools/r8/graph/Z0 done
Event: 12.863 Executing VM operation: G1CollectForAllocation
Event: 12.881 Executing VM operation: G1CollectForAllocation done
Event: 12.918 Executing VM operation: G1CollectForAllocation


Dynamic libraries:
0x00007ff648f70000 - 0x00007ff648f7a000 	C:\Program Files\Android\Android Studio\jre\bin\java.exe
0x00007ffd43d50000 - 0x00007ffd43f64000 	C:\Windows\SYSTEM32\ntdll.dll
0x00007ffd431a0000 - 0x00007ffd43262000 	C:\Windows\System32\KERNEL32.DLL
0x00007ffd415f0000 - 0x00007ffd4198c000 	C:\Windows\System32\KERNELBASE.dll
0x00007ffd41990000 - 0x00007ffd41aa1000 	C:\Windows\System32\ucrtbase.dll
0x00007ffd05ca0000 - 0x00007ffd05cb9000 	C:\Program Files\Android\Android Studio\jre\bin\jli.dll
0x00007ffd434e0000 - 0x00007ffd4368a000 	C:\Windows\System32\USER32.dll
0x00007ffd414a0000 - 0x00007ffd414c6000 	C:\Windows\System32\win32u.dll
0x00007ffd43bc0000 - 0x00007ffd43be9000 	C:\Windows\System32\GDI32.dll
0x00007ffd414d0000 - 0x00007ffd415e2000 	C:\Windows\System32\gdi32full.dll
0x00007ffd41ab0000 - 0x00007ffd41b4a000 	C:\Windows\System32\msvcp_win.dll
0x00007ffd04be0000 - 0x00007ffd04bf7000 	C:\Program Files\Android\Android Studio\jre\bin\VCRUNTIME140.dll
0x00007ffd29dd0000 - 0x00007ffd2a05e000 	C:\Windows\WinSxS\amd64_microsoft.windows.common-controls_6595b64144ccf1df_6.0.22621.608_none_a9444ca7c10bb01d\COMCTL32.dll
0x00007ffd43430000 - 0x00007ffd434d7000 	C:\Windows\System32\msvcrt.dll
0x00007ffd427b0000 - 0x00007ffd427e1000 	C:\Windows\System32\IMM32.DLL
0x00007ffd04790000 - 0x00007ffd0482d000 	C:\Program Files\Android\Android Studio\jre\bin\msvcp140.dll
0x00007ffcc4e70000 - 0x00007ffcc5972000 	C:\Program Files\Android\Android Studio\jre\bin\server\jvm.dll
0x00007ffd42450000 - 0x00007ffd424fe000 	C:\Windows\System32\ADVAPI32.dll
0x00007ffd43270000 - 0x00007ffd43314000 	C:\Windows\System32\sechost.dll
0x00007ffd41b50000 - 0x00007ffd41c65000 	C:\Windows\System32\RPCRT4.dll
0x00007ffd43420000 - 0x00007ffd43428000 	C:\Windows\System32\PSAPI.DLL
0x00007ffd1e850000 - 0x00007ffd1e859000 	C:\Windows\SYSTEM32\WSOCK32.dll
0x00007ffd42c70000 - 0x00007ffd42ce1000 	C:\Windows\System32\WS2_32.dll
0x00007ffd38530000 - 0x00007ffd38564000 	C:\Windows\SYSTEM32\WINMM.dll
0x00007ffd39f60000 - 0x00007ffd39f6a000 	C:\Windows\SYSTEM32\VERSION.dll
0x00007ffd40170000 - 0x00007ffd40188000 	C:\Windows\SYSTEM32\kernel.appcore.dll
0x00007ffd25ac0000 - 0x00007ffd25ad1000 	C:\Program Files\Android\Android Studio\jre\bin\verify.dll
0x00007ffd2ed50000 - 0x00007ffd2ef7e000 	C:\Windows\SYSTEM32\DBGHELP.DLL
0x00007ffd43690000 - 0x00007ffd43a19000 	C:\Windows\System32\combase.dll
0x00007ffd42a70000 - 0x00007ffd42b47000 	C:\Windows\System32\OLEAUT32.dll
0x00007ffd21500000 - 0x00007ffd21532000 	C:\Windows\SYSTEM32\dbgcore.DLL
0x00007ffd41180000 - 0x00007ffd411fb000 	C:\Windows\System32\bcryptPrimitives.dll
0x00007ffd05d10000 - 0x00007ffd05d39000 	C:\Program Files\Android\Android Studio\jre\bin\java.dll
0x00007ffd38b80000 - 0x00007ffd38b8b000 	C:\Program Files\Android\Android Studio\jre\bin\jimage.dll
0x00007ffd1ce40000 - 0x00007ffd1ce58000 	C:\Program Files\Android\Android Studio\jre\bin\zip.dll
0x00007ffd41c70000 - 0x00007ffd4244d000 	C:\Windows\System32\SHELL32.dll
0x00007ffd3f190000 - 0x00007ffd3fa47000 	C:\Windows\SYSTEM32\windows.storage.dll
0x00007ffd3f050000 - 0x00007ffd3f18d000 	C:\Windows\SYSTEM32\wintypes.dll
0x00007ffd43320000 - 0x00007ffd43411000 	C:\Windows\System32\SHCORE.dll
0x00007ffd42750000 - 0x00007ffd427ae000 	C:\Windows\System32\shlwapi.dll
0x00007ffd410b0000 - 0x00007ffd410d1000 	C:\Windows\SYSTEM32\profapi.dll
0x00007ffd1cac0000 - 0x00007ffd1cada000 	C:\Program Files\Android\Android Studio\jre\bin\net.dll
0x00007ffd3a3d0000 - 0x00007ffd3a4ff000 	C:\Windows\SYSTEM32\WINHTTP.dll
0x00007ffd40610000 - 0x00007ffd40679000 	C:\Windows\system32\mswsock.dll
0x00007ffd08310000 - 0x00007ffd08324000 	C:\Program Files\Android\Android Studio\jre\bin\nio.dll
0x00007ffd04870000 - 0x00007ffd04897000 	C:\Users\Nauruz\.gradle\native\e1d6ef7f7dcc3fd88c89a11ec53ec762bb8ba0a96d01ffa2cd45eb1d1d8dd5c5\windows-amd64\native-platform.dll
0x00007ffcec820000 - 0x00007ffcec964000 	C:\Users\Nauruz\.gradle\native\5664cfc778a61ccfe75a443a1ab52a65af34e5dc3c78e0209fed803814484fcb\windows-amd64\native-platform-file-events.dll
0x00007ffd25a20000 - 0x00007ffd25a2a000 	C:\Program Files\Android\Android Studio\jre\bin\management.dll
0x00007ffd257b0000 - 0x00007ffd257bd000 	C:\Program Files\Android\Android Studio\jre\bin\management_ext.dll
0x00007ffd40920000 - 0x00007ffd4093b000 	C:\Windows\SYSTEM32\CRYPTSP.dll
0x00007ffd40130000 - 0x00007ffd40165000 	C:\Windows\system32\rsaenh.dll
0x00007ffd406b0000 - 0x00007ffd406d8000 	C:\Windows\SYSTEM32\USERENV.dll
0x00007ffd40b00000 - 0x00007ffd40b28000 	C:\Windows\SYSTEM32\bcrypt.dll
0x00007ffd40900000 - 0x00007ffd4090c000 	C:\Windows\SYSTEM32\CRYPTBASE.dll
0x00007ffd3fca0000 - 0x00007ffd3fccd000 	C:\Windows\SYSTEM32\IPHLPAPI.DLL
0x00007ffd425d0000 - 0x00007ffd425d9000 	C:\Windows\System32\NSI.dll
0x00007ffd3a3b0000 - 0x00007ffd3a3c9000 	C:\Windows\SYSTEM32\dhcpcsvc6.DLL
0x00007ffd3a290000 - 0x00007ffd3a2af000 	C:\Windows\SYSTEM32\dhcpcsvc.DLL
0x00007ffd3fd10000 - 0x00007ffd3fe02000 	C:\Windows\SYSTEM32\DNSAPI.dll

dbghelp: loaded successfully - version: 4.0.5 - missing functions: none
symbol engine: initialized successfully - sym options: 0x614 - pdb path: .;C:\Program Files\Android\Android Studio\jre\bin;C:\Windows\SYSTEM32;C:\Windows\WinSxS\amd64_microsoft.windows.common-controls_6595b64144ccf1df_6.0.22621.608_none_a9444ca7c10bb01d;C:\Program Files\Android\Android Studio\jre\bin\server;C:\Users\Nauruz\.gradle\native\e1d6ef7f7dcc3fd88c89a11ec53ec762bb8ba0a96d01ffa2cd45eb1d1d8dd5c5\windows-amd64;C:\Users\Nauruz\.gradle\native\5664cfc778a61ccfe75a443a1ab52a65af34e5dc3c78e0209fed803814484fcb\windows-amd64

VM Arguments:
jvm_args: --add-opens=java.base/java.util=ALL-UNNAMED --add-opens=java.base/java.lang=ALL-UNNAMED --add-opens=java.base/java.lang.invoke=ALL-UNNAMED --add-opens=java.base/java.util=ALL-UNNAMED --add-opens=java.prefs/java.util.prefs=ALL-UNNAMED --add-opens=java.prefs/java.util.prefs=ALL-UNNAMED --add-opens=java.base/java.nio.charset=ALL-UNNAMED --add-opens=java.base/java.net=ALL-UNNAMED --add-opens=java.base/java.util.concurrent.atomic=ALL-UNNAMED -Xmx2048m -Dfile.encoding=UTF-8 -Duser.country=RU -Duser.language=ru -Duser.variant 
java_command: org.gradle.launcher.daemon.bootstrap.GradleDaemon 7.2
java_class_path (initial): C:\Users\Nauruz\.gradle\wrapper\dists\gradle-7.2-bin\2dnblmf4td7x66yl1d74lt32g\gradle-7.2\lib\gradle-launcher-7.2.jar
Launcher Type: SUN_STANDARD

[Global flags]
     intx CICompilerCount                          = 3                                         {product} {ergonomic}
     uint ConcGCThreads                            = 2                                         {product} {ergonomic}
     uint G1ConcRefinementThreads                  = 6                                         {product} {ergonomic}
   size_t G1HeapRegionSize                         = 1048576                                   {product} {ergonomic}
    uintx GCDrainStackTargetSize                   = 64                                        {product} {ergonomic}
   size_t InitialHeapSize                          = 257949696                                 {product} {ergonomic}
   size_t MarkStackSize                            = 4194304                                   {product} {ergonomic}
   size_t MaxHeapSize                              = 2147483648                                {product} {command line}
   size_t MaxNewSize                               = 1287651328                                {product} {ergonomic}
   size_t MinHeapDeltaBytes                        = 1048576                                   {product} {ergonomic}
    uintx NonNMethodCodeHeapSize                   = 5830732                                {pd product} {ergonomic}
    uintx NonProfiledCodeHeapSize                  = 122913754                              {pd product} {ergonomic}
    uintx ProfiledCodeHeapSize                     = 122913754                              {pd product} {ergonomic}
    uintx ReservedCodeCacheSize                    = 251658240                              {pd product} {ergonomic}
     bool SegmentedCodeCache                       = true                                      {product} {ergonomic}
     bool UseCompressedClassPointers               = true                                 {lp64_product} {ergonomic}
     bool UseCompressedOops                        = true                                 {lp64_product} {ergonomic}
     bool UseG1GC                                  = true                                      {product} {ergonomic}
     bool UseLargePagesIndividualAllocation        = false                                  {pd product} {ergonomic}

Logging:
Log output configuration:
 #0: stdout all=warning uptime,level,tags
 #1: stderr all=off uptime,level,tags

Environment Variables:
JAVA_HOME=C:\Program Files\Java\jdk1.8.0_202
PATH=C:\Program Files (x86)\Common Files\Oracle\Java\javapath;C:\Windows\system32;C:\Windows;C:\Windows\System32\Wbem;C:\Windows\System32\WindowsPowerShell\v1.0\;C:\Windows\System32\OpenSSH\;C:\Program Files\Git\cmd;C:\Program Files\maven\bin;C:\flyway-9.6.0;C:\Users\Nauruz\AppData\Local\Microsoft\WindowsApps;
USERNAME=Nauruz
OS=Windows_NT
PROCESSOR_IDENTIFIER=AMD64 Family 23 Model 96 Stepping 1, AuthenticAMD



---------------  S Y S T E M  ---------------

OS: Windows 11 , 64 bit Build 22621 (10.0.22621.608)
OS uptime: 0 days 15:28 hours
Hyper-V role detected

CPU:total 6 (initial active 6) (6 cores per cpu, 1 threads per core) family 23 model 96 stepping 1 microcode 0x0, cmov, cx8, fxsr, mmx, sse, sse2, sse3, ssse3, sse4.1, sse4.2, popcnt, avx, avx2, aes, clmul, mmxext, 3dnowpref, lzcnt, sse4a, tsc, tscinvbit, tscinv, bmi1, bmi2, adx, sha, fma

Memory: 4k page, system-wide physical 15733M (3724M free)
TotalPageFile size 15733M (AvailPageFile size 58M)
current process WorkingSet (physical memory assigned to process): 579M, peak: 579M
current process commit charge ("private bytes"): 615M, peak: 700M

vm_info: OpenJDK 64-Bit Server VM (11.0.13+0-b1751.21-8125866) for windows-amd64 JRE (11.0.13+0-b1751.21-8125866), built on Feb  2 2022 03:00:22 by "builder" with MS VC++ 14.0 (VS2015)

END.
