#
# There is insufficient memory for the Java Runtime Environment to continue.
# Native memory allocation (malloc) failed to allocate 1445776 bytes for Chunk::new
# Possible reasons:
#   The system is out of physical RAM or swap space
#   The process is running with CompressedOops enabled, and the Java Heap may be blocking the growth of the native heap
# Possible solutions:
#   Reduce memory load on the system
#   Increase physical memory or swap space
#   Check if swap backing store is full
#   Decrease Java heap size (-Xmx/-Xms)
#   Decrease number of Java threads
#   Decrease Java thread stack sizes (-Xss)
#   Set larger code cache with -XX:ReservedCodeCacheSize=
#   JVM is running with Unscaled Compressed Oops mode in which the Java heap is
#     placed in the first 4GB address space. The Java Heap base address is the
#     maximum limit for the native heap growth. Please use -XX:HeapBaseMinAddress
#     to set the Java Heap base and to place the Java Heap above 4GB virtual address.
# This output file may be truncated or incomplete.
#
#  Out of Memory Error (./src/hotspot/share/memory/arena.cpp:197), pid=12516, tid=4092
#
# JRE version: OpenJDK Runtime Environment (11.0.13) (build 11.0.13+0-b1751.21-8125866)
# Java VM: OpenJDK 64-Bit Server VM (11.0.13+0-b1751.21-8125866, mixed mode, tiered, compressed oops, g1 gc, windows-amd64)
# No core dump will be written. Minidumps are not enabled by default on client versions of Windows
#

---------------  S U M M A R Y ------------

Command Line: --add-opens=java.base/java.util=ALL-UNNAMED --add-opens=java.base/java.lang=ALL-UNNAMED --add-opens=java.base/java.lang.invoke=ALL-UNNAMED --add-opens=java.base/java.util=ALL-UNNAMED --add-opens=java.prefs/java.util.prefs=ALL-UNNAMED --add-opens=java.prefs/java.util.prefs=ALL-UNNAMED --add-opens=java.base/java.nio.charset=ALL-UNNAMED --add-opens=java.base/java.net=ALL-UNNAMED --add-opens=java.base/java.util.concurrent.atomic=ALL-UNNAMED -Xmx2048m -Dfile.encoding=UTF-8 -Duser.country=RU -Duser.language=ru -Duser.variant org.gradle.launcher.daemon.bootstrap.GradleDaemon 7.2

Host: AMD Ryzen 5 4500U with Radeon Graphics         , 6 cores, 15G,  Windows 11 , 64 bit Build 22621 (10.0.22621.608)
Time: Sun Oct 30 08:29:46 2022 RTZ 2 (зима) elapsed time: 927.845400 seconds (0d 0h 15m 27s)

---------------  T H R E A D  ---------------

Current thread (0x00000193fd9aa000):  JavaThread "C2 CompilerThread0" daemon [_thread_in_native, id=4092, stack(0x000000653ee00000,0x000000653ef00000)]


Current CompileTask:
C2: 927845 18721       4       org.gradle.internal.snapshot.impl.DefaultValueSnapshotter::processValue (675 bytes)

Stack: [0x000000653ee00000,0x000000653ef00000]
Native frames: (J=compiled Java code, j=interpreted, Vv=VM code, C=native code)
V  [jvm.dll+0x6100fa]
V  [jvm.dll+0x747090]
V  [jvm.dll+0x7486ad]
V  [jvm.dll+0x748d83]
V  [jvm.dll+0x24ab48]
V  [jvm.dll+0xc04dc]
V  [jvm.dll+0xc0a0c]
V  [jvm.dll+0x35eb9d]
V  [jvm.dll+0x32b833]
V  [jvm.dll+0x32ad2a]
V  [jvm.dll+0x2032b2]
V  [jvm.dll+0x202437]
V  [jvm.dll+0x188e01]
V  [jvm.dll+0x21106b]
V  [jvm.dll+0x20f8c1]
V  [jvm.dll+0x70de0f]
V  [jvm.dll+0x706a75]
V  [jvm.dll+0x60ed66]
C  [ucrtbase.dll+0x29363]
C  [KERNEL32.DLL+0x1244d]
C  [ntdll.dll+0x5df78]


---------------  P R O C E S S  ---------------

Threads class SMR info:
_java_thread_list=0x000001938884fc50, length=109, elements={
0x00000193e1137000, 0x00000193fd15e800, 0x00000193fd98f000, 0x00000193fd9a3800,
0x00000193fd9a6800, 0x00000193fd9a7800, 0x00000193fd9aa000, 0x00000193fd9ab000,
0x00000193fda28800, 0x00000193fdba0000, 0x00000193803cb000, 0x00000193fdd2e800,
0x0000019380f72800, 0x00000193803f1800, 0x00000193803f2800, 0x00000193803f0000,
0x00000193803f3000, 0x00000193803f4000, 0x00000193803ef000, 0x00000193803f5800,
0x00000193815bd000, 0x00000193815bd800, 0x00000193815b9800, 0x00000193815ba800,
0x00000193815b8800, 0x00000193815bf000, 0x0000019381061800, 0x000001938105c800,
0x000001938105b800, 0x000001938105b000, 0x000001938105a000, 0x000001938105d000,
0x000001938105e000, 0x0000019381058800, 0x0000019381059000, 0x0000019381062000,
0x0000019381063000, 0x0000019381063800, 0x0000019381060800, 0x000001938105f800,
0x00000193ff5ba800, 0x0000019381064800, 0x000001938105f000, 0x0000019381065800,
0x0000019381066000, 0x0000019381067000, 0x00000193815bb000, 0x00000193815bc000,
0x00000193815b8000, 0x00000193815c1800, 0x00000193815c4000, 0x00000193815c2800,
0x00000193815c3800, 0x00000193815be800, 0x00000193815c5000, 0x00000193815c6000,
0x00000193815c6800, 0x00000193803f5000, 0x00000193803f0800, 0x00000193fdd30800,
0x00000193fdd35800, 0x00000193fdd2f800, 0x00000193fdd32000, 0x00000193fdd31800,
0x00000193fdd36000, 0x00000193fdd34800, 0x00000193fdd33000, 0x00000193fdd37000,
0x00000193fdd38000, 0x00000193fdd38800, 0x00000193fdd33800, 0x00000193fdd3e800,
0x00000193fdd39800, 0x00000193fdd3a800, 0x00000193fdd3d800, 0x00000193fdd3b000,
0x00000193fdd3c000, 0x00000193fdd3c800, 0x0000019380e88000, 0x0000019380e8c000,
0x0000019380e8d000, 0x0000019380e89800, 0x0000019380e87000, 0x0000019380e88800,
0x0000019380e8a800, 0x0000019380e8d800, 0x0000019380e8e800, 0x0000019380e8f000,
0x0000019380e90000, 0x0000019380e8b000, 0x0000019380e92800, 0x0000019380e96000,
0x0000019380e91000, 0x0000019380e94000, 0x0000019380e91800, 0x0000019380e93800,
0x0000019380e95000, 0x0000019385c87800, 0x0000019385c83800, 0x0000019385c83000,
0x0000019385c87000, 0x0000019385c85000, 0x0000019385c86000, 0x0000019385c84800,
0x0000019385c82000, 0x0000019385c8c800, 0x0000019385c8b800, 0x0000019385c8d800,
0x0000019385c8e000
}

Java Threads: ( => current thread )
  0x00000193e1137000 JavaThread "main" [_thread_blocked, id=5964, stack(0x000000653e200000,0x000000653e300000)]
  0x00000193fd15e800 JavaThread "Reference Handler" daemon [_thread_blocked, id=4988, stack(0x000000653e900000,0x000000653ea00000)]
  0x00000193fd98f000 JavaThread "Finalizer" daemon [_thread_blocked, id=9760, stack(0x000000653ea00000,0x000000653eb00000)]
  0x00000193fd9a3800 JavaThread "Signal Dispatcher" daemon [_thread_blocked, id=13160, stack(0x000000653eb00000,0x000000653ec00000)]
  0x00000193fd9a6800 JavaThread "Attach Listener" daemon [_thread_blocked, id=9248, stack(0x000000653ec00000,0x000000653ed00000)]
  0x00000193fd9a7800 JavaThread "Service Thread" daemon [_thread_blocked, id=4440, stack(0x000000653ed00000,0x000000653ee00000)]
=>0x00000193fd9aa000 JavaThread "C2 CompilerThread0" daemon [_thread_in_native, id=4092, stack(0x000000653ee00000,0x000000653ef00000)]
  0x00000193fd9ab000 JavaThread "C1 CompilerThread0" daemon [_thread_blocked, id=14516, stack(0x000000653ef00000,0x000000653f000000)]
  0x00000193fda28800 JavaThread "Sweeper thread" daemon [_thread_blocked, id=1368, stack(0x000000653f000000,0x000000653f100000)]
  0x00000193fdba0000 JavaThread "Common-Cleaner" daemon [_thread_blocked, id=15488, stack(0x000000653f100000,0x000000653f200000)]
  0x00000193803cb000 JavaThread "Daemon health stats" [_thread_blocked, id=15536, stack(0x000000653f800000,0x000000653f900000)]
  0x00000193fdd2e800 JavaThread "Incoming local TCP Connector on port 63522" [_thread_in_native, id=14044, stack(0x000000653f300000,0x000000653f400000)]
  0x0000019380f72800 JavaThread "Daemon periodic checks" [_thread_blocked, id=2268, stack(0x000000653f900000,0x000000653fa00000)]
  0x00000193803f1800 JavaThread "Cache worker for journal cache (C:\Users\Nauruz\.gradle\caches\journal-1)" [_thread_blocked, id=12004, stack(0x0000006540200000,0x0000006540300000)]
  0x00000193803f2800 JavaThread "File lock request listener" [_thread_in_native, id=11864, stack(0x0000006540300000,0x0000006540400000)]
  0x00000193803f0000 JavaThread "Cache worker for file hash cache (C:\Users\Nauruz\.gradle\caches\7.2\fileHashes)" [_thread_blocked, id=15184, stack(0x0000006540400000,0x0000006540500000)]
  0x00000193803f3000 JavaThread "File watcher server" daemon [_thread_in_native, id=5620, stack(0x0000006540800000,0x0000006540900000)]
  0x00000193803f4000 JavaThread "File watcher consumer" daemon [_thread_blocked, id=6264, stack(0x0000006540900000,0x0000006540a00000)]
  0x00000193803ef000 JavaThread "jar transforms" [_thread_blocked, id=10196, stack(0x0000006540a00000,0x0000006540b00000)]
  0x00000193803f5800 JavaThread "jar transforms Thread 2" [_thread_blocked, id=10416, stack(0x0000006540b00000,0x0000006540c00000)]
  0x00000193815bd000 JavaThread "jar transforms Thread 3" [_thread_blocked, id=4388, stack(0x0000006540c00000,0x0000006540d00000)]
  0x00000193815bd800 JavaThread "jar transforms Thread 4" [_thread_blocked, id=10940, stack(0x0000006540d00000,0x0000006540e00000)]
  0x00000193815b9800 JavaThread "jar transforms Thread 5" [_thread_blocked, id=10052, stack(0x0000006540e00000,0x0000006540f00000)]
  0x00000193815ba800 JavaThread "jar transforms Thread 6" [_thread_blocked, id=11704, stack(0x0000006540f00000,0x0000006541000000)]
  0x00000193815b8800 JavaThread "Cache worker for execution history cache (C:\Users\Nauruz\.gradle\caches\7.2\executionHistory)" [_thread_blocked, id=7456, stack(0x0000006541300000,0x0000006541400000)]
  0x00000193815bf000 JavaThread "Cache worker for file content cache (C:\Users\Nauruz\.gradle\caches\7.2\fileContent)" [_thread_blocked, id=11544, stack(0x0000006541400000,0x0000006541500000)]
  0x0000019381061800 JavaThread "Memory manager" [_thread_blocked, id=14084, stack(0x0000006545400000,0x0000006545500000)]
  0x000001938105c800 JavaThread "Daemon Thread 4" [_thread_blocked, id=16280, stack(0x000000653df00000,0x000000653e000000)]
  0x000001938105b800 JavaThread "Daemon worker Thread 4" [_thread_blocked, id=5092, stack(0x000000653fa00000,0x000000653fb00000)]
  0x000001938105b000 JavaThread "Handler for socket connection from /127.0.0.1:63522 to /127.0.0.1:63675" [_thread_in_native, id=4276, stack(0x000000653e000000,0x000000653e100000)]
  0x000001938105a000 JavaThread "Cancel handler" [_thread_blocked, id=12852, stack(0x000000653e100000,0x000000653e200000)]
  0x000001938105d000 JavaThread "Asynchronous log dispatcher for DefaultDaemonConnection: socket connection from /127.0.0.1:63522 to /127.0.0.1:63675" [_thread_blocked, id=8676, stack(0x000000653fb00000,0x000000653fc00000)]
  0x000001938105e000 JavaThread "Stdin handler" [_thread_blocked, id=4524, stack(0x000000653fc00000,0x000000653fd00000)]
  0x0000019381058800 JavaThread "Daemon client event forwarder" [_thread_blocked, id=15928, stack(0x000000653fd00000,0x000000653fe00000)]
  0x0000019381059000 JavaThread "Cache worker for file hash cache (C:\Users\Nauruz\AndroidStudioProjects\FakeStore\.gradle\7.2\fileHashes)" [_thread_blocked, id=14476, stack(0x000000653fe00000,0x000000653ff00000)]
  0x0000019381062000 JavaThread "Cache worker for checksums cache (C:\Users\Nauruz\AndroidStudioProjects\FakeStore\.gradle\checksums)" [_thread_blocked, id=7124, stack(0x000000653ff00000,0x0000006540000000)]
  0x0000019381063000 JavaThread "Cache worker for cache directory md-supplier (C:\Users\Nauruz\.gradle\caches\7.2\md-supplier)" [_thread_blocked, id=13428, stack(0x0000006540000000,0x0000006540100000)]
  0x0000019381063800 JavaThread "Cache worker for cache directory md-rule (C:\Users\Nauruz\.gradle\caches\7.2\md-rule)" [_thread_blocked, id=6640, stack(0x0000006540600000,0x0000006540700000)]
  0x0000019381060800 JavaThread "Cache worker for dependencies-accessors (C:\Users\Nauruz\AndroidStudioProjects\FakeStore\.gradle\7.2\dependencies-accessors)" [_thread_blocked, id=15540, stack(0x0000006540700000,0x0000006540800000)]
  0x000001938105f800 JavaThread "Cache worker for Build Output Cleanup Cache (C:\Users\Nauruz\AndroidStudioProjects\FakeStore\.gradle\buildOutputCleanup)" [_thread_blocked, id=8728, stack(0x0000006541000000,0x0000006541100000)]
  0x00000193ff5ba800 JavaThread "C2 CompilerThread1" daemon [_thread_in_native, id=7608, stack(0x0000006541100000,0x0000006541200000)]
  0x0000019381064800 JavaThread "Unconstrained build operations" [_thread_blocked, id=2972, stack(0x0000006541200000,0x0000006541300000)]
  0x000001938105f000 JavaThread "Unconstrained build operations Thread 2" [_thread_blocked, id=15972, stack(0x0000006541500000,0x0000006541600000)]
  0x0000019381065800 JavaThread "Unconstrained build operations Thread 3" [_thread_blocked, id=9456, stack(0x0000006541600000,0x0000006541700000)]
  0x0000019381066000 JavaThread "Unconstrained build operations Thread 4" [_thread_blocked, id=15820, stack(0x0000006541700000,0x0000006541800000)]
  0x0000019381067000 JavaThread "Unconstrained build operations Thread 5" [_thread_blocked, id=11300, stack(0x0000006541800000,0x0000006541900000)]
  0x00000193815bb000 JavaThread "Unconstrained build operations Thread 6" [_thread_blocked, id=6624, stack(0x0000006541900000,0x0000006541a00000)]
  0x00000193815bc000 JavaThread "Unconstrained build operations Thread 7" [_thread_blocked, id=5984, stack(0x0000006541a00000,0x0000006541b00000)]
  0x00000193815b8000 JavaThread "Unconstrained build operations Thread 8" [_thread_blocked, id=10260, stack(0x0000006541b00000,0x0000006541c00000)]
  0x00000193815c1800 JavaThread "Unconstrained build operations Thread 9" [_thread_blocked, id=15396, stack(0x0000006541c00000,0x0000006541d00000)]
  0x00000193815c4000 JavaThread "Unconstrained build operations Thread 10" [_thread_blocked, id=2848, stack(0x0000006541d00000,0x0000006541e00000)]
  0x00000193815c2800 JavaThread "Unconstrained build operations Thread 11" [_thread_blocked, id=14324, stack(0x0000006541e00000,0x0000006541f00000)]
  0x00000193815c3800 JavaThread "Unconstrained build operations Thread 12" [_thread_blocked, id=15220, stack(0x0000006541f00000,0x0000006542000000)]
  0x00000193815be800 JavaThread "Unconstrained build operations Thread 13" [_thread_blocked, id=15648, stack(0x0000006542000000,0x0000006542100000)]
  0x00000193815c5000 JavaThread "Unconstrained build operations Thread 14" [_thread_blocked, id=3620, stack(0x0000006542100000,0x0000006542200000)]
  0x00000193815c6000 JavaThread "Unconstrained build operations Thread 15" [_thread_blocked, id=5816, stack(0x0000006542200000,0x0000006542300000)]
  0x00000193815c6800 JavaThread "Unconstrained build operations Thread 16" [_thread_blocked, id=15324, stack(0x0000006542300000,0x0000006542400000)]
  0x00000193803f5000 JavaThread "Unconstrained build operations Thread 17" [_thread_blocked, id=8952, stack(0x0000006542400000,0x0000006542500000)]
  0x00000193803f0800 JavaThread "Unconstrained build operations Thread 18" [_thread_blocked, id=2936, stack(0x0000006542500000,0x0000006542600000)]
  0x00000193fdd30800 JavaThread "Unconstrained build operations Thread 19" [_thread_blocked, id=11556, stack(0x0000006542600000,0x0000006542700000)]
  0x00000193fdd35800 JavaThread "Unconstrained build operations Thread 20" [_thread_blocked, id=4080, stack(0x0000006542700000,0x0000006542800000)]
  0x00000193fdd2f800 JavaThread "Unconstrained build operations Thread 21" [_thread_blocked, id=7020, stack(0x0000006542800000,0x0000006542900000)]
  0x00000193fdd32000 JavaThread "Unconstrained build operations Thread 22" [_thread_blocked, id=16236, stack(0x0000006542900000,0x0000006542a00000)]
  0x00000193fdd31800 JavaThread "Unconstrained build operations Thread 23" [_thread_blocked, id=14496, stack(0x0000006542a00000,0x0000006542b00000)]
  0x00000193fdd36000 JavaThread "Unconstrained build operations Thread 24" [_thread_blocked, id=1116, stack(0x0000006542b00000,0x0000006542c00000)]
  0x00000193fdd34800 JavaThread "Unconstrained build operations Thread 25" [_thread_blocked, id=15308, stack(0x0000006542c00000,0x0000006542d00000)]
  0x00000193fdd33000 JavaThread "Unconstrained build operations Thread 26" [_thread_blocked, id=14740, stack(0x0000006542d00000,0x0000006542e00000)]
  0x00000193fdd37000 JavaThread "Unconstrained build operations Thread 27" [_thread_blocked, id=7944, stack(0x0000006542e00000,0x0000006542f00000)]
  0x00000193fdd38000 JavaThread "Unconstrained build operations Thread 28" [_thread_blocked, id=3332, stack(0x0000006542f00000,0x0000006543000000)]
  0x00000193fdd38800 JavaThread "Unconstrained build operations Thread 29" [_thread_blocked, id=8884, stack(0x0000006543000000,0x0000006543100000)]
  0x00000193fdd33800 JavaThread "Unconstrained build operations Thread 30" [_thread_blocked, id=5712, stack(0x0000006543100000,0x0000006543200000)]
  0x00000193fdd3e800 JavaThread "Unconstrained build operations Thread 31" [_thread_blocked, id=1724, stack(0x0000006543200000,0x0000006543300000)]
  0x00000193fdd39800 JavaThread "Unconstrained build operations Thread 32" [_thread_blocked, id=11408, stack(0x0000006543300000,0x0000006543400000)]
  0x00000193fdd3a800 JavaThread "Unconstrained build operations Thread 33" [_thread_blocked, id=12292, stack(0x0000006543400000,0x0000006543500000)]
  0x00000193fdd3d800 JavaThread "Unconstrained build operations Thread 34" [_thread_blocked, id=15996, stack(0x0000006543500000,0x0000006543600000)]
  0x00000193fdd3b000 JavaThread "Unconstrained build operations Thread 35" [_thread_blocked, id=12612, stack(0x0000006543600000,0x0000006543700000)]
  0x00000193fdd3c000 JavaThread "Unconstrained build operations Thread 36" [_thread_blocked, id=12756, stack(0x0000006543700000,0x0000006543800000)]
  0x00000193fdd3c800 JavaThread "Unconstrained build operations Thread 37" [_thread_blocked, id=10372, stack(0x0000006543800000,0x0000006543900000)]
  0x0000019380e88000 JavaThread "Unconstrained build operations Thread 38" [_thread_blocked, id=11220, stack(0x0000006543900000,0x0000006543a00000)]
  0x0000019380e8c000 JavaThread "Unconstrained build operations Thread 39" [_thread_blocked, id=16120, stack(0x0000006543a00000,0x0000006543b00000)]
  0x0000019380e8d000 JavaThread "Unconstrained build operations Thread 40" [_thread_blocked, id=3428, stack(0x0000006543b00000,0x0000006543c00000)]
  0x0000019380e89800 JavaThread "Unconstrained build operations Thread 41" [_thread_blocked, id=15160, stack(0x0000006543c00000,0x0000006543d00000)]
  0x0000019380e87000 JavaThread "Unconstrained build operations Thread 42" [_thread_blocked, id=14372, stack(0x0000006543d00000,0x0000006543e00000)]
  0x0000019380e88800 JavaThread "Unconstrained build operations Thread 43" [_thread_blocked, id=13876, stack(0x0000006543e00000,0x0000006543f00000)]
  0x0000019380e8a800 JavaThread "Unconstrained build operations Thread 44" [_thread_blocked, id=15628, stack(0x0000006543f00000,0x0000006544000000)]
  0x0000019380e8d800 JavaThread "Unconstrained build operations Thread 45" [_thread_blocked, id=9484, stack(0x0000006544000000,0x0000006544100000)]
  0x0000019380e8e800 JavaThread "Unconstrained build operations Thread 46" [_thread_blocked, id=12336, stack(0x0000006544100000,0x0000006544200000)]
  0x0000019380e8f000 JavaThread "Unconstrained build operations Thread 47" [_thread_blocked, id=15496, stack(0x0000006544200000,0x0000006544300000)]
  0x0000019380e90000 JavaThread "Unconstrained build operations Thread 48" [_thread_blocked, id=10656, stack(0x0000006544300000,0x0000006544400000)]
  0x0000019380e8b000 JavaThread "Unconstrained build operations Thread 49" [_thread_blocked, id=14592, stack(0x0000006544400000,0x0000006544500000)]
  0x0000019380e92800 JavaThread "Unconstrained build operations Thread 50" [_thread_blocked, id=15520, stack(0x0000006544500000,0x0000006544600000)]
  0x0000019380e96000 JavaThread "Unconstrained build operations Thread 51" [_thread_blocked, id=11960, stack(0x0000006544600000,0x0000006544700000)]
  0x0000019380e91000 JavaThread "Unconstrained build operations Thread 52" [_thread_blocked, id=12688, stack(0x0000006544700000,0x0000006544800000)]
  0x0000019380e94000 JavaThread "Unconstrained build operations Thread 53" [_thread_blocked, id=15288, stack(0x0000006544800000,0x0000006544900000)]
  0x0000019380e91800 JavaThread "Unconstrained build operations Thread 54" [_thread_blocked, id=15448, stack(0x0000006544900000,0x0000006544a00000)]
  0x0000019380e93800 JavaThread "Unconstrained build operations Thread 55" [_thread_blocked, id=8832, stack(0x0000006544a00000,0x0000006544b00000)]
  0x0000019380e95000 JavaThread "Unconstrained build operations Thread 56" [_thread_blocked, id=8904, stack(0x0000006544b00000,0x0000006544c00000)]
  0x0000019385c87800 JavaThread "Unconstrained build operations Thread 57" [_thread_blocked, id=13488, stack(0x0000006544c00000,0x0000006544d00000)]
  0x0000019385c83800 JavaThread "Unconstrained build operations Thread 58" [_thread_blocked, id=7284, stack(0x0000006544d00000,0x0000006544e00000)]
  0x0000019385c83000 JavaThread "Unconstrained build operations Thread 59" [_thread_blocked, id=13708, stack(0x0000006544e00000,0x0000006544f00000)]
  0x0000019385c87000 JavaThread "Unconstrained build operations Thread 60" [_thread_blocked, id=11368, stack(0x0000006544f00000,0x0000006545000000)]
  0x0000019385c85000 JavaThread "build event listener" [_thread_blocked, id=3412, stack(0x0000006545000000,0x0000006545100000)]
  0x0000019385c86000 JavaThread "Execution worker for ':'" [_thread_blocked, id=9072, stack(0x0000006545100000,0x0000006545200000)]
  0x0000019385c84800 JavaThread "Execution worker for ':' Thread 2" [_thread_blocked, id=10292, stack(0x0000006545200000,0x0000006545300000)]
  0x0000019385c82000 JavaThread "Execution worker for ':' Thread 3" [_thread_blocked, id=15672, stack(0x0000006545500000,0x0000006545600000)]
  0x0000019385c8c800 JavaThread "Execution worker for ':' Thread 4" [_thread_blocked, id=12812, stack(0x0000006545600000,0x0000006545700000)]
  0x0000019385c8b800 JavaThread "Execution worker for ':' Thread 5" [_thread_blocked, id=7932, stack(0x0000006545700000,0x0000006545800000)]
  0x0000019385c8d800 JavaThread "Cache worker for execution history cache (C:\Users\Nauruz\AndroidStudioProjects\FakeStore\.gradle\7.2\executionHistory)" [_thread_blocked, id=15076, stack(0x0000006545800000,0x0000006545900000)]
  0x0000019385c8e000 JavaThread "WorkerExecutor Queue" [_thread_in_native, id=15868, stack(0x0000006545900000,0x0000006545a00000)]

Other Threads:
  0x00000193fd15c800 VMThread "VM Thread" [stack: 0x000000653e800000,0x000000653e900000] [id=10184]
  0x00000193fdbd9000 WatcherThread [stack: 0x000000653f200000,0x000000653f300000] [id=10424]
  0x00000193e114f800 GCTaskThread "GC Thread#0" [stack: 0x000000653e300000,0x000000653e400000] [id=11340]
  0x00000193fea36000 GCTaskThread "GC Thread#1" [stack: 0x000000653f400000,0x000000653f500000] [id=8380]
  0x00000193fe73e800 GCTaskThread "GC Thread#2" [stack: 0x000000653f500000,0x000000653f600000] [id=4500]
  0x00000193fe2c0800 GCTaskThread "GC Thread#3" [stack: 0x000000653f600000,0x000000653f700000] [id=12764]
  0x00000193fdf7b000 GCTaskThread "GC Thread#4" [stack: 0x000000653f700000,0x000000653f800000] [id=2416]
  0x0000019380ea9800 GCTaskThread "GC Thread#5" [stack: 0x0000006540100000,0x0000006540200000] [id=12472]
  0x00000193e1183800 ConcurrentGCThread "G1 Main Marker" [stack: 0x000000653e400000,0x000000653e500000] [id=14092]
  0x00000193e1185800 ConcurrentGCThread "G1 Conc#0" [stack: 0x000000653e500000,0x000000653e600000] [id=9560]
  0x00000193febc7000 ConcurrentGCThread "G1 Conc#1" [stack: 0x0000006540500000,0x0000006540600000] [id=6752]
  0x00000193e120d800 ConcurrentGCThread "G1 Refine#0" [stack: 0x000000653e600000,0x000000653e700000] [id=14288]
  0x00000193fee06800 ConcurrentGCThread "G1 Refine#1" [stack: 0x0000006545300000,0x0000006545400000] [id=6892]
  0x00000193e120e000 ConcurrentGCThread "G1 Young RemSet Sampling" [stack: 0x000000653e700000,0x000000653e800000] [id=15976]

Threads with active compile tasks:
C2 CompilerThread0 927858 18721       4       org.gradle.internal.snapshot.impl.DefaultValueSnapshotter::processValue (675 bytes)
C2 CompilerThread1 927858 18709       4       java.io.ObjectStreamClass::getClassDataLayout (20 bytes)

VM state:not at safepoint (normal execution)

VM Mutex/Monitor currently owned by a thread: None

Heap address: 0x0000000080000000, size: 2048 MB, Compressed Oops mode: 32-bit
Narrow klass base: 0x0000000000000000, Narrow klass shift: 3
Compressed class space size: 1073741824 Address: 0x0000000100000000

Heap:
 garbage-first heap   total 303104K, used 245589K [0x0000000080000000, 0x0000000100000000)
  region size 1024K, 9 young (9216K), 3 survivors (3072K)
 Metaspace       used 117053K, capacity 120940K, committed 120988K, reserved 1155072K
  class space    used 14777K, capacity 16192K, committed 16204K, reserved 1048576K
Heap Regions: E=young(eden), S=young(survivor), O=old, HS=humongous(starts), HC=humongous(continues), CS=collection set, F=free, A=archive, TAMS=top-at-mark-start (previous, next)
|   0|0x0000000080000000, 0x0000000080100000, 0x0000000080100000|100%| O|  |TAMS 0x0000000080100000, 0x0000000080000000| Untracked 
|   1|0x0000000080100000, 0x0000000080200000, 0x0000000080200000|100%| O|  |TAMS 0x0000000080200000, 0x0000000080100000| Untracked 
|   2|0x0000000080200000, 0x0000000080300000, 0x0000000080300000|100%| O|  |TAMS 0x0000000080300000, 0x0000000080200000| Untracked 
|   3|0x0000000080300000, 0x0000000080400000, 0x0000000080400000|100%|HS|  |TAMS 0x0000000080400000, 0x0000000080300000| Complete 
|   4|0x0000000080400000, 0x0000000080500000, 0x0000000080500000|100%|HC|  |TAMS 0x0000000080500000, 0x0000000080400000| Complete 
|   5|0x0000000080500000, 0x0000000080600000, 0x0000000080600000|100%|HC|  |TAMS 0x0000000080600000, 0x0000000080500000| Complete 
|   6|0x0000000080600000, 0x0000000080700000, 0x0000000080700000|100%| O|  |TAMS 0x0000000080700000, 0x0000000080600000| Untracked 
|   7|0x0000000080700000, 0x0000000080800000, 0x0000000080800000|100%| O|  |TAMS 0x0000000080800000, 0x0000000080700000| Untracked 
|   8|0x0000000080800000, 0x0000000080900000, 0x0000000080900000|100%| O|  |TAMS 0x0000000080900000, 0x0000000080800000| Untracked 
|   9|0x0000000080900000, 0x0000000080a00000, 0x0000000080a00000|100%| O|  |TAMS 0x0000000080a00000, 0x0000000080900000| Untracked 
|  10|0x0000000080a00000, 0x0000000080b00000, 0x0000000080b00000|100%| O|  |TAMS 0x0000000080b00000, 0x0000000080a00000| Untracked 
|  11|0x0000000080b00000, 0x0000000080c00000, 0x0000000080c00000|100%| O|  |TAMS 0x0000000080c00000, 0x0000000080b00000| Untracked 
|  12|0x0000000080c00000, 0x0000000080d00000, 0x0000000080d00000|100%| O|  |TAMS 0x0000000080d00000, 0x0000000080c00000| Untracked 
|  13|0x0000000080d00000, 0x0000000080e00000, 0x0000000080e00000|100%| O|  |TAMS 0x0000000080e00000, 0x0000000080d00000| Untracked 
|  14|0x0000000080e00000, 0x0000000080f00000, 0x0000000080f00000|100%| O|  |TAMS 0x0000000080f00000, 0x0000000080e00000| Untracked 
|  15|0x0000000080f00000, 0x0000000081000000, 0x0000000081000000|100%| O|  |TAMS 0x0000000081000000, 0x0000000080f00000| Untracked 
|  16|0x0000000081000000, 0x0000000081100000, 0x0000000081100000|100%|HS|  |TAMS 0x0000000081100000, 0x0000000081000000| Complete 
|  17|0x0000000081100000, 0x0000000081200000, 0x0000000081200000|100%|HC|  |TAMS 0x0000000081200000, 0x0000000081100000| Complete 
|  18|0x0000000081200000, 0x0000000081300000, 0x0000000081300000|100%|HS|  |TAMS 0x0000000081300000, 0x0000000081200000| Complete 
|  19|0x0000000081300000, 0x0000000081400000, 0x0000000081400000|100%|HC|  |TAMS 0x0000000081400000, 0x0000000081300000| Complete 
|  20|0x0000000081400000, 0x0000000081500000, 0x0000000081500000|100%|HC|  |TAMS 0x0000000081500000, 0x0000000081400000| Complete 
|  21|0x0000000081500000, 0x0000000081600000, 0x0000000081600000|100%|HS|  |TAMS 0x0000000081600000, 0x0000000081500000| Complete 
|  22|0x0000000081600000, 0x0000000081700000, 0x0000000081700000|100%|HC|  |TAMS 0x0000000081700000, 0x0000000081600000| Complete 
|  23|0x0000000081700000, 0x0000000081800000, 0x0000000081800000|100%|HC|  |TAMS 0x0000000081800000, 0x0000000081700000| Complete 
|  24|0x0000000081800000, 0x0000000081900000, 0x0000000081900000|100%|HS|  |TAMS 0x0000000081900000, 0x0000000081800000| Complete 
|  25|0x0000000081900000, 0x0000000081a00000, 0x0000000081a00000|100%|HC|  |TAMS 0x0000000081a00000, 0x0000000081900000| Complete 
|  26|0x0000000081a00000, 0x0000000081b00000, 0x0000000081b00000|100%|HC|  |TAMS 0x0000000081b00000, 0x0000000081a00000| Complete 
|  27|0x0000000081b00000, 0x0000000081c00000, 0x0000000081c00000|100%|HC|  |TAMS 0x0000000081c00000, 0x0000000081b00000| Complete 
|  28|0x0000000081c00000, 0x0000000081d00000, 0x0000000081d00000|100%|HC|  |TAMS 0x0000000081d00000, 0x0000000081c00000| Complete 
|  29|0x0000000081d00000, 0x0000000081e00000, 0x0000000081e00000|100%|HS|  |TAMS 0x0000000081e00000, 0x0000000081d00000| Complete 
|  30|0x0000000081e00000, 0x0000000081f00000, 0x0000000081f00000|100%|HS|  |TAMS 0x0000000081f00000, 0x0000000081e00000| Complete 
|  31|0x0000000081f00000, 0x0000000082000000, 0x0000000082000000|100%|HC|  |TAMS 0x0000000082000000, 0x0000000081f00000| Complete 
|  32|0x0000000082000000, 0x0000000082100000, 0x0000000082100000|100%|HC|  |TAMS 0x0000000082100000, 0x0000000082000000| Complete 
|  33|0x0000000082100000, 0x0000000082200000, 0x0000000082200000|100%|HC|  |TAMS 0x0000000082200000, 0x0000000082100000| Complete 
|  34|0x0000000082200000, 0x0000000082300000, 0x0000000082300000|100%|HS|  |TAMS 0x0000000082300000, 0x0000000082200000| Complete 
|  35|0x0000000082300000, 0x0000000082400000, 0x0000000082400000|100%|HS|  |TAMS 0x0000000082400000, 0x0000000082300000| Complete 
|  36|0x0000000082400000, 0x0000000082500000, 0x0000000082500000|100%|HS|  |TAMS 0x0000000082500000, 0x0000000082400000| Complete 
|  37|0x0000000082500000, 0x0000000082600000, 0x0000000082600000|100%|HS|  |TAMS 0x0000000082600000, 0x0000000082500000| Complete 
|  38|0x0000000082600000, 0x0000000082700000, 0x0000000082700000|100%|HC|  |TAMS 0x0000000082700000, 0x0000000082600000| Complete 
|  39|0x0000000082700000, 0x0000000082800000, 0x0000000082800000|100%|HC|  |TAMS 0x0000000082800000, 0x0000000082700000| Complete 
|  40|0x0000000082800000, 0x0000000082900000, 0x0000000082900000|100%|HC|  |TAMS 0x0000000082900000, 0x0000000082800000| Complete 
|  41|0x0000000082900000, 0x0000000082a00000, 0x0000000082a00000|100%|HS|  |TAMS 0x0000000082a00000, 0x0000000082900000| Complete 
|  42|0x0000000082a00000, 0x0000000082b00000, 0x0000000082b00000|100%|HC|  |TAMS 0x0000000082b00000, 0x0000000082a00000| Complete 
|  43|0x0000000082b00000, 0x0000000082c00000, 0x0000000082c00000|100%|HC|  |TAMS 0x0000000082c00000, 0x0000000082b00000| Complete 
|  44|0x0000000082c00000, 0x0000000082d00000, 0x0000000082d00000|100%|HS|  |TAMS 0x0000000082d00000, 0x0000000082c00000| Complete 
|  45|0x0000000082d00000, 0x0000000082e00000, 0x0000000082e00000|100%|HC|  |TAMS 0x0000000082e00000, 0x0000000082d00000| Complete 
|  46|0x0000000082e00000, 0x0000000082f00000, 0x0000000082f00000|100%|HS|  |TAMS 0x0000000082f00000, 0x0000000082e00000| Complete 
|  47|0x0000000082f00000, 0x0000000083000000, 0x0000000083000000|100%|HC|  |TAMS 0x0000000083000000, 0x0000000082f00000| Complete 
|  48|0x0000000083000000, 0x0000000083100000, 0x0000000083100000|100%|HC|  |TAMS 0x0000000083100000, 0x0000000083000000| Complete 
|  49|0x0000000083100000, 0x0000000083200000, 0x0000000083200000|100%|HS|  |TAMS 0x0000000083200000, 0x0000000083100000| Complete 
|  50|0x0000000083200000, 0x0000000083300000, 0x0000000083300000|100%| O|  |TAMS 0x0000000083300000, 0x0000000083200000| Untracked 
|  51|0x0000000083300000, 0x0000000083400000, 0x0000000083400000|100%| O|  |TAMS 0x0000000083400000, 0x0000000083300000| Untracked 
|  52|0x0000000083400000, 0x0000000083500000, 0x0000000083500000|100%| O|  |TAMS 0x0000000083500000, 0x0000000083400000| Untracked 
|  53|0x0000000083500000, 0x0000000083600000, 0x0000000083600000|100%| O|  |TAMS 0x0000000083600000, 0x0000000083500000| Untracked 
|  54|0x0000000083600000, 0x0000000083700000, 0x0000000083700000|100%| O|  |TAMS 0x0000000083700000, 0x0000000083600000| Untracked 
|  55|0x0000000083700000, 0x0000000083800000, 0x0000000083800000|100%| O|  |TAMS 0x0000000083800000, 0x0000000083700000| Untracked 
|  56|0x0000000083800000, 0x0000000083900000, 0x0000000083900000|100%| O|  |TAMS 0x0000000083900000, 0x0000000083800000| Untracked 
|  57|0x0000000083900000, 0x0000000083a00000, 0x0000000083a00000|100%| O|  |TAMS 0x0000000083a00000, 0x0000000083900000| Untracked 
|  58|0x0000000083a00000, 0x0000000083b00000, 0x0000000083b00000|100%|HS|  |TAMS 0x0000000083b00000, 0x0000000083a00000| Complete 
|  59|0x0000000083b00000, 0x0000000083c00000, 0x0000000083c00000|100%|HC|  |TAMS 0x0000000083c00000, 0x0000000083b00000| Complete 
|  60|0x0000000083c00000, 0x0000000083d00000, 0x0000000083d00000|100%|HC|  |TAMS 0x0000000083d00000, 0x0000000083c00000| Complete 
|  61|0x0000000083d00000, 0x0000000083e00000, 0x0000000083e00000|100%|HC|  |TAMS 0x0000000083e00000, 0x0000000083d00000| Complete 
|  62|0x0000000083e00000, 0x0000000083f00000, 0x0000000083f00000|100%|HC|  |TAMS 0x0000000083f00000, 0x0000000083e00000| Complete 
|  63|0x0000000083f00000, 0x0000000084000000, 0x0000000084000000|100%|HS|  |TAMS 0x0000000084000000, 0x0000000083f00000| Complete 
|  64|0x0000000084000000, 0x0000000084100000, 0x0000000084100000|100%|HC|  |TAMS 0x0000000084100000, 0x0000000084000000| Complete 
|  65|0x0000000084100000, 0x0000000084200000, 0x0000000084200000|100%|HC|  |TAMS 0x0000000084200000, 0x0000000084100000| Complete 
|  66|0x0000000084200000, 0x0000000084300000, 0x0000000084300000|100%|HS|  |TAMS 0x0000000084300000, 0x0000000084200000| Complete 
|  67|0x0000000084300000, 0x0000000084400000, 0x0000000084400000|100%|HC|  |TAMS 0x0000000084400000, 0x0000000084300000| Complete 
|  68|0x0000000084400000, 0x0000000084500000, 0x0000000084500000|100%| O|  |TAMS 0x0000000084500000, 0x0000000084400000| Untracked 
|  69|0x0000000084500000, 0x0000000084600000, 0x0000000084600000|100%| O|  |TAMS 0x0000000084600000, 0x0000000084500000| Untracked 
|  70|0x0000000084600000, 0x0000000084700000, 0x0000000084700000|100%| O|  |TAMS 0x0000000084700000, 0x0000000084600000| Untracked 
|  71|0x0000000084700000, 0x0000000084800000, 0x0000000084800000|100%| O|  |TAMS 0x0000000084800000, 0x0000000084700000| Untracked 
|  72|0x0000000084800000, 0x0000000084900000, 0x0000000084900000|100%| O|  |TAMS 0x0000000084900000, 0x0000000084800000| Untracked 
|  73|0x0000000084900000, 0x0000000084a00000, 0x0000000084a00000|100%| O|  |TAMS 0x0000000084a00000, 0x0000000084900000| Untracked 
|  74|0x0000000084a00000, 0x0000000084b00000, 0x0000000084b00000|100%| O|  |TAMS 0x0000000084b00000, 0x0000000084a00000| Untracked 
|  75|0x0000000084b00000, 0x0000000084c00000, 0x0000000084c00000|100%| O|  |TAMS 0x0000000084c00000, 0x0000000084b00000| Untracked 
|  76|0x0000000084c00000, 0x0000000084d00000, 0x0000000084d00000|100%| O|  |TAMS 0x0000000084d00000, 0x0000000084c00000| Untracked 
|  77|0x0000000084d00000, 0x0000000084e00000, 0x0000000084e00000|100%| O|  |TAMS 0x0000000084e00000, 0x0000000084d00000| Untracked 
|  78|0x0000000084e00000, 0x0000000084f00000, 0x0000000084f00000|100%| O|  |TAMS 0x0000000084f00000, 0x0000000084e00000| Untracked 
|  79|0x0000000084f00000, 0x0000000085000000, 0x0000000085000000|100%| O|  |TAMS 0x0000000085000000, 0x0000000084f00000| Untracked 
|  80|0x0000000085000000, 0x0000000085100000, 0x0000000085100000|100%| O|  |TAMS 0x0000000085100000, 0x0000000085000000| Untracked 
|  81|0x0000000085100000, 0x0000000085200000, 0x0000000085200000|100%| O|  |TAMS 0x0000000085200000, 0x0000000085100000| Untracked 
|  82|0x0000000085200000, 0x0000000085300000, 0x0000000085300000|100%| O|  |TAMS 0x0000000085300000, 0x0000000085200000| Untracked 
|  83|0x0000000085300000, 0x0000000085400000, 0x0000000085400000|100%| O|  |TAMS 0x0000000085400000, 0x0000000085300000| Untracked 
|  84|0x0000000085400000, 0x0000000085500000, 0x0000000085500000|100%| O|  |TAMS 0x0000000085500000, 0x0000000085400000| Untracked 
|  85|0x0000000085500000, 0x0000000085600000, 0x0000000085600000|100%| O|  |TAMS 0x0000000085600000, 0x0000000085500000| Untracked 
|  86|0x0000000085600000, 0x0000000085700000, 0x0000000085700000|100%| O|  |TAMS 0x0000000085700000, 0x0000000085600000| Untracked 
|  87|0x0000000085700000, 0x0000000085800000, 0x0000000085800000|100%| O|  |TAMS 0x0000000085800000, 0x0000000085700000| Untracked 
|  88|0x0000000085800000, 0x0000000085900000, 0x0000000085900000|100%| O|  |TAMS 0x0000000085900000, 0x0000000085800000| Untracked 
|  89|0x0000000085900000, 0x0000000085a00000, 0x0000000085a00000|100%| O|  |TAMS 0x0000000085a00000, 0x0000000085900000| Untracked 
|  90|0x0000000085a00000, 0x0000000085b00000, 0x0000000085b00000|100%| O|  |TAMS 0x0000000085b00000, 0x0000000085a00000| Untracked 
|  91|0x0000000085b00000, 0x0000000085c00000, 0x0000000085c00000|100%| O|  |TAMS 0x0000000085c00000, 0x0000000085b00000| Untracked 
|  92|0x0000000085c00000, 0x0000000085d00000, 0x0000000085d00000|100%| O|  |TAMS 0x0000000085d00000, 0x0000000085c00000| Untracked 
|  93|0x0000000085d00000, 0x0000000085e00000, 0x0000000085e00000|100%| O|  |TAMS 0x0000000085d00000, 0x0000000085d00000| Untracked 
|  94|0x0000000085e00000, 0x0000000085f00000, 0x0000000085f00000|100%| O|  |TAMS 0x0000000085f00000, 0x0000000085e00000| Untracked 
|  95|0x0000000085f00000, 0x0000000086000000, 0x0000000086000000|100%| O|  |TAMS 0x0000000086000000, 0x0000000085f00000| Untracked 
|  96|0x0000000086000000, 0x0000000086100000, 0x0000000086100000|100%| O|  |TAMS 0x0000000086100000, 0x0000000086000000| Untracked 
|  97|0x0000000086100000, 0x0000000086200000, 0x0000000086200000|100%| O|  |TAMS 0x0000000086200000, 0x0000000086100000| Untracked 
|  98|0x0000000086200000, 0x0000000086300000, 0x0000000086300000|100%| O|  |TAMS 0x0000000086300000, 0x0000000086200000| Untracked 
|  99|0x0000000086300000, 0x0000000086400000, 0x0000000086400000|100%| O|  |TAMS 0x0000000086400000, 0x0000000086300000| Untracked 
| 100|0x0000000086400000, 0x0000000086500000, 0x0000000086500000|100%| O|  |TAMS 0x0000000086500000, 0x0000000086400000| Untracked 
| 101|0x0000000086500000, 0x0000000086600000, 0x0000000086600000|100%| O|  |TAMS 0x0000000086600000, 0x0000000086500000| Untracked 
| 102|0x0000000086600000, 0x0000000086700000, 0x0000000086700000|100%|HS|  |TAMS 0x0000000086700000, 0x0000000086600000| Complete 
| 103|0x0000000086700000, 0x0000000086800000, 0x0000000086800000|100%|HC|  |TAMS 0x0000000086800000, 0x0000000086700000| Complete 
| 104|0x0000000086800000, 0x0000000086900000, 0x0000000086900000|100%|HS|  |TAMS 0x0000000086900000, 0x0000000086800000| Complete 
| 105|0x0000000086900000, 0x0000000086a00000, 0x0000000086a00000|100%|HC|  |TAMS 0x0000000086a00000, 0x0000000086900000| Complete 
| 106|0x0000000086a00000, 0x0000000086b00000, 0x0000000086b00000|100%|HC|  |TAMS 0x0000000086b00000, 0x0000000086a00000| Complete 
| 107|0x0000000086b00000, 0x0000000086c00000, 0x0000000086c00000|100%|HS|  |TAMS 0x0000000086c00000, 0x0000000086b00000| Complete 
| 108|0x0000000086c00000, 0x0000000086d00000, 0x0000000086d00000|100%|HC|  |TAMS 0x0000000086d00000, 0x0000000086c00000| Complete 
| 109|0x0000000086d00000, 0x0000000086e00000, 0x0000000086e00000|100%|HC|  |TAMS 0x0000000086e00000, 0x0000000086d00000| Complete 
| 110|0x0000000086e00000, 0x0000000086f00000, 0x0000000086f00000|100%|HS|  |TAMS 0x0000000086f00000, 0x0000000086e00000| Complete 
| 111|0x0000000086f00000, 0x0000000087000000, 0x0000000087000000|100%|HC|  |TAMS 0x0000000087000000, 0x0000000086f00000| Complete 
| 112|0x0000000087000000, 0x0000000087100000, 0x0000000087100000|100%|HC|  |TAMS 0x0000000087100000, 0x0000000087000000| Complete 
| 113|0x0000000087100000, 0x0000000087200000, 0x0000000087200000|100%|HC|  |TAMS 0x0000000087200000, 0x0000000087100000| Complete 
| 114|0x0000000087200000, 0x0000000087300000, 0x0000000087300000|100%|HC|  |TAMS 0x0000000087300000, 0x0000000087200000| Complete 
| 115|0x0000000087300000, 0x0000000087400000, 0x0000000087400000|100%|HS|  |TAMS 0x0000000087400000, 0x0000000087300000| Complete 
| 116|0x0000000087400000, 0x0000000087500000, 0x0000000087500000|100%|HS|  |TAMS 0x0000000087500000, 0x0000000087400000| Complete 
| 117|0x0000000087500000, 0x0000000087600000, 0x0000000087600000|100%|HC|  |TAMS 0x0000000087600000, 0x0000000087500000| Complete 
| 118|0x0000000087600000, 0x0000000087700000, 0x0000000087700000|100%|HC|  |TAMS 0x0000000087700000, 0x0000000087600000| Complete 
| 119|0x0000000087700000, 0x0000000087800000, 0x0000000087800000|100%|HC|  |TAMS 0x0000000087800000, 0x0000000087700000| Complete 
| 120|0x0000000087800000, 0x0000000087900000, 0x0000000087900000|100%| O|  |TAMS 0x0000000087900000, 0x0000000087800000| Untracked 
| 121|0x0000000087900000, 0x0000000087a00000, 0x0000000087a00000|100%| O|  |TAMS 0x0000000087a00000, 0x0000000087900000| Untracked 
| 122|0x0000000087a00000, 0x0000000087b00000, 0x0000000087b00000|100%| O|  |TAMS 0x0000000087b00000, 0x0000000087a00000| Untracked 
| 123|0x0000000087b00000, 0x0000000087c00000, 0x0000000087c00000|100%| O|  |TAMS 0x0000000087c00000, 0x0000000087b00000| Untracked 
| 124|0x0000000087c00000, 0x0000000087d00000, 0x0000000087d00000|100%| O|  |TAMS 0x0000000087d00000, 0x0000000087c00000| Untracked 
| 125|0x0000000087d00000, 0x0000000087e00000, 0x0000000087e00000|100%| O|  |TAMS 0x0000000087e00000, 0x0000000087d00000| Untracked 
| 126|0x0000000087e00000, 0x0000000087f00000, 0x0000000087f00000|100%| O|  |TAMS 0x0000000087f00000, 0x0000000087e00000| Untracked 
| 127|0x0000000087f00000, 0x0000000088000000, 0x0000000088000000|100%| O|  |TAMS 0x0000000088000000, 0x0000000087f00000| Untracked 
| 128|0x0000000088000000, 0x0000000088100000, 0x0000000088100000|100%| O|  |TAMS 0x0000000088100000, 0x0000000088000000| Untracked 
| 129|0x0000000088100000, 0x0000000088200000, 0x0000000088200000|100%| O|  |TAMS 0x0000000088200000, 0x0000000088100000| Untracked 
| 130|0x0000000088200000, 0x0000000088300000, 0x0000000088300000|100%| O|  |TAMS 0x0000000088300000, 0x0000000088200000| Untracked 
| 131|0x0000000088300000, 0x0000000088400000, 0x0000000088400000|100%| O|  |TAMS 0x0000000088400000, 0x0000000088300000| Untracked 
| 132|0x0000000088400000, 0x0000000088500000, 0x0000000088500000|100%| O|  |TAMS 0x0000000088500000, 0x0000000088400000| Untracked 
| 133|0x0000000088500000, 0x0000000088600000, 0x0000000088600000|100%| O|  |TAMS 0x0000000088600000, 0x0000000088500000| Untracked 
| 134|0x0000000088600000, 0x0000000088700000, 0x0000000088700000|100%| O|  |TAMS 0x0000000088600000, 0x0000000088600000| Untracked 
| 135|0x0000000088700000, 0x0000000088800000, 0x0000000088800000|100%| O|  |TAMS 0x0000000088800000, 0x0000000088700000| Untracked 
| 136|0x0000000088800000, 0x0000000088900000, 0x0000000088900000|100%| O|  |TAMS 0x0000000088900000, 0x0000000088800000| Untracked 
| 137|0x0000000088900000, 0x0000000088a00000, 0x0000000088a00000|100%| O|  |TAMS 0x0000000088a00000, 0x0000000088900000| Untracked 
| 138|0x0000000088a00000, 0x0000000088b00000, 0x0000000088b00000|100%| O|  |TAMS 0x0000000088b00000, 0x0000000088a00000| Untracked 
| 139|0x0000000088b00000, 0x0000000088c00000, 0x0000000088c00000|100%| O|  |TAMS 0x0000000088c00000, 0x0000000088b00000| Untracked 
| 140|0x0000000088c00000, 0x0000000088d00000, 0x0000000088d00000|100%| O|  |TAMS 0x0000000088d00000, 0x0000000088c00000| Untracked 
| 141|0x0000000088d00000, 0x0000000088e00000, 0x0000000088e00000|100%| O|  |TAMS 0x0000000088e00000, 0x0000000088d00000| Untracked 
| 142|0x0000000088e00000, 0x0000000088f00000, 0x0000000088f00000|100%| O|  |TAMS 0x0000000088f00000, 0x0000000088e00000| Untracked 
| 143|0x0000000088f00000, 0x0000000089000000, 0x0000000089000000|100%| O|  |TAMS 0x0000000089000000, 0x0000000088f00000| Untracked 
| 144|0x0000000089000000, 0x0000000089100000, 0x0000000089100000|100%| O|  |TAMS 0x0000000089100000, 0x0000000089000000| Untracked 
| 145|0x0000000089100000, 0x0000000089200000, 0x0000000089200000|100%| O|  |TAMS 0x0000000089200000, 0x0000000089100000| Untracked 
| 146|0x0000000089200000, 0x0000000089300000, 0x0000000089300000|100%| O|  |TAMS 0x0000000089300000, 0x0000000089200000| Untracked 
| 147|0x0000000089300000, 0x0000000089400000, 0x0000000089400000|100%| O|  |TAMS 0x0000000089400000, 0x0000000089300000| Untracked 
| 148|0x0000000089400000, 0x0000000089500000, 0x0000000089500000|100%| O|  |TAMS 0x0000000089500000, 0x0000000089400000| Untracked 
| 149|0x0000000089500000, 0x0000000089600000, 0x0000000089600000|100%| O|  |TAMS 0x0000000089500000, 0x0000000089500000| Untracked 
| 150|0x0000000089600000, 0x0000000089700000, 0x0000000089700000|100%| O|  |TAMS 0x0000000089600000, 0x0000000089600000| Untracked 
| 151|0x0000000089700000, 0x0000000089800000, 0x0000000089800000|100%| O|  |TAMS 0x0000000089800000, 0x0000000089700000| Untracked 
| 152|0x0000000089800000, 0x0000000089900000, 0x0000000089900000|100%| O|  |TAMS 0x0000000089900000, 0x0000000089800000| Untracked 
| 153|0x0000000089900000, 0x0000000089a00000, 0x0000000089a00000|100%| O|  |TAMS 0x0000000089a00000, 0x0000000089900000| Untracked 
| 154|0x0000000089a00000, 0x0000000089b00000, 0x0000000089b00000|100%| O|  |TAMS 0x0000000089b00000, 0x0000000089a00000| Untracked 
| 155|0x0000000089b00000, 0x0000000089c00000, 0x0000000089c00000|100%| O|  |TAMS 0x0000000089c00000, 0x0000000089b00000| Untracked 
| 156|0x0000000089c00000, 0x0000000089d00000, 0x0000000089d00000|100%| O|  |TAMS 0x0000000089d00000, 0x0000000089c00000| Untracked 
| 157|0x0000000089d00000, 0x0000000089e00000, 0x0000000089e00000|100%| O|  |TAMS 0x0000000089e00000, 0x0000000089d00000| Untracked 
| 158|0x0000000089e00000, 0x0000000089f00000, 0x0000000089f00000|100%| O|  |TAMS 0x0000000089e00000, 0x0000000089e00000| Untracked 
| 159|0x0000000089f00000, 0x000000008a000000, 0x000000008a000000|100%| O|  |TAMS 0x000000008a000000, 0x0000000089f00000| Untracked 
| 160|0x000000008a000000, 0x000000008a100000, 0x000000008a100000|100%| O|  |TAMS 0x000000008a000000, 0x000000008a000000| Untracked 
| 161|0x000000008a100000, 0x000000008a200000, 0x000000008a200000|100%| O|  |TAMS 0x000000008a200000, 0x000000008a100000| Untracked 
| 162|0x000000008a200000, 0x000000008a300000, 0x000000008a300000|100%| O|  |TAMS 0x000000008a300000, 0x000000008a200000| Untracked 
| 163|0x000000008a300000, 0x000000008a400000, 0x000000008a400000|100%| O|  |TAMS 0x000000008a400000, 0x000000008a300000| Untracked 
| 164|0x000000008a400000, 0x000000008a500000, 0x000000008a500000|100%| O|  |TAMS 0x000000008a500000, 0x000000008a400000| Untracked 
| 165|0x000000008a500000, 0x000000008a600000, 0x000000008a600000|100%| O|  |TAMS 0x000000008a500000, 0x000000008a500000| Untracked 
| 166|0x000000008a600000, 0x000000008a700000, 0x000000008a700000|100%| O|  |TAMS 0x000000008a600000, 0x000000008a600000| Untracked 
| 167|0x000000008a700000, 0x000000008a800000, 0x000000008a800000|100%| O|  |TAMS 0x000000008a700000, 0x000000008a700000| Untracked 
| 168|0x000000008a800000, 0x000000008a900000, 0x000000008a900000|100%| O|  |TAMS 0x000000008a800000, 0x000000008a800000| Untracked 
| 169|0x000000008a900000, 0x000000008aa00000, 0x000000008aa00000|100%| O|  |TAMS 0x000000008a900000, 0x000000008a900000| Untracked 
| 170|0x000000008aa00000, 0x000000008ab00000, 0x000000008ab00000|100%| O|  |TAMS 0x000000008aa00000, 0x000000008aa00000| Untracked 
| 171|0x000000008ab00000, 0x000000008ac00000, 0x000000008ac00000|100%| O|  |TAMS 0x000000008ab00000, 0x000000008ab00000| Untracked 
| 172|0x000000008ac00000, 0x000000008ad00000, 0x000000008ad00000|100%| O|  |TAMS 0x000000008ac00000, 0x000000008ac00000| Untracked 
| 173|0x000000008ad00000, 0x000000008ae00000, 0x000000008ae00000|100%| O|  |TAMS 0x000000008ae00000, 0x000000008ad00000| Untracked 
| 174|0x000000008ae00000, 0x000000008af00000, 0x000000008af00000|100%| O|  |TAMS 0x000000008af00000, 0x000000008ae00000| Untracked 
| 175|0x000000008af00000, 0x000000008b000000, 0x000000008b000000|100%| O|  |TAMS 0x000000008b000000, 0x000000008af00000| Untracked 
| 176|0x000000008b000000, 0x000000008b100000, 0x000000008b100000|100%| O|  |TAMS 0x000000008b100000, 0x000000008b000000| Untracked 
| 177|0x000000008b100000, 0x000000008b200000, 0x000000008b200000|100%| O|  |TAMS 0x000000008b200000, 0x000000008b100000| Untracked 
| 178|0x000000008b200000, 0x000000008b300000, 0x000000008b300000|100%| O|  |TAMS 0x000000008b300000, 0x000000008b200000| Untracked 
| 179|0x000000008b300000, 0x000000008b400000, 0x000000008b400000|100%| O|  |TAMS 0x000000008b300000, 0x000000008b300000| Untracked 
| 180|0x000000008b400000, 0x000000008b500000, 0x000000008b500000|100%| O|  |TAMS 0x000000008b400000, 0x000000008b400000| Untracked 
| 181|0x000000008b500000, 0x000000008b600000, 0x000000008b600000|100%| O|  |TAMS 0x000000008b500000, 0x000000008b500000| Untracked 
| 182|0x000000008b600000, 0x000000008b700000, 0x000000008b700000|100%| O|  |TAMS 0x000000008b700000, 0x000000008b600000| Untracked 
| 183|0x000000008b700000, 0x000000008b800000, 0x000000008b800000|100%| O|  |TAMS 0x000000008b800000, 0x000000008b700000| Untracked 
| 184|0x000000008b800000, 0x000000008b900000, 0x000000008b900000|100%| O|  |TAMS 0x000000008b900000, 0x000000008b800000| Untracked 
| 185|0x000000008b900000, 0x000000008ba00000, 0x000000008ba00000|100%| O|  |TAMS 0x000000008ba00000, 0x000000008b900000| Untracked 
| 186|0x000000008ba00000, 0x000000008bb00000, 0x000000008bb00000|100%| O|  |TAMS 0x000000008ba00000, 0x000000008ba00000| Untracked 
| 187|0x000000008bb00000, 0x000000008bc00000, 0x000000008bc00000|100%| O|  |TAMS 0x000000008bc00000, 0x000000008bb00000| Untracked 
| 188|0x000000008bc00000, 0x000000008bd00000, 0x000000008bd00000|100%| O|  |TAMS 0x000000008bd00000, 0x000000008bc00000| Untracked 
| 189|0x000000008bd00000, 0x000000008be00000, 0x000000008be00000|100%| O|  |TAMS 0x000000008be00000, 0x000000008bd00000| Untracked 
| 190|0x000000008be00000, 0x000000008bf00000, 0x000000008bf00000|100%| O|  |TAMS 0x000000008bf00000, 0x000000008be00000| Untracked 
| 191|0x000000008bf00000, 0x000000008c000000, 0x000000008c000000|100%| O|  |TAMS 0x000000008c000000, 0x000000008bf00000| Untracked 
| 192|0x000000008c000000, 0x000000008c100000, 0x000000008c100000|100%| O|  |TAMS 0x000000008c000000, 0x000000008c000000| Untracked 
| 193|0x000000008c100000, 0x000000008c200000, 0x000000008c200000|100%| O|  |TAMS 0x000000008c200000, 0x000000008c100000| Untracked 
| 194|0x000000008c200000, 0x000000008c300000, 0x000000008c300000|100%| O|  |TAMS 0x000000008c300000, 0x000000008c200000| Untracked 
| 195|0x000000008c300000, 0x000000008c400000, 0x000000008c400000|100%| O|  |TAMS 0x000000008c300000, 0x000000008c300000| Untracked 
| 196|0x000000008c400000, 0x000000008c500000, 0x000000008c500000|100%| O|  |TAMS 0x000000008c500000, 0x000000008c400000| Untracked 
| 197|0x000000008c500000, 0x000000008c600000, 0x000000008c600000|100%| O|  |TAMS 0x000000008c600000, 0x000000008c500000| Untracked 
| 198|0x000000008c600000, 0x000000008c700000, 0x000000008c700000|100%| O|  |TAMS 0x000000008c700000, 0x000000008c600000| Untracked 
| 199|0x000000008c700000, 0x000000008c800000, 0x000000008c800000|100%| O|  |TAMS 0x000000008c800000, 0x000000008c700000| Untracked 
| 200|0x000000008c800000, 0x000000008c900000, 0x000000008c900000|100%| O|  |TAMS 0x000000008c900000, 0x000000008c800000| Untracked 
| 201|0x000000008c900000, 0x000000008ca00000, 0x000000008ca00000|100%| O|  |TAMS 0x000000008ca00000, 0x000000008c900000| Untracked 
| 202|0x000000008ca00000, 0x000000008cb00000, 0x000000008cb00000|100%| O|  |TAMS 0x000000008cb00000, 0x000000008ca00000| Untracked 
| 203|0x000000008cb00000, 0x000000008cc00000, 0x000000008cc00000|100%| O|  |TAMS 0x000000008cb00000, 0x000000008cb00000| Untracked 
| 204|0x000000008cc00000, 0x000000008cd00000, 0x000000008cd00000|100%| O|  |TAMS 0x000000008cc00000, 0x000000008cc00000| Untracked 
| 205|0x000000008cd00000, 0x000000008ce00000, 0x000000008ce00000|100%| O|  |TAMS 0x000000008cd00000, 0x000000008cd00000| Untracked 
| 206|0x000000008ce00000, 0x000000008cf00000, 0x000000008cf00000|100%| O|  |TAMS 0x000000008ce00000, 0x000000008ce00000| Untracked 
| 207|0x000000008cf00000, 0x000000008d000000, 0x000000008d000000|100%| O|  |TAMS 0x000000008cf00000, 0x000000008cf00000| Untracked 
| 208|0x000000008d000000, 0x000000008d100000, 0x000000008d100000|100%| O|  |TAMS 0x000000008d000000, 0x000000008d000000| Untracked 
| 209|0x000000008d100000, 0x000000008d200000, 0x000000008d200000|100%| O|  |TAMS 0x000000008d100000, 0x000000008d100000| Untracked 
| 210|0x000000008d200000, 0x000000008d300000, 0x000000008d300000|100%| O|  |TAMS 0x000000008d200000, 0x000000008d200000| Untracked 
| 211|0x000000008d300000, 0x000000008d400000, 0x000000008d400000|100%| O|  |TAMS 0x000000008d300000, 0x000000008d300000| Untracked 
| 212|0x000000008d400000, 0x000000008d500000, 0x000000008d500000|100%| O|  |TAMS 0x000000008d400000, 0x000000008d400000| Untracked 
| 213|0x000000008d500000, 0x000000008d600000, 0x000000008d600000|100%| O|  |TAMS 0x000000008d500000, 0x000000008d500000| Untracked 
| 214|0x000000008d600000, 0x000000008d700000, 0x000000008d700000|100%| O|  |TAMS 0x000000008d600000, 0x000000008d600000| Untracked 
| 215|0x000000008d700000, 0x000000008d800000, 0x000000008d800000|100%| O|  |TAMS 0x000000008d700000, 0x000000008d700000| Untracked 
| 216|0x000000008d800000, 0x000000008d900000, 0x000000008d900000|100%| O|  |TAMS 0x000000008d800000, 0x000000008d800000| Untracked 
| 217|0x000000008d900000, 0x000000008da00000, 0x000000008da00000|100%| O|  |TAMS 0x000000008d900000, 0x000000008d900000| Untracked 
| 218|0x000000008da00000, 0x000000008db00000, 0x000000008db00000|100%| O|  |TAMS 0x000000008da00000, 0x000000008da00000| Untracked 
| 219|0x000000008db00000, 0x000000008dc00000, 0x000000008dc00000|100%| O|  |TAMS 0x000000008db00000, 0x000000008db00000| Untracked 
| 220|0x000000008dc00000, 0x000000008dd00000, 0x000000008dd00000|100%| O|  |TAMS 0x000000008dc00000, 0x000000008dc00000| Untracked 
| 221|0x000000008dd00000, 0x000000008de00000, 0x000000008de00000|100%| O|  |TAMS 0x000000008dd00000, 0x000000008dd00000| Untracked 
| 222|0x000000008de00000, 0x000000008df00000, 0x000000008df00000|100%| O|  |TAMS 0x000000008de00000, 0x000000008de00000| Untracked 
| 223|0x000000008df00000, 0x000000008e000000, 0x000000008e000000|100%| O|  |TAMS 0x000000008df00000, 0x000000008df00000| Untracked 
| 224|0x000000008e000000, 0x000000008e100000, 0x000000008e100000|100%| O|  |TAMS 0x000000008e000000, 0x000000008e000000| Untracked 
| 225|0x000000008e100000, 0x000000008e200000, 0x000000008e200000|100%| O|  |TAMS 0x000000008e100000, 0x000000008e100000| Untracked 
| 226|0x000000008e200000, 0x000000008e300000, 0x000000008e300000|100%| O|  |TAMS 0x000000008e200000, 0x000000008e200000| Untracked 
| 227|0x000000008e300000, 0x000000008e400000, 0x000000008e400000|100%| O|  |TAMS 0x000000008e300000, 0x000000008e300000| Untracked 
| 228|0x000000008e400000, 0x000000008e500000, 0x000000008e500000|100%| O|  |TAMS 0x000000008e400000, 0x000000008e400000| Untracked 
| 229|0x000000008e500000, 0x000000008e600000, 0x000000008e600000|100%| O|  |TAMS 0x000000008e500000, 0x000000008e500000| Untracked 
| 230|0x000000008e600000, 0x000000008e700000, 0x000000008e700000|100%| O|  |TAMS 0x000000008e600000, 0x000000008e600000| Untracked 
| 231|0x000000008e700000, 0x000000008e800000, 0x000000008e800000|100%| O|  |TAMS 0x000000008e700000, 0x000000008e700000| Untracked 
| 232|0x000000008e800000, 0x000000008e900000, 0x000000008e900000|100%| O|  |TAMS 0x000000008e800000, 0x000000008e800000| Untracked 
| 233|0x000000008e900000, 0x000000008e989200, 0x000000008ea00000| 53%| O|  |TAMS 0x000000008e900000, 0x000000008e900000| Untracked 
| 234|0x000000008ea00000, 0x000000008ea00000, 0x000000008eb00000|  0%| F|  |TAMS 0x000000008ea00000, 0x000000008ea00000| Untracked 
| 235|0x000000008eb00000, 0x000000008eb00000, 0x000000008ec00000|  0%| F|  |TAMS 0x000000008eb00000, 0x000000008eb00000| Untracked 
| 236|0x000000008ec00000, 0x000000008ec00000, 0x000000008ed00000|  0%| F|  |TAMS 0x000000008ec00000, 0x000000008ec00000| Untracked 
| 237|0x000000008ed00000, 0x000000008ed00000, 0x000000008ee00000|  0%| F|  |TAMS 0x000000008ed00000, 0x000000008ed00000| Untracked 
| 238|0x000000008ee00000, 0x000000008ee00000, 0x000000008ef00000|  0%| F|  |TAMS 0x000000008ee00000, 0x000000008ee00000| Untracked 
| 239|0x000000008ef00000, 0x000000008ef00000, 0x000000008f000000|  0%| F|  |TAMS 0x000000008ef00000, 0x000000008ef00000| Untracked 
| 240|0x000000008f000000, 0x000000008f000000, 0x000000008f100000|  0%| F|  |TAMS 0x000000008f000000, 0x000000008f000000| Untracked 
| 241|0x000000008f100000, 0x000000008f100000, 0x000000008f200000|  0%| F|  |TAMS 0x000000008f100000, 0x000000008f100000| Untracked 
| 242|0x000000008f200000, 0x000000008f200000, 0x000000008f300000|  0%| F|  |TAMS 0x000000008f200000, 0x000000008f200000| Untracked 
| 243|0x000000008f300000, 0x000000008f300000, 0x000000008f400000|  0%| F|  |TAMS 0x000000008f300000, 0x000000008f300000| Untracked 
| 244|0x000000008f400000, 0x000000008f400000, 0x000000008f500000|  0%| F|  |TAMS 0x000000008f400000, 0x000000008f400000| Untracked 
| 245|0x000000008f500000, 0x000000008f500000, 0x000000008f600000|  0%| F|  |TAMS 0x000000008f500000, 0x000000008f500000| Untracked 
| 246|0x000000008f600000, 0x000000008f600000, 0x000000008f700000|  0%| F|  |TAMS 0x000000008f600000, 0x000000008f600000| Untracked 
| 247|0x000000008f700000, 0x000000008f700000, 0x000000008f800000|  0%| F|  |TAMS 0x000000008f700000, 0x000000008f700000| Untracked 
| 248|0x000000008f800000, 0x000000008f800000, 0x000000008f900000|  0%| F|  |TAMS 0x000000008f800000, 0x000000008f800000| Untracked 
| 249|0x000000008f900000, 0x000000008f900000, 0x000000008fa00000|  0%| F|  |TAMS 0x000000008f900000, 0x000000008f900000| Untracked 
| 250|0x000000008fa00000, 0x000000008fa00000, 0x000000008fb00000|  0%| F|  |TAMS 0x000000008fa00000, 0x000000008fa00000| Untracked 
| 251|0x000000008fb00000, 0x000000008fb00000, 0x000000008fc00000|  0%| F|  |TAMS 0x000000008fb00000, 0x000000008fb00000| Untracked 
| 252|0x000000008fc00000, 0x000000008fc00000, 0x000000008fd00000|  0%| F|  |TAMS 0x000000008fc00000, 0x000000008fc00000| Untracked 
| 253|0x000000008fd00000, 0x000000008fd00000, 0x000000008fe00000|  0%| F|  |TAMS 0x000000008fd00000, 0x000000008fd00000| Untracked 
| 254|0x000000008fe00000, 0x000000008fe00000, 0x000000008ff00000|  0%| F|  |TAMS 0x000000008fe00000, 0x000000008fe00000| Untracked 
| 255|0x000000008ff00000, 0x000000008ff00000, 0x0000000090000000|  0%| F|  |TAMS 0x000000008ff00000, 0x000000008ff00000| Untracked 
| 256|0x0000000090000000, 0x0000000090000000, 0x0000000090100000|  0%| F|  |TAMS 0x0000000090000000, 0x0000000090000000| Untracked 
| 257|0x0000000090100000, 0x0000000090100000, 0x0000000090200000|  0%| F|  |TAMS 0x0000000090100000, 0x0000000090100000| Untracked 
| 258|0x0000000090200000, 0x0000000090200000, 0x0000000090300000|  0%| F|  |TAMS 0x0000000090200000, 0x0000000090200000| Untracked 
| 259|0x0000000090300000, 0x0000000090300000, 0x0000000090400000|  0%| F|  |TAMS 0x0000000090300000, 0x0000000090300000| Untracked 
| 260|0x0000000090400000, 0x0000000090400000, 0x0000000090500000|  0%| F|  |TAMS 0x0000000090400000, 0x0000000090400000| Untracked 
| 261|0x0000000090500000, 0x0000000090500000, 0x0000000090600000|  0%| F|  |TAMS 0x0000000090500000, 0x0000000090500000| Untracked 
| 262|0x0000000090600000, 0x0000000090600000, 0x0000000090700000|  0%| F|  |TAMS 0x0000000090600000, 0x0000000090600000| Untracked 
| 263|0x0000000090700000, 0x0000000090700000, 0x0000000090800000|  0%| F|  |TAMS 0x0000000090700000, 0x0000000090700000| Untracked 
| 264|0x0000000090800000, 0x0000000090800000, 0x0000000090900000|  0%| F|  |TAMS 0x0000000090800000, 0x0000000090800000| Untracked 
| 265|0x0000000090900000, 0x0000000090900000, 0x0000000090a00000|  0%| F|  |TAMS 0x0000000090900000, 0x0000000090900000| Untracked 
| 266|0x0000000090a00000, 0x0000000090a00000, 0x0000000090b00000|  0%| F|  |TAMS 0x0000000090a00000, 0x0000000090a00000| Untracked 
| 267|0x0000000090b00000, 0x0000000090b4c458, 0x0000000090c00000| 29%| S|CS|TAMS 0x0000000090b00000, 0x0000000090b00000| Complete 
| 268|0x0000000090c00000, 0x0000000090d00000, 0x0000000090d00000|100%| S|CS|TAMS 0x0000000090c00000, 0x0000000090c00000| Complete 
| 269|0x0000000090d00000, 0x0000000090d00000, 0x0000000090e00000|  0%| F|  |TAMS 0x0000000090d00000, 0x0000000090d00000| Untracked 
| 270|0x0000000090e00000, 0x0000000090e00000, 0x0000000090f00000|  0%| F|  |TAMS 0x0000000090e00000, 0x0000000090e00000| Untracked 
| 271|0x0000000090f00000, 0x0000000091000000, 0x0000000091000000|100%| S|CS|TAMS 0x0000000090f00000, 0x0000000090f00000| Complete 
| 272|0x0000000091000000, 0x0000000091000000, 0x0000000091100000|  0%| F|  |TAMS 0x0000000091000000, 0x0000000091000000| Untracked 
| 273|0x0000000091100000, 0x0000000091100000, 0x0000000091200000|  0%| F|  |TAMS 0x0000000091100000, 0x0000000091100000| Untracked 
| 274|0x0000000091200000, 0x0000000091200000, 0x0000000091300000|  0%| F|  |TAMS 0x0000000091200000, 0x0000000091200000| Untracked 
| 275|0x0000000091300000, 0x0000000091300000, 0x0000000091400000|  0%| F|  |TAMS 0x0000000091300000, 0x0000000091300000| Untracked 
| 276|0x0000000091400000, 0x0000000091400000, 0x0000000091500000|  0%| F|  |TAMS 0x0000000091400000, 0x0000000091400000| Untracked 
| 277|0x0000000091500000, 0x0000000091500000, 0x0000000091600000|  0%| F|  |TAMS 0x0000000091500000, 0x0000000091500000| Untracked 
| 278|0x0000000091600000, 0x0000000091600000, 0x0000000091700000|  0%| F|  |TAMS 0x0000000091600000, 0x0000000091600000| Untracked 
| 279|0x0000000091700000, 0x0000000091700000, 0x0000000091800000|  0%| F|  |TAMS 0x0000000091700000, 0x0000000091700000| Untracked 
| 280|0x0000000091800000, 0x0000000091800000, 0x0000000091900000|  0%| F|  |TAMS 0x0000000091800000, 0x0000000091800000| Untracked 
| 281|0x0000000091900000, 0x0000000091900000, 0x0000000091a00000|  0%| F|  |TAMS 0x0000000091900000, 0x0000000091900000| Untracked 
| 282|0x0000000091a00000, 0x0000000091a00000, 0x0000000091b00000|  0%| F|  |TAMS 0x0000000091a00000, 0x0000000091a00000| Untracked 
| 283|0x0000000091b00000, 0x0000000091b00000, 0x0000000091c00000|  0%| F|  |TAMS 0x0000000091b00000, 0x0000000091b00000| Untracked 
| 284|0x0000000091c00000, 0x0000000091c00000, 0x0000000091d00000|  0%| F|  |TAMS 0x0000000091c00000, 0x0000000091c00000| Untracked 
| 285|0x0000000091d00000, 0x0000000091d00000, 0x0000000091e00000|  0%| F|  |TAMS 0x0000000091d00000, 0x0000000091d00000| Untracked 
| 286|0x0000000091e00000, 0x0000000091e00000, 0x0000000091f00000|  0%| F|  |TAMS 0x0000000091e00000, 0x0000000091e00000| Untracked 
| 287|0x0000000091f00000, 0x0000000091f00000, 0x0000000092000000|  0%| F|  |TAMS 0x0000000091f00000, 0x0000000091f00000| Untracked 
| 288|0x0000000092000000, 0x0000000092000000, 0x0000000092100000|  0%| F|  |TAMS 0x0000000092000000, 0x0000000092000000| Untracked 
| 289|0x0000000092100000, 0x0000000092100000, 0x0000000092200000|  0%| F|  |TAMS 0x0000000092100000, 0x0000000092100000| Untracked 
| 290|0x0000000092200000, 0x0000000092259730, 0x0000000092300000| 34%| E|  |TAMS 0x0000000092200000, 0x0000000092200000| Complete 
| 291|0x0000000092300000, 0x0000000092400000, 0x0000000092400000|100%| E|  |TAMS 0x0000000092300000, 0x0000000092300000| Complete 
| 292|0x0000000092400000, 0x0000000092500000, 0x0000000092500000|100%| E|CS|TAMS 0x0000000092400000, 0x0000000092400000| Complete 
| 293|0x0000000092500000, 0x0000000092600000, 0x0000000092600000|100%| E|CS|TAMS 0x0000000092500000, 0x0000000092500000| Complete 
| 294|0x0000000092600000, 0x0000000092700000, 0x0000000092700000|100%| E|CS|TAMS 0x0000000092600000, 0x0000000092600000| Complete 
| 295|0x0000000092700000, 0x0000000092800000, 0x0000000092800000|100%| E|CS|TAMS 0x0000000092700000, 0x0000000092700000| Complete 

Card table byte_map: [0x00000193f6070000,0x00000193f6470000] _byte_map_base: 0x00000193f5c70000

Marking Bits (Prev, Next): (CMBitMap*) 0x00000193e117aad8, (CMBitMap*) 0x00000193e117ab10
 Prev Bits: [0x00000193f6870000, 0x00000193f8870000)
 Next Bits: [0x00000193f8870000, 0x00000193fa870000)

Polling page: 0x00000193e1210000

Metaspace:

Usage:
  Non-class:    102.29 MB capacity,    99.88 MB ( 98%) used,     2.02 MB (  2%) free+waste,   405.75 KB ( <1%) overhead. 
      Class:     15.81 MB capacity,    14.43 MB ( 91%) used,     1.20 MB (  8%) free+waste,   186.00 KB (  1%) overhead. 
       Both:    118.11 MB capacity,   114.31 MB ( 97%) used,     3.22 MB (  3%) free+waste,   591.75 KB ( <1%) overhead. 

Virtual space:
  Non-class space:      104.00 MB reserved,     102.33 MB ( 98%) committed 
      Class space:        1.00 GB reserved,      15.82 MB (  2%) committed 
             Both:        1.10 GB reserved,     118.15 MB ( 10%) committed 

Chunk freelists:
   Non-Class:  36.00 KB
       Class:  0 bytes
        Both:  36.00 KB

MaxMetaspaceSize: 17179869184.00 GB
CompressedClassSpaceSize: 1.00 GB
Initial GC threshold: 20.80 MB
Current GC threshold: 190.67 MB
CDS: off

CodeHeap 'non-profiled nmethods': size=120064Kb used=12546Kb max_used=12546Kb free=107517Kb
 bounds [0x00000193edee0000, 0x00000193eeb30000, 0x00000193f5420000]
CodeHeap 'profiled nmethods': size=120000Kb used=37758Kb max_used=37758Kb free=82241Kb
 bounds [0x00000193e69b0000, 0x00000193e8e90000, 0x00000193edee0000]
CodeHeap 'non-nmethods': size=5696Kb used=2440Kb max_used=2502Kb free=3255Kb
 bounds [0x00000193e6420000, 0x00000193e66b0000, 0x00000193e69b0000]
 total_blobs=19319 nmethods=18350 adapters=880
 compilation: enabled
              stopped_count=0, restarted_count=0
 full_count=0

Compilation events (20 events):
Event: 927.584 Thread 0x00000193fd9ab000 18738       2       org.gradle.api.internal.tasks.execution.ExecuteActionsTaskExecuter$1$$Lambda$1550/0x0000000100c72840::apply (8 bytes)
Event: 927.584 Thread 0x00000193fd9ab000 nmethod 18738 0x00000193e8e8b490 code [0x00000193e8e8b660, 0x00000193e8e8b808]
Event: 927.626 Thread 0x00000193fd9ab000 18739       2       java.security.MessageDigest::digest (10 bytes)
Event: 927.627 Thread 0x00000193fd9ab000 nmethod 18739 0x00000193e8e8b910 code [0x00000193e8e8bae0, 0x00000193e8e8bc58]
Event: 927.682 Thread 0x00000193fd9ab000 18740       2       java.lang.Byte::valueOf (14 bytes)
Event: 927.682 Thread 0x00000193fd9ab000 nmethod 18740 0x00000193e8e8bd90 code [0x00000193e8e8bf40, 0x00000193e8e8c058]
Event: 927.708 Thread 0x00000193fd9aa000 nmethod 18624 0x00000193eeb02b10 code [0x00000193eeb03220, 0x00000193eeb0cf98]
Event: 927.708 Thread 0x00000193fd9aa000 18721       4       org.gradle.internal.snapshot.impl.DefaultValueSnapshotter::processValue (675 bytes)
Event: 927.734 Thread 0x00000193ff5ba800 nmethod 18625 0x00000193eeb10f10 code [0x00000193eeb11620, 0x00000193eeb1ad98]
Event: 927.735 Thread 0x00000193ff5ba800 18682       4       sun.nio.fs.WindowsPath::normalize (365 bytes)
Event: 927.738 Thread 0x00000193ff5ba800 nmethod 18682 0x00000193eeb1ec90 code [0x00000193eeb1ee60, 0x00000193eeb1f298]
Event: 927.738 Thread 0x00000193ff5ba800 18705       4       java.io.ObjectStreamClass::requireInitialized (18 bytes)
Event: 927.739 Thread 0x00000193ff5ba800 nmethod 18705 0x00000193eeb1f710 code [0x00000193eeb1f8a0, 0x00000193eeb1f918]
Event: 927.739 Thread 0x00000193ff5ba800 18715       4       com.google.common.collect.ImmutableSet$Builder::<init> (17 bytes)
Event: 927.745 Thread 0x00000193ff5ba800 nmethod 18715 0x00000193eeb1fa10 code [0x00000193eeb1fc00, 0x00000193eeb203a8]
Event: 927.745 Thread 0x00000193ff5ba800 18714       4       org.gradle.internal.logging.slf4j.OutputEventListenerBackedLogger::isInfoEnabled (5 bytes)
Event: 927.746 Thread 0x00000193ff5ba800 nmethod 18714 0x00000193eeb20710 code [0x00000193eeb208a0, 0x00000193eeb20978]
Event: 927.746 Thread 0x00000193ff5ba800 18709       4       java.io.ObjectStreamClass::getClassDataLayout (20 bytes)
Event: 927.795 Thread 0x00000193fd9ab000 18741       2       groovy.json.StringEscapeUtils::escapeJavaStyleString (473 bytes)
Event: 927.797 Thread 0x00000193fd9ab000 nmethod 18741 0x00000193e8e8c110 code [0x00000193e8e8c6a0, 0x00000193e8e8dcd8]

GC Heap History (20 events):
Event: 377.972 GC heap before
{Heap before GC invocations=45 (full 0):
 garbage-first heap   total 303104K, used 259039K [0x0000000080000000, 0x0000000100000000)
  region size 1024K, 47 young (48128K), 7 survivors (7168K)
 Metaspace       used 114291K, capacity 118083K, committed 118300K, reserved 1153024K
  class space    used 14434K, capacity 15804K, committed 15820K, reserved 1048576K
}
Event: 377.983 GC heap after
{Heap after GC invocations=46 (full 0):
 garbage-first heap   total 303104K, used 219421K [0x0000000080000000, 0x0000000100000000)
  region size 1024K, 3 young (3072K), 3 survivors (3072K)
 Metaspace       used 114291K, capacity 118083K, committed 118300K, reserved 1153024K
  class space    used 14434K, capacity 15804K, committed 15820K, reserved 1048576K
}
Event: 920.472 GC heap before
{Heap before GC invocations=46 (full 0):
 garbage-first heap   total 303104K, used 260381K [0x0000000080000000, 0x0000000100000000)
  region size 1024K, 44 young (45056K), 3 survivors (3072K)
 Metaspace       used 114455K, capacity 118282K, committed 118300K, reserved 1153024K
  class space    used 14442K, capacity 15817K, committed 15820K, reserved 1048576K
}
Event: 920.477 GC heap after
{Heap after GC invocations=47 (full 0):
 garbage-first heap   total 303104K, used 222207K [0x0000000080000000, 0x0000000100000000)
  region size 1024K, 6 young (6144K), 6 survivors (6144K)
 Metaspace       used 114455K, capacity 118282K, committed 118300K, reserved 1153024K
  class space    used 14442K, capacity 15817K, committed 15820K, reserved 1048576K
}
Event: 920.718 GC heap before
{Heap before GC invocations=47 (full 0):
 garbage-first heap   total 303104K, used 260095K [0x0000000080000000, 0x0000000100000000)
  region size 1024K, 44 young (45056K), 6 survivors (6144K)
 Metaspace       used 114615K, capacity 118371K, committed 118684K, reserved 1153024K
  class space    used 14445K, capacity 15821K, committed 15948K, reserved 1048576K
}
Event: 920.729 GC heap after
{Heap after GC invocations=48 (full 0):
 garbage-first heap   total 303104K, used 226922K [0x0000000080000000, 0x0000000100000000)
  region size 1024K, 6 young (6144K), 6 survivors (6144K)
 Metaspace       used 114615K, capacity 118371K, committed 118684K, reserved 1153024K
  class space    used 14445K, capacity 15821K, committed 15948K, reserved 1048576K
}
Event: 921.042 GC heap before
{Heap before GC invocations=48 (full 0):
 garbage-first heap   total 303104K, used 260714K [0x0000000080000000, 0x0000000100000000)
  region size 1024K, 40 young (40960K), 6 survivors (6144K)
 Metaspace       used 115048K, capacity 118918K, committed 119068K, reserved 1153024K
  class space    used 14515K, capacity 15938K, committed 16076K, reserved 1048576K
}
Event: 921.048 GC heap after
{Heap after GC invocations=49 (full 0):
 garbage-first heap   total 303104K, used 229622K [0x0000000080000000, 0x0000000100000000)
  region size 1024K, 3 young (3072K), 3 survivors (3072K)
 Metaspace       used 115048K, capacity 118918K, committed 119068K, reserved 1153024K
  class space    used 14515K, capacity 15938K, committed 16076K, reserved 1048576K
}
Event: 921.367 GC heap before
{Heap before GC invocations=49 (full 0):
 garbage-first heap   total 303104K, used 262390K [0x0000000080000000, 0x0000000100000000)
  region size 1024K, 36 young (36864K), 3 survivors (3072K)
 Metaspace       used 116105K, capacity 120004K, committed 120092K, reserved 1153024K
  class space    used 14672K, capacity 16072K, committed 16076K, reserved 1048576K
}
Event: 921.373 GC heap after
{Heap after GC invocations=50 (full 0):
 garbage-first heap   total 303104K, used 230448K [0x0000000080000000, 0x0000000100000000)
  region size 1024K, 4 young (4096K), 4 survivors (4096K)
 Metaspace       used 116105K, capacity 120004K, committed 120092K, reserved 1153024K
  class space    used 14672K, capacity 16072K, committed 16076K, reserved 1048576K
}
Event: 926.593 GC heap before
{Heap before GC invocations=50 (full 0):
 garbage-first heap   total 303104K, used 263216K [0x0000000080000000, 0x0000000100000000)
  region size 1024K, 37 young (37888K), 4 survivors (4096K)
 Metaspace       used 116712K, capacity 120661K, committed 120732K, reserved 1155072K
  class space    used 14748K, capacity 16139K, committed 16204K, reserved 1048576K
}
Event: 926.600 GC heap after
{Heap after GC invocations=51 (full 0):
 garbage-first heap   total 303104K, used 232383K [0x0000000080000000, 0x0000000100000000)
  region size 1024K, 4 young (4096K), 4 survivors (4096K)
 Metaspace       used 116712K, capacity 120661K, committed 120732K, reserved 1155072K
  class space    used 14748K, capacity 16139K, committed 16204K, reserved 1048576K
}
Event: 926.815 GC heap before
{Heap before GC invocations=51 (full 0):
 garbage-first heap   total 303104K, used 263103K [0x0000000080000000, 0x0000000100000000)
  region size 1024K, 35 young (35840K), 4 survivors (4096K)
 Metaspace       used 116869K, capacity 120803K, committed 120988K, reserved 1155072K
  class space    used 14768K, capacity 16175K, committed 16204K, reserved 1048576K
}
Event: 926.827 GC heap after
{Heap after GC invocations=52 (full 0):
 garbage-first heap   total 303104K, used 236349K [0x0000000080000000, 0x0000000100000000)
  region size 1024K, 5 young (5120K), 5 survivors (5120K)
 Metaspace       used 116869K, capacity 120803K, committed 120988K, reserved 1155072K
  class space    used 14768K, capacity 16175K, committed 16204K, reserved 1048576K
}
Event: 927.098 GC heap before
{Heap before GC invocations=52 (full 0):
 garbage-first heap   total 303104K, used 263997K [0x0000000080000000, 0x0000000100000000)
  region size 1024K, 32 young (32768K), 5 survivors (5120K)
 Metaspace       used 116952K, capacity 120910K, committed 120988K, reserved 1155072K
  class space    used 14773K, capacity 16185K, committed 16204K, reserved 1048576K
}
Event: 927.107 GC heap after
{Heap after GC invocations=53 (full 0):
 garbage-first heap   total 303104K, used 239350K [0x0000000080000000, 0x0000000100000000)
  region size 1024K, 3 young (3072K), 3 survivors (3072K)
 Metaspace       used 116952K, capacity 120910K, committed 120988K, reserved 1155072K
  class space    used 14773K, capacity 16185K, committed 16204K, reserved 1048576K
}
Event: 927.315 GC heap before
{Heap before GC invocations=53 (full 0):
 garbage-first heap   total 303104K, used 263926K [0x0000000080000000, 0x0000000100000000)
  region size 1024K, 28 young (28672K), 3 survivors (3072K)
 Metaspace       used 116995K, capacity 120910K, committed 120988K, reserved 1155072K
  class space    used 14773K, capacity 16185K, committed 16204K, reserved 1048576K
}
Event: 927.326 GC heap after
{Heap after GC invocations=54 (full 0):
 garbage-first heap   total 303104K, used 240892K [0x0000000080000000, 0x0000000100000000)
  region size 1024K, 2 young (2048K), 2 survivors (2048K)
 Metaspace       used 116995K, capacity 120910K, committed 120988K, reserved 1155072K
  class space    used 14773K, capacity 16185K, committed 16204K, reserved 1048576K
}
Event: 927.553 GC heap before
{Heap before GC invocations=54 (full 0):
 garbage-first heap   total 303104K, used 264444K [0x0000000080000000, 0x0000000100000000)
  region size 1024K, 26 young (26624K), 2 survivors (2048K)
 Metaspace       used 117032K, capacity 120934K, committed 120988K, reserved 1155072K
  class space    used 14777K, capacity 16191K, committed 16204K, reserved 1048576K
}
Event: 927.558 GC heap after
{Heap after GC invocations=55 (full 0):
 garbage-first heap   total 303104K, used 241493K [0x0000000080000000, 0x0000000100000000)
  region size 1024K, 3 young (3072K), 3 survivors (3072K)
 Metaspace       used 117032K, capacity 120934K, committed 120988K, reserved 1155072K
  class space    used 14777K, capacity 16191K, committed 16204K, reserved 1048576K
}

Deoptimization events (20 events):
Event: 927.234 Thread 0x0000019385c8c800 Uncommon trap: trap_request=0xffffffbe fr.pc=0x00000193eea8c400 relative=0x00000000000003a0
Event: 927.234 Thread 0x0000019385c8c800 Uncommon trap: reason=profile_predicate action=maybe_recompile pc=0x00000193eea8c400 method=java.io.ObjectOutputStream$BlockDataOutputStream.write([BIIZ)V @ 28 c2
Event: 927.234 Thread 0x0000019385c8c800 DEOPT PACKING pc=0x00000193eea8c400 sp=0x00000065456fb100
Event: 927.234 Thread 0x0000019385c8c800 DEOPT UNPACKING pc=0x00000193e646a1af sp=0x00000065456fb0b0 mode 2
Event: 927.234 Thread 0x0000019385c8c800 Uncommon trap: trap_request=0xffffffbe fr.pc=0x00000193eea8c400 relative=0x00000000000003a0
Event: 927.234 Thread 0x0000019385c8c800 Uncommon trap: reason=profile_predicate action=maybe_recompile pc=0x00000193eea8c400 method=java.io.ObjectOutputStream$BlockDataOutputStream.write([BIIZ)V @ 28 c2
Event: 927.234 Thread 0x0000019385c8c800 DEOPT PACKING pc=0x00000193eea8c400 sp=0x00000065456fb100
Event: 927.234 Thread 0x0000019385c8c800 DEOPT UNPACKING pc=0x00000193e646a1af sp=0x00000065456fb0b0 mode 2
Event: 927.234 Thread 0x0000019385c8c800 Uncommon trap: trap_request=0xffffffbe fr.pc=0x00000193eea8c400 relative=0x00000000000003a0
Event: 927.234 Thread 0x0000019385c8c800 Uncommon trap: reason=profile_predicate action=maybe_recompile pc=0x00000193eea8c400 method=java.io.ObjectOutputStream$BlockDataOutputStream.write([BIIZ)V @ 28 c2
Event: 927.234 Thread 0x0000019385c8c800 DEOPT PACKING pc=0x00000193eea8c400 sp=0x00000065456fb100
Event: 927.234 Thread 0x0000019385c8c800 DEOPT UNPACKING pc=0x00000193e646a1af sp=0x00000065456fb0b0 mode 2
Event: 927.234 Thread 0x0000019385c8c800 Uncommon trap: trap_request=0xffffffbe fr.pc=0x00000193eea8c400 relative=0x00000000000003a0
Event: 927.234 Thread 0x0000019385c8c800 Uncommon trap: reason=profile_predicate action=maybe_recompile pc=0x00000193eea8c400 method=java.io.ObjectOutputStream$BlockDataOutputStream.write([BIIZ)V @ 28 c2
Event: 927.234 Thread 0x0000019385c8c800 DEOPT PACKING pc=0x00000193eea8c400 sp=0x00000065456fb100
Event: 927.234 Thread 0x0000019385c8c800 DEOPT UNPACKING pc=0x00000193e646a1af sp=0x00000065456fb0b0 mode 2
Event: 927.509 Thread 0x0000019385c8c800 Uncommon trap: trap_request=0xffffffde fr.pc=0x00000193ee84341c relative=0x000000000000453c
Event: 927.509 Thread 0x0000019385c8c800 Uncommon trap: reason=class_check action=maybe_recompile pc=0x00000193ee84341c method=org.gradle.internal.snapshot.impl.DefaultValueSnapshotter.processValue(Ljava/lang/Object;Lorg/gradle/internal/snapshot/impl/DefaultValueSnapshotter$ValueVisitor;)Ljava/l
Event: 927.509 Thread 0x0000019385c8c800 DEOPT PACKING pc=0x00000193ee84341c sp=0x00000065456f9cb0
Event: 927.509 Thread 0x0000019385c8c800 DEOPT UNPACKING pc=0x00000193e646a1af sp=0x00000065456f9ca8 mode 2

Classes redefined (0 events):
No events

Internal exceptions (20 events):
Event: 921.881 Thread 0x0000019380e88800 Exception <a 'sun/nio/fs/WindowsException'{0x0000000091f276f0}> (0x0000000091f276f0) thrown at [./src/hotspot/share/prims/jni.cpp, line 616]
Event: 921.882 Thread 0x0000019380e88800 Exception <a 'sun/nio/fs/WindowsException'{0x0000000091f2b460}> (0x0000000091f2b460) thrown at [./src/hotspot/share/prims/jni.cpp, line 616]
Event: 921.883 Thread 0x0000019380e88800 Exception <a 'sun/nio/fs/WindowsException'{0x0000000091f2ccb8}> (0x0000000091f2ccb8) thrown at [./src/hotspot/share/prims/jni.cpp, line 616]
Event: 921.884 Thread 0x0000019380e88800 Exception <a 'sun/nio/fs/WindowsException'{0x0000000091f34dc0}> (0x0000000091f34dc0) thrown at [./src/hotspot/share/prims/jni.cpp, line 616]
Event: 921.884 Thread 0x0000019380e88800 Exception <a 'sun/nio/fs/WindowsException'{0x0000000091f38760}> (0x0000000091f38760) thrown at [./src/hotspot/share/prims/jni.cpp, line 616]
Event: 921.885 Thread 0x0000019380e88800 Exception <a 'sun/nio/fs/WindowsException'{0x0000000091f3c390}> (0x0000000091f3c390) thrown at [./src/hotspot/share/prims/jni.cpp, line 616]
Event: 921.886 Thread 0x0000019380e88800 Exception <a 'sun/nio/fs/WindowsException'{0x0000000091f421c8}> (0x0000000091f421c8) thrown at [./src/hotspot/share/prims/jni.cpp, line 616]
Event: 921.931 Thread 0x000001938864d000 Exception <a 'java/lang/NoSuchMethodError'{0x0000000091a8d3c8}: 'void java.lang.invoke.DirectMethodHandle$Holder.invokeStatic(java.lang.Object, java.lang.Object, java.lang.Object, java.lang.Object, java.lang.Object, java.lang.Object, java.lang.Object)'> (0x0000000091a8d3c8) thrown at [./src/hotspot/share/interpreter/linkResolver.cpp, line 773]
Event: 921.938 Thread 0x000001938105e000 Exception <a 'java/lang/NoSuchMethodError'{0x0000000091875e20}: <clinit>> (0x0000000091875e20) thrown at [./src/hotspot/share/prims/jni.cpp, line 1366]
Event: 921.943 Thread 0x000001938105e000 Exception <a 'java/lang/NoSuchMethodError'{0x00000000918cc200}: <clinit>> (0x00000000918cc200) thrown at [./src/hotspot/share/prims/jni.cpp, line 1366]
Event: 921.944 Thread 0x000001938105e000 Exception <a 'java/lang/NoSuchMethodError'{0x00000000918d4f78}: <clinit>> (0x00000000918d4f78) thrown at [./src/hotspot/share/prims/jni.cpp, line 1366]
Event: 921.951 Thread 0x000001938105b800 Exception <a 'sun/nio/fs/WindowsException'{0x00000000918dbae8}> (0x00000000918dbae8) thrown at [./src/hotspot/share/prims/jni.cpp, line 616]
Event: 921.951 Thread 0x000001938105b800 Exception <a 'sun/nio/fs/WindowsException'{0x00000000918dbb68}> (0x00000000918dbb68) thrown at [./src/hotspot/share/prims/jni.cpp, line 616]
Event: 921.951 Thread 0x000001938105b800 Exception <a 'sun/nio/fs/WindowsException'{0x00000000918dd4e8}> (0x00000000918dd4e8) thrown at [./src/hotspot/share/prims/jni.cpp, line 616]
Event: 926.648 Thread 0x000001938105b800 Exception <a 'sun/nio/fs/WindowsException'{0x0000000091c10250}> (0x0000000091c10250) thrown at [./src/hotspot/share/prims/jni.cpp, line 616]
Event: 926.753 Thread 0x000001938105b800 Exception <a 'sun/nio/fs/WindowsException'{0x0000000090ff7af0}> (0x0000000090ff7af0) thrown at [./src/hotspot/share/prims/jni.cpp, line 616]
Event: 926.758 Thread 0x000001938105b800 Exception <a 'sun/nio/fs/WindowsException'{0x0000000090e944a0}> (0x0000000090e944a0) thrown at [./src/hotspot/share/prims/jni.cpp, line 616]
Event: 926.758 Thread 0x000001938105b800 Exception <a 'sun/nio/fs/WindowsException'{0x0000000090e95828}> (0x0000000090e95828) thrown at [./src/hotspot/share/prims/jni.cpp, line 616]
Event: 926.758 Thread 0x000001938105b800 Exception <a 'sun/nio/fs/WindowsException'{0x0000000090e96c00}> (0x0000000090e96c00) thrown at [./src/hotspot/share/prims/jni.cpp, line 616]
Event: 926.759 Thread 0x000001938105b800 Exception <a 'sun/nio/fs/WindowsException'{0x0000000090e97fd8}> (0x0000000090e97fd8) thrown at [./src/hotspot/share/prims/jni.cpp, line 616]

Events (20 events):
Event: 927.520 Executing VM operation: RevokeBias done
Event: 927.529 Thread 0x0000019385c88800 Thread added: 0x0000019385c88800
Event: 927.553 Executing VM operation: G1CollectForAllocation
Event: 927.558 Executing VM operation: G1CollectForAllocation done
Event: 927.624 Executing VM operation: RevokeBias
Event: 927.625 Executing VM operation: RevokeBias done
Event: 927.625 Executing VM operation: RevokeBias
Event: 927.625 Executing VM operation: RevokeBias done
Event: 927.625 Executing VM operation: RevokeBias
Event: 927.626 Executing VM operation: RevokeBias done
Event: 927.626 Thread 0x0000019385c88800 Thread exited: 0x0000019385c88800
Event: 927.633 Thread 0x0000019385c88800 Thread added: 0x0000019385c88800
Event: 927.679 Executing VM operation: RevokeBias
Event: 927.679 Executing VM operation: RevokeBias done
Event: 927.679 Executing VM operation: RevokeBias
Event: 927.679 Executing VM operation: RevokeBias done
Event: 927.679 Executing VM operation: RevokeBias
Event: 927.679 Executing VM operation: RevokeBias done
Event: 927.679 Thread 0x0000019385c88800 Thread exited: 0x0000019385c88800
Event: 927.800 Thread 0x0000019385c88800 Thread added: 0x0000019385c88800


Dynamic libraries:
0x00007ff648f70000 - 0x00007ff648f7a000 	C:\Program Files\Android\Android Studio\jre\bin\java.exe
0x00007ffd43d50000 - 0x00007ffd43f64000 	C:\Windows\SYSTEM32\ntdll.dll
0x00007ffd431a0000 - 0x00007ffd43262000 	C:\Windows\System32\KERNEL32.DLL
0x00007ffd415f0000 - 0x00007ffd4198c000 	C:\Windows\System32\KERNELBASE.dll
0x00007ffd41990000 - 0x00007ffd41aa1000 	C:\Windows\System32\ucrtbase.dll
0x00007ffd05ca0000 - 0x00007ffd05cb9000 	C:\Program Files\Android\Android Studio\jre\bin\jli.dll
0x00007ffd04be0000 - 0x00007ffd04bf7000 	C:\Program Files\Android\Android Studio\jre\bin\VCRUNTIME140.dll
0x00007ffd434e0000 - 0x00007ffd4368a000 	C:\Windows\System32\USER32.dll
0x00007ffd414a0000 - 0x00007ffd414c6000 	C:\Windows\System32\win32u.dll
0x00007ffd29dd0000 - 0x00007ffd2a05e000 	C:\Windows\WinSxS\amd64_microsoft.windows.common-controls_6595b64144ccf1df_6.0.22621.608_none_a9444ca7c10bb01d\COMCTL32.dll
0x00007ffd43bc0000 - 0x00007ffd43be9000 	C:\Windows\System32\GDI32.dll
0x00007ffd414d0000 - 0x00007ffd415e2000 	C:\Windows\System32\gdi32full.dll
0x00007ffd43430000 - 0x00007ffd434d7000 	C:\Windows\System32\msvcrt.dll
0x00007ffd41ab0000 - 0x00007ffd41b4a000 	C:\Windows\System32\msvcp_win.dll
0x00007ffd427b0000 - 0x00007ffd427e1000 	C:\Windows\System32\IMM32.DLL
0x00007ffd04790000 - 0x00007ffd0482d000 	C:\Program Files\Android\Android Studio\jre\bin\msvcp140.dll
0x00007ffcc4e70000 - 0x00007ffcc5972000 	C:\Program Files\Android\Android Studio\jre\bin\server\jvm.dll
0x00007ffd42450000 - 0x00007ffd424fe000 	C:\Windows\System32\ADVAPI32.dll
0x00007ffd43270000 - 0x00007ffd43314000 	C:\Windows\System32\sechost.dll
0x00007ffd41b50000 - 0x00007ffd41c65000 	C:\Windows\System32\RPCRT4.dll
0x00007ffd43420000 - 0x00007ffd43428000 	C:\Windows\System32\PSAPI.DLL
0x00007ffd38530000 - 0x00007ffd38564000 	C:\Windows\SYSTEM32\WINMM.dll
0x00007ffd39f60000 - 0x00007ffd39f6a000 	C:\Windows\SYSTEM32\VERSION.dll
0x00007ffd1e850000 - 0x00007ffd1e859000 	C:\Windows\SYSTEM32\WSOCK32.dll
0x00007ffd42c70000 - 0x00007ffd42ce1000 	C:\Windows\System32\WS2_32.dll
0x00007ffd40170000 - 0x00007ffd40188000 	C:\Windows\SYSTEM32\kernel.appcore.dll
0x00007ffd25ac0000 - 0x00007ffd25ad1000 	C:\Program Files\Android\Android Studio\jre\bin\verify.dll
0x00007ffd2ed50000 - 0x00007ffd2ef7e000 	C:\Windows\SYSTEM32\DBGHELP.DLL
0x00007ffd43690000 - 0x00007ffd43a19000 	C:\Windows\System32\combase.dll
0x00007ffd42a70000 - 0x00007ffd42b47000 	C:\Windows\System32\OLEAUT32.dll
0x00007ffd21500000 - 0x00007ffd21532000 	C:\Windows\SYSTEM32\dbgcore.DLL
0x00007ffd41180000 - 0x00007ffd411fb000 	C:\Windows\System32\bcryptPrimitives.dll
0x00007ffd05d10000 - 0x00007ffd05d39000 	C:\Program Files\Android\Android Studio\jre\bin\java.dll
0x00007ffd38b80000 - 0x00007ffd38b8b000 	C:\Program Files\Android\Android Studio\jre\bin\jimage.dll
0x00007ffd1ce40000 - 0x00007ffd1ce58000 	C:\Program Files\Android\Android Studio\jre\bin\zip.dll
0x00007ffd41c70000 - 0x00007ffd4244d000 	C:\Windows\System32\SHELL32.dll
0x00007ffd3f190000 - 0x00007ffd3fa47000 	C:\Windows\SYSTEM32\windows.storage.dll
0x00007ffd3f050000 - 0x00007ffd3f18d000 	C:\Windows\SYSTEM32\wintypes.dll
0x00007ffd43320000 - 0x00007ffd43411000 	C:\Windows\System32\SHCORE.dll
0x00007ffd42750000 - 0x00007ffd427ae000 	C:\Windows\System32\shlwapi.dll
0x00007ffd410b0000 - 0x00007ffd410d1000 	C:\Windows\SYSTEM32\profapi.dll
0x00007ffd1cac0000 - 0x00007ffd1cada000 	C:\Program Files\Android\Android Studio\jre\bin\net.dll
0x00007ffd3a3d0000 - 0x00007ffd3a4ff000 	C:\Windows\SYSTEM32\WINHTTP.dll
0x00007ffd40610000 - 0x00007ffd40679000 	C:\Windows\system32\mswsock.dll
0x00007ffd08310000 - 0x00007ffd08324000 	C:\Program Files\Android\Android Studio\jre\bin\nio.dll
0x00007ffd04870000 - 0x00007ffd04897000 	C:\Users\Nauruz\.gradle\native\e1d6ef7f7dcc3fd88c89a11ec53ec762bb8ba0a96d01ffa2cd45eb1d1d8dd5c5\windows-amd64\native-platform.dll
0x00007ffcec820000 - 0x00007ffcec964000 	C:\Users\Nauruz\.gradle\native\5664cfc778a61ccfe75a443a1ab52a65af34e5dc3c78e0209fed803814484fcb\windows-amd64\native-platform-file-events.dll
0x00007ffd25a20000 - 0x00007ffd25a2a000 	C:\Program Files\Android\Android Studio\jre\bin\management.dll
0x00007ffd257b0000 - 0x00007ffd257bd000 	C:\Program Files\Android\Android Studio\jre\bin\management_ext.dll
0x00007ffd40920000 - 0x00007ffd4093b000 	C:\Windows\SYSTEM32\CRYPTSP.dll
0x00007ffd40130000 - 0x00007ffd40165000 	C:\Windows\system32\rsaenh.dll
0x00007ffd406b0000 - 0x00007ffd406d8000 	C:\Windows\SYSTEM32\USERENV.dll
0x00007ffd40b00000 - 0x00007ffd40b28000 	C:\Windows\SYSTEM32\bcrypt.dll
0x00007ffd40900000 - 0x00007ffd4090c000 	C:\Windows\SYSTEM32\CRYPTBASE.dll
0x00007ffd3fca0000 - 0x00007ffd3fccd000 	C:\Windows\SYSTEM32\IPHLPAPI.DLL
0x00007ffd425d0000 - 0x00007ffd425d9000 	C:\Windows\System32\NSI.dll
0x00007ffd3a3b0000 - 0x00007ffd3a3c9000 	C:\Windows\SYSTEM32\dhcpcsvc6.DLL
0x00007ffd3a290000 - 0x00007ffd3a2af000 	C:\Windows\SYSTEM32\dhcpcsvc.DLL
0x00007ffd3fd10000 - 0x00007ffd3fe02000 	C:\Windows\SYSTEM32\DNSAPI.dll
0x00007ffd38cd0000 - 0x00007ffd38cee000 	C:\Users\Nauruz\AppData\Local\Temp\native-platform6382667233433933405dir\native-platform.dll

dbghelp: loaded successfully - version: 4.0.5 - missing functions: none
symbol engine: initialized successfully - sym options: 0x614 - pdb path: .;C:\Program Files\Android\Android Studio\jre\bin;C:\Windows\SYSTEM32;C:\Windows\WinSxS\amd64_microsoft.windows.common-controls_6595b64144ccf1df_6.0.22621.608_none_a9444ca7c10bb01d;C:\Program Files\Android\Android Studio\jre\bin\server;C:\Users\Nauruz\.gradle\native\e1d6ef7f7dcc3fd88c89a11ec53ec762bb8ba0a96d01ffa2cd45eb1d1d8dd5c5\windows-amd64;C:\Users\Nauruz\.gradle\native\5664cfc778a61ccfe75a443a1ab52a65af34e5dc3c78e0209fed803814484fcb\windows-amd64;C:\Users\Nauruz\AppData\Local\Temp\native-platform6382667233433933405dir

VM Arguments:
jvm_args: --add-opens=java.base/java.util=ALL-UNNAMED --add-opens=java.base/java.lang=ALL-UNNAMED --add-opens=java.base/java.lang.invoke=ALL-UNNAMED --add-opens=java.base/java.util=ALL-UNNAMED --add-opens=java.prefs/java.util.prefs=ALL-UNNAMED --add-opens=java.prefs/java.util.prefs=ALL-UNNAMED --add-opens=java.base/java.nio.charset=ALL-UNNAMED --add-opens=java.base/java.net=ALL-UNNAMED --add-opens=java.base/java.util.concurrent.atomic=ALL-UNNAMED -Xmx2048m -Dfile.encoding=UTF-8 -Duser.country=RU -Duser.language=ru -Duser.variant 
java_command: org.gradle.launcher.daemon.bootstrap.GradleDaemon 7.2
java_class_path (initial): C:\Users\Nauruz\.gradle\wrapper\dists\gradle-7.2-bin\2dnblmf4td7x66yl1d74lt32g\gradle-7.2\lib\gradle-launcher-7.2.jar
Launcher Type: SUN_STANDARD

[Global flags]
     intx CICompilerCount                          = 3                                         {product} {ergonomic}
     uint ConcGCThreads                            = 2                                         {product} {ergonomic}
     uint G1ConcRefinementThreads                  = 6                                         {product} {ergonomic}
   size_t G1HeapRegionSize                         = 1048576                                   {product} {ergonomic}
    uintx GCDrainStackTargetSize                   = 64                                        {product} {ergonomic}
   size_t InitialHeapSize                          = 257949696                                 {product} {ergonomic}
   size_t MarkStackSize                            = 4194304                                   {product} {ergonomic}
   size_t MaxHeapSize                              = 2147483648                                {product} {command line}
   size_t MaxNewSize                               = 1287651328                                {product} {ergonomic}
   size_t MinHeapDeltaBytes                        = 1048576                                   {product} {ergonomic}
    uintx NonNMethodCodeHeapSize                   = 5830732                                {pd product} {ergonomic}
    uintx NonProfiledCodeHeapSize                  = 122913754                              {pd product} {ergonomic}
    uintx ProfiledCodeHeapSize                     = 122913754                              {pd product} {ergonomic}
    uintx ReservedCodeCacheSize                    = 251658240                              {pd product} {ergonomic}
     bool SegmentedCodeCache                       = true                                      {product} {ergonomic}
     bool UseCompressedClassPointers               = true                                 {lp64_product} {ergonomic}
     bool UseCompressedOops                        = true                                 {lp64_product} {ergonomic}
     bool UseG1GC                                  = true                                      {product} {ergonomic}
     bool UseLargePagesIndividualAllocation        = false                                  {pd product} {ergonomic}

Logging:
Log output configuration:
 #0: stdout all=warning uptime,level,tags
 #1: stderr all=off uptime,level,tags

Environment Variables:
JAVA_HOME=C:\Program Files\Java\jdk1.8.0_202
PATH=C:\Program Files (x86)\Common Files\Oracle\Java\javapath;C:\Windows\system32;C:\Windows;C:\Windows\System32\Wbem;C:\Windows\System32\WindowsPowerShell\v1.0\;C:\Windows\System32\OpenSSH\;C:\Program Files\Git\cmd;C:\Program Files\maven\bin;C:\flyway-9.6.0;C:\Users\Nauruz\AppData\Local\Microsoft\WindowsApps;
USERNAME=Nauruz
OS=Windows_NT
PROCESSOR_IDENTIFIER=AMD64 Family 23 Model 96 Stepping 1, AuthenticAMD



---------------  S Y S T E M  ---------------

OS: Windows 11 , 64 bit Build 22621 (10.0.22621.608)
OS uptime: 0 days 15:26 hours
Hyper-V role detected

CPU:total 6 (initial active 6) (6 cores per cpu, 1 threads per core) family 23 model 96 stepping 1 microcode 0x0, cmov, cx8, fxsr, mmx, sse, sse2, sse3, ssse3, sse4.1, sse4.2, popcnt, avx, avx2, aes, clmul, mmxext, 3dnowpref, lzcnt, sse4a, tsc, tscinvbit, tscinv, bmi1, bmi2, adx, sha, fma

Memory: 4k page, system-wide physical 15733M (3900M free)
TotalPageFile size 15733M (AvailPageFile size 64M)
current process WorkingSet (physical memory assigned to process): 620M, peak: 626M
current process commit charge ("private bytes"): 672M, peak: 676M

vm_info: OpenJDK 64-Bit Server VM (11.0.13+0-b1751.21-8125866) for windows-amd64 JRE (11.0.13+0-b1751.21-8125866), built on Feb  2 2022 03:00:22 by "builder" with MS VC++ 14.0 (VS2015)

END.
