#
# There is insufficient memory for the Java Runtime Environment to continue.
# Native memory allocation (mmap) failed to map 135266304 bytes for Failed to commit area from 0x0000000719800000 to 0x0000000721900000 of length 135266304.
# Possible reasons:
#   The system is out of physical RAM or swap space
#   The process is running with CompressedOops enabled, and the Java Heap may be blocking the growth of the native heap
# Possible solutions:
#   Reduce memory load on the system
#   Increase physical memory or swap space
#   Check if swap backing store is full
#   Decrease Java heap size (-Xmx/-Xms)
#   Decrease number of Java threads
#   Decrease Java thread stack sizes (-Xss)
#   Set larger code cache with -XX:ReservedCodeCacheSize=
#   JVM is running with Zero Based Compressed Oops mode in which the Java heap is
#     placed in the first 32GB address space. The Java Heap base address is the
#     maximum limit for the native heap growth. Please use -XX:HeapBaseMinAddress
#     to set the Java Heap base and to place the Java Heap above 32GB virtual address.
# This output file may be truncated or incomplete.
#
#  Out of Memory Error (./src/hotspot/os/windows/os_windows.cpp:3619), pid=7260, tid=11980
#
# JRE version: OpenJDK Runtime Environment (11.0.13) (build 11.0.13+0-b1751.21-8125866)
# Java VM: OpenJDK 64-Bit Server VM (11.0.13+0-b1751.21-8125866, mixed mode, tiered, compressed oops, g1 gc, windows-amd64)
# No core dump will be written. Minidumps are not enabled by default on client versions of Windows
#

---------------  S U M M A R Y ------------

Command Line: org.jetbrains.kotlin.cli.jvm.K2JVMCompiler @C:\Users\Nauruz\AndroidStudioProjects\FakeStore\app\build\20221030_4049890053130453801.compiler.options

Host: AMD Ryzen 5 4500U with Radeon Graphics         , 6 cores, 15G,  Windows 11 , 64 bit Build 22621 (10.0.22621.608)
Time: Sun Oct 30 08:33:06 2022 RTZ 2 (зима) elapsed time: 4.332461 seconds (0d 0h 0m 4s)

---------------  T H R E A D  ---------------

Current thread (0x0000017f047c1000):  VMThread "VM Thread" [stack: 0x0000004242c00000,0x0000004242d00000] [id=11980]

Stack: [0x0000004242c00000,0x0000004242d00000]
[error occurred during error reporting (printing stack bounds), id 0xc0000005, EXCEPTION_ACCESS_VIOLATION (0xc0000005) at pc=0x0000017f68ba112d]

Native frames: (J=compiled Java code, j=interpreted, Vv=VM code, C=native code)
V  [jvm.dll+0x6100fa]
V  [jvm.dll+0x747090]
V  [jvm.dll+0x7486ad]
V  [jvm.dll+0x748ce5]
V  [jvm.dll+0x748c9b]
V  [jvm.dll+0x60f224]
V  [jvm.dll+0x60f9b8]
C  [ntdll.dll+0xa3e1f]
C  [ntdll.dll+0x1eae6]
C  [ntdll.dll+0xa2e0e]
C  0x0000017f68ba112d

VM_Operation (0x00000042426fc770): G1CollectForAllocation, mode: safepoint, requested by thread 0x0000017f638b7800


---------------  P R O C E S S  ---------------

Threads class SMR info:
_java_thread_list=0x0000017f05069510, length=11, elements={
0x0000017f638b7800, 0x0000017f047c4000, 0x0000017f047e8800, 0x0000017f0484a000,
0x0000017f0484d000, 0x0000017f0484e000, 0x0000017f04850000, 0x0000017f04851800,
0x0000017f04855000, 0x0000017f049c0800, 0x0000017f050d9800
}

Java Threads: ( => current thread )
  0x0000017f638b7800 JavaThread "main" [_thread_blocked, id=1576, stack(0x0000004242600000,0x0000004242700000)]
  0x0000017f047c4000 JavaThread "Reference Handler" daemon [_thread_blocked, id=15440, stack(0x0000004242d00000,0x0000004242e00000)]
  0x0000017f047e8800 JavaThread "Finalizer" daemon [_thread_blocked, id=600, stack(0x0000004242e00000,0x0000004242f00000)]
  0x0000017f0484a000 JavaThread "Signal Dispatcher" daemon [_thread_blocked, id=10788, stack(0x0000004242f00000,0x0000004243000000)]
  0x0000017f0484d000 JavaThread "Attach Listener" daemon [_thread_blocked, id=6548, stack(0x0000004243000000,0x0000004243100000)]
  0x0000017f0484e000 JavaThread "Service Thread" daemon [_thread_blocked, id=13264, stack(0x0000004243100000,0x0000004243200000)]
  0x0000017f04850000 JavaThread "C2 CompilerThread0" daemon [_thread_blocked, id=8172, stack(0x0000004243200000,0x0000004243300000)]
  0x0000017f04851800 JavaThread "C1 CompilerThread0" daemon [_thread_blocked, id=2220, stack(0x0000004243300000,0x0000004243400000)]
  0x0000017f04855000 JavaThread "Sweeper thread" daemon [_thread_blocked, id=7552, stack(0x0000004243400000,0x0000004243500000)]
  0x0000017f049c0800 JavaThread "Common-Cleaner" daemon [_thread_blocked, id=10920, stack(0x0000004243600000,0x0000004243700000)]
  0x0000017f050d9800 JavaThread "C2 CompilerThread1" daemon [_thread_blocked, id=11904, stack(0x0000004243b00000,0x0000004243c00000)]

Other Threads:
=>0x0000017f047c1000 VMThread "VM Thread" [stack: 0x0000004242c00000,0x0000004242d00000] [id=11980]
  0x0000017f049bd000 WatcherThread [stack: 0x0000004243500000,0x0000004243600000] [id=8740]
  0x0000017f638cf000 GCTaskThread "GC Thread#0" [stack: 0x0000004242700000,0x0000004242800000] [id=1752]
  0x0000017f04e70000 GCTaskThread "GC Thread#1" [stack: 0x0000004243700000,0x0000004243800000] [id=4132]
  0x0000017f04e71000 GCTaskThread "GC Thread#2" [stack: 0x0000004243800000,0x0000004243900000] [id=12836]
  0x0000017f05006800 GCTaskThread "GC Thread#3" [stack: 0x0000004243900000,0x0000004243a00000] [id=3704]
  0x0000017f05007000 GCTaskThread "GC Thread#4" [stack: 0x0000004243a00000,0x0000004243b00000] [id=10564]
  0x0000017f63927800 ConcurrentGCThread "G1 Main Marker" [stack: 0x0000004242800000,0x0000004242900000] [id=16064]
  0x0000017f63929800 ConcurrentGCThread "G1 Conc#0" [stack: 0x0000004242900000,0x0000004242a00000] [id=15864]
  0x0000017f053c6000 ConcurrentGCThread "G1 Conc#1" [stack: 0x0000004243c00000,0x0000004243d00000] [id=11644]
  0x0000017f03e29000 ConcurrentGCThread "G1 Refine#0" [stack: 0x0000004242a00000,0x0000004242b00000] [id=5156]
  0x0000017f05de3800 ConcurrentGCThread "G1 Refine#1" [stack: 0x0000004243d00000,0x0000004243e00000] [id=12112]
  0x0000017f03e2c000 ConcurrentGCThread "G1 Young RemSet Sampling" [stack: 0x0000004242b00000,0x0000004242c00000] [id=14920]

Threads with active compile tasks:
C2 CompilerThread0   4337 3721   !   4       java.util.jar.JarFile$JarFileEntry::getCodeSigners (81 bytes)
C1 CompilerThread0   4337 3790   !   3       org.jetbrains.kotlin.metadata.ProtoBuf$Annotation::<init> (344 bytes)
C2 CompilerThread1   4337 3711       4       sun.nio.fs.WindowsPathParser::normalize (233 bytes)

VM state:at safepoint (normal execution)

VM Mutex/Monitor currently owned by a thread:  ([mutex/lock_event])
[0x0000017f638b35b0] Threads_lock - owner thread: 0x0000017f047c1000
[0x0000017f638b3010] Heap_lock - owner thread: 0x0000017f638b7800

Heap address: 0x000000070a200000, size: 3934 MB, Compressed Oops mode: Zero based, Oop shift amount: 3
Narrow klass base: 0x0000000800000000, Narrow klass shift: 0
Compressed class space size: 1073741824 Address: 0x0000000800000000

Heap:
 garbage-first heap   total 384000K, used 30781K [0x000000070a200000, 0x0000000800000000)
  region size 1024K, 9 young (9216K), 9 survivors (9216K)
 Metaspace       used 47182K, capacity 47752K, committed 47952K, reserved 1091584K
  class space    used 5535K, capacity 5768K, committed 5888K, reserved 1048576K
Heap Regions: E=young(eden), S=young(survivor), O=old, HS=humongous(starts), HC=humongous(continues), CS=collection set, F=free, A=archive, TAMS=top-at-mark-start (previous, next)
|   0|0x000000070a200000, 0x000000070a300000, 0x000000070a300000|100%|HS|  |TAMS 0x000000070a300000, 0x000000070a200000| Complete 
|   1|0x000000070a300000, 0x000000070a400000, 0x000000070a400000|100%|HC|  |TAMS 0x000000070a400000, 0x000000070a300000| Complete 
|   2|0x000000070a400000, 0x000000070a500000, 0x000000070a500000|100%|HC|  |TAMS 0x000000070a500000, 0x000000070a400000| Complete 
|   3|0x000000070a500000, 0x000000070a600000, 0x000000070a600000|100%|HS|  |TAMS 0x000000070a600000, 0x000000070a500000| Complete 
|   4|0x000000070a600000, 0x000000070a700000, 0x000000070a700000|100%|HC|  |TAMS 0x000000070a700000, 0x000000070a600000| Complete 
|   5|0x000000070a700000, 0x000000070a800000, 0x000000070a800000|100%|HC|  |TAMS 0x000000070a800000, 0x000000070a700000| Complete 
|   6|0x000000070a800000, 0x000000070a800000, 0x000000070a900000|  0%| F|  |TAMS 0x000000070a800000, 0x000000070a800000| Untracked 
|   7|0x000000070a900000, 0x000000070a900000, 0x000000070aa00000|  0%| F|  |TAMS 0x000000070a900000, 0x000000070a900000| Untracked 
|   8|0x000000070aa00000, 0x000000070ab00000, 0x000000070ab00000|100%| O|  |TAMS 0x000000070ab00000, 0x000000070aa00000| Untracked 
|   9|0x000000070ab00000, 0x000000070ac00000, 0x000000070ac00000|100%| O|  |TAMS 0x000000070ac00000, 0x000000070ab00000| Untracked 
|  10|0x000000070ac00000, 0x000000070ad00000, 0x000000070ad00000|100%| O|  |TAMS 0x000000070ad00000, 0x000000070ac00000| Untracked 
|  11|0x000000070ad00000, 0x000000070ae00000, 0x000000070ae00000|100%| O|  |TAMS 0x000000070ae00000, 0x000000070ad00000| Untracked 
|  12|0x000000070ae00000, 0x000000070af00000, 0x000000070af00000|100%| O|  |TAMS 0x000000070af00000, 0x000000070ae00000| Untracked 
|  13|0x000000070af00000, 0x000000070b000000, 0x000000070b000000|100%| O|  |TAMS 0x000000070b000000, 0x000000070af00000| Untracked 
|  14|0x000000070b000000, 0x000000070b100000, 0x000000070b100000|100%| O|  |TAMS 0x000000070b100000, 0x000000070b000000| Untracked 
|  15|0x000000070b100000, 0x000000070b200000, 0x000000070b200000|100%| O|  |TAMS 0x000000070b200000, 0x000000070b100000| Untracked 
|  16|0x000000070b200000, 0x000000070b300000, 0x000000070b300000|100%| O|  |TAMS 0x000000070b300000, 0x000000070b200000| Untracked 
|  17|0x000000070b300000, 0x000000070b400000, 0x000000070b400000|100%| O|  |TAMS 0x000000070b400000, 0x000000070b300000| Untracked 
|  18|0x000000070b400000, 0x000000070b500000, 0x000000070b500000|100%| O|  |TAMS 0x000000070b500000, 0x000000070b400000| Untracked 
|  19|0x000000070b500000, 0x000000070b600000, 0x000000070b600000|100%| O|  |TAMS 0x000000070b600000, 0x000000070b500000| Untracked 
|  20|0x000000070b600000, 0x000000070b700000, 0x000000070b700000|100%| O|  |TAMS 0x000000070b700000, 0x000000070b600000| Untracked 
|  21|0x000000070b700000, 0x000000070b730a00, 0x000000070b800000| 18%| O|  |TAMS 0x000000070b730a00, 0x000000070b700000| Untracked 
|  22|0x000000070b800000, 0x000000070b900000, 0x000000070b900000|100%|HS|  |TAMS 0x000000070b800000, 0x000000070b800000| Complete 
|  23|0x000000070b900000, 0x000000070ba00000, 0x000000070ba00000|100%|HC|  |TAMS 0x000000070b900000, 0x000000070b900000| Complete 
|  24|0x000000070ba00000, 0x000000070ba00000, 0x000000070bb00000|  0%| F|  |TAMS 0x000000070ba00000, 0x000000070ba00000| Untracked 
|  25|0x000000070bb00000, 0x000000070bb00000, 0x000000070bc00000|  0%| F|  |TAMS 0x000000070bb00000, 0x000000070bb00000| Untracked 
|  26|0x000000070bc00000, 0x000000070bc00000, 0x000000070bd00000|  0%| F|  |TAMS 0x000000070bc00000, 0x000000070bc00000| Untracked 
|  27|0x000000070bd00000, 0x000000070bd00000, 0x000000070be00000|  0%| F|  |TAMS 0x000000070bd00000, 0x000000070bd00000| Untracked 
|  28|0x000000070be00000, 0x000000070be00000, 0x000000070bf00000|  0%| F|  |TAMS 0x000000070be00000, 0x000000070be00000| Untracked 
|  29|0x000000070bf00000, 0x000000070bf00000, 0x000000070c000000|  0%| F|  |TAMS 0x000000070bf00000, 0x000000070bf00000| Untracked 
|  30|0x000000070c000000, 0x000000070c000000, 0x000000070c100000|  0%| F|  |TAMS 0x000000070c000000, 0x000000070c000000| Untracked 
|  31|0x000000070c100000, 0x000000070c100000, 0x000000070c200000|  0%| F|  |TAMS 0x000000070c100000, 0x000000070c100000| Untracked 
|  32|0x000000070c200000, 0x000000070c200000, 0x000000070c300000|  0%| F|  |TAMS 0x000000070c200000, 0x000000070c200000| Untracked 
|  33|0x000000070c300000, 0x000000070c300000, 0x000000070c400000|  0%| F|  |TAMS 0x000000070c300000, 0x000000070c300000| Untracked 
|  34|0x000000070c400000, 0x000000070c400000, 0x000000070c500000|  0%| F|  |TAMS 0x000000070c400000, 0x000000070c400000| Untracked 
|  35|0x000000070c500000, 0x000000070c500000, 0x000000070c600000|  0%| F|  |TAMS 0x000000070c500000, 0x000000070c500000| Untracked 
|  36|0x000000070c600000, 0x000000070c600000, 0x000000070c700000|  0%| F|  |TAMS 0x000000070c600000, 0x000000070c600000| Untracked 
|  37|0x000000070c700000, 0x000000070c700000, 0x000000070c800000|  0%| F|  |TAMS 0x000000070c700000, 0x000000070c700000| Untracked 
|  38|0x000000070c800000, 0x000000070c800000, 0x000000070c900000|  0%| F|  |TAMS 0x000000070c800000, 0x000000070c800000| Untracked 
|  39|0x000000070c900000, 0x000000070c900000, 0x000000070ca00000|  0%| F|  |TAMS 0x000000070c900000, 0x000000070c900000| Untracked 
|  40|0x000000070ca00000, 0x000000070ca00000, 0x000000070cb00000|  0%| F|  |TAMS 0x000000070ca00000, 0x000000070ca00000| Untracked 
|  41|0x000000070cb00000, 0x000000070cb00000, 0x000000070cc00000|  0%| F|  |TAMS 0x000000070cb00000, 0x000000070cb00000| Untracked 
|  42|0x000000070cc00000, 0x000000070cc00000, 0x000000070cd00000|  0%| F|  |TAMS 0x000000070cc00000, 0x000000070cc00000| Untracked 
|  43|0x000000070cd00000, 0x000000070cd00000, 0x000000070ce00000|  0%| F|  |TAMS 0x000000070cd00000, 0x000000070cd00000| Untracked 
|  44|0x000000070ce00000, 0x000000070ce00000, 0x000000070cf00000|  0%| F|  |TAMS 0x000000070ce00000, 0x000000070ce00000| Untracked 
|  45|0x000000070cf00000, 0x000000070cf00000, 0x000000070d000000|  0%| F|  |TAMS 0x000000070cf00000, 0x000000070cf00000| Untracked 
|  46|0x000000070d000000, 0x000000070d000000, 0x000000070d100000|  0%| F|  |TAMS 0x000000070d000000, 0x000000070d000000| Untracked 
|  47|0x000000070d100000, 0x000000070d100000, 0x000000070d200000|  0%| F|  |TAMS 0x000000070d100000, 0x000000070d100000| Untracked 
|  48|0x000000070d200000, 0x000000070d200000, 0x000000070d300000|  0%| F|  |TAMS 0x000000070d200000, 0x000000070d200000| Untracked 
|  49|0x000000070d300000, 0x000000070d300000, 0x000000070d400000|  0%| F|  |TAMS 0x000000070d300000, 0x000000070d300000| Untracked 
|  50|0x000000070d400000, 0x000000070d400000, 0x000000070d500000|  0%| F|  |TAMS 0x000000070d400000, 0x000000070d400000| Untracked 
|  51|0x000000070d500000, 0x000000070d500000, 0x000000070d600000|  0%| F|  |TAMS 0x000000070d500000, 0x000000070d500000| Untracked 
|  52|0x000000070d600000, 0x000000070d600000, 0x000000070d700000|  0%| F|  |TAMS 0x000000070d600000, 0x000000070d600000| Untracked 
|  53|0x000000070d700000, 0x000000070d700000, 0x000000070d800000|  0%| F|  |TAMS 0x000000070d700000, 0x000000070d700000| Untracked 
|  54|0x000000070d800000, 0x000000070d800000, 0x000000070d900000|  0%| F|  |TAMS 0x000000070d800000, 0x000000070d800000| Untracked 
|  55|0x000000070d900000, 0x000000070d900000, 0x000000070da00000|  0%| F|  |TAMS 0x000000070d900000, 0x000000070d900000| Untracked 
|  56|0x000000070da00000, 0x000000070da00000, 0x000000070db00000|  0%| F|  |TAMS 0x000000070da00000, 0x000000070da00000| Untracked 
|  57|0x000000070db00000, 0x000000070db00000, 0x000000070dc00000|  0%| F|  |TAMS 0x000000070db00000, 0x000000070db00000| Untracked 
|  58|0x000000070dc00000, 0x000000070dc00000, 0x000000070dd00000|  0%| F|  |TAMS 0x000000070dc00000, 0x000000070dc00000| Untracked 
|  59|0x000000070dd00000, 0x000000070dd00000, 0x000000070de00000|  0%| F|  |TAMS 0x000000070dd00000, 0x000000070dd00000| Untracked 
|  60|0x000000070de00000, 0x000000070de00000, 0x000000070df00000|  0%| F|  |TAMS 0x000000070de00000, 0x000000070de00000| Untracked 
|  61|0x000000070df00000, 0x000000070df00000, 0x000000070e000000|  0%| F|  |TAMS 0x000000070df00000, 0x000000070df00000| Untracked 
|  62|0x000000070e000000, 0x000000070e000000, 0x000000070e100000|  0%| F|  |TAMS 0x000000070e000000, 0x000000070e000000| Untracked 
|  63|0x000000070e100000, 0x000000070e100000, 0x000000070e200000|  0%| F|  |TAMS 0x000000070e100000, 0x000000070e100000| Untracked 
|  64|0x000000070e200000, 0x000000070e200000, 0x000000070e300000|  0%| F|  |TAMS 0x000000070e200000, 0x000000070e200000| Untracked 
|  65|0x000000070e300000, 0x000000070e300000, 0x000000070e400000|  0%| F|  |TAMS 0x000000070e300000, 0x000000070e300000| Untracked 
|  66|0x000000070e400000, 0x000000070e400000, 0x000000070e500000|  0%| F|  |TAMS 0x000000070e400000, 0x000000070e400000| Untracked 
|  67|0x000000070e500000, 0x000000070e500000, 0x000000070e600000|  0%| F|  |TAMS 0x000000070e500000, 0x000000070e500000| Untracked 
|  68|0x000000070e600000, 0x000000070e600000, 0x000000070e700000|  0%| F|  |TAMS 0x000000070e600000, 0x000000070e600000| Untracked 
|  69|0x000000070e700000, 0x000000070e700000, 0x000000070e800000|  0%| F|  |TAMS 0x000000070e700000, 0x000000070e700000| Untracked 
|  70|0x000000070e800000, 0x000000070e800000, 0x000000070e900000|  0%| F|  |TAMS 0x000000070e800000, 0x000000070e800000| Untracked 
|  71|0x000000070e900000, 0x000000070e900000, 0x000000070ea00000|  0%| F|  |TAMS 0x000000070e900000, 0x000000070e900000| Untracked 
|  72|0x000000070ea00000, 0x000000070ea00000, 0x000000070eb00000|  0%| F|  |TAMS 0x000000070ea00000, 0x000000070ea00000| Untracked 
|  73|0x000000070eb00000, 0x000000070eb00000, 0x000000070ec00000|  0%| F|  |TAMS 0x000000070eb00000, 0x000000070eb00000| Untracked 
|  74|0x000000070ec00000, 0x000000070ec00000, 0x000000070ed00000|  0%| F|  |TAMS 0x000000070ec00000, 0x000000070ec00000| Untracked 
|  75|0x000000070ed00000, 0x000000070ed00000, 0x000000070ee00000|  0%| F|  |TAMS 0x000000070ed00000, 0x000000070ed00000| Untracked 
|  76|0x000000070ee00000, 0x000000070ee00000, 0x000000070ef00000|  0%| F|  |TAMS 0x000000070ee00000, 0x000000070ee00000| Untracked 
|  77|0x000000070ef00000, 0x000000070ef00000, 0x000000070f000000|  0%| F|  |TAMS 0x000000070ef00000, 0x000000070ef00000| Untracked 
|  78|0x000000070f000000, 0x000000070f000000, 0x000000070f100000|  0%| F|  |TAMS 0x000000070f000000, 0x000000070f000000| Untracked 
|  79|0x000000070f100000, 0x000000070f100000, 0x000000070f200000|  0%| F|  |TAMS 0x000000070f100000, 0x000000070f100000| Untracked 
|  80|0x000000070f200000, 0x000000070f200000, 0x000000070f300000|  0%| F|  |TAMS 0x000000070f200000, 0x000000070f200000| Untracked 
|  81|0x000000070f300000, 0x000000070f300000, 0x000000070f400000|  0%| F|  |TAMS 0x000000070f300000, 0x000000070f300000| Untracked 
|  82|0x000000070f400000, 0x000000070f400000, 0x000000070f500000|  0%| F|  |TAMS 0x000000070f400000, 0x000000070f400000| Untracked 
|  83|0x000000070f500000, 0x000000070f500000, 0x000000070f600000|  0%| F|  |TAMS 0x000000070f500000, 0x000000070f500000| Untracked 
|  84|0x000000070f600000, 0x000000070f600000, 0x000000070f700000|  0%| F|  |TAMS 0x000000070f600000, 0x000000070f600000| Untracked 
|  85|0x000000070f700000, 0x000000070f700000, 0x000000070f800000|  0%| F|  |TAMS 0x000000070f700000, 0x000000070f700000| Untracked 
|  86|0x000000070f800000, 0x000000070f800000, 0x000000070f900000|  0%| F|  |TAMS 0x000000070f800000, 0x000000070f800000| Untracked 
|  87|0x000000070f900000, 0x000000070f900000, 0x000000070fa00000|  0%| F|  |TAMS 0x000000070f900000, 0x000000070f900000| Untracked 
|  88|0x000000070fa00000, 0x000000070fa00000, 0x000000070fb00000|  0%| F|  |TAMS 0x000000070fa00000, 0x000000070fa00000| Untracked 
|  89|0x000000070fb00000, 0x000000070fb00000, 0x000000070fc00000|  0%| F|  |TAMS 0x000000070fb00000, 0x000000070fb00000| Untracked 
|  90|0x000000070fc00000, 0x000000070fc00000, 0x000000070fd00000|  0%| F|  |TAMS 0x000000070fc00000, 0x000000070fc00000| Untracked 
|  91|0x000000070fd00000, 0x000000070fd00000, 0x000000070fe00000|  0%| F|  |TAMS 0x000000070fd00000, 0x000000070fd00000| Untracked 
|  92|0x000000070fe00000, 0x000000070fe00000, 0x000000070ff00000|  0%| F|  |TAMS 0x000000070fe00000, 0x000000070fe00000| Untracked 
|  93|0x000000070ff00000, 0x000000070ff00000, 0x0000000710000000|  0%| F|  |TAMS 0x000000070ff00000, 0x000000070ff00000| Untracked 
|  94|0x0000000710000000, 0x0000000710000000, 0x0000000710100000|  0%| F|  |TAMS 0x0000000710000000, 0x0000000710000000| Untracked 
|  95|0x0000000710100000, 0x0000000710100000, 0x0000000710200000|  0%| F|  |TAMS 0x0000000710100000, 0x0000000710100000| Untracked 
|  96|0x0000000710200000, 0x0000000710200000, 0x0000000710300000|  0%| F|  |TAMS 0x0000000710200000, 0x0000000710200000| Untracked 
|  97|0x0000000710300000, 0x0000000710300000, 0x0000000710400000|  0%| F|  |TAMS 0x0000000710300000, 0x0000000710300000| Untracked 
|  98|0x0000000710400000, 0x0000000710400000, 0x0000000710500000|  0%| F|  |TAMS 0x0000000710400000, 0x0000000710400000| Untracked 
|  99|0x0000000710500000, 0x0000000710500000, 0x0000000710600000|  0%| F|  |TAMS 0x0000000710500000, 0x0000000710500000| Untracked 
| 100|0x0000000710600000, 0x0000000710600000, 0x0000000710700000|  0%| F|  |TAMS 0x0000000710600000, 0x0000000710600000| Untracked 
| 101|0x0000000710700000, 0x0000000710700000, 0x0000000710800000|  0%| F|  |TAMS 0x0000000710700000, 0x0000000710700000| Untracked 
| 102|0x0000000710800000, 0x0000000710800000, 0x0000000710900000|  0%| F|  |TAMS 0x0000000710800000, 0x0000000710800000| Untracked 
| 103|0x0000000710900000, 0x0000000710900000, 0x0000000710a00000|  0%| F|  |TAMS 0x0000000710900000, 0x0000000710900000| Untracked 
| 104|0x0000000710a00000, 0x0000000710a00000, 0x0000000710b00000|  0%| F|  |TAMS 0x0000000710a00000, 0x0000000710a00000| Untracked 
| 105|0x0000000710b00000, 0x0000000710b00000, 0x0000000710c00000|  0%| F|  |TAMS 0x0000000710b00000, 0x0000000710b00000| Untracked 
| 106|0x0000000710c00000, 0x0000000710c00000, 0x0000000710d00000|  0%| F|  |TAMS 0x0000000710c00000, 0x0000000710c00000| Untracked 
| 107|0x0000000710d00000, 0x0000000710d00000, 0x0000000710e00000|  0%| F|  |TAMS 0x0000000710d00000, 0x0000000710d00000| Untracked 
| 108|0x0000000710e00000, 0x0000000710e00000, 0x0000000710f00000|  0%| F|  |TAMS 0x0000000710e00000, 0x0000000710e00000| Untracked 
| 109|0x0000000710f00000, 0x0000000710f00000, 0x0000000711000000|  0%| F|  |TAMS 0x0000000710f00000, 0x0000000710f00000| Untracked 
| 110|0x0000000711000000, 0x0000000711000000, 0x0000000711100000|  0%| F|  |TAMS 0x0000000711000000, 0x0000000711000000| Untracked 
| 111|0x0000000711100000, 0x0000000711100000, 0x0000000711200000|  0%| F|  |TAMS 0x0000000711100000, 0x0000000711100000| Untracked 
| 112|0x0000000711200000, 0x0000000711200000, 0x0000000711300000|  0%| F|  |TAMS 0x0000000711200000, 0x0000000711200000| Untracked 
| 113|0x0000000711300000, 0x0000000711300000, 0x0000000711400000|  0%| F|  |TAMS 0x0000000711300000, 0x0000000711300000| Untracked 
| 114|0x0000000711400000, 0x0000000711400000, 0x0000000711500000|  0%| F|  |TAMS 0x0000000711400000, 0x0000000711400000| Untracked 
| 115|0x0000000711500000, 0x0000000711500000, 0x0000000711600000|  0%| F|  |TAMS 0x0000000711500000, 0x0000000711500000| Untracked 
| 116|0x0000000711600000, 0x0000000711600000, 0x0000000711700000|  0%| F|  |TAMS 0x0000000711600000, 0x0000000711600000| Untracked 
| 117|0x0000000711700000, 0x0000000711700000, 0x0000000711800000|  0%| F|  |TAMS 0x0000000711700000, 0x0000000711700000| Untracked 
| 118|0x0000000711800000, 0x0000000711800000, 0x0000000711900000|  0%| F|  |TAMS 0x0000000711800000, 0x0000000711800000| Untracked 
| 119|0x0000000711900000, 0x0000000711900000, 0x0000000711a00000|  0%| F|  |TAMS 0x0000000711900000, 0x0000000711900000| Untracked 
| 120|0x0000000711a00000, 0x0000000711a00000, 0x0000000711b00000|  0%| F|  |TAMS 0x0000000711a00000, 0x0000000711a00000| Untracked 
| 121|0x0000000711b00000, 0x0000000711b00000, 0x0000000711c00000|  0%| F|  |TAMS 0x0000000711b00000, 0x0000000711b00000| Untracked 
| 122|0x0000000711c00000, 0x0000000711c00000, 0x0000000711d00000|  0%| F|  |TAMS 0x0000000711c00000, 0x0000000711c00000| Untracked 
| 123|0x0000000711d00000, 0x0000000711d00000, 0x0000000711e00000|  0%| F|  |TAMS 0x0000000711d00000, 0x0000000711d00000| Untracked 
| 124|0x0000000711e00000, 0x0000000711e00000, 0x0000000711f00000|  0%| F|  |TAMS 0x0000000711e00000, 0x0000000711e00000| Untracked 
| 125|0x0000000711f00000, 0x0000000711f00000, 0x0000000712000000|  0%| F|  |TAMS 0x0000000711f00000, 0x0000000711f00000| Untracked 
| 126|0x0000000712000000, 0x0000000712000000, 0x0000000712100000|  0%| F|  |TAMS 0x0000000712000000, 0x0000000712000000| Untracked 
| 127|0x0000000712100000, 0x0000000712100000, 0x0000000712200000|  0%| F|  |TAMS 0x0000000712100000, 0x0000000712100000| Untracked 
| 128|0x0000000712200000, 0x0000000712200000, 0x0000000712300000|  0%| F|  |TAMS 0x0000000712200000, 0x0000000712200000| Untracked 
| 129|0x0000000712300000, 0x0000000712300000, 0x0000000712400000|  0%| F|  |TAMS 0x0000000712300000, 0x0000000712300000| Untracked 
| 130|0x0000000712400000, 0x0000000712400000, 0x0000000712500000|  0%| F|  |TAMS 0x0000000712400000, 0x0000000712400000| Untracked 
| 131|0x0000000712500000, 0x0000000712500000, 0x0000000712600000|  0%| F|  |TAMS 0x0000000712500000, 0x0000000712500000| Untracked 
| 132|0x0000000712600000, 0x0000000712600000, 0x0000000712700000|  0%| F|  |TAMS 0x0000000712600000, 0x0000000712600000| Untracked 
| 133|0x0000000712700000, 0x0000000712700000, 0x0000000712800000|  0%| F|  |TAMS 0x0000000712700000, 0x0000000712700000| Untracked 
| 134|0x0000000712800000, 0x0000000712800000, 0x0000000712900000|  0%| F|  |TAMS 0x0000000712800000, 0x0000000712800000| Untracked 
| 135|0x0000000712900000, 0x0000000712900000, 0x0000000712a00000|  0%| F|  |TAMS 0x0000000712900000, 0x0000000712900000| Untracked 
| 136|0x0000000712a00000, 0x0000000712a00000, 0x0000000712b00000|  0%| F|  |TAMS 0x0000000712a00000, 0x0000000712a00000| Untracked 
| 137|0x0000000712b00000, 0x0000000712b00000, 0x0000000712c00000|  0%| F|  |TAMS 0x0000000712b00000, 0x0000000712b00000| Untracked 
| 138|0x0000000712c00000, 0x0000000712c00000, 0x0000000712d00000|  0%| F|  |TAMS 0x0000000712c00000, 0x0000000712c00000| Untracked 
| 139|0x0000000712d00000, 0x0000000712d00000, 0x0000000712e00000|  0%| F|  |TAMS 0x0000000712d00000, 0x0000000712d00000| Untracked 
| 140|0x0000000712e00000, 0x0000000712e00000, 0x0000000712f00000|  0%| F|  |TAMS 0x0000000712e00000, 0x0000000712e00000| Untracked 
| 141|0x0000000712f00000, 0x0000000712f00000, 0x0000000713000000|  0%| F|  |TAMS 0x0000000712f00000, 0x0000000712f00000| Untracked 
| 142|0x0000000713000000, 0x0000000713000000, 0x0000000713100000|  0%| F|  |TAMS 0x0000000713000000, 0x0000000713000000| Untracked 
| 143|0x0000000713100000, 0x0000000713100000, 0x0000000713200000|  0%| F|  |TAMS 0x0000000713100000, 0x0000000713100000| Untracked 
| 144|0x0000000713200000, 0x0000000713200000, 0x0000000713300000|  0%| F|  |TAMS 0x0000000713200000, 0x0000000713200000| Untracked 
| 145|0x0000000713300000, 0x0000000713300000, 0x0000000713400000|  0%| F|  |TAMS 0x0000000713300000, 0x0000000713300000| Untracked 
| 146|0x0000000713400000, 0x0000000713400000, 0x0000000713500000|  0%| F|  |TAMS 0x0000000713400000, 0x0000000713400000| Untracked 
| 147|0x0000000713500000, 0x0000000713500000, 0x0000000713600000|  0%| F|  |TAMS 0x0000000713500000, 0x0000000713500000| Untracked 
| 148|0x0000000713600000, 0x0000000713600000, 0x0000000713700000|  0%| F|  |TAMS 0x0000000713600000, 0x0000000713600000| Untracked 
| 149|0x0000000713700000, 0x0000000713700000, 0x0000000713800000|  0%| F|  |TAMS 0x0000000713700000, 0x0000000713700000| Untracked 
| 150|0x0000000713800000, 0x0000000713800000, 0x0000000713900000|  0%| F|  |TAMS 0x0000000713800000, 0x0000000713800000| Untracked 
| 151|0x0000000713900000, 0x0000000713900000, 0x0000000713a00000|  0%| F|  |TAMS 0x0000000713900000, 0x0000000713900000| Untracked 
| 152|0x0000000713a00000, 0x0000000713a00000, 0x0000000713b00000|  0%| F|  |TAMS 0x0000000713a00000, 0x0000000713a00000| Untracked 
| 153|0x0000000713b00000, 0x0000000713b00000, 0x0000000713c00000|  0%| F|  |TAMS 0x0000000713b00000, 0x0000000713b00000| Untracked 
| 154|0x0000000713c00000, 0x0000000713c00000, 0x0000000713d00000|  0%| F|  |TAMS 0x0000000713c00000, 0x0000000713c00000| Untracked 
| 155|0x0000000713d00000, 0x0000000713d00000, 0x0000000713e00000|  0%| F|  |TAMS 0x0000000713d00000, 0x0000000713d00000| Untracked 
| 156|0x0000000713e00000, 0x0000000713e00000, 0x0000000713f00000|  0%| F|  |TAMS 0x0000000713e00000, 0x0000000713e00000| Untracked 
| 157|0x0000000713f00000, 0x0000000713f00000, 0x0000000714000000|  0%| F|  |TAMS 0x0000000713f00000, 0x0000000713f00000| Untracked 
| 158|0x0000000714000000, 0x0000000714000000, 0x0000000714100000|  0%| F|  |TAMS 0x0000000714000000, 0x0000000714000000| Untracked 
| 159|0x0000000714100000, 0x0000000714100000, 0x0000000714200000|  0%| F|  |TAMS 0x0000000714100000, 0x0000000714100000| Untracked 
| 160|0x0000000714200000, 0x0000000714200000, 0x0000000714300000|  0%| F|  |TAMS 0x0000000714200000, 0x0000000714200000| Untracked 
| 161|0x0000000714300000, 0x0000000714300000, 0x0000000714400000|  0%| F|  |TAMS 0x0000000714300000, 0x0000000714300000| Untracked 
| 162|0x0000000714400000, 0x0000000714400000, 0x0000000714500000|  0%| F|  |TAMS 0x0000000714400000, 0x0000000714400000| Untracked 
| 163|0x0000000714500000, 0x0000000714500000, 0x0000000714600000|  0%| F|  |TAMS 0x0000000714500000, 0x0000000714500000| Untracked 
| 164|0x0000000714600000, 0x0000000714600000, 0x0000000714700000|  0%| F|  |TAMS 0x0000000714600000, 0x0000000714600000| Untracked 
| 165|0x0000000714700000, 0x0000000714700000, 0x0000000714800000|  0%| F|  |TAMS 0x0000000714700000, 0x0000000714700000| Untracked 
| 166|0x0000000714800000, 0x0000000714800000, 0x0000000714900000|  0%| F|  |TAMS 0x0000000714800000, 0x0000000714800000| Untracked 
| 167|0x0000000714900000, 0x0000000714900000, 0x0000000714a00000|  0%| F|  |TAMS 0x0000000714900000, 0x0000000714900000| Untracked 
| 168|0x0000000714a00000, 0x0000000714a00000, 0x0000000714b00000|  0%| F|  |TAMS 0x0000000714a00000, 0x0000000714a00000| Untracked 
| 169|0x0000000714b00000, 0x0000000714b00000, 0x0000000714c00000|  0%| F|  |TAMS 0x0000000714b00000, 0x0000000714b00000| Untracked 
| 170|0x0000000714c00000, 0x0000000714cdecb0, 0x0000000714d00000| 87%| S|CS|TAMS 0x0000000714c00000, 0x0000000714c00000| Complete 
| 171|0x0000000714d00000, 0x0000000714e00000, 0x0000000714e00000|100%| S|CS|TAMS 0x0000000714d00000, 0x0000000714d00000| Complete 
| 172|0x0000000714e00000, 0x0000000714f00000, 0x0000000714f00000|100%| S|CS|TAMS 0x0000000714e00000, 0x0000000714e00000| Complete 
| 173|0x0000000714f00000, 0x0000000715000000, 0x0000000715000000|100%| S|CS|TAMS 0x0000000714f00000, 0x0000000714f00000| Complete 
| 174|0x0000000715000000, 0x0000000715100000, 0x0000000715100000|100%| S|CS|TAMS 0x0000000715000000, 0x0000000715000000| Complete 
| 175|0x0000000715100000, 0x0000000715200000, 0x0000000715200000|100%| S|CS|TAMS 0x0000000715100000, 0x0000000715100000| Complete 
| 176|0x0000000715200000, 0x0000000715300000, 0x0000000715300000|100%| S|CS|TAMS 0x0000000715200000, 0x0000000715200000| Complete 
| 177|0x0000000715300000, 0x0000000715400000, 0x0000000715400000|100%| S|CS|TAMS 0x0000000715300000, 0x0000000715300000| Complete 
| 178|0x0000000715400000, 0x0000000715500000, 0x0000000715500000|100%| S|CS|TAMS 0x0000000715400000, 0x0000000715400000| Complete 
| 179|0x0000000715500000, 0x0000000715500000, 0x0000000715600000|  0%| F|  |TAMS 0x0000000715500000, 0x0000000715500000| Untracked 
| 180|0x0000000715600000, 0x0000000715600000, 0x0000000715700000|  0%| F|  |TAMS 0x0000000715600000, 0x0000000715600000| Untracked 
| 181|0x0000000715700000, 0x0000000715700000, 0x0000000715800000|  0%| F|  |TAMS 0x0000000715700000, 0x0000000715700000| Untracked 
| 182|0x0000000715800000, 0x0000000715800000, 0x0000000715900000|  0%| F|  |TAMS 0x0000000715800000, 0x0000000715800000| Untracked 
| 183|0x0000000715900000, 0x0000000715900000, 0x0000000715a00000|  0%| F|  |TAMS 0x0000000715900000, 0x0000000715900000| Untracked 
| 184|0x0000000715a00000, 0x0000000715a00000, 0x0000000715b00000|  0%| F|  |TAMS 0x0000000715a00000, 0x0000000715a00000| Untracked 
| 185|0x0000000715b00000, 0x0000000715b00000, 0x0000000715c00000|  0%| F|  |TAMS 0x0000000715b00000, 0x0000000715b00000| Untracked 
| 186|0x0000000715c00000, 0x0000000715c00000, 0x0000000715d00000|  0%| F|  |TAMS 0x0000000715c00000, 0x0000000715c00000| Untracked 
| 187|0x0000000715d00000, 0x0000000715d00000, 0x0000000715e00000|  0%| F|  |TAMS 0x0000000715d00000, 0x0000000715d00000| Untracked 
| 188|0x0000000715e00000, 0x0000000715e00000, 0x0000000715f00000|  0%| F|  |TAMS 0x0000000715e00000, 0x0000000715e00000| Untracked 
| 189|0x0000000715f00000, 0x0000000715f00000, 0x0000000716000000|  0%| F|  |TAMS 0x0000000715f00000, 0x0000000715f00000| Untracked 
| 190|0x0000000716000000, 0x0000000716000000, 0x0000000716100000|  0%| F|  |TAMS 0x0000000716000000, 0x0000000716000000| Untracked 
| 191|0x0000000716100000, 0x0000000716100000, 0x0000000716200000|  0%| F|  |TAMS 0x0000000716100000, 0x0000000716100000| Untracked 
| 192|0x0000000716200000, 0x0000000716200000, 0x0000000716300000|  0%| F|  |TAMS 0x0000000716200000, 0x0000000716200000| Untracked 
| 193|0x0000000716300000, 0x0000000716300000, 0x0000000716400000|  0%| F|  |TAMS 0x0000000716300000, 0x0000000716300000| Untracked 
| 194|0x0000000716400000, 0x0000000716400000, 0x0000000716500000|  0%| F|  |TAMS 0x0000000716400000, 0x0000000716400000| Untracked 
| 195|0x0000000716500000, 0x0000000716500000, 0x0000000716600000|  0%| F|  |TAMS 0x0000000716500000, 0x0000000716500000| Untracked 
| 196|0x0000000716600000, 0x0000000716600000, 0x0000000716700000|  0%| F|  |TAMS 0x0000000716600000, 0x0000000716600000| Untracked 
| 197|0x0000000716700000, 0x0000000716700000, 0x0000000716800000|  0%| F|  |TAMS 0x0000000716700000, 0x0000000716700000| Untracked 
| 198|0x0000000716800000, 0x0000000716800000, 0x0000000716900000|  0%| F|  |TAMS 0x0000000716800000, 0x0000000716800000| Untracked 
| 199|0x0000000716900000, 0x0000000716900000, 0x0000000716a00000|  0%| F|  |TAMS 0x0000000716900000, 0x0000000716900000| Untracked 
| 200|0x0000000716a00000, 0x0000000716a00000, 0x0000000716b00000|  0%| F|  |TAMS 0x0000000716a00000, 0x0000000716a00000| Untracked 
| 201|0x0000000716b00000, 0x0000000716b00000, 0x0000000716c00000|  0%| F|  |TAMS 0x0000000716b00000, 0x0000000716b00000| Untracked 
| 202|0x0000000716c00000, 0x0000000716c00000, 0x0000000716d00000|  0%| F|  |TAMS 0x0000000716c00000, 0x0000000716c00000| Untracked 
| 203|0x0000000716d00000, 0x0000000716d00000, 0x0000000716e00000|  0%| F|  |TAMS 0x0000000716d00000, 0x0000000716d00000| Untracked 
| 204|0x0000000716e00000, 0x0000000716e00000, 0x0000000716f00000|  0%| F|  |TAMS 0x0000000716e00000, 0x0000000716e00000| Untracked 
| 205|0x0000000716f00000, 0x0000000716f00000, 0x0000000717000000|  0%| F|  |TAMS 0x0000000716f00000, 0x0000000716f00000| Untracked 
| 206|0x0000000717000000, 0x0000000717000000, 0x0000000717100000|  0%| F|  |TAMS 0x0000000717000000, 0x0000000717000000| Untracked 
| 207|0x0000000717100000, 0x0000000717100000, 0x0000000717200000|  0%| F|  |TAMS 0x0000000717100000, 0x0000000717100000| Untracked 
| 208|0x0000000717200000, 0x0000000717200000, 0x0000000717300000|  0%| F|  |TAMS 0x0000000717200000, 0x0000000717200000| Untracked 
| 209|0x0000000717300000, 0x0000000717300000, 0x0000000717400000|  0%| F|  |TAMS 0x0000000717300000, 0x0000000717300000| Untracked 
| 210|0x0000000717400000, 0x0000000717400000, 0x0000000717500000|  0%| F|  |TAMS 0x0000000717400000, 0x0000000717400000| Untracked 
| 211|0x0000000717500000, 0x0000000717500000, 0x0000000717600000|  0%| F|  |TAMS 0x0000000717500000, 0x0000000717500000| Untracked 
| 212|0x0000000717600000, 0x0000000717600000, 0x0000000717700000|  0%| F|  |TAMS 0x0000000717600000, 0x0000000717600000| Untracked 
| 213|0x0000000717700000, 0x0000000717700000, 0x0000000717800000|  0%| F|  |TAMS 0x0000000717700000, 0x0000000717700000| Untracked 
| 214|0x0000000717800000, 0x0000000717800000, 0x0000000717900000|  0%| F|  |TAMS 0x0000000717800000, 0x0000000717800000| Untracked 
| 215|0x0000000717900000, 0x0000000717900000, 0x0000000717a00000|  0%| F|  |TAMS 0x0000000717900000, 0x0000000717900000| Untracked 
| 216|0x0000000717a00000, 0x0000000717a00000, 0x0000000717b00000|  0%| F|  |TAMS 0x0000000717a00000, 0x0000000717a00000| Untracked 
| 217|0x0000000717b00000, 0x0000000717b00000, 0x0000000717c00000|  0%| F|  |TAMS 0x0000000717b00000, 0x0000000717b00000| Untracked 
| 218|0x0000000717c00000, 0x0000000717c00000, 0x0000000717d00000|  0%| F|  |TAMS 0x0000000717c00000, 0x0000000717c00000| Untracked 
| 219|0x0000000717d00000, 0x0000000717d00000, 0x0000000717e00000|  0%| F|  |TAMS 0x0000000717d00000, 0x0000000717d00000| Untracked 
| 220|0x0000000717e00000, 0x0000000717e00000, 0x0000000717f00000|  0%| F|  |TAMS 0x0000000717e00000, 0x0000000717e00000| Untracked 
| 221|0x0000000717f00000, 0x0000000717f00000, 0x0000000718000000|  0%| F|  |TAMS 0x0000000717f00000, 0x0000000717f00000| Untracked 
| 222|0x0000000718000000, 0x0000000718000000, 0x0000000718100000|  0%| F|  |TAMS 0x0000000718000000, 0x0000000718000000| Untracked 
| 223|0x0000000718100000, 0x0000000718100000, 0x0000000718200000|  0%| F|  |TAMS 0x0000000718100000, 0x0000000718100000| Untracked 
| 224|0x0000000718200000, 0x0000000718200000, 0x0000000718300000|  0%| F|  |TAMS 0x0000000718200000, 0x0000000718200000| Untracked 
| 225|0x0000000718300000, 0x0000000718300000, 0x0000000718400000|  0%| F|  |TAMS 0x0000000718300000, 0x0000000718300000| Untracked 
| 226|0x0000000718400000, 0x0000000718400000, 0x0000000718500000|  0%| F|  |TAMS 0x0000000718400000, 0x0000000718400000| Untracked 
| 227|0x0000000718500000, 0x0000000718500000, 0x0000000718600000|  0%| F|  |TAMS 0x0000000718500000, 0x0000000718500000| Untracked 
| 228|0x0000000718600000, 0x0000000718600000, 0x0000000718700000|  0%| F|  |TAMS 0x0000000718600000, 0x0000000718600000| Untracked 
| 229|0x0000000718700000, 0x0000000718700000, 0x0000000718800000|  0%| F|  |TAMS 0x0000000718700000, 0x0000000718700000| Untracked 
| 230|0x0000000718800000, 0x0000000718800000, 0x0000000718900000|  0%| F|  |TAMS 0x0000000718800000, 0x0000000718800000| Untracked 
| 231|0x0000000718900000, 0x0000000718900000, 0x0000000718a00000|  0%| F|  |TAMS 0x0000000718900000, 0x0000000718900000| Untracked 
| 232|0x0000000718a00000, 0x0000000718a00000, 0x0000000718b00000|  0%| F|  |TAMS 0x0000000718a00000, 0x0000000718a00000| Untracked 
| 233|0x0000000718b00000, 0x0000000718b00000, 0x0000000718c00000|  0%| F|  |TAMS 0x0000000718b00000, 0x0000000718b00000| Untracked 
| 234|0x0000000718c00000, 0x0000000718c00000, 0x0000000718d00000|  0%| F|  |TAMS 0x0000000718c00000, 0x0000000718c00000| Untracked 
| 235|0x0000000718d00000, 0x0000000718d00000, 0x0000000718e00000|  0%| F|  |TAMS 0x0000000718d00000, 0x0000000718d00000| Untracked 
| 236|0x0000000718e00000, 0x0000000718e00000, 0x0000000718f00000|  0%| F|  |TAMS 0x0000000718e00000, 0x0000000718e00000| Untracked 
| 237|0x0000000718f00000, 0x0000000718f00000, 0x0000000719000000|  0%| F|  |TAMS 0x0000000718f00000, 0x0000000718f00000| Untracked 
| 238|0x0000000719000000, 0x0000000719000000, 0x0000000719100000|  0%| F|  |TAMS 0x0000000719000000, 0x0000000719000000| Untracked 
| 239|0x0000000719100000, 0x0000000719100000, 0x0000000719200000|  0%| F|  |TAMS 0x0000000719100000, 0x0000000719100000| Untracked 
| 240|0x0000000719200000, 0x0000000719200000, 0x0000000719300000|  0%| F|  |TAMS 0x0000000719200000, 0x0000000719200000| Untracked 
| 241|0x0000000719300000, 0x0000000719300000, 0x0000000719400000|  0%| F|  |TAMS 0x0000000719300000, 0x0000000719300000| Untracked 
| 242|0x0000000719400000, 0x0000000719400000, 0x0000000719500000|  0%| F|  |TAMS 0x0000000719400000, 0x0000000719400000| Untracked 
| 243|0x0000000719500000, 0x0000000719500000, 0x0000000719600000|  0%| F|  |TAMS 0x0000000719500000, 0x0000000719500000| Untracked 
| 244|0x0000000719600000, 0x0000000719600000, 0x0000000719700000|  0%| F|  |TAMS 0x0000000719600000, 0x0000000719600000| Untracked 
| 245|0x0000000719700000, 0x0000000719700000, 0x0000000719800000|  0%| F|  |TAMS 0x0000000719700000, 0x0000000719700000| Untracked 

Card table byte_map: [0x0000017f78bb0000,0x0000017f79360000] _byte_map_base: 0x0000017f7535f000

Marking Bits (Prev, Next): (CMBitMap*) 0x0000017f639175b8, (CMBitMap*) 0x0000017f639175f0
 Prev Bits: [0x0000017f79b10000, 0x0000017f7d888000)
 Next Bits: [0x0000017f00000000, 0x0000017f03d78000)

Polling page: 0x0000017f68b80000

Metaspace:

Usage:
  Non-class:     41.00 MB capacity,    40.67 MB (>99%) used,   269.59 KB ( <1%) free+waste,    67.69 KB ( <1%) overhead. 
      Class:      5.63 MB capacity,     5.41 MB ( 96%) used,   203.05 KB (  4%) free+waste,    29.44 KB ( <1%) overhead. 
       Both:     46.63 MB capacity,    46.08 MB ( 99%) used,   472.64 KB ( <1%) free+waste,    97.13 KB ( <1%) overhead. 

Virtual space:
  Non-class space:       42.00 MB reserved,      41.08 MB ( 98%) committed 
      Class space:        1.00 GB reserved,       5.75 MB ( <1%) committed 
             Both:        1.04 GB reserved,      46.83 MB (  4%) committed 

Chunk freelists:
   Non-Class:  80.00 KB
       Class:  24.00 KB
        Both:  104.00 KB

MaxMetaspaceSize: 17179869184.00 GB
CompressedClassSpaceSize: 1.00 GB
Initial GC threshold: 20.80 MB
Current GC threshold: 58.88 MB
CDS: off

CodeHeap 'non-profiled nmethods': size=120064Kb used=1531Kb max_used=1531Kb free=118532Kb
 bounds [0x0000017f70660000, 0x0000017f708d0000, 0x0000017f77ba0000]
CodeHeap 'profiled nmethods': size=120000Kb used=7999Kb max_used=7999Kb free=112000Kb
 bounds [0x0000017f69130000, 0x0000017f69900000, 0x0000017f70660000]
CodeHeap 'non-nmethods': size=5696Kb used=1283Kb max_used=1336Kb free=4412Kb
 bounds [0x0000017f68ba0000, 0x0000017f68e10000, 0x0000017f69130000]
 total_blobs=4316 nmethods=3764 adapters=462
 compilation: enabled
              stopped_count=0, restarted_count=0
 full_count=0

Compilation events (20 events):
Event: 4.313 Thread 0x0000017f04851800 nmethod 3775 0x0000017f698f4c10 code [0x0000017f698f4ec0, 0x0000017f698f59a8]
Event: 4.313 Thread 0x0000017f04851800 3774       3       org.jetbrains.kotlin.storage.LockBasedStorageManager$LockBasedLazyValue::postCompute (1 bytes)
Event: 4.313 Thread 0x0000017f04851800 nmethod 3774 0x0000017f698f5d90 code [0x0000017f698f5f40, 0x0000017f698f6038]
Event: 4.314 Thread 0x0000017f04851800 3778       1       org.jetbrains.kotlin.serialization.deserialization.DeserializationContext::getTypeTable (5 bytes)
Event: 4.314 Thread 0x0000017f04851800 nmethod 3778 0x0000017f707de990 code [0x0000017f707deb40, 0x0000017f707debf8]
Event: 4.314 Thread 0x0000017f04851800 3779       3       org.jetbrains.kotlin.cli.jvm.compiler.CliVirtualFileFinder$findClass$1::invoke (13 bytes)
Event: 4.314 Thread 0x0000017f04851800 nmethod 3779 0x0000017f698f6110 code [0x0000017f698f62e0, 0x0000017f698f6608]
Event: 4.314 Thread 0x0000017f04851800 3780       3       org.jetbrains.kotlin.cli.jvm.compiler.CliVirtualFileFinder$findClass$1::invoke (50 bytes)
Event: 4.315 Thread 0x0000017f04851800 nmethod 3780 0x0000017f698f6710 code [0x0000017f698f69e0, 0x0000017f698f76b8]
Event: 4.315 Thread 0x0000017f04851800 3782       3       org.jetbrains.kotlin.name.ClassId::getRelativeClassName (14 bytes)
Event: 4.315 Thread 0x0000017f04851800 nmethod 3782 0x0000017f698f7b10 code [0x0000017f698f7cc0, 0x0000017f698f7e48]
Event: 4.315 Thread 0x0000017f04851800 3783       3       org.jetbrains.kotlin.com.intellij.openapi.vfs.impl.jar.CoreJarVirtualFile::getName (18 bytes)
Event: 4.315 Thread 0x0000017f04851800 nmethod 3783 0x0000017f698f7f10 code [0x0000017f698f80e0, 0x0000017f698f8318]
Event: 4.315 Thread 0x0000017f04851800 3781       1       org.jetbrains.kotlin.com.intellij.openapi.util.Ref::get (5 bytes)
Event: 4.315 Thread 0x0000017f04851800 nmethod 3781 0x0000017f707dec90 code [0x0000017f707dee40, 0x0000017f707deef8]
Event: 4.315 Thread 0x0000017f04851800 3784       3       org.jetbrains.kotlin.metadata.ProtoBuf$Annotation::initFields (13 bytes)
Event: 4.315 Thread 0x0000017f04851800 nmethod 3784 0x0000017f698f8410 code [0x0000017f698f85c0, 0x0000017f698f8798]
Event: 4.316 Thread 0x0000017f04851800 3785       3       org.jetbrains.kotlin.protobuf.FieldSet::computeFieldSize (151 bytes)
Event: 4.316 Thread 0x0000017f04851800 nmethod 3785 0x0000017f698f8890 code [0x0000017f698f8ba0, 0x0000017f698f9c68]
Event: 4.316 Thread 0x0000017f04851800 3790   !   3       org.jetbrains.kotlin.metadata.ProtoBuf$Annotation::<init> (344 bytes)

GC Heap History (9 events):
Event: 1.216 GC heap before
{Heap before GC invocations=0 (full 0):
 garbage-first heap   total 251904K, used 25600K [0x000000070a200000, 0x0000000800000000)
  region size 1024K, 22 young (22528K), 0 survivors (0K)
 Metaspace       used 11683K, capacity 11762K, committed 11904K, reserved 1060864K
  class space    used 1068K, capacity 1109K, committed 1152K, reserved 1048576K
}
Event: 1.318 GC heap after
{Heap after GC invocations=1 (full 0):
 garbage-first heap   total 251904K, used 5631K [0x000000070a200000, 0x0000000800000000)
  region size 1024K, 3 young (3072K), 3 survivors (3072K)
 Metaspace       used 11683K, capacity 11762K, committed 11904K, reserved 1060864K
  class space    used 1068K, capacity 1109K, committed 1152K, reserved 1048576K
}
Event: 2.281 GC heap before
{Heap before GC invocations=1 (full 0):
 garbage-first heap   total 251904K, used 43519K [0x000000070a200000, 0x0000000800000000)
  region size 1024K, 41 young (41984K), 3 survivors (3072K)
 Metaspace       used 20848K, capacity 21142K, committed 21296K, reserved 1069056K
  class space    used 2240K, capacity 2347K, committed 2432K, reserved 1048576K
}
Event: 2.293 GC heap after
{Heap after GC invocations=2 (full 0):
 garbage-first heap   total 251904K, used 9271K [0x000000070a200000, 0x0000000800000000)
  region size 1024K, 7 young (7168K), 7 survivors (7168K)
 Metaspace       used 20848K, capacity 21142K, committed 21296K, reserved 1069056K
  class space    used 2240K, capacity 2347K, committed 2432K, reserved 1048576K
}
Event: 3.089 GC heap before
{Heap before GC invocations=3 (full 0):
 garbage-first heap   total 251904K, used 66615K [0x000000070a200000, 0x0000000800000000)
  region size 1024K, 58 young (59392K), 7 survivors (7168K)
 Metaspace       used 32152K, capacity 32617K, committed 32944K, reserved 1079296K
  class space    used 3794K, capacity 3973K, committed 4096K, reserved 1048576K
}
Event: 3.098 GC heap after
{Heap after GC invocations=4 (full 0):
 garbage-first heap   total 251904K, used 21432K [0x000000070a200000, 0x0000000800000000)
  region size 1024K, 8 young (8192K), 8 survivors (8192K)
 Metaspace       used 32152K, capacity 32617K, committed 32944K, reserved 1079296K
  class space    used 3794K, capacity 3973K, committed 4096K, reserved 1048576K
}
Event: 3.267 GC heap before
{Heap before GC invocations=4 (full 0):
 garbage-first heap   total 251904K, used 31672K [0x000000070a200000, 0x0000000800000000)
  region size 1024K, 19 young (19456K), 8 survivors (8192K)
 Metaspace       used 35190K, capacity 35694K, committed 35920K, reserved 1081344K
  class space    used 4349K, capacity 4551K, committed 4608K, reserved 1048576K
}
Event: 3.279 GC heap after
{Heap after GC invocations=5 (full 0):
 garbage-first heap   total 251904K, used 22722K [0x000000070a200000, 0x0000000800000000)
  region size 1024K, 1 young (1024K), 1 survivors (1024K)
 Metaspace       used 35190K, capacity 35694K, committed 35920K, reserved 1081344K
  class space    used 4349K, capacity 4551K, committed 4608K, reserved 1048576K
}
Event: 4.318 GC heap before
{Heap before GC invocations=6 (full 0):
 garbage-first heap   total 251904K, used 91330K [0x000000070a200000, 0x0000000800000000)
  region size 1024K, 67 young (68608K), 1 survivors (1024K)
 Metaspace       used 47182K, capacity 47752K, committed 47952K, reserved 1091584K
  class space    used 5535K, capacity 5768K, committed 5888K, reserved 1048576K
}

Deoptimization events (20 events):
Event: 4.228 Thread 0x0000017f638b7800 Uncommon trap: trap_request=0xffffffc6 fr.pc=0x0000017f7075d028 relative=0x00000000000005a8
Event: 4.228 Thread 0x0000017f638b7800 Uncommon trap: reason=bimorphic_or_optimized_type_check action=maybe_recompile pc=0x0000017f7075d028 method=org.jetbrains.kotlin.protobuf.CodedInputStream.tryRefillBuffer(I)Z @ 177 c2
Event: 4.228 Thread 0x0000017f638b7800 DEOPT PACKING pc=0x0000017f7075d028 sp=0x00000042426fd600
Event: 4.228 Thread 0x0000017f638b7800 DEOPT UNPACKING pc=0x0000017f68bea1af sp=0x00000042426fd4e8 mode 2
Event: 4.228 Thread 0x0000017f638b7800 Uncommon trap: trap_request=0xffffffc6 fr.pc=0x0000017f7075d028 relative=0x00000000000005a8
Event: 4.228 Thread 0x0000017f638b7800 Uncommon trap: reason=bimorphic_or_optimized_type_check action=maybe_recompile pc=0x0000017f7075d028 method=org.jetbrains.kotlin.protobuf.CodedInputStream.tryRefillBuffer(I)Z @ 177 c2
Event: 4.228 Thread 0x0000017f638b7800 DEOPT PACKING pc=0x0000017f7075d028 sp=0x00000042426fd700
Event: 4.228 Thread 0x0000017f638b7800 DEOPT UNPACKING pc=0x0000017f68bea1af sp=0x00000042426fd5e8 mode 2
Event: 4.228 Thread 0x0000017f638b7800 Uncommon trap: trap_request=0xffffffc6 fr.pc=0x0000017f7075d028 relative=0x00000000000005a8
Event: 4.228 Thread 0x0000017f638b7800 Uncommon trap: reason=bimorphic_or_optimized_type_check action=maybe_recompile pc=0x0000017f7075d028 method=org.jetbrains.kotlin.protobuf.CodedInputStream.tryRefillBuffer(I)Z @ 177 c2
Event: 4.228 Thread 0x0000017f638b7800 DEOPT PACKING pc=0x0000017f7075d028 sp=0x00000042426fd700
Event: 4.228 Thread 0x0000017f638b7800 DEOPT UNPACKING pc=0x0000017f68bea1af sp=0x00000042426fd5e8 mode 2
Event: 4.231 Thread 0x0000017f638b7800 Uncommon trap: trap_request=0xffffffc6 fr.pc=0x0000017f707601e4 relative=0x00000000000002e4
Event: 4.231 Thread 0x0000017f638b7800 Uncommon trap: reason=bimorphic_or_optimized_type_check action=maybe_recompile pc=0x0000017f707601e4 method=org.jetbrains.kotlin.protobuf.CodedInputStream.tryRefillBuffer(I)Z @ 177 c2
Event: 4.231 Thread 0x0000017f638b7800 DEOPT PACKING pc=0x0000017f707601e4 sp=0x00000042426fd5b0
Event: 4.231 Thread 0x0000017f638b7800 DEOPT UNPACKING pc=0x0000017f68bea1af sp=0x00000042426fd4e8 mode 2
Event: 4.282 Thread 0x0000017f638b7800 DEOPT PACKING pc=0x0000017f69739e7f sp=0x00000042426fc190
Event: 4.282 Thread 0x0000017f638b7800 DEOPT UNPACKING pc=0x0000017f68bea95e sp=0x00000042426fb5e0 mode 0
Event: 4.283 Thread 0x0000017f638b7800 DEOPT PACKING pc=0x0000017f6954b7a4 sp=0x00000042426fbbe0
Event: 4.283 Thread 0x0000017f638b7800 DEOPT UNPACKING pc=0x0000017f68bea95e sp=0x00000042426fb180 mode 0

Classes redefined (0 events):
No events

Internal exceptions (20 events):
Event: 2.387 Thread 0x0000017f638b7800 Exception <a 'java/lang/NoSuchMethodError'{0x0000000719012358}: 'int java.lang.invoke.DirectMethodHandle$Holder.invokeStaticInit(java.lang.Object, java.lang.Object, java.lang.Object)'> (0x0000000719012358) thrown at [./src/hotspot/share/interpreter/linkResolver.cpp, line 773]
Event: 2.391 Thread 0x0000017f638b7800 Exception <a 'java/lang/NoSuchMethodError'{0x000000071903d098}: 'int java.lang.invoke.DirectMethodHandle$Holder.invokeStaticInit(java.lang.Object, java.lang.Object)'> (0x000000071903d098) thrown at [./src/hotspot/share/interpreter/linkResolver.cpp, line 773]
Event: 2.424 Thread 0x0000017f638b7800 Exception <a 'java/lang/NoSuchMethodError'{0x0000000718e54d40}: 'void java.lang.invoke.DirectMethodHandle$Holder.invokeSpecial(java.lang.Object, java.lang.Object)'> (0x0000000718e54d40) thrown at [./src/hotspot/share/interpreter/linkResolver.cpp, line 773]
Event: 2.567 Thread 0x0000017f638b7800 Exception <a 'java/lang/NoSuchMethodError'{0x00000007186df658}: 'java.lang.Object java.lang.invoke.DirectMethodHandle$Holder.invokeStatic(java.lang.Object, java.lang.Object, java.lang.Object, java.lang.Object, java.lang.Object, java.lang.Object, java.lang.Object, java.lang.Object, java.lang.Object, java.lang.Object, java.lang.Object, java.lang.Object, java.lang.Object, java.lang.Object, java.lang.Object)'> (0x00000007186df658) thrown at [./src/hotspot/share/interpreter/linkResolver.cpp, line 773]
Event: 2.568 Thread 0x0000017f638b7800 Exception <a 'java/lang/NoSuchMethodError'{0x00000007186ed660}: 'java.lang.Object java.lang.invoke.DirectMethodHandle$Holder.invokeStatic(java.lang.Object, java.lang.Object, java.lang.Object, java.lang.Object, java.lang.Object, java.lang.Object, java.lang.Object, java.lang.Object, java.lang.Object, java.lang.Object, java.lang.Object, java.lang.Object, java.lang.Object, java.lang.Object, java.lang.Object, java.lang.Object)'> (0x00000007186ed660) thrown at [./src/hotspot/share/interpreter/linkResolver.cpp, l
Event: 2.569 Thread 0x0000017f638b7800 Exception <a 'java/lang/NoSuchMethodError'{0x00000007186fb578}: 'java.lang.Object java.lang.invoke.DirectMethodHandle$Holder.invokeSpecial(java.lang.Object, java.lang.Object, int, int, java.lang.Object, java.lang.Object, java.lang.Object)'> (0x00000007186fb578) thrown at [./src/hotspot/share/interpreter/linkResolver.cpp, line 773]
Event: 2.570 Thread 0x0000017f638b7800 Exception <a 'java/lang/NoSuchMethodError'{0x00000007186fedb0}: 'java.lang.Object java.lang.invoke.DelegatingMethodHandle$Holder.reinvoke_L(java.lang.Object, int, int, java.lang.Object, java.lang.Object, java.lang.Object)'> (0x00000007186fedb0) thrown at [./src/hotspot/share/interpreter/linkResolver.cpp, line 773]
Event: 2.570 Thread 0x0000017f638b7800 Exception <a 'java/lang/NoSuchMethodError'{0x0000000718503798}: 'java.lang.Object java.lang.invoke.DirectMethodHandle$Holder.invokeStatic(java.lang.Object, java.lang.Object, java.lang.Object, java.lang.Object, int)'> (0x0000000718503798) thrown at [./src/hotspot/share/interpreter/linkResolver.cpp, line 773]
Event: 2.606 Thread 0x0000017f638b7800 Exception <a 'sun/nio/fs/WindowsException'{0x0000000718444228}> (0x0000000718444228) thrown at [./src/hotspot/share/prims/jni.cpp, line 616]
Event: 2.606 Thread 0x0000017f638b7800 Exception <a 'sun/nio/fs/WindowsException'{0x0000000718444aa0}> (0x0000000718444aa0) thrown at [./src/hotspot/share/prims/jni.cpp, line 616]
Event: 2.606 Thread 0x0000017f638b7800 Exception <a 'sun/nio/fs/WindowsException'{0x0000000718445338}> (0x0000000718445338) thrown at [./src/hotspot/share/prims/jni.cpp, line 616]
Event: 2.606 Thread 0x0000017f638b7800 Exception <a 'sun/nio/fs/WindowsException'{0x0000000718445d30}> (0x0000000718445d30) thrown at [./src/hotspot/share/prims/jni.cpp, line 616]
Event: 2.606 Thread 0x0000017f638b7800 Exception <a 'sun/nio/fs/WindowsException'{0x0000000718446638}> (0x0000000718446638) thrown at [./src/hotspot/share/prims/jni.cpp, line 616]
Event: 2.606 Thread 0x0000017f638b7800 Exception <a 'sun/nio/fs/WindowsException'{0x0000000718446f70}> (0x0000000718446f70) thrown at [./src/hotspot/share/prims/jni.cpp, line 616]
Event: 2.608 Thread 0x0000017f638b7800 Exception <a 'java/lang/NoSuchMethodError'{0x000000071844d7a8}: 'void java.lang.invoke.DirectMethodHandle$Holder.invokeStatic(java.lang.Object, java.lang.Object, java.lang.Object, java.lang.Object)'> (0x000000071844d7a8) thrown at [./src/hotspot/share/interpreter/linkResolver.cpp, line 773]
Event: 2.671 Thread 0x0000017f638b7800 Exception <a 'java/lang/NoSuchMethodError'{0x0000000718028c90}: 'void java.lang.invoke.DirectMethodHandle$Holder.invokeStaticInit(java.lang.Object, java.lang.Object)'> (0x0000000718028c90) thrown at [./src/hotspot/share/interpreter/linkResolver.cpp, line 773]
Event: 2.741 Thread 0x0000017f638b7800 Exception <a 'java/lang/NoSuchMethodError'{0x0000000717cc0ad0}: 'void java.lang.invoke.DirectMethodHandle$Holder.invokeVirtual(java.lang.Object, java.lang.Object)'> (0x0000000717cc0ad0) thrown at [./src/hotspot/share/interpreter/linkResolver.cpp, line 773]
Event: 2.749 Thread 0x0000017f638b7800 Exception <a 'java/lang/NoSuchMethodError'{0x0000000717b36818}: 'int java.lang.invoke.DirectMethodHandle$Holder.invokeVirtual(java.lang.Object, java.lang.Object)'> (0x0000000717b36818) thrown at [./src/hotspot/share/interpreter/linkResolver.cpp, line 773]
Event: 3.383 Thread 0x0000017f638b7800 Exception <a 'java/lang/NoSuchMethodError'{0x000000071935e3c0}: 'java.lang.Object java.lang.invoke.DirectMethodHandle$Holder.invokeVirtual(java.lang.Object, java.lang.Object, java.lang.Object)'> (0x000000071935e3c0) thrown at [./src/hotspot/share/interpreter/linkResolver.cpp, line 773]
Event: 3.921 Thread 0x0000017f638b7800 Exception <a 'java/lang/NoSuchMethodError'{0x000000071690ccc8}: 'java.lang.Object java.lang.invoke.Invokers$Holder.linkToTargetMethod(java.lang.Object, int, java.lang.Object)'> (0x000000071690ccc8) thrown at [./src/hotspot/share/interpreter/linkResolver.cpp, line 773]

Events (20 events):
Event: 4.289 loading class org/jetbrains/kotlin/metadata/ProtoBuf$Effect$EffectType done
Event: 4.289 loading class java/security/CodeSigner
Event: 4.289 loading class java/security/CodeSigner done
Event: 4.289 loading class org/jetbrains/kotlin/metadata/ProtoBuf$Effect$EffectType$1
Event: 4.289 loading class org/jetbrains/kotlin/metadata/ProtoBuf$Effect$EffectType$1 done
Event: 4.289 loading class org/jetbrains/kotlin/metadata/ProtoBuf$Expression
Event: 4.289 loading class org/jetbrains/kotlin/metadata/ProtoBuf$Expression done
Event: 4.290 loading class org/jetbrains/kotlin/metadata/ProtoBuf$ExpressionOrBuilder
Event: 4.290 loading class org/jetbrains/kotlin/metadata/ProtoBuf$ExpressionOrBuilder done
Event: 4.290 loading class org/jetbrains/kotlin/metadata/ProtoBuf$Expression$1
Event: 4.290 loading class org/jetbrains/kotlin/metadata/ProtoBuf$Expression$1 done
Event: 4.291 loading class org/jetbrains/kotlin/metadata/ProtoBuf$Expression$ConstantValue
Event: 4.291 loading class org/jetbrains/kotlin/metadata/ProtoBuf$Expression$ConstantValue done
Event: 4.291 loading class org/jetbrains/kotlin/metadata/ProtoBuf$Expression$ConstantValue$1
Event: 4.291 loading class org/jetbrains/kotlin/metadata/ProtoBuf$Expression$ConstantValue$1 done
Event: 4.291 loading class org/jetbrains/kotlin/metadata/ProtoBuf$Effect$InvocationKind
Event: 4.291 loading class org/jetbrains/kotlin/metadata/ProtoBuf$Effect$InvocationKind done
Event: 4.291 loading class org/jetbrains/kotlin/metadata/ProtoBuf$Effect$InvocationKind$1
Event: 4.291 loading class org/jetbrains/kotlin/metadata/ProtoBuf$Effect$InvocationKind$1 done
Event: 4.318 Executing VM operation: G1CollectForAllocation


Dynamic libraries:
0x00007ff648f70000 - 0x00007ff648f7a000 	C:\Program Files\Android\Android Studio\jre\bin\java.exe
0x00007ffd43d50000 - 0x00007ffd43f64000 	C:\Windows\SYSTEM32\ntdll.dll
0x00007ffd431a0000 - 0x00007ffd43262000 	C:\Windows\System32\KERNEL32.DLL
0x00007ffd415f0000 - 0x00007ffd4198c000 	C:\Windows\System32\KERNELBASE.dll
0x00007ffd41990000 - 0x00007ffd41aa1000 	C:\Windows\System32\ucrtbase.dll
0x00007ffd04be0000 - 0x00007ffd04bf7000 	C:\Program Files\Android\Android Studio\jre\bin\VCRUNTIME140.dll
0x00007ffd05ca0000 - 0x00007ffd05cb9000 	C:\Program Files\Android\Android Studio\jre\bin\jli.dll
0x00007ffd434e0000 - 0x00007ffd4368a000 	C:\Windows\System32\USER32.dll
0x00007ffd29dd0000 - 0x00007ffd2a05e000 	C:\Windows\WinSxS\amd64_microsoft.windows.common-controls_6595b64144ccf1df_6.0.22621.608_none_a9444ca7c10bb01d\COMCTL32.dll
0x00007ffd414a0000 - 0x00007ffd414c6000 	C:\Windows\System32\win32u.dll
0x00007ffd43430000 - 0x00007ffd434d7000 	C:\Windows\System32\msvcrt.dll
0x00007ffd43bc0000 - 0x00007ffd43be9000 	C:\Windows\System32\GDI32.dll
0x00007ffd414d0000 - 0x00007ffd415e2000 	C:\Windows\System32\gdi32full.dll
0x00007ffd41ab0000 - 0x00007ffd41b4a000 	C:\Windows\System32\msvcp_win.dll
0x00007ffd427b0000 - 0x00007ffd427e1000 	C:\Windows\System32\IMM32.DLL
0x00007ffd04790000 - 0x00007ffd0482d000 	C:\Program Files\Android\Android Studio\jre\bin\msvcp140.dll
0x00007ffcc4e70000 - 0x00007ffcc5972000 	C:\Program Files\Android\Android Studio\jre\bin\server\jvm.dll
0x00007ffd42450000 - 0x00007ffd424fe000 	C:\Windows\System32\ADVAPI32.dll
0x00007ffd43270000 - 0x00007ffd43314000 	C:\Windows\System32\sechost.dll
0x00007ffd41b50000 - 0x00007ffd41c65000 	C:\Windows\System32\RPCRT4.dll
0x00007ffd43420000 - 0x00007ffd43428000 	C:\Windows\System32\PSAPI.DLL
0x00007ffd38530000 - 0x00007ffd38564000 	C:\Windows\SYSTEM32\WINMM.dll
0x00007ffd39f60000 - 0x00007ffd39f6a000 	C:\Windows\SYSTEM32\VERSION.dll
0x00007ffd1e850000 - 0x00007ffd1e859000 	C:\Windows\SYSTEM32\WSOCK32.dll
0x00007ffd42c70000 - 0x00007ffd42ce1000 	C:\Windows\System32\WS2_32.dll
0x00007ffd40170000 - 0x00007ffd40188000 	C:\Windows\SYSTEM32\kernel.appcore.dll
0x00007ffd25ac0000 - 0x00007ffd25ad1000 	C:\Program Files\Android\Android Studio\jre\bin\verify.dll
0x00007ffd2ed50000 - 0x00007ffd2ef7e000 	C:\Windows\SYSTEM32\DBGHELP.DLL
0x00007ffd43690000 - 0x00007ffd43a19000 	C:\Windows\System32\combase.dll
0x00007ffd42a70000 - 0x00007ffd42b47000 	C:\Windows\System32\OLEAUT32.dll
0x00007ffd21500000 - 0x00007ffd21532000 	C:\Windows\SYSTEM32\dbgcore.DLL
0x00007ffd41180000 - 0x00007ffd411fb000 	C:\Windows\System32\bcryptPrimitives.dll
0x00007ffd05d10000 - 0x00007ffd05d39000 	C:\Program Files\Android\Android Studio\jre\bin\java.dll
0x00007ffd38b80000 - 0x00007ffd38b8b000 	C:\Program Files\Android\Android Studio\jre\bin\jimage.dll
0x00007ffd1ce40000 - 0x00007ffd1ce58000 	C:\Program Files\Android\Android Studio\jre\bin\zip.dll
0x00007ffd41c70000 - 0x00007ffd4244d000 	C:\Windows\System32\SHELL32.dll
0x00007ffd3f190000 - 0x00007ffd3fa47000 	C:\Windows\SYSTEM32\windows.storage.dll
0x00007ffd3f050000 - 0x00007ffd3f18d000 	C:\Windows\SYSTEM32\wintypes.dll
0x00007ffd43320000 - 0x00007ffd43411000 	C:\Windows\System32\SHCORE.dll
0x00007ffd42750000 - 0x00007ffd427ae000 	C:\Windows\System32\shlwapi.dll
0x00007ffd410b0000 - 0x00007ffd410d1000 	C:\Windows\SYSTEM32\profapi.dll
0x00007ffd1cac0000 - 0x00007ffd1cada000 	C:\Program Files\Android\Android Studio\jre\bin\net.dll
0x00007ffd3a3d0000 - 0x00007ffd3a4ff000 	C:\Windows\SYSTEM32\WINHTTP.dll
0x00007ffd40610000 - 0x00007ffd40679000 	C:\Windows\system32\mswsock.dll
0x00007ffd08310000 - 0x00007ffd08324000 	C:\Program Files\Android\Android Studio\jre\bin\nio.dll

dbghelp: loaded successfully - version: 4.0.5 - missing functions: none
symbol engine: initialized successfully - sym options: 0x614 - pdb path: .;C:\Program Files\Android\Android Studio\jre\bin;C:\Windows\SYSTEM32;C:\Windows\WinSxS\amd64_microsoft.windows.common-controls_6595b64144ccf1df_6.0.22621.608_none_a9444ca7c10bb01d;C:\Program Files\Android\Android Studio\jre\bin\server

VM Arguments:
java_command: org.jetbrains.kotlin.cli.jvm.K2JVMCompiler @C:\Users\Nauruz\AndroidStudioProjects\FakeStore\app\build\20221030_4049890053130453801.compiler.options
java_class_path (initial): C:\Users\Nauruz\.gradle\caches\modules-2\files-2.1\org.jetbrains.kotlin\kotlin-compiler-embeddable\1.6.21\97bdd5a752ce73b58ef16c17bc7f0ea2faff7a2e\kotlin-compiler-embeddable-1.6.21.jar;C:\Users\Nauruz\.gradle\caches\modules-2\files-2.1\org.jetbrains.kotlin\kotlin-reflect\1.6.21\5dc3574d9b7bebfcb4ec6b10ada4aaa9e140bd0b\kotlin-reflect-1.6.21.jar;C:\Users\Nauruz\.gradle\caches\modules-2\files-2.1\org.jetbrains.kotlin\kotlin-stdlib\1.6.21\11ef67f1900634fd951bad28c53ec957fabbe5b8\kotlin-stdlib-1.6.21.jar;C:\Users\Nauruz\.gradle\caches\modules-2\files-2.1\org.jetbrains.kotlin\kotlin-script-runtime\1.6.21\99c6675100da5d6d5b1c5a1032f27f28008d101b\kotlin-script-runtime-1.6.21.jar;C:\Users\Nauruz\.gradle\caches\modules-2\files-2.1\org.jetbrains.kotlin\kotlin-daemon-embeddable\1.6.21\46b78cf392e1c4f10854c3cadba44abb7b82250f\kotlin-daemon-embeddable-1.6.21.jar;C:\Users\Nauruz\.gradle\caches\modules-2\files-2.1\org.jetbrains.intellij.deps\trove4j\1.0.20200330\3afb14d5f9ceb459d724e907a21145e8ff394f02\trove4j-1.0.20200330.jar;C:\Users\Nauruz\.gradle\caches\modules-2\files-2.1\net.java.dev.jna\jna\5.6.0\330f2244e9030119ab3030fc3fededc86713d9cc\jna-5.6.0.jar;C:\Users\Nauruz\.gradle\caches\modules-2\files-2.1\org.jetbrains.kotlin\kotlin-stdlib-common\1.6.21\5e5b55c26dbc80372a920aef60eb774b714559b8\kotlin-stdlib-common-1.6.21.jar;C:\Users\Nauruz\.gradle\caches\modules-2\files-2.1\org.jetbrains\annotations\13.0\919f0dfe192fb4e063e7dacadee7f8bb9a2672a9\annotations-13.0.jar
Launcher Type: SUN_STANDARD

[Global flags]
     intx CICompilerCount                          = 3                                         {product} {ergonomic}
     uint ConcGCThreads                            = 2                                         {product} {ergonomic}
     uint G1ConcRefinementThreads                  = 6                                         {product} {ergonomic}
   size_t G1HeapRegionSize                         = 1048576                                   {product} {ergonomic}
    uintx GCDrainStackTargetSize                   = 64                                        {product} {ergonomic}
   size_t InitialHeapSize                          = 257949696                                 {product} {ergonomic}
   size_t MarkStackSize                            = 4194304                                   {product} {ergonomic}
   size_t MaxHeapSize                              = 4125097984                                {product} {ergonomic}
   size_t MaxNewSize                               = 2474639360                                {product} {ergonomic}
   size_t MinHeapDeltaBytes                        = 1048576                                   {product} {ergonomic}
    uintx NonNMethodCodeHeapSize                   = 5830732                                {pd product} {ergonomic}
    uintx NonProfiledCodeHeapSize                  = 122913754                              {pd product} {ergonomic}
    uintx ProfiledCodeHeapSize                     = 122913754                              {pd product} {ergonomic}
    uintx ReservedCodeCacheSize                    = 251658240                              {pd product} {ergonomic}
     bool SegmentedCodeCache                       = true                                      {product} {ergonomic}
     bool UseCompressedClassPointers               = true                                 {lp64_product} {ergonomic}
     bool UseCompressedOops                        = true                                 {lp64_product} {ergonomic}
     bool UseG1GC                                  = true                                      {product} {ergonomic}
     bool UseLargePagesIndividualAllocation        = false                                  {pd product} {ergonomic}

Logging:
Log output configuration:
 #0: stdout all=warning uptime,level,tags
 #1: stderr all=off uptime,level,tags

Environment Variables:
JAVA_HOME=C:\Program Files\Java\jdk1.8.0_202
PATH=C:\Program Files (x86)\Common Files\Oracle\Java\javapath;C:\Windows\system32;C:\Windows;C:\Windows\System32\Wbem;C:\Windows\System32\WindowsPowerShell\v1.0\;C:\Windows\System32\OpenSSH\;C:\Program Files\Git\cmd;C:\Program Files\maven\bin;C:\flyway-9.6.0;C:\Users\Nauruz\AppData\Local\Microsoft\WindowsApps;
USERNAME=Nauruz
OS=Windows_NT
PROCESSOR_IDENTIFIER=AMD64 Family 23 Model 96 Stepping 1, AuthenticAMD



---------------  S Y S T E M  ---------------

OS: Windows 11 , 64 bit Build 22621 (10.0.22621.608)
OS uptime: 0 days 15:30 hours
Hyper-V role detected

CPU:total 6 (initial active 6) (6 cores per cpu, 1 threads per core) family 23 model 96 stepping 1 microcode 0x0, cmov, cx8, fxsr, mmx, sse, sse2, sse3, ssse3, sse4.1, sse4.2, popcnt, avx, avx2, aes, clmul, mmxext, 3dnowpref, lzcnt, sse4a, tsc, tscinvbit, tscinv, bmi1, bmi2, adx, sha, fma

Memory: 4k page, system-wide physical 15733M (4056M free)
TotalPageFile size 15733M (AvailPageFile size 95M)
current process WorkingSet (physical memory assigned to process): 247M, peak: 247M
current process commit charge ("private bytes"): 428M, peak: 557M

vm_info: OpenJDK 64-Bit Server VM (11.0.13+0-b1751.21-8125866) for windows-amd64 JRE (11.0.13+0-b1751.21-8125866), built on Feb  2 2022 03:00:22 by "builder" with MS VC++ 14.0 (VS2015)

END.
