#
# There is insufficient memory for the Java Runtime Environment to continue.
# Native memory allocation (mmap) failed to map 257949696 bytes for Failed to commit area from 0x000000070a200000 to 0x0000000719800000 of length 257949696.
# Possible reasons:
#   The system is out of physical RAM or swap space
#   The process is running with CompressedOops enabled, and the Java Heap may be blocking the growth of the native heap
# Possible solutions:
#   Reduce memory load on the system
#   Increase physical memory or swap space
#   Check if swap backing store is full
#   Decrease Java heap size (-Xmx/-Xms)
#   Decrease number of Java threads
#   Decrease Java thread stack sizes (-Xss)
#   Set larger code cache with -XX:ReservedCodeCacheSize=
# This output file may be truncated or incomplete.
#
#  Out of Memory Error (./src/hotspot/os/windows/os_windows.cpp:3619), pid=7056, tid=9840
#
# JRE version:  (11.0.13) (build )
# Java VM: OpenJDK 64-Bit Server VM (11.0.13+0-b1751.21-8125866, mixed mode, sharing, tiered, compressed oops, g1 gc, windows-amd64)
# No core dump will be written. Minidumps are not enabled by default on client versions of Windows
#

---------------  S U M M A R Y ------------

Command Line: org.jetbrains.kotlin.cli.jvm.K2JVMCompiler @C:\Users\Nauruz\AndroidStudioProjects\FakeStore\app\build\20221030_15233276079095379041.compiler.options

Host: AMD Ryzen 5 4500U with Radeon Graphics         , 6 cores, 15G,  Windows 11 , 64 bit Build 22621 (10.0.22621.608)
Time: Sun Oct 30 08:35:15 2022 RTZ 2 (зима) elapsed time: 0.008161 seconds (0d 0h 0m 0s)

---------------  T H R E A D  ---------------

Current thread (0x000002954ce96800):  JavaThread "Unknown thread" [_thread_in_vm, id=9840, stack(0x000000cb89a00000,0x000000cb89b00000)]

Stack: [0x000000cb89a00000,0x000000cb89b00000]
Native frames: (J=compiled Java code, j=interpreted, Vv=VM code, C=native code)
V  [jvm.dll+0x6100fa]
V  [jvm.dll+0x747090]
V  [jvm.dll+0x7486ad]
V  [jvm.dll+0x748d83]
V  [jvm.dll+0x24ab48]
V  [jvm.dll+0x60d164]
V  [jvm.dll+0x601e75]
V  [jvm.dll+0x308bdb]
V  [jvm.dll+0x308b4a]
V  [jvm.dll+0x308a22]
V  [jvm.dll+0x30d986]
V  [jvm.dll+0x357093]
V  [jvm.dll+0x357796]
V  [jvm.dll+0x357193]
V  [jvm.dll+0x2e3448]
V  [jvm.dll+0x2e45f7]
V  [jvm.dll+0x7242e7]
V  [jvm.dll+0x725adc]
V  [jvm.dll+0x364629]
V  [jvm.dll+0x707cee]
V  [jvm.dll+0x3d2633]
V  [jvm.dll+0x3d4a21]
C  [jli.dll+0x536b]
C  [ucrtbase.dll+0x29363]
C  [KERNEL32.DLL+0x1244d]
C  [ntdll.dll+0x5df78]


---------------  P R O C E S S  ---------------

Threads class SMR info:
_java_thread_list=0x000002954ac31ef0, length=0, elements={
}

Java Threads: ( => current thread )

Other Threads:
  0x000002954ceaf000 GCTaskThread "GC Thread#0" [stack: 0x000000cb89b00000,0x000000cb89c00000] [id=11208]
  0x000002954cf0a800 ConcurrentGCThread "G1 Main Marker" [stack: 0x000000cb89c00000,0x000000cb89d00000] [id=11408]
  0x000002954cf0b800 ConcurrentGCThread "G1 Conc#0" [stack: 0x000000cb89d00000,0x000000cb89e00000] [id=11304]

[error occurred during error reporting (printing all threads), id 0xc0000005, EXCEPTION_ACCESS_VIOLATION (0xc0000005) at pc=0x00007ffcc5163dd7]

VM state:not at safepoint (not fully initialized)

VM Mutex/Monitor currently owned by a thread:  ([mutex/lock_event])
[0x000002954ce92d20] Heap_lock - owner thread: 0x000002954ce96800

Heap address: 0x000000070a200000, size: 3934 MB, Compressed Oops mode: Non-zero based: 0x000000070a200000
Narrow klass base: 0x0000000000000000, Narrow klass shift: 0

GC Heap History (0 events):
No events

Deoptimization events (0 events):
No events

Classes redefined (0 events):
No events

Internal exceptions (0 events):
No events

Events (1 events):
Event: 0.005 Loaded shared library C:\Program Files\Android\Android Studio\jre\bin\zip.dll


Dynamic libraries:
0x00007ff648f70000 - 0x00007ff648f7a000 	C:\Program Files\Android\Android Studio\jre\bin\java.exe
0x00007ffd43d50000 - 0x00007ffd43f64000 	C:\Windows\SYSTEM32\ntdll.dll
0x00007ffd431a0000 - 0x00007ffd43262000 	C:\Windows\System32\KERNEL32.DLL
0x00007ffd415f0000 - 0x00007ffd4198c000 	C:\Windows\System32\KERNELBASE.dll
0x00007ffd41990000 - 0x00007ffd41aa1000 	C:\Windows\System32\ucrtbase.dll
0x00007ffd05ca0000 - 0x00007ffd05cb9000 	C:\Program Files\Android\Android Studio\jre\bin\jli.dll
0x00007ffd04be0000 - 0x00007ffd04bf7000 	C:\Program Files\Android\Android Studio\jre\bin\VCRUNTIME140.dll
0x00007ffd434e0000 - 0x00007ffd4368a000 	C:\Windows\System32\USER32.dll
0x00007ffd29dd0000 - 0x00007ffd2a05e000 	C:\Windows\WinSxS\amd64_microsoft.windows.common-controls_6595b64144ccf1df_6.0.22621.608_none_a9444ca7c10bb01d\COMCTL32.dll
0x00007ffd414a0000 - 0x00007ffd414c6000 	C:\Windows\System32\win32u.dll
0x00007ffd43430000 - 0x00007ffd434d7000 	C:\Windows\System32\msvcrt.dll
0x00007ffd43bc0000 - 0x00007ffd43be9000 	C:\Windows\System32\GDI32.dll
0x00007ffd414d0000 - 0x00007ffd415e2000 	C:\Windows\System32\gdi32full.dll
0x00007ffd41ab0000 - 0x00007ffd41b4a000 	C:\Windows\System32\msvcp_win.dll
0x00007ffd427b0000 - 0x00007ffd427e1000 	C:\Windows\System32\IMM32.DLL
0x00007ffd04790000 - 0x00007ffd0482d000 	C:\Program Files\Android\Android Studio\jre\bin\msvcp140.dll
0x00007ffcc4e70000 - 0x00007ffcc5972000 	C:\Program Files\Android\Android Studio\jre\bin\server\jvm.dll
0x00007ffd42450000 - 0x00007ffd424fe000 	C:\Windows\System32\ADVAPI32.dll
0x00007ffd43270000 - 0x00007ffd43314000 	C:\Windows\System32\sechost.dll
0x00007ffd41b50000 - 0x00007ffd41c65000 	C:\Windows\System32\RPCRT4.dll
0x00007ffd43420000 - 0x00007ffd43428000 	C:\Windows\System32\PSAPI.DLL
0x00007ffd1e850000 - 0x00007ffd1e859000 	C:\Windows\SYSTEM32\WSOCK32.dll
0x00007ffd42c70000 - 0x00007ffd42ce1000 	C:\Windows\System32\WS2_32.dll
0x00007ffd39f60000 - 0x00007ffd39f6a000 	C:\Windows\SYSTEM32\VERSION.dll
0x00007ffd38530000 - 0x00007ffd38564000 	C:\Windows\SYSTEM32\WINMM.dll
0x00007ffd40170000 - 0x00007ffd40188000 	C:\Windows\SYSTEM32\kernel.appcore.dll
0x00007ffd25ac0000 - 0x00007ffd25ad1000 	C:\Program Files\Android\Android Studio\jre\bin\verify.dll
0x00007ffd2ed50000 - 0x00007ffd2ef7e000 	C:\Windows\SYSTEM32\DBGHELP.DLL
0x00007ffd43690000 - 0x00007ffd43a19000 	C:\Windows\System32\combase.dll
0x00007ffd42a70000 - 0x00007ffd42b47000 	C:\Windows\System32\OLEAUT32.dll
0x00007ffd21500000 - 0x00007ffd21532000 	C:\Windows\SYSTEM32\dbgcore.DLL
0x00007ffd41180000 - 0x00007ffd411fb000 	C:\Windows\System32\bcryptPrimitives.dll
0x00007ffd05d10000 - 0x00007ffd05d39000 	C:\Program Files\Android\Android Studio\jre\bin\java.dll
0x00007ffd38b80000 - 0x00007ffd38b8b000 	C:\Program Files\Android\Android Studio\jre\bin\jimage.dll
0x00007ffd1ce40000 - 0x00007ffd1ce58000 	C:\Program Files\Android\Android Studio\jre\bin\zip.dll

dbghelp: loaded successfully - version: 4.0.5 - missing functions: none
symbol engine: initialized successfully - sym options: 0x614 - pdb path: .;C:\Program Files\Android\Android Studio\jre\bin;C:\Windows\SYSTEM32;C:\Windows\WinSxS\amd64_microsoft.windows.common-controls_6595b64144ccf1df_6.0.22621.608_none_a9444ca7c10bb01d;C:\Program Files\Android\Android Studio\jre\bin\server

VM Arguments:
java_command: org.jetbrains.kotlin.cli.jvm.K2JVMCompiler @C:\Users\Nauruz\AndroidStudioProjects\FakeStore\app\build\20221030_15233276079095379041.compiler.options
java_class_path (initial): C:\Users\Nauruz\.gradle\caches\modules-2\files-2.1\org.jetbrains.kotlin\kotlin-compiler-embeddable\1.6.21\97bdd5a752ce73b58ef16c17bc7f0ea2faff7a2e\kotlin-compiler-embeddable-1.6.21.jar;C:\Users\Nauruz\.gradle\caches\modules-2\files-2.1\org.jetbrains.kotlin\kotlin-reflect\1.6.21\5dc3574d9b7bebfcb4ec6b10ada4aaa9e140bd0b\kotlin-reflect-1.6.21.jar;C:\Users\Nauruz\.gradle\caches\modules-2\files-2.1\org.jetbrains.kotlin\kotlin-stdlib\1.6.21\11ef67f1900634fd951bad28c53ec957fabbe5b8\kotlin-stdlib-1.6.21.jar;C:\Users\Nauruz\.gradle\caches\modules-2\files-2.1\org.jetbrains.kotlin\kotlin-script-runtime\1.6.21\99c6675100da5d6d5b1c5a1032f27f28008d101b\kotlin-script-runtime-1.6.21.jar;C:\Users\Nauruz\.gradle\caches\modules-2\files-2.1\org.jetbrains.kotlin\kotlin-daemon-embeddable\1.6.21\46b78cf392e1c4f10854c3cadba44abb7b82250f\kotlin-daemon-embeddable-1.6.21.jar;C:\Users\Nauruz\.gradle\caches\modules-2\files-2.1\org.jetbrains.intellij.deps\trove4j\1.0.20200330\3afb14d5f9ceb459d724e907a21145e8ff394f02\trove4j-1.0.20200330.jar;C:\Users\Nauruz\.gradle\caches\modules-2\files-2.1\net.java.dev.jna\jna\5.6.0\330f2244e9030119ab3030fc3fededc86713d9cc\jna-5.6.0.jar;C:\Users\Nauruz\.gradle\caches\modules-2\files-2.1\org.jetbrains.kotlin\kotlin-stdlib-common\1.6.21\5e5b55c26dbc80372a920aef60eb774b714559b8\kotlin-stdlib-common-1.6.21.jar;C:\Users\Nauruz\.gradle\caches\modules-2\files-2.1\org.jetbrains\annotations\13.0\919f0dfe192fb4e063e7dacadee7f8bb9a2672a9\annotations-13.0.jar
Launcher Type: SUN_STANDARD

[Global flags]
     intx CICompilerCount                          = 3                                         {product} {ergonomic}
     uint ConcGCThreads                            = 2                                         {product} {ergonomic}
     uint G1ConcRefinementThreads                  = 6                                         {product} {ergonomic}
   size_t G1HeapRegionSize                         = 1048576                                   {product} {ergonomic}
    uintx GCDrainStackTargetSize                   = 64                                        {product} {ergonomic}
   size_t InitialHeapSize                          = 257949696                                 {product} {ergonomic}
   size_t MarkStackSize                            = 4194304                                   {product} {ergonomic}
   size_t MaxHeapSize                              = 4125097984                                {product} {ergonomic}
   size_t MinHeapDeltaBytes                        = 1048576                                   {product} {ergonomic}
    uintx NonNMethodCodeHeapSize                   = 5830732                                {pd product} {ergonomic}
    uintx NonProfiledCodeHeapSize                  = 122913754                              {pd product} {ergonomic}
    uintx ProfiledCodeHeapSize                     = 122913754                              {pd product} {ergonomic}
    uintx ReservedCodeCacheSize                    = 251658240                              {pd product} {ergonomic}
     bool SegmentedCodeCache                       = true                                      {product} {ergonomic}
     bool UseCompressedClassPointers               = true                                 {lp64_product} {ergonomic}
     bool UseCompressedOops                        = true                                 {lp64_product} {ergonomic}
     bool UseG1GC                                  = true                                      {product} {ergonomic}
     bool UseLargePagesIndividualAllocation        = false                                  {pd product} {ergonomic}

Logging:
Log output configuration:
 #0: stdout all=warning uptime,level,tags
 #1: stderr all=off uptime,level,tags

Environment Variables:
JAVA_HOME=C:\Program Files\Java\jdk1.8.0_202
PATH=C:\Program Files (x86)\Common Files\Oracle\Java\javapath;C:\Windows\system32;C:\Windows;C:\Windows\System32\Wbem;C:\Windows\System32\WindowsPowerShell\v1.0\;C:\Windows\System32\OpenSSH\;C:\Program Files\Git\cmd;C:\Program Files\maven\bin;C:\flyway-9.6.0;C:\Users\Nauruz\AppData\Local\Microsoft\WindowsApps;
USERNAME=Nauruz
OS=Windows_NT
PROCESSOR_IDENTIFIER=AMD64 Family 23 Model 96 Stepping 1, AuthenticAMD



---------------  S Y S T E M  ---------------

OS: Windows 11 , 64 bit Build 22621 (10.0.22621.608)
OS uptime: 0 days 15:32 hours
Hyper-V role detected

CPU:total 6 (initial active 6) (6 cores per cpu, 1 threads per core) family 23 model 96 stepping 1 microcode 0x0, cmov, cx8, fxsr, mmx, sse, sse2, sse3, ssse3, sse4.1, sse4.2, popcnt, avx, avx2, aes, clmul, mmxext, 3dnowpref, lzcnt, sse4a, tsc, tscinvbit, tscinv, bmi1, bmi2, adx, sha, fma

Memory: 4k page, system-wide physical 15733M (3186M free)
TotalPageFile size 15733M (AvailPageFile size 168M)
current process WorkingSet (physical memory assigned to process): 10M, peak: 10M
current process commit charge ("private bytes"): 56M, peak: 302M

vm_info: OpenJDK 64-Bit Server VM (11.0.13+0-b1751.21-8125866) for windows-amd64 JRE (11.0.13+0-b1751.21-8125866), built on Feb  2 2022 03:00:22 by "builder" with MS VC++ 14.0 (VS2015)

END.
