#
# There is insufficient memory for the Java Runtime Environment to continue.
# Native memory allocation (mmap) failed to map 236978176 bytes for Failed to commit area from 0x0000000092800000 to 0x00000000a0a00000 of length 236978176.
# Possible reasons:
#   The system is out of physical RAM or swap space
#   The process is running with CompressedOops enabled, and the Java Heap may be blocking the growth of the native heap
# Possible solutions:
#   Reduce memory load on the system
#   Increase physical memory or swap space
#   Check if swap backing store is full
#   Decrease Java heap size (-Xmx/-Xms)
#   Decrease number of Java threads
#   Decrease Java thread stack sizes (-Xss)
#   Set larger code cache with -XX:ReservedCodeCacheSize=
#   JVM is running with Unscaled Compressed Oops mode in which the Java heap is
#     placed in the first 4GB address space. The Java Heap base address is the
#     maximum limit for the native heap growth. Please use -XX:HeapBaseMinAddress
#     to set the Java Heap base and to place the Java Heap above 4GB virtual address.
# This output file may be truncated or incomplete.
#
#  Out of Memory Error (./src/hotspot/os/windows/os_windows.cpp:3619), pid=12836, tid=4532
#
# JRE version: OpenJDK Runtime Environment (11.0.13) (build 11.0.13+0-b1751.21-8125866)
# Java VM: OpenJDK 64-Bit Server VM (11.0.13+0-b1751.21-8125866, mixed mode, tiered, compressed oops, g1 gc, windows-amd64)
# No core dump will be written. Minidumps are not enabled by default on client versions of Windows
#

---------------  S U M M A R Y ------------

Command Line: --add-opens=java.base/java.util=ALL-UNNAMED --add-opens=java.base/java.lang=ALL-UNNAMED --add-opens=java.base/java.lang.invoke=ALL-UNNAMED --add-opens=java.base/java.util=ALL-UNNAMED --add-opens=java.prefs/java.util.prefs=ALL-UNNAMED --add-opens=java.prefs/java.util.prefs=ALL-UNNAMED --add-opens=java.base/java.nio.charset=ALL-UNNAMED --add-opens=java.base/java.net=ALL-UNNAMED --add-opens=java.base/java.util.concurrent.atomic=ALL-UNNAMED -Xmx2048m -Dfile.encoding=UTF-8 -Duser.country=RU -Duser.language=ru -Duser.variant org.gradle.launcher.daemon.bootstrap.GradleDaemon 7.2

Host: AMD Ryzen 5 4500U with Radeon Graphics         , 6 cores, 15G,  Windows 11 , 64 bit Build 22621 (10.0.22621.608)
Time: Sun Oct 30 08:30:43 2022 RTZ 2 (зима) elapsed time: 49.654743 seconds (0d 0h 0m 49s)

---------------  T H R E A D  ---------------

Current thread (0x00000271afb2c800):  VMThread "VM Thread" [stack: 0x000000c83c200000,0x000000c83c300000] [id=4532]

Stack: [0x000000c83c200000,0x000000c83c300000]
[error occurred during error reporting (printing stack bounds), id 0xc0000005, EXCEPTION_ACCESS_VIOLATION (0xc0000005) at pc=0x00000271995c112d]

Native frames: (J=compiled Java code, j=interpreted, Vv=VM code, C=native code)
V  [jvm.dll+0x6100fa]
V  [jvm.dll+0x747090]
V  [jvm.dll+0x7486ad]
V  [jvm.dll+0x748ce5]
V  [jvm.dll+0x748c9b]
V  [jvm.dll+0x60f224]
V  [jvm.dll+0x60f9b8]
C  [ntdll.dll+0xa3e1f]
C  [ntdll.dll+0x1eae6]
C  [ntdll.dll+0xa2e0e]
C  0x00000271995c112d

VM_Operation (0x000000c8443fdf50): G1CollectForAllocation, mode: safepoint, requested by thread 0x00000271b60a1000


---------------  P R O C E S S  ---------------

Threads class SMR info:
_java_thread_list=0x00000271b73708b0, length=124, elements={
0x0000027195aa8800, 0x00000271b0351800, 0x00000271b035c800, 0x00000271b0379800,
0x00000271b037a800, 0x00000271b037b800, 0x00000271b037d000, 0x00000271b03c2800,
0x00000271b03c6800, 0x00000271b0546800, 0x00000271b2efe000, 0x00000271b33d7800,
0x00000271b2a5c800, 0x00000271b3035800, 0x00000271b1550800, 0x00000271b25eb000,
0x00000271b25ed800, 0x00000271b25ed000, 0x00000271b25ee800, 0x00000271b25ef000,
0x00000271b5dbb800, 0x00000271b5db6800, 0x00000271b5db8800, 0x00000271b5dbf000,
0x00000271b5dbd000, 0x00000271b70cc000, 0x00000271b70cd800, 0x00000271b70cc800,
0x00000271b70c8000, 0x00000271b70c6000, 0x00000271b70c1800, 0x00000271b70c3800,
0x00000271b70c4800, 0x00000271b70c3000, 0x00000271b70c5800, 0x00000271b70c2000,
0x00000271b70c0800, 0x00000271b70c9800, 0x00000271b70c8800, 0x00000271b4307000,
0x00000271b70ca000, 0x00000271b70cb000, 0x00000271b70c7000, 0x00000271b70ce800,
0x00000271b70cf000, 0x00000271b5dbe000, 0x00000271b5dba800, 0x00000271b5db9000,
0x00000271b5dc4800, 0x00000271b5dc0800, 0x00000271b5dc1800, 0x00000271b5dc3800,
0x00000271b5dc2000, 0x00000271b5dc3000, 0x00000271b5dc5800, 0x00000271b5dbf800,
0x00000271b25ea800, 0x00000271b25ec000, 0x00000271b25f0000, 0x00000271b25f1000,
0x00000271b6004000, 0x00000271b6000000, 0x00000271b6003800, 0x00000271b6005000,
0x00000271b5fff800, 0x00000271b6001800, 0x00000271b6006000, 0x00000271b6006800,
0x00000271b6001000, 0x00000271b6007800, 0x00000271b6008800, 0x00000271b6002800,
0x00000271b600a000, 0x00000271b600a800, 0x00000271b600b800, 0x00000271b600c800,
0x00000271b600d000, 0x00000271b600e000, 0x00000271b6009000, 0x00000271b3b5c800,
0x00000271b3b5d800, 0x00000271b3b5f000, 0x00000271b3b5b800, 0x00000271b3b5e000,
0x00000271b3b60000, 0x00000271b3b60800, 0x00000271b3b5b000, 0x00000271b3b66800,
0x00000271b3b62800, 0x00000271b3b64800, 0x00000271b3b61800, 0x00000271b3b67000,
0x00000271b3b63000, 0x00000271b3b68000, 0x00000271b3b69800, 0x00000271b3b65800,
0x00000271b3b64000, 0x00000271b3b69000, 0x00000271b5d2b000, 0x00000271b5d2d800,
0x00000271b5d2c800, 0x00000271b5d2c000, 0x00000271b5d27800, 0x00000271b5d28800,
0x00000271b5d2e000, 0x00000271b5d2f000, 0x00000271b5d29800, 0x00000271b5d30000,
0x00000271b5d2a000, 0x00000271b5d35800, 0x00000271b5d36800, 0x00000271b5d30800,
0x00000271b5d35000, 0x00000271b5d31800, 0x00000271b60a0000, 0x00000271b609e800,
0x00000271b60a4000, 0x00000271b60a2800, 0x00000271b60a1000, 0x00000271b60a2000,
0x00000271b60a3800, 0x00000271b60a5000, 0x00000271b609f800, 0x00000271b60a7800
}

Java Threads: ( => current thread )
  0x0000027195aa8800 JavaThread "main" [_thread_blocked, id=1620, stack(0x000000c83bc00000,0x000000c83bd00000)]
  0x00000271b0351800 JavaThread "Reference Handler" daemon [_thread_blocked, id=12676, stack(0x000000c83c300000,0x000000c83c400000)]
  0x00000271b035c800 JavaThread "Finalizer" daemon [_thread_blocked, id=8132, stack(0x000000c83c400000,0x000000c83c500000)]
  0x00000271b0379800 JavaThread "Signal Dispatcher" daemon [_thread_blocked, id=15592, stack(0x000000c83c500000,0x000000c83c600000)]
  0x00000271b037a800 JavaThread "Attach Listener" daemon [_thread_blocked, id=1668, stack(0x000000c83c600000,0x000000c83c700000)]
  0x00000271b037b800 JavaThread "Service Thread" daemon [_thread_blocked, id=8988, stack(0x000000c83c700000,0x000000c83c800000)]
  0x00000271b037d000 JavaThread "C2 CompilerThread0" daemon [_thread_in_native, id=11152, stack(0x000000c83c800000,0x000000c83c900000)]
  0x00000271b03c2800 JavaThread "C1 CompilerThread0" daemon [_thread_blocked, id=6396, stack(0x000000c83c900000,0x000000c83ca00000)]
  0x00000271b03c6800 JavaThread "Sweeper thread" daemon [_thread_blocked, id=8140, stack(0x000000c83ca00000,0x000000c83cb00000)]
  0x00000271b0546800 JavaThread "Common-Cleaner" daemon [_thread_blocked, id=15916, stack(0x000000c83cb00000,0x000000c83cc00000)]
  0x00000271b2efe000 JavaThread "Daemon health stats" [_thread_blocked, id=14332, stack(0x000000c83d300000,0x000000c83d400000)]
  0x00000271b33d7800 JavaThread "Incoming local TCP Connector on port 63680" [_thread_in_native, id=13440, stack(0x000000c83cd00000,0x000000c83ce00000)]
  0x00000271b2a5c800 JavaThread "Daemon periodic checks" [_thread_blocked, id=15044, stack(0x000000c83d400000,0x000000c83d500000)]
  0x00000271b3035800 JavaThread "Daemon" [_thread_blocked, id=1328, stack(0x000000c83d500000,0x000000c83d600000)]
  0x00000271b1550800 JavaThread "Daemon worker" [_thread_blocked, id=10264, stack(0x000000c83d800000,0x000000c83d900000)]
  0x00000271b25eb000 JavaThread "Cache worker for journal cache (C:\Users\Nauruz\.gradle\caches\journal-1)" [_thread_blocked, id=13364, stack(0x000000c83dc00000,0x000000c83dd00000)]
  0x00000271b25ed800 JavaThread "File lock request listener" [_thread_in_native, id=4200, stack(0x000000c83dd00000,0x000000c83de00000)]
  0x00000271b25ed000 JavaThread "Cache worker for file hash cache (C:\Users\Nauruz\.gradle\caches\7.2\fileHashes)" [_thread_blocked, id=11796, stack(0x000000c83de00000,0x000000c83df00000)]
  0x00000271b25ee800 JavaThread "File watcher server" daemon [_thread_blocked, id=10952, stack(0x000000c83e300000,0x000000c83e400000)]
  0x00000271b25ef000 JavaThread "File watcher consumer" daemon [_thread_blocked, id=11568, stack(0x000000c83e400000,0x000000c83e500000)]
  0x00000271b5dbb800 JavaThread "Cache worker for execution history cache (C:\Users\Nauruz\.gradle\caches\7.2\executionHistory)" [_thread_blocked, id=12772, stack(0x000000c83e800000,0x000000c83e900000)]
  0x00000271b5db6800 JavaThread "jar transforms" [_thread_blocked, id=15504, stack(0x000000c83e900000,0x000000c83ea00000)]
  0x00000271b5db8800 JavaThread "Cache worker for file content cache (C:\Users\Nauruz\.gradle\caches\7.2\fileContent)" [_thread_blocked, id=10336, stack(0x000000c83ea00000,0x000000c83eb00000)]
  0x00000271b5dbf000 JavaThread "jar transforms Thread 2" [_thread_blocked, id=15840, stack(0x000000c83eb00000,0x000000c83ec00000)]
  0x00000271b5dbd000 JavaThread "jar transforms Thread 3" [_thread_blocked, id=11480, stack(0x000000c83ed00000,0x000000c83ee00000)]
  0x00000271b70cc000 JavaThread "jar transforms Thread 4" [_thread_blocked, id=12220, stack(0x000000c842b00000,0x000000c842c00000)]
  0x00000271b70cd800 JavaThread "jar transforms Thread 5" [_thread_blocked, id=14096, stack(0x000000c842c00000,0x000000c842d00000)]
  0x00000271b70cc800 JavaThread "jar transforms Thread 6" [_thread_blocked, id=14736, stack(0x000000c842d00000,0x000000c842e00000)]
  0x00000271b70c8000 JavaThread "Memory manager" [_thread_blocked, id=14632, stack(0x000000c842e00000,0x000000c842f00000)]
  0x00000271b70c6000 JavaThread "Handler for socket connection from /127.0.0.1:63680 to /127.0.0.1:63702" [_thread_in_native, id=9456, stack(0x000000c83d900000,0x000000c83da00000)]
  0x00000271b70c1800 JavaThread "Cancel handler" [_thread_blocked, id=14476, stack(0x000000c83da00000,0x000000c83db00000)]
  0x00000271b70c3800 JavaThread "Asynchronous log dispatcher for DefaultDaemonConnection: socket connection from /127.0.0.1:63680 to /127.0.0.1:63702" [_thread_blocked, id=3332, stack(0x000000c83db00000,0x000000c83dc00000)]
  0x00000271b70c4800 JavaThread "Stdin handler" [_thread_blocked, id=4524, stack(0x000000c83e100000,0x000000c83e200000)]
  0x00000271b70c3000 JavaThread "Daemon client event forwarder" [_thread_blocked, id=8676, stack(0x000000c83e500000,0x000000c83e600000)]
  0x00000271b70c5800 JavaThread "Cache worker for file hash cache (C:\Users\Nauruz\AndroidStudioProjects\FakeStore\.gradle\7.2\fileHashes)" [_thread_blocked, id=15308, stack(0x000000c83e600000,0x000000c83e700000)]
  0x00000271b70c2000 JavaThread "Cache worker for checksums cache (C:\Users\Nauruz\AndroidStudioProjects\FakeStore\.gradle\checksums)" [_thread_blocked, id=15628, stack(0x000000c83e700000,0x000000c83e800000)]
  0x00000271b70c0800 JavaThread "Cache worker for cache directory md-supplier (C:\Users\Nauruz\.gradle\caches\7.2\md-supplier)" [_thread_blocked, id=15496, stack(0x000000c83ec00000,0x000000c83ed00000)]
  0x00000271b70c9800 JavaThread "Cache worker for cache directory md-rule (C:\Users\Nauruz\.gradle\caches\7.2\md-rule)" [_thread_blocked, id=2972, stack(0x000000c83ee00000,0x000000c83ef00000)]
  0x00000271b70c8800 JavaThread "Cache worker for dependencies-accessors (C:\Users\Nauruz\AndroidStudioProjects\FakeStore\.gradle\7.2\dependencies-accessors)" [_thread_blocked, id=10260, stack(0x000000c83ef00000,0x000000c83f000000)]
  0x00000271b4307000 JavaThread "C2 CompilerThread1" daemon [_thread_blocked, id=7284, stack(0x000000c83f000000,0x000000c83f100000)]
  0x00000271b70ca000 JavaThread "Cache worker for Build Output Cleanup Cache (C:\Users\Nauruz\AndroidStudioProjects\FakeStore\.gradle\buildOutputCleanup)" [_thread_blocked, id=8904, stack(0x000000c83f100000,0x000000c83f200000)]
  0x00000271b70cb000 JavaThread "Unconstrained build operations" [_thread_blocked, id=4092, stack(0x000000c83f200000,0x000000c83f300000)]
  0x00000271b70c7000 JavaThread "Unconstrained build operations Thread 2" [_thread_blocked, id=12516, stack(0x000000c83f300000,0x000000c83f400000)]
  0x00000271b70ce800 JavaThread "Unconstrained build operations Thread 3" [_thread_blocked, id=12596, stack(0x000000c83f400000,0x000000c83f500000)]
  0x00000271b70cf000 JavaThread "Unconstrained build operations Thread 4" [_thread_blocked, id=15932, stack(0x000000c83f500000,0x000000c83f600000)]
  0x00000271b5dbe000 JavaThread "Unconstrained build operations Thread 5" [_thread_blocked, id=11184, stack(0x000000c83f600000,0x000000c83f700000)]
  0x00000271b5dba800 JavaThread "Unconstrained build operations Thread 6" [_thread_blocked, id=3736, stack(0x000000c83f700000,0x000000c83f800000)]
  0x00000271b5db9000 JavaThread "Unconstrained build operations Thread 7" [_thread_blocked, id=3396, stack(0x000000c83f800000,0x000000c83f900000)]
  0x00000271b5dc4800 JavaThread "Unconstrained build operations Thread 8" [_thread_blocked, id=6404, stack(0x000000c83f900000,0x000000c83fa00000)]
  0x00000271b5dc0800 JavaThread "Unconstrained build operations Thread 9" [_thread_blocked, id=13852, stack(0x000000c83fa00000,0x000000c83fb00000)]
  0x00000271b5dc1800 JavaThread "Unconstrained build operations Thread 10" [_thread_blocked, id=3804, stack(0x000000c83fb00000,0x000000c83fc00000)]
  0x00000271b5dc3800 JavaThread "Unconstrained build operations Thread 11" [_thread_blocked, id=3240, stack(0x000000c83fc00000,0x000000c83fd00000)]
  0x00000271b5dc2000 JavaThread "Unconstrained build operations Thread 12" [_thread_blocked, id=15944, stack(0x000000c83fd00000,0x000000c83fe00000)]
  0x00000271b5dc3000 JavaThread "Unconstrained build operations Thread 13" [_thread_blocked, id=13244, stack(0x000000c83fe00000,0x000000c83ff00000)]
  0x00000271b5dc5800 JavaThread "Unconstrained build operations Thread 14" [_thread_blocked, id=12592, stack(0x000000c83ff00000,0x000000c840000000)]
  0x00000271b5dbf800 JavaThread "Unconstrained build operations Thread 15" [_thread_blocked, id=16204, stack(0x000000c840000000,0x000000c840100000)]
  0x00000271b25ea800 JavaThread "Unconstrained build operations Thread 16" [_thread_blocked, id=1564, stack(0x000000c840100000,0x000000c840200000)]
  0x00000271b25ec000 JavaThread "Unconstrained build operations Thread 17" [_thread_blocked, id=14172, stack(0x000000c840200000,0x000000c840300000)]
  0x00000271b25f0000 JavaThread "Unconstrained build operations Thread 18" [_thread_blocked, id=13316, stack(0x000000c840300000,0x000000c840400000)]
  0x00000271b25f1000 JavaThread "Unconstrained build operations Thread 19" [_thread_blocked, id=11912, stack(0x000000c840400000,0x000000c840500000)]
  0x00000271b6004000 JavaThread "Unconstrained build operations Thread 20" [_thread_blocked, id=16128, stack(0x000000c840500000,0x000000c840600000)]
  0x00000271b6000000 JavaThread "Unconstrained build operations Thread 21" [_thread_blocked, id=6072, stack(0x000000c840600000,0x000000c840700000)]
  0x00000271b6003800 JavaThread "Unconstrained build operations Thread 22" [_thread_blocked, id=6980, stack(0x000000c840700000,0x000000c840800000)]
  0x00000271b6005000 JavaThread "Unconstrained build operations Thread 23" [_thread_blocked, id=14368, stack(0x000000c840800000,0x000000c840900000)]
  0x00000271b5fff800 JavaThread "Unconstrained build operations Thread 24" [_thread_blocked, id=11228, stack(0x000000c840900000,0x000000c840a00000)]
  0x00000271b6001800 JavaThread "Unconstrained build operations Thread 25" [_thread_blocked, id=9476, stack(0x000000c840a00000,0x000000c840b00000)]
  0x00000271b6006000 JavaThread "Unconstrained build operations Thread 26" [_thread_blocked, id=13172, stack(0x000000c840b00000,0x000000c840c00000)]
  0x00000271b6006800 JavaThread "Unconstrained build operations Thread 27" [_thread_blocked, id=12680, stack(0x000000c840c00000,0x000000c840d00000)]
  0x00000271b6001000 JavaThread "Unconstrained build operations Thread 28" [_thread_blocked, id=3928, stack(0x000000c840d00000,0x000000c840e00000)]
  0x00000271b6007800 JavaThread "Unconstrained build operations Thread 29" [_thread_blocked, id=1472, stack(0x000000c840e00000,0x000000c840f00000)]
  0x00000271b6008800 JavaThread "Unconstrained build operations Thread 30" [_thread_blocked, id=10736, stack(0x000000c840f00000,0x000000c841000000)]
  0x00000271b6002800 JavaThread "Unconstrained build operations Thread 31" [_thread_blocked, id=15464, stack(0x000000c841000000,0x000000c841100000)]
  0x00000271b600a000 JavaThread "Unconstrained build operations Thread 32" [_thread_blocked, id=9276, stack(0x000000c841100000,0x000000c841200000)]
  0x00000271b600a800 JavaThread "Unconstrained build operations Thread 33" [_thread_blocked, id=15692, stack(0x000000c841200000,0x000000c841300000)]
  0x00000271b600b800 JavaThread "Unconstrained build operations Thread 34" [_thread_blocked, id=15816, stack(0x000000c841300000,0x000000c841400000)]
  0x00000271b600c800 JavaThread "Unconstrained build operations Thread 35" [_thread_blocked, id=7596, stack(0x000000c841400000,0x000000c841500000)]
  0x00000271b600d000 JavaThread "Unconstrained build operations Thread 36" [_thread_blocked, id=14232, stack(0x000000c841500000,0x000000c841600000)]
  0x00000271b600e000 JavaThread "Unconstrained build operations Thread 37" [_thread_blocked, id=16348, stack(0x000000c841600000,0x000000c841700000)]
  0x00000271b6009000 JavaThread "Unconstrained build operations Thread 38" [_thread_blocked, id=10920, stack(0x000000c841700000,0x000000c841800000)]
  0x00000271b3b5c800 JavaThread "Unconstrained build operations Thread 39" [_thread_blocked, id=9656, stack(0x000000c841800000,0x000000c841900000)]
  0x00000271b3b5d800 JavaThread "Unconstrained build operations Thread 40" [_thread_blocked, id=10700, stack(0x000000c841900000,0x000000c841a00000)]
  0x00000271b3b5f000 JavaThread "Unconstrained build operations Thread 41" [_thread_blocked, id=11572, stack(0x000000c841a00000,0x000000c841b00000)]
  0x00000271b3b5b800 JavaThread "Unconstrained build operations Thread 42" [_thread_blocked, id=10936, stack(0x000000c841b00000,0x000000c841c00000)]
  0x00000271b3b5e000 JavaThread "Unconstrained build operations Thread 43" [_thread_blocked, id=5716, stack(0x000000c841c00000,0x000000c841d00000)]
  0x00000271b3b60000 JavaThread "Unconstrained build operations Thread 44" [_thread_blocked, id=11028, stack(0x000000c841d00000,0x000000c841e00000)]
  0x00000271b3b60800 JavaThread "Unconstrained build operations Thread 45" [_thread_blocked, id=1700, stack(0x000000c841e00000,0x000000c841f00000)]
  0x00000271b3b5b000 JavaThread "Unconstrained build operations Thread 46" [_thread_blocked, id=10820, stack(0x000000c841f00000,0x000000c842000000)]
  0x00000271b3b66800 JavaThread "Unconstrained build operations Thread 47" [_thread_blocked, id=4340, stack(0x000000c842000000,0x000000c842100000)]
  0x00000271b3b62800 JavaThread "Unconstrained build operations Thread 48" [_thread_blocked, id=15376, stack(0x000000c842100000,0x000000c842200000)]
  0x00000271b3b64800 JavaThread "Unconstrained build operations Thread 49" [_thread_blocked, id=4032, stack(0x000000c842200000,0x000000c842300000)]
  0x00000271b3b61800 JavaThread "Unconstrained build operations Thread 50" [_thread_blocked, id=9548, stack(0x000000c842300000,0x000000c842400000)]
  0x00000271b3b67000 JavaThread "Unconstrained build operations Thread 51" [_thread_blocked, id=1912, stack(0x000000c842400000,0x000000c842500000)]
  0x00000271b3b63000 JavaThread "Unconstrained build operations Thread 52" [_thread_blocked, id=16104, stack(0x000000c842500000,0x000000c842600000)]
  0x00000271b3b68000 JavaThread "Unconstrained build operations Thread 53" [_thread_blocked, id=14240, stack(0x000000c842600000,0x000000c842700000)]
  0x00000271b3b69800 JavaThread "Unconstrained build operations Thread 54" [_thread_blocked, id=15240, stack(0x000000c842700000,0x000000c842800000)]
  0x00000271b3b65800 JavaThread "Unconstrained build operations Thread 55" [_thread_blocked, id=11848, stack(0x000000c842800000,0x000000c842900000)]
  0x00000271b3b64000 JavaThread "Unconstrained build operations Thread 56" [_thread_blocked, id=11064, stack(0x000000c842900000,0x000000c842a00000)]
  0x00000271b3b69000 JavaThread "Unconstrained build operations Thread 57" [_thread_blocked, id=1976, stack(0x000000c842a00000,0x000000c842b00000)]
  0x00000271b5d2b000 JavaThread "Unconstrained build operations Thread 58" [_thread_blocked, id=11136, stack(0x000000c842f00000,0x000000c843000000)]
  0x00000271b5d2d800 JavaThread "Unconstrained build operations Thread 59" [_thread_blocked, id=10180, stack(0x000000c843000000,0x000000c843100000)]
  0x00000271b5d2c800 JavaThread "Unconstrained build operations Thread 60" [_thread_blocked, id=8636, stack(0x000000c843100000,0x000000c843200000)]
  0x00000271b5d2c000 JavaThread "build event listener" [_thread_blocked, id=12580, stack(0x000000c843200000,0x000000c843300000)]
  0x00000271b5d27800 JavaThread "Execution worker for ':'" [_thread_blocked, id=756, stack(0x000000c843300000,0x000000c843400000)]
  0x00000271b5d28800 JavaThread "Execution worker for ':' Thread 2" [_thread_blocked, id=10648, stack(0x000000c843400000,0x000000c843500000)]
  0x00000271b5d2e000 JavaThread "Execution worker for ':' Thread 3" [_thread_blocked, id=2296, stack(0x000000c843500000,0x000000c843600000)]
  0x00000271b5d2f000 JavaThread "Execution worker for ':' Thread 4" [_thread_blocked, id=7064, stack(0x000000c843600000,0x000000c843700000)]
  0x00000271b5d29800 JavaThread "Execution worker for ':' Thread 5" [_thread_blocked, id=7840, stack(0x000000c843700000,0x000000c843800000)]
  0x00000271b5d30000 JavaThread "Cache worker for execution history cache (C:\Users\Nauruz\AndroidStudioProjects\FakeStore\.gradle\7.2\executionHistory)" [_thread_blocked, id=3748, stack(0x000000c843800000,0x000000c843900000)]
  0x00000271b5d2a000 JavaThread "WorkerExecutor Queue" [_thread_blocked, id=15384, stack(0x000000c843900000,0x000000c843a00000)]
  0x00000271b5d35800 JavaThread "WorkerExecutor Queue Thread 2" [_thread_blocked, id=15012, stack(0x000000c843a00000,0x000000c843b00000)]
  0x00000271b5d36800 JavaThread "WorkerExecutor Queue Thread 3" [_thread_blocked, id=11244, stack(0x000000c843b00000,0x000000c843c00000)]
  0x00000271b5d30800 JavaThread "WorkerExecutor Queue Thread 4" [_thread_blocked, id=6200, stack(0x000000c843c00000,0x000000c843d00000)]
  0x00000271b5d35000 JavaThread "WorkerExecutor Queue Thread 5" [_thread_blocked, id=6996, stack(0x000000c843d00000,0x000000c843e00000)]
  0x00000271b5d31800 JavaThread "WorkerExecutor Queue Thread 6" [_thread_blocked, id=2704, stack(0x000000c843e00000,0x000000c843f00000)]
  0x00000271b60a0000 JavaThread "WorkerExecutor Queue Thread 7" [_thread_blocked, id=12116, stack(0x000000c843f00000,0x000000c844000000)]
  0x00000271b609e800 JavaThread "pool-7-thread-1" [_thread_blocked, id=16108, stack(0x000000c844000000,0x000000c844100000)]
  0x00000271b60a4000 JavaThread "stderr" [_thread_in_native, id=14896, stack(0x000000c844100000,0x000000c844200000)]
  0x00000271b60a2800 JavaThread "stdout" [_thread_in_native, id=9720, stack(0x000000c844200000,0x000000c844300000)]
  0x00000271b60a1000 JavaThread "ForkJoinPool-1-worker-3" daemon [_thread_blocked, id=1428, stack(0x000000c844300000,0x000000c844400000)]
  0x00000271b60a2000 JavaThread "ForkJoinPool-1-worker-5" daemon [_thread_blocked, id=16224, stack(0x000000c844400000,0x000000c844500000)]
  0x00000271b60a3800 JavaThread "ForkJoinPool-1-worker-7" daemon [_thread_blocked, id=6656, stack(0x000000c844500000,0x000000c844600000)]
  0x00000271b60a5000 JavaThread "ForkJoinPool-1-worker-9" daemon [_thread_blocked, id=12736, stack(0x000000c844600000,0x000000c844700000)]
  0x00000271b609f800 JavaThread "ForkJoinPool-1-worker-11" daemon [_thread_blocked, id=12716, stack(0x000000c844700000,0x000000c844800000)]
  0x00000271b60a7800 JavaThread "ForkJoinPool-1-worker-13" daemon [_thread_blocked, id=740, stack(0x000000c844800000,0x000000c844900000)]

Other Threads:
=>0x00000271afb2c800 VMThread "VM Thread" [stack: 0x000000c83c200000,0x000000c83c300000] [id=4532]
  0x00000271b0557800 WatcherThread [stack: 0x000000c83cc00000,0x000000c83cd00000] [id=14408]
  0x0000027195abf800 GCTaskThread "GC Thread#0" [stack: 0x000000c83bd00000,0x000000c83be00000] [id=8304]
  0x00000271b0e45800 GCTaskThread "GC Thread#1" [stack: 0x000000c83ce00000,0x000000c83cf00000] [id=9840]
  0x00000271b0a78000 GCTaskThread "GC Thread#2" [stack: 0x000000c83cf00000,0x000000c83d000000] [id=10816]
  0x00000271b0ae5800 GCTaskThread "GC Thread#3" [stack: 0x000000c83d000000,0x000000c83d100000] [id=15980]
  0x00000271b152f800 GCTaskThread "GC Thread#4" [stack: 0x000000c83d100000,0x000000c83d200000] [id=6860]
  0x00000271b3086800 GCTaskThread "GC Thread#5" [stack: 0x000000c83df00000,0x000000c83e000000] [id=14988]
  0x0000027195af3800 ConcurrentGCThread "G1 Main Marker" [stack: 0x000000c83be00000,0x000000c83bf00000] [id=12244]
  0x0000027195af5800 ConcurrentGCThread "G1 Conc#0" [stack: 0x000000c83bf00000,0x000000c83c000000] [id=8316]
  0x00000271b2ef1000 ConcurrentGCThread "G1 Conc#1" [stack: 0x000000c83e000000,0x000000c83e100000] [id=1696]
  0x00000271af99c800 ConcurrentGCThread "G1 Refine#0" [stack: 0x000000c83c000000,0x000000c83c100000] [id=15144]
  0x00000271b1c7b000 ConcurrentGCThread "G1 Refine#1" [stack: 0x000000c83d200000,0x000000c83d300000] [id=14440]
  0x00000271b5db4800 ConcurrentGCThread "G1 Refine#2" [stack: 0x000000c83e200000,0x000000c83e300000] [id=12088]
  0x00000271af99f800 ConcurrentGCThread "G1 Young RemSet Sampling" [stack: 0x000000c83c100000,0x000000c83c200000] [id=1156]

Threads with active compile tasks:
C2 CompilerThread0  49662 20151 %     4       com.android.tools.r8.dex.r::a @ 315 (1038 bytes)
C2 CompilerThread1  49662 20115       4       com.android.tools.r8.code.x1::a (4130 bytes)

VM state:at safepoint (normal execution)

VM Mutex/Monitor currently owned by a thread:  ([mutex/lock_event])
[0x0000027195aa1dd0] Threads_lock - owner thread: 0x00000271afb2c800
[0x0000027195aa30f0] Heap_lock - owner thread: 0x00000271b60a1000

Heap address: 0x0000000080000000, size: 2048 MB, Compressed Oops mode: 32-bit
Narrow klass base: 0x0000000000000000, Narrow klass shift: 3
Compressed class space size: 1073741824 Address: 0x0000000100000000

Heap:
 garbage-first heap   total 534528K, used 236544K [0x0000000080000000, 0x0000000100000000)
  region size 1024K, 4 young (4096K), 4 survivors (4096K)
 Metaspace       used 119160K, capacity 122283K, committed 122416K, reserved 1155072K
  class space    used 14842K, capacity 16010K, committed 16128K, reserved 1048576K
Heap Regions: E=young(eden), S=young(survivor), O=old, HS=humongous(starts), HC=humongous(continues), CS=collection set, F=free, A=archive, TAMS=top-at-mark-start (previous, next)
|   0|0x0000000080000000, 0x0000000080100000, 0x0000000080100000|100%| O|  |TAMS 0x0000000080100000, 0x0000000080100000| Untracked 
|   1|0x0000000080100000, 0x0000000080200000, 0x0000000080200000|100%| O|  |TAMS 0x0000000080200000, 0x0000000080200000| Untracked 
|   2|0x0000000080200000, 0x0000000080300000, 0x0000000080300000|100%| O|  |TAMS 0x0000000080300000, 0x0000000080300000| Untracked 
|   3|0x0000000080300000, 0x0000000080400000, 0x0000000080400000|100%|HS|  |TAMS 0x0000000080400000, 0x0000000080400000| Complete 
|   4|0x0000000080400000, 0x0000000080500000, 0x0000000080500000|100%|HC|  |TAMS 0x0000000080500000, 0x0000000080500000| Complete 
|   5|0x0000000080500000, 0x0000000080600000, 0x0000000080600000|100%|HC|  |TAMS 0x0000000080600000, 0x0000000080600000| Complete 
|   6|0x0000000080600000, 0x0000000080700000, 0x0000000080700000|100%| O|  |TAMS 0x0000000080700000, 0x0000000080700000| Untracked 
|   7|0x0000000080700000, 0x0000000080800000, 0x0000000080800000|100%| O|  |TAMS 0x0000000080800000, 0x0000000080800000| Untracked 
|   8|0x0000000080800000, 0x0000000080900000, 0x0000000080900000|100%| O|  |TAMS 0x0000000080900000, 0x0000000080900000| Untracked 
|   9|0x0000000080900000, 0x0000000080a00000, 0x0000000080a00000|100%| O|  |TAMS 0x0000000080a00000, 0x0000000080a00000| Untracked 
|  10|0x0000000080a00000, 0x0000000080b00000, 0x0000000080b00000|100%| O|  |TAMS 0x0000000080b00000, 0x0000000080b00000| Untracked 
|  11|0x0000000080b00000, 0x0000000080c00000, 0x0000000080c00000|100%| O|  |TAMS 0x0000000080c00000, 0x0000000080c00000| Untracked 
|  12|0x0000000080c00000, 0x0000000080d00000, 0x0000000080d00000|100%| O|  |TAMS 0x0000000080c00000, 0x0000000080d00000| Untracked 
|  13|0x0000000080d00000, 0x0000000080e00000, 0x0000000080e00000|100%| O|  |TAMS 0x0000000080e00000, 0x0000000080e00000| Untracked 
|  14|0x0000000080e00000, 0x0000000080f00000, 0x0000000080f00000|100%| O|  |TAMS 0x0000000080f00000, 0x0000000080f00000| Untracked 
|  15|0x0000000080f00000, 0x0000000081000000, 0x0000000081000000|100%|HS|  |TAMS 0x0000000081000000, 0x0000000081000000| Complete 
|  16|0x0000000081000000, 0x0000000081100000, 0x0000000081100000|100%|HS|  |TAMS 0x0000000081100000, 0x0000000081100000| Complete 
|  17|0x0000000081100000, 0x0000000081200000, 0x0000000081200000|100%|HS|  |TAMS 0x0000000081200000, 0x0000000081200000| Complete 
|  18|0x0000000081200000, 0x0000000081300000, 0x0000000081300000|100%|HS|  |TAMS 0x0000000081300000, 0x0000000081300000| Complete 
|  19|0x0000000081300000, 0x0000000081400000, 0x0000000081400000|100%| O|  |TAMS 0x0000000081400000, 0x0000000081400000| Untracked 
|  20|0x0000000081400000, 0x0000000081500000, 0x0000000081500000|100%| O|  |TAMS 0x0000000081500000, 0x0000000081500000| Untracked 
|  21|0x0000000081500000, 0x0000000081600000, 0x0000000081600000|100%|HS|  |TAMS 0x0000000081600000, 0x0000000081600000| Complete 
|  22|0x0000000081600000, 0x0000000081700000, 0x0000000081700000|100%|HC|  |TAMS 0x0000000081700000, 0x0000000081700000| Complete 
|  23|0x0000000081700000, 0x0000000081800000, 0x0000000081800000|100%|HC|  |TAMS 0x0000000081800000, 0x0000000081800000| Complete 
|  24|0x0000000081800000, 0x0000000081900000, 0x0000000081900000|100%|HS|  |TAMS 0x0000000081900000, 0x0000000081900000| Complete 
|  25|0x0000000081900000, 0x0000000081a00000, 0x0000000081a00000|100%|HC|  |TAMS 0x0000000081a00000, 0x0000000081a00000| Complete 
|  26|0x0000000081a00000, 0x0000000081b00000, 0x0000000081b00000|100%| O|  |TAMS 0x0000000081b00000, 0x0000000081b00000| Untracked 
|  27|0x0000000081b00000, 0x0000000081c00000, 0x0000000081c00000|100%| O|  |TAMS 0x0000000081c00000, 0x0000000081c00000| Untracked 
|  28|0x0000000081c00000, 0x0000000081d00000, 0x0000000081d00000|100%| O|  |TAMS 0x0000000081d00000, 0x0000000081d00000| Untracked 
|  29|0x0000000081d00000, 0x0000000081e00000, 0x0000000081e00000|100%| O|  |TAMS 0x0000000081e00000, 0x0000000081e00000| Untracked 
|  30|0x0000000081e00000, 0x0000000081f00000, 0x0000000081f00000|100%| O|  |TAMS 0x0000000081f00000, 0x0000000081f00000| Untracked 
|  31|0x0000000081f00000, 0x0000000082000000, 0x0000000082000000|100%| O|  |TAMS 0x0000000082000000, 0x0000000082000000| Untracked 
|  32|0x0000000082000000, 0x0000000082100000, 0x0000000082100000|100%| O|  |TAMS 0x0000000082100000, 0x0000000082100000| Untracked 
|  33|0x0000000082100000, 0x0000000082200000, 0x0000000082200000|100%| O|  |TAMS 0x0000000082200000, 0x0000000082200000| Untracked 
|  34|0x0000000082200000, 0x0000000082300000, 0x0000000082300000|100%| O|  |TAMS 0x0000000082300000, 0x0000000082300000| Untracked 
|  35|0x0000000082300000, 0x0000000082400000, 0x0000000082400000|100%| O|  |TAMS 0x0000000082400000, 0x0000000082400000| Untracked 
|  36|0x0000000082400000, 0x0000000082500000, 0x0000000082500000|100%| O|  |TAMS 0x0000000082500000, 0x0000000082500000| Untracked 
|  37|0x0000000082500000, 0x0000000082600000, 0x0000000082600000|100%| O|  |TAMS 0x0000000082600000, 0x0000000082600000| Untracked 
|  38|0x0000000082600000, 0x0000000082700000, 0x0000000082700000|100%| O|  |TAMS 0x0000000082700000, 0x0000000082700000| Untracked 
|  39|0x0000000082700000, 0x0000000082800000, 0x0000000082800000|100%| O|  |TAMS 0x0000000082800000, 0x0000000082800000| Untracked 
|  40|0x0000000082800000, 0x0000000082900000, 0x0000000082900000|100%| O|  |TAMS 0x0000000082900000, 0x0000000082900000| Untracked 
|  41|0x0000000082900000, 0x0000000082a00000, 0x0000000082a00000|100%| O|  |TAMS 0x0000000082a00000, 0x0000000082a00000| Untracked 
|  42|0x0000000082a00000, 0x0000000082b00000, 0x0000000082b00000|100%| O|  |TAMS 0x0000000082b00000, 0x0000000082b00000| Untracked 
|  43|0x0000000082b00000, 0x0000000082c00000, 0x0000000082c00000|100%| O|  |TAMS 0x0000000082c00000, 0x0000000082c00000| Untracked 
|  44|0x0000000082c00000, 0x0000000082d00000, 0x0000000082d00000|100%| O|  |TAMS 0x0000000082d00000, 0x0000000082d00000| Untracked 
|  45|0x0000000082d00000, 0x0000000082e00000, 0x0000000082e00000|100%| O|  |TAMS 0x0000000082e00000, 0x0000000082e00000| Untracked 
|  46|0x0000000082e00000, 0x0000000082f00000, 0x0000000082f00000|100%| O|  |TAMS 0x0000000082f00000, 0x0000000082f00000| Untracked 
|  47|0x0000000082f00000, 0x0000000083000000, 0x0000000083000000|100%| O|  |TAMS 0x0000000083000000, 0x0000000083000000| Untracked 
|  48|0x0000000083000000, 0x0000000083100000, 0x0000000083100000|100%| O|  |TAMS 0x0000000083100000, 0x0000000083100000| Untracked 
|  49|0x0000000083100000, 0x0000000083200000, 0x0000000083200000|100%| O|  |TAMS 0x0000000083200000, 0x0000000083200000| Untracked 
|  50|0x0000000083200000, 0x0000000083300000, 0x0000000083300000|100%| O|  |TAMS 0x0000000083300000, 0x0000000083300000| Untracked 
|  51|0x0000000083300000, 0x0000000083400000, 0x0000000083400000|100%| O|  |TAMS 0x0000000083400000, 0x0000000083400000| Untracked 
|  52|0x0000000083400000, 0x0000000083500000, 0x0000000083500000|100%| O|  |TAMS 0x0000000083500000, 0x0000000083500000| Untracked 
|  53|0x0000000083500000, 0x0000000083600000, 0x0000000083600000|100%| O|  |TAMS 0x0000000083600000, 0x0000000083600000| Untracked 
|  54|0x0000000083600000, 0x0000000083700000, 0x0000000083700000|100%| O|  |TAMS 0x0000000083700000, 0x0000000083700000| Untracked 
|  55|0x0000000083700000, 0x0000000083800000, 0x0000000083800000|100%| O|  |TAMS 0x0000000083800000, 0x0000000083800000| Untracked 
|  56|0x0000000083800000, 0x0000000083900000, 0x0000000083900000|100%| O|  |TAMS 0x0000000083900000, 0x0000000083900000| Untracked 
|  57|0x0000000083900000, 0x0000000083a00000, 0x0000000083a00000|100%| O|  |TAMS 0x0000000083a00000, 0x0000000083a00000| Untracked 
|  58|0x0000000083a00000, 0x0000000083b00000, 0x0000000083b00000|100%| O|  |TAMS 0x0000000083b00000, 0x0000000083b00000| Untracked 
|  59|0x0000000083b00000, 0x0000000083c00000, 0x0000000083c00000|100%| O|  |TAMS 0x0000000083c00000, 0x0000000083c00000| Untracked 
|  60|0x0000000083c00000, 0x0000000083d00000, 0x0000000083d00000|100%| O|  |TAMS 0x0000000083d00000, 0x0000000083d00000| Untracked 
|  61|0x0000000083d00000, 0x0000000083e00000, 0x0000000083e00000|100%| O|  |TAMS 0x0000000083e00000, 0x0000000083e00000| Untracked 
|  62|0x0000000083e00000, 0x0000000083f00000, 0x0000000083f00000|100%| O|  |TAMS 0x0000000083f00000, 0x0000000083f00000| Untracked 
|  63|0x0000000083f00000, 0x0000000084000000, 0x0000000084000000|100%| O|  |TAMS 0x0000000084000000, 0x0000000084000000| Untracked 
|  64|0x0000000084000000, 0x0000000084100000, 0x0000000084100000|100%| O|  |TAMS 0x0000000084100000, 0x0000000084100000| Untracked 
|  65|0x0000000084100000, 0x0000000084200000, 0x0000000084200000|100%| O|  |TAMS 0x0000000084200000, 0x0000000084200000| Untracked 
|  66|0x0000000084200000, 0x0000000084300000, 0x0000000084300000|100%| O|  |TAMS 0x0000000084300000, 0x0000000084300000| Untracked 
|  67|0x0000000084300000, 0x0000000084400000, 0x0000000084400000|100%| O|  |TAMS 0x0000000084400000, 0x0000000084400000| Untracked 
|  68|0x0000000084400000, 0x0000000084500000, 0x0000000084500000|100%| O|  |TAMS 0x0000000084500000, 0x0000000084500000| Untracked 
|  69|0x0000000084500000, 0x0000000084600000, 0x0000000084600000|100%| O|  |TAMS 0x0000000084600000, 0x0000000084600000| Untracked 
|  70|0x0000000084600000, 0x0000000084700000, 0x0000000084700000|100%| O|  |TAMS 0x0000000084700000, 0x0000000084700000| Untracked 
|  71|0x0000000084700000, 0x0000000084800000, 0x0000000084800000|100%| O|  |TAMS 0x0000000084800000, 0x0000000084800000| Untracked 
|  72|0x0000000084800000, 0x0000000084900000, 0x0000000084900000|100%| O|  |TAMS 0x0000000084900000, 0x0000000084900000| Untracked 
|  73|0x0000000084900000, 0x0000000084a00000, 0x0000000084a00000|100%| O|  |TAMS 0x0000000084a00000, 0x0000000084a00000| Untracked 
|  74|0x0000000084a00000, 0x0000000084b00000, 0x0000000084b00000|100%| O|  |TAMS 0x0000000084b00000, 0x0000000084b00000| Untracked 
|  75|0x0000000084b00000, 0x0000000084c00000, 0x0000000084c00000|100%| O|  |TAMS 0x0000000084c00000, 0x0000000084c00000| Untracked 
|  76|0x0000000084c00000, 0x0000000084d00000, 0x0000000084d00000|100%| O|  |TAMS 0x0000000084d00000, 0x0000000084d00000| Untracked 
|  77|0x0000000084d00000, 0x0000000084e00000, 0x0000000084e00000|100%| O|  |TAMS 0x0000000084e00000, 0x0000000084e00000| Untracked 
|  78|0x0000000084e00000, 0x0000000084f00000, 0x0000000084f00000|100%| O|  |TAMS 0x0000000084f00000, 0x0000000084f00000| Untracked 
|  79|0x0000000084f00000, 0x0000000085000000, 0x0000000085000000|100%| O|  |TAMS 0x0000000085000000, 0x0000000085000000| Untracked 
|  80|0x0000000085000000, 0x0000000085100000, 0x0000000085100000|100%| O|  |TAMS 0x0000000085100000, 0x0000000085100000| Untracked 
|  81|0x0000000085100000, 0x0000000085200000, 0x0000000085200000|100%| O|  |TAMS 0x0000000085200000, 0x0000000085200000| Untracked 
|  82|0x0000000085200000, 0x0000000085300000, 0x0000000085300000|100%| O|  |TAMS 0x0000000085300000, 0x0000000085300000| Untracked 
|  83|0x0000000085300000, 0x0000000085400000, 0x0000000085400000|100%| O|  |TAMS 0x0000000085400000, 0x0000000085400000| Untracked 
|  84|0x0000000085400000, 0x0000000085500000, 0x0000000085500000|100%| O|  |TAMS 0x0000000085500000, 0x0000000085500000| Untracked 
|  85|0x0000000085500000, 0x0000000085600000, 0x0000000085600000|100%| O|  |TAMS 0x0000000085600000, 0x0000000085600000| Untracked 
|  86|0x0000000085600000, 0x0000000085700000, 0x0000000085700000|100%| O|  |TAMS 0x0000000085700000, 0x0000000085700000| Untracked 
|  87|0x0000000085700000, 0x0000000085800000, 0x0000000085800000|100%| O|  |TAMS 0x0000000085800000, 0x0000000085800000| Untracked 
|  88|0x0000000085800000, 0x0000000085900000, 0x0000000085900000|100%|HS|  |TAMS 0x0000000085900000, 0x0000000085900000| Complete 
|  89|0x0000000085900000, 0x0000000085a00000, 0x0000000085a00000|100%| O|  |TAMS 0x0000000085a00000, 0x0000000085a00000| Untracked 
|  90|0x0000000085a00000, 0x0000000085b00000, 0x0000000085b00000|100%| O|  |TAMS 0x0000000085b00000, 0x0000000085b00000| Untracked 
|  91|0x0000000085b00000, 0x0000000085c00000, 0x0000000085c00000|100%| O|  |TAMS 0x0000000085c00000, 0x0000000085c00000| Untracked 
|  92|0x0000000085c00000, 0x0000000085d00000, 0x0000000085d00000|100%| O|  |TAMS 0x0000000085d00000, 0x0000000085d00000| Untracked 
|  93|0x0000000085d00000, 0x0000000085e00000, 0x0000000085e00000|100%| O|  |TAMS 0x0000000085e00000, 0x0000000085e00000| Untracked 
|  94|0x0000000085e00000, 0x0000000085f00000, 0x0000000085f00000|100%| O|  |TAMS 0x0000000085f00000, 0x0000000085f00000| Untracked 
|  95|0x0000000085f00000, 0x0000000086000000, 0x0000000086000000|100%| O|  |TAMS 0x0000000086000000, 0x0000000086000000| Untracked 
|  96|0x0000000086000000, 0x0000000086100000, 0x0000000086100000|100%| O|  |TAMS 0x0000000086100000, 0x0000000086100000| Untracked 
|  97|0x0000000086100000, 0x0000000086200000, 0x0000000086200000|100%| O|  |TAMS 0x0000000086200000, 0x0000000086200000| Untracked 
|  98|0x0000000086200000, 0x0000000086300000, 0x0000000086300000|100%| O|  |TAMS 0x0000000086300000, 0x0000000086300000| Untracked 
|  99|0x0000000086300000, 0x0000000086400000, 0x0000000086400000|100%| O|  |TAMS 0x0000000086400000, 0x0000000086400000| Untracked 
| 100|0x0000000086400000, 0x0000000086500000, 0x0000000086500000|100%| O|  |TAMS 0x0000000086500000, 0x0000000086500000| Untracked 
| 101|0x0000000086500000, 0x0000000086600000, 0x0000000086600000|100%| O|  |TAMS 0x0000000086600000, 0x0000000086600000| Untracked 
| 102|0x0000000086600000, 0x0000000086700000, 0x0000000086700000|100%| O|  |TAMS 0x0000000086700000, 0x0000000086700000| Untracked 
| 103|0x0000000086700000, 0x0000000086800000, 0x0000000086800000|100%| O|  |TAMS 0x0000000086800000, 0x0000000086800000| Untracked 
| 104|0x0000000086800000, 0x0000000086900000, 0x0000000086900000|100%| O|  |TAMS 0x0000000086900000, 0x0000000086900000| Untracked 
| 105|0x0000000086900000, 0x0000000086a00000, 0x0000000086a00000|100%| O|  |TAMS 0x0000000086a00000, 0x0000000086a00000| Untracked 
| 106|0x0000000086a00000, 0x0000000086b00000, 0x0000000086b00000|100%|HS|  |TAMS 0x0000000086b00000, 0x0000000086b00000| Complete 
| 107|0x0000000086b00000, 0x0000000086c00000, 0x0000000086c00000|100%|HC|  |TAMS 0x0000000086c00000, 0x0000000086c00000| Complete 
| 108|0x0000000086c00000, 0x0000000086d00000, 0x0000000086d00000|100%|HS|  |TAMS 0x0000000086d00000, 0x0000000086d00000| Complete 
| 109|0x0000000086d00000, 0x0000000086e00000, 0x0000000086e00000|100%| O|  |TAMS 0x0000000086e00000, 0x0000000086e00000| Untracked 
| 110|0x0000000086e00000, 0x0000000086f00000, 0x0000000086f00000|100%| O|  |TAMS 0x0000000086f00000, 0x0000000086f00000| Untracked 
| 111|0x0000000086f00000, 0x0000000087000000, 0x0000000087000000|100%| O|  |TAMS 0x0000000087000000, 0x0000000087000000| Untracked 
| 112|0x0000000087000000, 0x0000000087100000, 0x0000000087100000|100%| O|  |TAMS 0x0000000087100000, 0x0000000087100000| Untracked 
| 113|0x0000000087100000, 0x0000000087200000, 0x0000000087200000|100%| O|  |TAMS 0x0000000087200000, 0x0000000087200000| Untracked 
| 114|0x0000000087200000, 0x0000000087300000, 0x0000000087300000|100%| O|  |TAMS 0x0000000087300000, 0x0000000087300000| Untracked 
| 115|0x0000000087300000, 0x0000000087400000, 0x0000000087400000|100%|HS|  |TAMS 0x0000000087400000, 0x0000000087400000| Complete 
| 116|0x0000000087400000, 0x0000000087500000, 0x0000000087500000|100%|HC|  |TAMS 0x0000000087500000, 0x0000000087500000| Complete 
| 117|0x0000000087500000, 0x0000000087600000, 0x0000000087600000|100%|HS|  |TAMS 0x0000000087600000, 0x0000000087600000| Complete 
| 118|0x0000000087600000, 0x0000000087700000, 0x0000000087700000|100%|HS|  |TAMS 0x0000000087700000, 0x0000000087700000| Complete 
| 119|0x0000000087700000, 0x0000000087800000, 0x0000000087800000|100%|HC|  |TAMS 0x0000000087800000, 0x0000000087800000| Complete 
| 120|0x0000000087800000, 0x0000000087900000, 0x0000000087900000|100%| O|  |TAMS 0x0000000087900000, 0x0000000087900000| Untracked 
| 121|0x0000000087900000, 0x0000000087a00000, 0x0000000087a00000|100%| O|  |TAMS 0x0000000087a00000, 0x0000000087a00000| Untracked 
| 122|0x0000000087a00000, 0x0000000087b00000, 0x0000000087b00000|100%| O|  |TAMS 0x0000000087b00000, 0x0000000087b00000| Untracked 
| 123|0x0000000087b00000, 0x0000000087c00000, 0x0000000087c00000|100%| O|  |TAMS 0x0000000087c00000, 0x0000000087c00000| Untracked 
| 124|0x0000000087c00000, 0x0000000087d00000, 0x0000000087d00000|100%| O|  |TAMS 0x0000000087d00000, 0x0000000087d00000| Untracked 
| 125|0x0000000087d00000, 0x0000000087e00000, 0x0000000087e00000|100%| O|  |TAMS 0x0000000087e00000, 0x0000000087e00000| Untracked 
| 126|0x0000000087e00000, 0x0000000087f00000, 0x0000000087f00000|100%| O|  |TAMS 0x0000000087f00000, 0x0000000087f00000| Untracked 
| 127|0x0000000087f00000, 0x0000000088000000, 0x0000000088000000|100%| O|  |TAMS 0x0000000088000000, 0x0000000088000000| Untracked 
| 128|0x0000000088000000, 0x0000000088100000, 0x0000000088100000|100%| O|  |TAMS 0x0000000088100000, 0x0000000088100000| Untracked 
| 129|0x0000000088100000, 0x0000000088200000, 0x0000000088200000|100%|HS|  |TAMS 0x0000000088200000, 0x0000000088200000| Complete 
| 130|0x0000000088200000, 0x0000000088300000, 0x0000000088300000|100%|HC|  |TAMS 0x0000000088300000, 0x0000000088300000| Complete 
| 131|0x0000000088300000, 0x0000000088400000, 0x0000000088400000|100%|HC|  |TAMS 0x0000000088400000, 0x0000000088400000| Complete 
| 132|0x0000000088400000, 0x0000000088500000, 0x0000000088500000|100%|HS|  |TAMS 0x0000000088400000, 0x0000000088500000| Complete 
| 133|0x0000000088500000, 0x0000000088600000, 0x0000000088600000|100%|HS|  |TAMS 0x0000000088500000, 0x0000000088600000| Complete 
| 134|0x0000000088600000, 0x0000000088700000, 0x0000000088700000|100%| O|  |TAMS 0x0000000088600000, 0x0000000088700000| Untracked 
| 135|0x0000000088700000, 0x0000000088800000, 0x0000000088800000|100%| O|  |TAMS 0x0000000088800000, 0x0000000088800000| Untracked 
| 136|0x0000000088800000, 0x0000000088900000, 0x0000000088900000|100%|HS|  |TAMS 0x0000000088900000, 0x0000000088900000| Complete 
| 137|0x0000000088900000, 0x0000000088a00000, 0x0000000088a00000|100%|HC|  |TAMS 0x0000000088a00000, 0x0000000088a00000| Complete 
| 138|0x0000000088a00000, 0x0000000088b00000, 0x0000000088b00000|100%|HS|  |TAMS 0x0000000088b00000, 0x0000000088b00000| Complete 
| 139|0x0000000088b00000, 0x0000000088c00000, 0x0000000088c00000|100%| O|  |TAMS 0x0000000088b00000, 0x0000000088c00000| Untracked 
| 140|0x0000000088c00000, 0x0000000088d00000, 0x0000000088d00000|100%| O|  |TAMS 0x0000000088d00000, 0x0000000088d00000| Untracked 
| 141|0x0000000088d00000, 0x0000000088e00000, 0x0000000088e00000|100%|HS|  |TAMS 0x0000000088e00000, 0x0000000088e00000| Complete 
| 142|0x0000000088e00000, 0x0000000088f00000, 0x0000000088f00000|100%| O|  |TAMS 0x0000000088e00000, 0x0000000088f00000| Untracked 
| 143|0x0000000088f00000, 0x0000000089000000, 0x0000000089000000|100%| O|  |TAMS 0x0000000088f00000, 0x0000000089000000| Untracked 
| 144|0x0000000089000000, 0x0000000089100000, 0x0000000089100000|100%|HS|  |TAMS 0x0000000089100000, 0x0000000089100000| Complete 
| 145|0x0000000089100000, 0x0000000089200000, 0x0000000089200000|100%|HC|  |TAMS 0x0000000089200000, 0x0000000089200000| Complete 
| 146|0x0000000089200000, 0x0000000089300000, 0x0000000089300000|100%| O|  |TAMS 0x0000000089300000, 0x0000000089300000| Untracked 
| 147|0x0000000089300000, 0x0000000089400000, 0x0000000089400000|100%| O|  |TAMS 0x0000000089400000, 0x0000000089400000| Untracked 
| 148|0x0000000089400000, 0x0000000089500000, 0x0000000089500000|100%| O|  |TAMS 0x0000000089400000, 0x0000000089500000| Untracked 
| 149|0x0000000089500000, 0x0000000089600000, 0x0000000089600000|100%|HS|  |TAMS 0x0000000089600000, 0x0000000089600000| Complete 
| 150|0x0000000089600000, 0x0000000089700000, 0x0000000089700000|100%| O|  |TAMS 0x0000000089600000, 0x0000000089700000| Untracked 
| 151|0x0000000089700000, 0x0000000089800000, 0x0000000089800000|100%| O|  |TAMS 0x0000000089700000, 0x0000000089800000| Untracked 
| 152|0x0000000089800000, 0x0000000089900000, 0x0000000089900000|100%|HS|  |TAMS 0x0000000089900000, 0x0000000089900000| Complete 
| 153|0x0000000089900000, 0x0000000089a00000, 0x0000000089a00000|100%|HC|  |TAMS 0x0000000089a00000, 0x0000000089a00000| Complete 
| 154|0x0000000089a00000, 0x0000000089b00000, 0x0000000089b00000|100%| O|  |TAMS 0x0000000089a00000, 0x0000000089b00000| Untracked 
| 155|0x0000000089b00000, 0x0000000089c00000, 0x0000000089c00000|100%| O|  |TAMS 0x0000000089b00000, 0x0000000089c00000| Untracked 
| 156|0x0000000089c00000, 0x0000000089d00000, 0x0000000089d00000|100%| O|  |TAMS 0x0000000089c00000, 0x0000000089d00000| Untracked 
| 157|0x0000000089d00000, 0x0000000089e00000, 0x0000000089e00000|100%|HS|  |TAMS 0x0000000089e00000, 0x0000000089e00000| Complete 
| 158|0x0000000089e00000, 0x0000000089f00000, 0x0000000089f00000|100%|HC|  |TAMS 0x0000000089f00000, 0x0000000089f00000| Complete 
| 159|0x0000000089f00000, 0x000000008a000000, 0x000000008a000000|100%|HC|  |TAMS 0x000000008a000000, 0x000000008a000000| Complete 
| 160|0x000000008a000000, 0x000000008a100000, 0x000000008a100000|100%| O|  |TAMS 0x000000008a100000, 0x000000008a100000| Untracked 
| 161|0x000000008a100000, 0x000000008a200000, 0x000000008a200000|100%| O|  |TAMS 0x000000008a200000, 0x000000008a200000| Untracked 
| 162|0x000000008a200000, 0x000000008a300000, 0x000000008a300000|100%| O|  |TAMS 0x000000008a300000, 0x000000008a300000| Untracked 
| 163|0x000000008a300000, 0x000000008a400000, 0x000000008a400000|100%| O|  |TAMS 0x000000008a400000, 0x000000008a400000| Untracked 
| 164|0x000000008a400000, 0x000000008a500000, 0x000000008a500000|100%| O|  |TAMS 0x000000008a500000, 0x000000008a500000| Untracked 
| 165|0x000000008a500000, 0x000000008a600000, 0x000000008a600000|100%| O|  |TAMS 0x000000008a600000, 0x000000008a600000| Untracked 
| 166|0x000000008a600000, 0x000000008a700000, 0x000000008a700000|100%| O|  |TAMS 0x000000008a700000, 0x000000008a700000| Untracked 
| 167|0x000000008a700000, 0x000000008a800000, 0x000000008a800000|100%| O|  |TAMS 0x000000008a800000, 0x000000008a800000| Untracked 
| 168|0x000000008a800000, 0x000000008a900000, 0x000000008a900000|100%| O|  |TAMS 0x000000008a900000, 0x000000008a900000| Untracked 
| 169|0x000000008a900000, 0x000000008aa00000, 0x000000008aa00000|100%| O|  |TAMS 0x000000008aa00000, 0x000000008aa00000| Untracked 
| 170|0x000000008aa00000, 0x000000008ab00000, 0x000000008ab00000|100%| O|  |TAMS 0x000000008ab00000, 0x000000008ab00000| Untracked 
| 171|0x000000008ab00000, 0x000000008ac00000, 0x000000008ac00000|100%| O|  |TAMS 0x000000008ac00000, 0x000000008ac00000| Untracked 
| 172|0x000000008ac00000, 0x000000008ad00000, 0x000000008ad00000|100%| O|  |TAMS 0x000000008ad00000, 0x000000008ad00000| Untracked 
| 173|0x000000008ad00000, 0x000000008ae00000, 0x000000008ae00000|100%| O|  |TAMS 0x000000008ae00000, 0x000000008ae00000| Untracked 
| 174|0x000000008ae00000, 0x000000008af00000, 0x000000008af00000|100%| O|  |TAMS 0x000000008af00000, 0x000000008af00000| Untracked 
| 175|0x000000008af00000, 0x000000008b000000, 0x000000008b000000|100%| O|  |TAMS 0x000000008b000000, 0x000000008b000000| Untracked 
| 176|0x000000008b000000, 0x000000008b100000, 0x000000008b100000|100%| O|  |TAMS 0x000000008b100000, 0x000000008b100000| Untracked 
| 177|0x000000008b100000, 0x000000008b200000, 0x000000008b200000|100%| O|  |TAMS 0x000000008b200000, 0x000000008b200000| Untracked 
| 178|0x000000008b200000, 0x000000008b300000, 0x000000008b300000|100%| O|  |TAMS 0x000000008b2bbc00, 0x000000008b300000| Untracked 
| 179|0x000000008b300000, 0x000000008b400000, 0x000000008b400000|100%| O|  |TAMS 0x000000008b300000, 0x000000008b400000| Untracked 
| 180|0x000000008b400000, 0x000000008b500000, 0x000000008b500000|100%| O|  |TAMS 0x000000008b400000, 0x000000008b500000| Untracked 
| 181|0x000000008b500000, 0x000000008b600000, 0x000000008b600000|100%| O|  |TAMS 0x000000008b500000, 0x000000008b600000| Untracked 
| 182|0x000000008b600000, 0x000000008b700000, 0x000000008b700000|100%| O|  |TAMS 0x000000008b600000, 0x000000008b700000| Untracked 
| 183|0x000000008b700000, 0x000000008b800000, 0x000000008b800000|100%| O|  |TAMS 0x000000008b700000, 0x000000008b800000| Untracked 
| 184|0x000000008b800000, 0x000000008b900000, 0x000000008b900000|100%| O|  |TAMS 0x000000008b800000, 0x000000008b900000| Untracked 
| 185|0x000000008b900000, 0x000000008ba00000, 0x000000008ba00000|100%| O|  |TAMS 0x000000008b900000, 0x000000008ba00000| Untracked 
| 186|0x000000008ba00000, 0x000000008bb00000, 0x000000008bb00000|100%| O|  |TAMS 0x000000008ba00000, 0x000000008bb00000| Untracked 
| 187|0x000000008bb00000, 0x000000008bc00000, 0x000000008bc00000|100%| O|  |TAMS 0x000000008bb00000, 0x000000008bc00000| Untracked 
| 188|0x000000008bc00000, 0x000000008bd00000, 0x000000008bd00000|100%| O|  |TAMS 0x000000008bc00000, 0x000000008bd00000| Untracked 
| 189|0x000000008bd00000, 0x000000008be00000, 0x000000008be00000|100%| O|  |TAMS 0x000000008bd00000, 0x000000008be00000| Untracked 
| 190|0x000000008be00000, 0x000000008bf00000, 0x000000008bf00000|100%| O|  |TAMS 0x000000008be00000, 0x000000008bf00000| Untracked 
| 191|0x000000008bf00000, 0x000000008c000000, 0x000000008c000000|100%| O|  |TAMS 0x000000008bf00000, 0x000000008c000000| Untracked 
| 192|0x000000008c000000, 0x000000008c100000, 0x000000008c100000|100%| O|  |TAMS 0x000000008c000000, 0x000000008c100000| Untracked 
| 193|0x000000008c100000, 0x000000008c200000, 0x000000008c200000|100%| O|  |TAMS 0x000000008c100000, 0x000000008c200000| Untracked 
| 194|0x000000008c200000, 0x000000008c300000, 0x000000008c300000|100%| O|  |TAMS 0x000000008c200000, 0x000000008c300000| Untracked 
| 195|0x000000008c300000, 0x000000008c400000, 0x000000008c400000|100%| O|  |TAMS 0x000000008c300000, 0x000000008c400000| Untracked 
| 196|0x000000008c400000, 0x000000008c500000, 0x000000008c500000|100%| O|  |TAMS 0x000000008c400000, 0x000000008c500000| Untracked 
| 197|0x000000008c500000, 0x000000008c600000, 0x000000008c600000|100%| O|  |TAMS 0x000000008c500000, 0x000000008c600000| Untracked 
| 198|0x000000008c600000, 0x000000008c700000, 0x000000008c700000|100%| O|  |TAMS 0x000000008c600000, 0x000000008c700000| Untracked 
| 199|0x000000008c700000, 0x000000008c800000, 0x000000008c800000|100%| O|  |TAMS 0x000000008c700000, 0x000000008c800000| Untracked 
| 200|0x000000008c800000, 0x000000008c900000, 0x000000008c900000|100%| O|  |TAMS 0x000000008c800000, 0x000000008c900000| Untracked 
| 201|0x000000008c900000, 0x000000008ca00000, 0x000000008ca00000|100%| O|  |TAMS 0x000000008c900000, 0x000000008ca00000| Untracked 
| 202|0x000000008ca00000, 0x000000008cb00000, 0x000000008cb00000|100%| O|  |TAMS 0x000000008ca00000, 0x000000008cb00000| Untracked 
| 203|0x000000008cb00000, 0x000000008cc00000, 0x000000008cc00000|100%| O|  |TAMS 0x000000008cb00000, 0x000000008cc00000| Untracked 
| 204|0x000000008cc00000, 0x000000008cd00000, 0x000000008cd00000|100%| O|  |TAMS 0x000000008cc00000, 0x000000008cd00000| Untracked 
| 205|0x000000008cd00000, 0x000000008ce00000, 0x000000008ce00000|100%| O|  |TAMS 0x000000008cd00000, 0x000000008ce00000| Untracked 
| 206|0x000000008ce00000, 0x000000008cf00000, 0x000000008cf00000|100%| O|  |TAMS 0x000000008ce00000, 0x000000008cf00000| Untracked 
| 207|0x000000008cf00000, 0x000000008d000000, 0x000000008d000000|100%| O|  |TAMS 0x000000008cf00000, 0x000000008d000000| Untracked 
| 208|0x000000008d000000, 0x000000008d100000, 0x000000008d100000|100%| O|  |TAMS 0x000000008d000000, 0x000000008d100000| Untracked 
| 209|0x000000008d100000, 0x000000008d200000, 0x000000008d200000|100%| O|  |TAMS 0x000000008d100000, 0x000000008d200000| Untracked 
| 210|0x000000008d200000, 0x000000008d300000, 0x000000008d300000|100%| O|  |TAMS 0x000000008d200000, 0x000000008d300000| Untracked 
| 211|0x000000008d300000, 0x000000008d400000, 0x000000008d400000|100%| O|  |TAMS 0x000000008d300000, 0x000000008d400000| Untracked 
| 212|0x000000008d400000, 0x000000008d500000, 0x000000008d500000|100%| O|  |TAMS 0x000000008d400000, 0x000000008d500000| Untracked 
| 213|0x000000008d500000, 0x000000008d600000, 0x000000008d600000|100%| O|  |TAMS 0x000000008d500000, 0x000000008d5a6a00| Untracked 
| 214|0x000000008d600000, 0x000000008d700000, 0x000000008d700000|100%| O|  |TAMS 0x000000008d600000, 0x000000008d600000| Untracked 
| 215|0x000000008d700000, 0x000000008d800000, 0x000000008d800000|100%| O|  |TAMS 0x000000008d700000, 0x000000008d700000| Untracked 
| 216|0x000000008d800000, 0x000000008d900000, 0x000000008d900000|100%| O|  |TAMS 0x000000008d800000, 0x000000008d800000| Untracked 
| 217|0x000000008d900000, 0x000000008da00000, 0x000000008da00000|100%| O|  |TAMS 0x000000008d900000, 0x000000008d900000| Untracked 
| 218|0x000000008da00000, 0x000000008db00000, 0x000000008db00000|100%| O|  |TAMS 0x000000008da00000, 0x000000008da00000| Untracked 
| 219|0x000000008db00000, 0x000000008dc00000, 0x000000008dc00000|100%| O|  |TAMS 0x000000008db00000, 0x000000008db00000| Untracked 
| 220|0x000000008dc00000, 0x000000008dd00000, 0x000000008dd00000|100%| O|  |TAMS 0x000000008dc00000, 0x000000008dc00000| Untracked 
| 221|0x000000008dd00000, 0x000000008de00000, 0x000000008de00000|100%| O|  |TAMS 0x000000008dd00000, 0x000000008dd00000| Untracked 
| 222|0x000000008de00000, 0x000000008df00000, 0x000000008df00000|100%| O|  |TAMS 0x000000008de00000, 0x000000008de00000| Untracked 
| 223|0x000000008df00000, 0x000000008e000000, 0x000000008e000000|100%| O|  |TAMS 0x000000008df00000, 0x000000008df00000| Untracked 
| 224|0x000000008e000000, 0x000000008e100000, 0x000000008e100000|100%| O|  |TAMS 0x000000008e000000, 0x000000008e000000| Untracked 
| 225|0x000000008e100000, 0x000000008e200000, 0x000000008e200000|100%| O|  |TAMS 0x000000008e100000, 0x000000008e100000| Untracked 
| 226|0x000000008e200000, 0x000000008e300000, 0x000000008e300000|100%| O|  |TAMS 0x000000008e200000, 0x000000008e200000| Untracked 
| 227|0x000000008e300000, 0x000000008e300000, 0x000000008e400000|  0%| F|  |TAMS 0x000000008e300000, 0x000000008e300000| Untracked 
| 228|0x000000008e400000, 0x000000008e400000, 0x000000008e500000|  0%| F|  |TAMS 0x000000008e400000, 0x000000008e400000| Untracked 
| 229|0x000000008e500000, 0x000000008e500000, 0x000000008e600000|  0%| F|  |TAMS 0x000000008e500000, 0x000000008e500000| Untracked 
| 230|0x000000008e600000, 0x000000008e600000, 0x000000008e700000|  0%| F|  |TAMS 0x000000008e600000, 0x000000008e600000| Untracked 
| 231|0x000000008e700000, 0x000000008e700000, 0x000000008e800000|  0%| F|  |TAMS 0x000000008e700000, 0x000000008e700000| Untracked 
| 232|0x000000008e800000, 0x000000008e800000, 0x000000008e900000|  0%| F|  |TAMS 0x000000008e800000, 0x000000008e800000| Untracked 
| 233|0x000000008e900000, 0x000000008e900000, 0x000000008ea00000|  0%| F|  |TAMS 0x000000008e900000, 0x000000008e900000| Untracked 
| 234|0x000000008ea00000, 0x000000008ea00000, 0x000000008eb00000|  0%| F|  |TAMS 0x000000008ea00000, 0x000000008ea00000| Untracked 
| 235|0x000000008eb00000, 0x000000008eb00000, 0x000000008ec00000|  0%| F|  |TAMS 0x000000008eb00000, 0x000000008eb00000| Untracked 
| 236|0x000000008ec00000, 0x000000008ec00000, 0x000000008ed00000|  0%| F|  |TAMS 0x000000008ec00000, 0x000000008ec00000| Untracked 
| 237|0x000000008ed00000, 0x000000008ed00000, 0x000000008ee00000|  0%| F|  |TAMS 0x000000008ed00000, 0x000000008ed00000| Untracked 
| 238|0x000000008ee00000, 0x000000008ee00000, 0x000000008ef00000|  0%| F|  |TAMS 0x000000008ee00000, 0x000000008ee00000| Untracked 
| 239|0x000000008ef00000, 0x000000008ef00000, 0x000000008f000000|  0%| F|  |TAMS 0x000000008ef00000, 0x000000008ef00000| Untracked 
| 240|0x000000008f000000, 0x000000008f000000, 0x000000008f100000|  0%| F|  |TAMS 0x000000008f000000, 0x000000008f000000| Untracked 
| 241|0x000000008f100000, 0x000000008f100000, 0x000000008f200000|  0%| F|  |TAMS 0x000000008f100000, 0x000000008f100000| Untracked 
| 242|0x000000008f200000, 0x000000008f200000, 0x000000008f300000|  0%| F|  |TAMS 0x000000008f200000, 0x000000008f200000| Untracked 
| 243|0x000000008f300000, 0x000000008f300000, 0x000000008f400000|  0%| F|  |TAMS 0x000000008f300000, 0x000000008f300000| Untracked 
| 244|0x000000008f400000, 0x000000008f400000, 0x000000008f500000|  0%| F|  |TAMS 0x000000008f400000, 0x000000008f400000| Untracked 
| 245|0x000000008f500000, 0x000000008f500000, 0x000000008f600000|  0%| F|  |TAMS 0x000000008f500000, 0x000000008f500000| Untracked 
| 246|0x000000008f600000, 0x000000008f600000, 0x000000008f700000|  0%| F|  |TAMS 0x000000008f600000, 0x000000008f600000| Untracked 
| 247|0x000000008f700000, 0x000000008f700000, 0x000000008f800000|  0%| F|  |TAMS 0x000000008f700000, 0x000000008f700000| Untracked 
| 248|0x000000008f800000, 0x000000008f800000, 0x000000008f900000|  0%| F|  |TAMS 0x000000008f800000, 0x000000008f800000| Untracked 
| 249|0x000000008f900000, 0x000000008f900000, 0x000000008fa00000|  0%| F|  |TAMS 0x000000008f900000, 0x000000008f900000| Untracked 
| 250|0x000000008fa00000, 0x000000008fa00000, 0x000000008fb00000|  0%| F|  |TAMS 0x000000008fa00000, 0x000000008fa00000| Untracked 
| 251|0x000000008fb00000, 0x000000008fb00000, 0x000000008fc00000|  0%| F|  |TAMS 0x000000008fb00000, 0x000000008fb00000| Untracked 
| 252|0x000000008fc00000, 0x000000008fc00000, 0x000000008fd00000|  0%| F|  |TAMS 0x000000008fc00000, 0x000000008fc00000| Untracked 
| 253|0x000000008fd00000, 0x000000008fd00000, 0x000000008fe00000|  0%| F|  |TAMS 0x000000008fd00000, 0x000000008fd00000| Untracked 
| 254|0x000000008fe00000, 0x000000008fe00000, 0x000000008ff00000|  0%| F|  |TAMS 0x000000008fe00000, 0x000000008fe00000| Untracked 
| 255|0x000000008ff00000, 0x000000008ff00000, 0x0000000090000000|  0%| F|  |TAMS 0x000000008ff00000, 0x000000008ff00000| Untracked 
| 256|0x0000000090000000, 0x0000000090000000, 0x0000000090100000|  0%| F|  |TAMS 0x0000000090000000, 0x0000000090000000| Untracked 
| 257|0x0000000090100000, 0x0000000090100000, 0x0000000090200000|  0%| F|  |TAMS 0x0000000090100000, 0x0000000090100000| Untracked 
| 258|0x0000000090200000, 0x0000000090200000, 0x0000000090300000|  0%| F|  |TAMS 0x0000000090200000, 0x0000000090200000| Untracked 
| 259|0x0000000090300000, 0x0000000090300000, 0x0000000090400000|  0%| F|  |TAMS 0x0000000090300000, 0x0000000090300000| Untracked 
| 260|0x0000000090400000, 0x0000000090400000, 0x0000000090500000|  0%| F|  |TAMS 0x0000000090400000, 0x0000000090400000| Untracked 
| 261|0x0000000090500000, 0x0000000090500000, 0x0000000090600000|  0%| F|  |TAMS 0x0000000090500000, 0x0000000090500000| Untracked 
| 262|0x0000000090600000, 0x0000000090600000, 0x0000000090700000|  0%| F|  |TAMS 0x0000000090600000, 0x0000000090600000| Untracked 
| 263|0x0000000090700000, 0x0000000090700000, 0x0000000090800000|  0%| F|  |TAMS 0x0000000090700000, 0x0000000090700000| Untracked 
| 264|0x0000000090800000, 0x0000000090800000, 0x0000000090900000|  0%| F|  |TAMS 0x0000000090800000, 0x0000000090800000| Untracked 
| 265|0x0000000090900000, 0x0000000090900000, 0x0000000090a00000|  0%| F|  |TAMS 0x0000000090900000, 0x0000000090900000| Untracked 
| 266|0x0000000090a00000, 0x0000000090a00000, 0x0000000090b00000|  0%| F|  |TAMS 0x0000000090a00000, 0x0000000090a00000| Untracked 
| 267|0x0000000090b00000, 0x0000000090b00000, 0x0000000090c00000|  0%| F|  |TAMS 0x0000000090b00000, 0x0000000090b00000| Untracked 
| 268|0x0000000090c00000, 0x0000000090d00000, 0x0000000090d00000|100%| S|CS|TAMS 0x0000000090c00000, 0x0000000090c00000| Complete 
| 269|0x0000000090d00000, 0x0000000090e00000, 0x0000000090e00000|100%| S|CS|TAMS 0x0000000090d00000, 0x0000000090d00000| Complete 
| 270|0x0000000090e00000, 0x0000000090f00000, 0x0000000090f00000|100%| S|CS|TAMS 0x0000000090e00000, 0x0000000090e00000| Complete 
| 271|0x0000000090f00000, 0x0000000091000000, 0x0000000091000000|100%| S|CS|TAMS 0x0000000090f00000, 0x0000000090f00000| Complete 
| 272|0x0000000091000000, 0x0000000091000000, 0x0000000091100000|  0%| F|  |TAMS 0x0000000091000000, 0x0000000091000000| Untracked 
| 273|0x0000000091100000, 0x0000000091100000, 0x0000000091200000|  0%| F|  |TAMS 0x0000000091100000, 0x0000000091100000| Untracked 
| 274|0x0000000091200000, 0x0000000091200000, 0x0000000091300000|  0%| F|  |TAMS 0x0000000091200000, 0x0000000091200000| Untracked 
| 275|0x0000000091300000, 0x0000000091300000, 0x0000000091400000|  0%| F|  |TAMS 0x0000000091300000, 0x0000000091300000| Untracked 
| 276|0x0000000091400000, 0x0000000091400000, 0x0000000091500000|  0%| F|  |TAMS 0x0000000091400000, 0x0000000091400000| Untracked 
| 277|0x0000000091500000, 0x0000000091500000, 0x0000000091600000|  0%| F|  |TAMS 0x0000000091500000, 0x0000000091500000| Untracked 
| 278|0x0000000091600000, 0x0000000091600000, 0x0000000091700000|  0%| F|  |TAMS 0x0000000091600000, 0x0000000091600000| Untracked 
| 279|0x0000000091700000, 0x0000000091700000, 0x0000000091800000|  0%| F|  |TAMS 0x0000000091700000, 0x0000000091700000| Untracked 
| 280|0x0000000091800000, 0x0000000091800000, 0x0000000091900000|  0%| F|  |TAMS 0x0000000091800000, 0x0000000091800000| Untracked 
| 281|0x0000000091900000, 0x0000000091900000, 0x0000000091a00000|  0%| F|  |TAMS 0x0000000091900000, 0x0000000091900000| Untracked 
| 282|0x0000000091a00000, 0x0000000091a00000, 0x0000000091b00000|  0%| F|  |TAMS 0x0000000091a00000, 0x0000000091a00000| Untracked 
| 283|0x0000000091b00000, 0x0000000091b00000, 0x0000000091c00000|  0%| F|  |TAMS 0x0000000091b00000, 0x0000000091b00000| Untracked 
| 284|0x0000000091c00000, 0x0000000091c00000, 0x0000000091d00000|  0%| F|  |TAMS 0x0000000091c00000, 0x0000000091c00000| Untracked 
| 285|0x0000000091d00000, 0x0000000091d00000, 0x0000000091e00000|  0%| F|  |TAMS 0x0000000091d00000, 0x0000000091d00000| Untracked 
| 286|0x0000000091e00000, 0x0000000091e00000, 0x0000000091f00000|  0%| F|  |TAMS 0x0000000091e00000, 0x0000000091e00000| Untracked 
| 287|0x0000000091f00000, 0x0000000091f00000, 0x0000000092000000|  0%| F|  |TAMS 0x0000000091f00000, 0x0000000091f00000| Untracked 
| 288|0x0000000092000000, 0x0000000092000000, 0x0000000092100000|  0%| F|  |TAMS 0x0000000092000000, 0x0000000092000000| Untracked 
| 289|0x0000000092100000, 0x0000000092100000, 0x0000000092200000|  0%| F|  |TAMS 0x0000000092100000, 0x0000000092100000| Untracked 
| 290|0x0000000092200000, 0x0000000092200000, 0x0000000092300000|  0%| F|  |TAMS 0x0000000092200000, 0x0000000092200000| Untracked 
| 291|0x0000000092300000, 0x0000000092300000, 0x0000000092400000|  0%| F|  |TAMS 0x0000000092300000, 0x0000000092300000| Untracked 
| 292|0x0000000092400000, 0x0000000092400000, 0x0000000092500000|  0%| F|  |TAMS 0x0000000092400000, 0x0000000092400000| Untracked 
| 293|0x0000000092500000, 0x0000000092500000, 0x0000000092600000|  0%| F|  |TAMS 0x0000000092500000, 0x0000000092500000| Untracked 
| 294|0x0000000092600000, 0x0000000092600000, 0x0000000092700000|  0%| F|  |TAMS 0x0000000092600000, 0x0000000092600000| Untracked 
| 295|0x0000000092700000, 0x0000000092700000, 0x0000000092800000|  0%| F|  |TAMS 0x0000000092700000, 0x0000000092700000| Untracked 

Card table byte_map: [0x00000271a8ad0000,0x00000271a8ed0000] _byte_map_base: 0x00000271a86d0000

Marking Bits (Prev, Next): (CMBitMap*) 0x0000027195aeaa10, (CMBitMap*) 0x0000027195aea9d8
 Prev Bits: [0x00000271ab2d0000, 0x00000271ad2d0000)
 Next Bits: [0x00000271a92d0000, 0x00000271ab2d0000)

Polling page: 0x0000027193a50000

Metaspace:

Usage:
  Non-class:    103.78 MB capacity,   101.87 MB ( 98%) used,     1.56 MB (  2%) free+waste,   359.00 KB ( <1%) overhead. 
      Class:     15.63 MB capacity,    14.49 MB ( 93%) used,  1007.60 KB (  6%) free+waste,   159.88 KB ( <1%) overhead. 
       Both:    119.42 MB capacity,   116.37 MB ( 97%) used,     2.54 MB (  2%) free+waste,   518.88 KB ( <1%) overhead. 

Virtual space:
  Non-class space:      104.00 MB reserved,     103.80 MB (>99%) committed 
      Class space:        1.00 GB reserved,      15.75 MB (  2%) committed 
             Both:        1.10 GB reserved,     119.55 MB ( 11%) committed 

Chunk freelists:
   Non-Class:  15.00 KB
       Class:  22.00 KB
        Both:  37.00 KB

MaxMetaspaceSize: 17179869184.00 GB
CompressedClassSpaceSize: 1.00 GB
Initial GC threshold: 20.80 MB
Current GC threshold: 195.29 MB
CDS: off

CodeHeap 'non-profiled nmethods': size=120064Kb used=11741Kb max_used=11741Kb free=108322Kb
 bounds [0x00000271a1080000, 0x00000271a1c00000, 0x00000271a85c0000]
CodeHeap 'profiled nmethods': size=120000Kb used=40070Kb max_used=40070Kb free=79929Kb
 bounds [0x0000027199b50000, 0x000002719c280000, 0x00000271a1080000]
CodeHeap 'non-nmethods': size=5696Kb used=2443Kb max_used=2488Kb free=3252Kb
 bounds [0x00000271995c0000, 0x0000027199840000, 0x0000027199b50000]
 total_blobs=20843 nmethods=19873 adapters=880
 compilation: enabled
              stopped_count=0, restarted_count=0
 full_count=0

Compilation events (20 events):
Event: 49.623 Thread 0x00000271b03c2800 20372       2       com.android.tools.r8.code.c::<init> (7 bytes)
Event: 49.623 Thread 0x00000271b03c2800 nmethod 20372 0x000002719c26f090 code [0x000002719c26f240, 0x000002719c26f398]
Event: 49.624 Thread 0x00000271b03c2800 20373       2       com.android.tools.r8.internal.P0::entrySet (5 bytes)
Event: 49.625 Thread 0x00000271b03c2800 nmethod 20373 0x000002719c26f490 code [0x000002719c26f640, 0x000002719c26f768]
Event: 49.625 Thread 0x00000271b03c2800 20374       2       com.android.tools.r8.internal.dc1::i (27 bytes)
Event: 49.625 Thread 0x00000271b03c2800 nmethod 20374 0x000002719c26f810 code [0x000002719c26f9c0, 0x000002719c26fbd8]
Event: 49.625 Thread 0x00000271b03c2800 20375       2       com.android.tools.r8.internal.ac1::<init> (6 bytes)
Event: 49.625 Thread 0x00000271b03c2800 nmethod 20375 0x000002719c26fc90 code [0x000002719c26fe40, 0x000002719c26ff98]
Event: 49.625 Thread 0x00000271b03c2800 20376       2       com.android.tools.r8.internal.ac1::<init> (10 bytes)
Event: 49.625 Thread 0x00000271b03c2800 nmethod 20376 0x000002719c270010 code [0x000002719c2701c0, 0x000002719c2702f8]
Event: 49.625 Thread 0x00000271b03c2800 20377       2       com.android.tools.r8.internal.X0::<init> (5 bytes)
Event: 49.625 Thread 0x00000271b03c2800 nmethod 20377 0x000002719c270390 code [0x000002719c270540, 0x000002719c270638]
Event: 49.625 Thread 0x00000271b03c2800 20380       2       com.android.tools.r8.internal.Wb1::<init> (12 bytes)
Event: 49.625 Thread 0x00000271b03c2800 nmethod 20380 0x000002719c270710 code [0x000002719c2708c0, 0x000002719c270a28]
Event: 49.626 Thread 0x00000271b03c2800 20381       2       com.android.tools.r8.code.w2::<init> (7 bytes)
Event: 49.626 Thread 0x00000271b03c2800 nmethod 20381 0x000002719c270b10 code [0x000002719c270ce0, 0x000002719c270f18]
Event: 49.629 Thread 0x00000271b03c2800 20382       2       com.android.tools.r8.code.O3::<init> (7 bytes)
Event: 49.629 Thread 0x00000271b03c2800 nmethod 20382 0x000002719c271110 code [0x000002719c2712c0, 0x000002719c271418]
Event: 49.629 Thread 0x00000271b03c2800 20383       2       com.android.tools.r8.code.M0::<init> (34 bytes)
Event: 49.630 Thread 0x00000271b03c2800 nmethod 20383 0x000002719c271510 code [0x000002719c2716e0, 0x000002719c2718a8]

GC Heap History (20 events):
Event: 47.194 GC heap after
{Heap after GC invocations=29 (full 0):
 garbage-first heap   total 303104K, used 154441K [0x0000000080000000, 0x0000000100000000)
  region size 1024K, 2 young (2048K), 2 survivors (2048K)
 Metaspace       used 108993K, capacity 111842K, committed 112176K, reserved 1146880K
  class space    used 13426K, capacity 14519K, committed 14592K, reserved 1048576K
}
Event: 47.792 GC heap before
{Heap before GC invocations=29 (full 0):
 garbage-first heap   total 303104K, used 243529K [0x0000000080000000, 0x0000000100000000)
  region size 1024K, 90 young (92160K), 2 survivors (2048K)
 Metaspace       used 111294K, capacity 114133K, committed 114480K, reserved 1148928K
  class space    used 13649K, capacity 14746K, committed 14848K, reserved 1048576K
}
Event: 47.803 GC heap after
{Heap after GC invocations=30 (full 0):
 garbage-first heap   total 303104K, used 159354K [0x0000000080000000, 0x0000000100000000)
  region size 1024K, 7 young (7168K), 7 survivors (7168K)
 Metaspace       used 111294K, capacity 114133K, committed 114480K, reserved 1148928K
  class space    used 13649K, capacity 14746K, committed 14848K, reserved 1048576K
}
Event: 48.473 GC heap before
{Heap before GC invocations=31 (full 0):
 garbage-first heap   total 303104K, used 234590K [0x0000000080000000, 0x0000000100000000)
  region size 1024K, 92 young (94208K), 7 survivors (7168K)
 Metaspace       used 113394K, capacity 116258K, committed 116400K, reserved 1150976K
  class space    used 13867K, capacity 14933K, committed 14976K, reserved 1048576K
}
Event: 48.487 GC heap after
{Heap after GC invocations=32 (full 0):
 garbage-first heap   total 303104K, used 154771K [0x0000000080000000, 0x0000000100000000)
  region size 1024K, 12 young (12288K), 12 survivors (12288K)
 Metaspace       used 113394K, capacity 116258K, committed 116400K, reserved 1150976K
  class space    used 13867K, capacity 14933K, committed 14976K, reserved 1048576K
}
Event: 48.491 GC heap before
{Heap before GC invocations=32 (full 0):
 garbage-first heap   total 303104K, used 156819K [0x0000000080000000, 0x0000000100000000)
  region size 1024K, 14 young (14336K), 12 survivors (12288K)
 Metaspace       used 113400K, capacity 116290K, committed 116400K, reserved 1150976K
  class space    used 13868K, capacity 14965K, committed 14976K, reserved 1048576K
}
Event: 48.503 GC heap after
{Heap after GC invocations=33 (full 0):
 garbage-first heap   total 303104K, used 128939K [0x0000000080000000, 0x0000000100000000)
  region size 1024K, 2 young (2048K), 2 survivors (2048K)
 Metaspace       used 113400K, capacity 116290K, committed 116400K, reserved 1150976K
  class space    used 13868K, capacity 14965K, committed 14976K, reserved 1048576K
}
Event: 48.536 GC heap before
{Heap before GC invocations=33 (full 0):
 garbage-first heap   total 303104K, used 147371K [0x0000000080000000, 0x0000000100000000)
  region size 1024K, 13 young (13312K), 2 survivors (2048K)
 Metaspace       used 113498K, capacity 116377K, committed 116400K, reserved 1150976K
  class space    used 13875K, capacity 14970K, committed 14976K, reserved 1048576K
}
Event: 48.542 GC heap after
{Heap after GC invocations=34 (full 0):
 garbage-first heap   total 303104K, used 143810K [0x0000000080000000, 0x0000000100000000)
  region size 1024K, 8 young (8192K), 8 survivors (8192K)
 Metaspace       used 113498K, capacity 116377K, committed 116400K, reserved 1150976K
  class space    used 13875K, capacity 14970K, committed 14976K, reserved 1048576K
}
Event: 48.816 GC heap before
{Heap before GC invocations=35 (full 0):
 garbage-first heap   total 303104K, used 165314K [0x0000000080000000, 0x0000000100000000)
  region size 1024K, 28 young (28672K), 8 survivors (8192K)
 Metaspace       used 116509K, capacity 119467K, committed 119728K, reserved 1153024K
  class space    used 14298K, capacity 15397K, committed 15488K, reserved 1048576K
}
Event: 48.823 GC heap after
{Heap after GC invocations=36 (full 0):
 garbage-first heap   total 303104K, used 149816K [0x0000000080000000, 0x0000000100000000)
  region size 1024K, 11 young (11264K), 11 survivors (11264K)
 Metaspace       used 116509K, capacity 119467K, committed 119728K, reserved 1153024K
  class space    used 14298K, capacity 15397K, committed 15488K, reserved 1048576K
}
Event: 49.021 GC heap before
{Heap before GC invocations=37 (full 0):
 garbage-first heap   total 303104K, used 221496K [0x0000000080000000, 0x0000000100000000)
  region size 1024K, 59 young (60416K), 11 survivors (11264K)
 Metaspace       used 116748K, capacity 119702K, committed 119984K, reserved 1155072K
  class space    used 14321K, capacity 15432K, committed 15488K, reserved 1048576K
}
Event: 49.063 GC heap after
{Heap after GC invocations=38 (full 0):
 garbage-first heap   total 303104K, used 181999K [0x0000000080000000, 0x0000000100000000)
  region size 1024K, 11 young (11264K), 11 survivors (11264K)
 Metaspace       used 116748K, capacity 119702K, committed 119984K, reserved 1155072K
  class space    used 14321K, capacity 15432K, committed 15488K, reserved 1048576K
}
Event: 49.372 GC heap before
{Heap before GC invocations=39 (full 0):
 garbage-first heap   total 303104K, used 235247K [0x0000000080000000, 0x0000000100000000)
  region size 1024K, 61 young (62464K), 11 survivors (11264K)
 Metaspace       used 118946K, capacity 122072K, committed 122416K, reserved 1155072K
  class space    used 14841K, capacity 16010K, committed 16128K, reserved 1048576K
}
Event: 49.399 GC heap after
{Heap after GC invocations=40 (full 0):
 garbage-first heap   total 303104K, used 201407K [0x0000000080000000, 0x0000000100000000)
  region size 1024K, 8 young (8192K), 8 survivors (8192K)
 Metaspace       used 118946K, capacity 122072K, committed 122416K, reserved 1155072K
  class space    used 14841K, capacity 16010K, committed 16128K, reserved 1048576K
}
Event: 49.425 GC heap before
{Heap before GC invocations=40 (full 0):
 garbage-first heap   total 303104K, used 207551K [0x0000000080000000, 0x0000000100000000)
  region size 1024K, 14 young (14336K), 8 survivors (8192K)
 Metaspace       used 119067K, capacity 122147K, committed 122416K, reserved 1155072K
  class space    used 14842K, capacity 16010K, committed 16128K, reserved 1048576K
}
Event: 49.437 GC heap after
{Heap after GC invocations=41 (full 0):
 garbage-first heap   total 303104K, used 204800K [0x0000000080000000, 0x0000000100000000)
  region size 1024K, 2 young (2048K), 2 survivors (2048K)
 Metaspace       used 119067K, capacity 122147K, committed 122416K, reserved 1155072K
  class space    used 14842K, capacity 16010K, committed 16128K, reserved 1048576K
}
Event: 49.539 GC heap before
{Heap before GC invocations=41 (full 0):
 garbage-first heap   total 303104K, used 241664K [0x0000000080000000, 0x0000000100000000)
  region size 1024K, 38 young (38912K), 2 survivors (2048K)
 Metaspace       used 119139K, capacity 122216K, committed 122416K, reserved 1155072K
  class space    used 14842K, capacity 16010K, committed 16128K, reserved 1048576K
}
Event: 49.558 GC heap after
{Heap after GC invocations=42 (full 0):
 garbage-first heap   total 303104K, used 223898K [0x0000000080000000, 0x0000000100000000)
  region size 1024K, 5 young (5120K), 5 survivors (5120K)
 Metaspace       used 119139K, capacity 122216K, committed 122416K, reserved 1155072K
  class space    used 14842K, capacity 16010K, committed 16128K, reserved 1048576K
}
Event: 49.633 GC heap before
{Heap before GC invocations=42 (full 0):
 garbage-first heap   total 303104K, used 248474K [0x0000000080000000, 0x0000000100000000)
  region size 1024K, 29 young (29696K), 5 survivors (5120K)
 Metaspace       used 119160K, capacity 122283K, committed 122416K, reserved 1155072K
  class space    used 14842K, capacity 16010K, committed 16128K, reserved 1048576K
}

Deoptimization events (20 events):
Event: 49.478 Thread 0x00000271b60a2000 DEOPT PACKING pc=0x000002719c19f088 sp=0x000000c8444feb10
Event: 49.478 Thread 0x00000271b60a2000 DEOPT UNPACKING pc=0x000002719960a95e sp=0x000000c8444fe148 mode 0
Event: 49.482 Thread 0x00000271b60a2000 DEOPT PACKING pc=0x000002719c199fb9 sp=0x000000c8444fe780
Event: 49.482 Thread 0x00000271b60a2000 DEOPT UNPACKING pc=0x000002719960a95e sp=0x000000c8444fde48 mode 0
Event: 49.487 Thread 0x00000271b60a7800 Uncommon trap: trap_request=0xffffff4d fr.pc=0x00000271a1bec15c relative=0x000000000000129c
Event: 49.487 Thread 0x00000271b60a7800 Uncommon trap: reason=unstable_if action=reinterpret pc=0x00000271a1bec15c method=com.android.tools.r8.dex.r.i()Lcom/android/tools/r8/graph/c1; @ 27 c2
Event: 49.487 Thread 0x00000271b60a7800 DEOPT PACKING pc=0x00000271a1bec15c sp=0x000000c8448fec40
Event: 49.487 Thread 0x00000271b60a7800 DEOPT UNPACKING pc=0x000002719960a1af sp=0x000000c8448fec40 mode 2
Event: 49.508 Thread 0x00000271b60a5000 DEOPT PACKING pc=0x000002719c120167 sp=0x000000c8446fe4e0
Event: 49.508 Thread 0x00000271b60a5000 DEOPT UNPACKING pc=0x000002719960a95e sp=0x000000c8446fda38 mode 0
Event: 49.516 Thread 0x00000271b60a1000 DEOPT PACKING pc=0x000002719c120167 sp=0x000000c8443fec60
Event: 49.516 Thread 0x00000271b60a1000 DEOPT UNPACKING pc=0x000002719960a95e sp=0x000000c8443fe1b8 mode 0
Event: 49.535 Thread 0x00000271b60a5000 DEOPT PACKING pc=0x000002719c120167 sp=0x000000c8446fe3b0
Event: 49.535 Thread 0x00000271b60a5000 DEOPT UNPACKING pc=0x000002719960a95e sp=0x000000c8446fd908 mode 0
Event: 49.565 Thread 0x00000271b60a2000 DEOPT PACKING pc=0x000002719c120167 sp=0x000000c8444fe800
Event: 49.565 Thread 0x00000271b60a2000 DEOPT UNPACKING pc=0x000002719960a95e sp=0x000000c8444fdd58 mode 0
Event: 49.587 Thread 0x00000271b60a7800 DEOPT PACKING pc=0x000002719c120167 sp=0x000000c8448fecc0
Event: 49.587 Thread 0x00000271b60a7800 DEOPT UNPACKING pc=0x000002719960a95e sp=0x000000c8448fe218 mode 0
Event: 49.608 Thread 0x00000271b60a3800 DEOPT PACKING pc=0x000002719c120167 sp=0x000000c8445fe5e0
Event: 49.608 Thread 0x00000271b60a3800 DEOPT UNPACKING pc=0x000002719960a95e sp=0x000000c8445fdb38 mode 0

Classes redefined (0 events):
No events

Internal exceptions (20 events):
Event: 48.527 Thread 0x00000271b5d29800 Exception <a 'sun/nio/fs/WindowsException'{0x00000000921959a0}> (0x00000000921959a0) thrown at [./src/hotspot/share/prims/jni.cpp, line 616]
Event: 48.545 Thread 0x00000271b5d29800 Exception <a 'java/lang/NoSuchMethodError'{0x0000000092722a70}: <clinit>> (0x0000000092722a70) thrown at [./src/hotspot/share/prims/jni.cpp, line 1366]
Event: 48.548 Thread 0x00000271b5d29800 Exception <a 'java/lang/NoSuchMethodError'{0x000000009275fac0}: <clinit>> (0x000000009275fac0) thrown at [./src/hotspot/share/prims/jni.cpp, line 1366]
Event: 48.553 Thread 0x00000271b5d29800 Exception <a 'java/lang/NoSuchMethodError'{0x00000000926face8}: <clinit>> (0x00000000926face8) thrown at [./src/hotspot/share/prims/jni.cpp, line 1366]
Event: 48.622 Thread 0x00000271b5d28800 Exception <a 'sun/nio/fs/WindowsException'{0x00000000925d4df0}> (0x00000000925d4df0) thrown at [./src/hotspot/share/prims/jni.cpp, line 616]
Event: 48.622 Thread 0x00000271b5d28800 Exception <a 'sun/nio/fs/WindowsException'{0x00000000925d5c90}> (0x00000000925d5c90) thrown at [./src/hotspot/share/prims/jni.cpp, line 616]
Event: 48.623 Thread 0x00000271b5d28800 Exception <a 'sun/nio/fs/WindowsException'{0x00000000925d5f78}> (0x00000000925d5f78) thrown at [./src/hotspot/share/prims/jni.cpp, line 616]
Event: 48.630 Thread 0x00000271b5d36800 Exception <a 'sun/nio/fs/WindowsException'{0x0000000092186848}> (0x0000000092186848) thrown at [./src/hotspot/share/prims/jni.cpp, line 616]
Event: 48.638 Thread 0x00000271b5d28800 Exception <a 'sun/nio/fs/WindowsException'{0x00000000925ef810}> (0x00000000925ef810) thrown at [./src/hotspot/share/prims/jni.cpp, line 616]
Event: 48.638 Thread 0x00000271b5d28800 Exception <a 'sun/nio/fs/WindowsException'{0x00000000925f06d0}> (0x00000000925f06d0) thrown at [./src/hotspot/share/prims/jni.cpp, line 616]
Event: 48.785 Thread 0x00000271b5d2a000 Exception <a 'java/lang/NoSuchMethodError'{0x00000000911bb850}: 'int java.lang.invoke.DirectMethodHandle$Holder.invokeSpecialIFC(java.lang.Object, java.lang.Object, java.lang.Object)'> (0x00000000911bb850) thrown at [./src/hotspot/share/interpreter/linkResolver.cpp, line 773]
Event: 48.811 Thread 0x00000271b5d36800 Exception <a 'java/lang/NoSuchMethodError'{0x0000000090f74bb8}: 'java.lang.Object java.lang.invoke.DirectMethodHandle$Holder.invokeStaticInit(java.lang.Object, java.lang.Object, java.lang.Object, java.lang.Object, java.lang.Object, java.lang.Object, java.lang.Object, java.lang.Object, java.lang.Object, java.lang.Object, java.lang.Object, java.lang.Object, java.lang.Object, java.lang.Object, java.lang.Object, java.lang.Object, java.lang.Object, java.lang.Object, int, java.lang.Object, java.lang.Object)'> (0
Event: 49.224 Thread 0x00000271b60a5000 Exception <a 'java/lang/IncompatibleClassChangeError'{0x00000000906d61f0}: Found class java.lang.Object, but interface was expected> (0x00000000906d61f0) thrown at [./src/hotspot/share/interpreter/linkResolver.cpp, line 839]
Event: 49.248 Thread 0x00000271b60a2000 Exception <a 'java/lang/IncompatibleClassChangeError'{0x000000009043f7e8}: Found class java.lang.Object, but interface was expected> (0x000000009043f7e8) thrown at [./src/hotspot/share/interpreter/linkResolver.cpp, line 839]
Event: 49.248 Thread 0x00000271b609f800 Exception <a 'java/lang/IncompatibleClassChangeError'{0x000000009044cce0}: Found class java.lang.Object, but interface was expected> (0x000000009044cce0) thrown at [./src/hotspot/share/interpreter/linkResolver.cpp, line 839]
Event: 49.248 Thread 0x00000271b60a7800 Exception <a 'java/lang/IncompatibleClassChangeError'{0x0000000090465740}: Found class java.lang.Object, but interface was expected> (0x0000000090465740) thrown at [./src/hotspot/share/interpreter/linkResolver.cpp, line 839]
Event: 49.249 Thread 0x00000271b60a2000 Exception <a 'java/lang/IncompatibleClassChangeError'{0x0000000090442490}: Found class java.lang.Object, but interface was expected> (0x0000000090442490) thrown at [./src/hotspot/share/interpreter/linkResolver.cpp, line 839]
Event: 49.249 Thread 0x00000271b60a7800 Exception <a 'java/lang/IncompatibleClassChangeError'{0x000000009046cff0}: Found class java.lang.Object, but interface was expected> (0x000000009046cff0) thrown at [./src/hotspot/share/interpreter/linkResolver.cpp, line 839]
Event: 49.249 Thread 0x00000271b609f800 Exception <a 'java/lang/IncompatibleClassChangeError'{0x000000009044f8e8}: Found class java.lang.Object, but interface was expected> (0x000000009044f8e8) thrown at [./src/hotspot/share/interpreter/linkResolver.cpp, line 839]
Event: 49.252 Thread 0x00000271b60a7800 Exception <a 'java/lang/NoSuchMethodError'{0x00000000904b2348}: 'java.lang.Object java.lang.invoke.DirectMethodHandle$Holder.newInvokeSpecial(java.lang.Object, int)'> (0x00000000904b2348) thrown at [./src/hotspot/share/interpreter/linkResolver.cpp, line 773]

Events (20 events):
Event: 49.343 loading class com/android/tools/r8/graph/D2 done
Event: 49.343 loading class com/android/tools/r8/internal/Zb1
Event: 49.343 loading class com/android/tools/r8/internal/Zb1 done
Event: 49.343 loading class com/android/tools/r8/internal/ec1
Event: 49.343 loading class com/android/tools/r8/internal/ec1 done
Event: 49.352 loading class com/android/tools/r8/internal/c61
Event: 49.352 loading class com/android/tools/r8/internal/c61 done
Event: 49.357 loading class com/android/tools/r8/internal/HP0
Event: 49.357 loading class com/android/tools/r8/internal/HP0 done
Event: 49.372 Executing VM operation: G1CollectForAllocation
Event: 49.399 Executing VM operation: G1CollectForAllocation done
Event: 49.403 loading class com/android/tools/r8/internal/KI0
Event: 49.403 loading class com/android/tools/r8/internal/KI0 done
Event: 49.425 Executing VM operation: G1CollectForAllocation
Event: 49.437 Executing VM operation: G1CollectForAllocation done
Event: 49.464 loading class com/android/tools/r8/graph/Z0
Event: 49.464 loading class com/android/tools/r8/graph/Z0 done
Event: 49.538 Executing VM operation: G1CollectForAllocation
Event: 49.558 Executing VM operation: G1CollectForAllocation done
Event: 49.632 Executing VM operation: G1CollectForAllocation


Dynamic libraries:
0x00007ff648f70000 - 0x00007ff648f7a000 	C:\Program Files\Android\Android Studio\jre\bin\java.exe
0x00007ffd43d50000 - 0x00007ffd43f64000 	C:\Windows\SYSTEM32\ntdll.dll
0x00007ffd431a0000 - 0x00007ffd43262000 	C:\Windows\System32\KERNEL32.DLL
0x00007ffd415f0000 - 0x00007ffd4198c000 	C:\Windows\System32\KERNELBASE.dll
0x00007ffd41990000 - 0x00007ffd41aa1000 	C:\Windows\System32\ucrtbase.dll
0x00007ffd05ca0000 - 0x00007ffd05cb9000 	C:\Program Files\Android\Android Studio\jre\bin\jli.dll
0x00007ffd04be0000 - 0x00007ffd04bf7000 	C:\Program Files\Android\Android Studio\jre\bin\VCRUNTIME140.dll
0x00007ffd434e0000 - 0x00007ffd4368a000 	C:\Windows\System32\USER32.dll
0x00007ffd414a0000 - 0x00007ffd414c6000 	C:\Windows\System32\win32u.dll
0x00007ffd43bc0000 - 0x00007ffd43be9000 	C:\Windows\System32\GDI32.dll
0x00007ffd414d0000 - 0x00007ffd415e2000 	C:\Windows\System32\gdi32full.dll
0x00007ffd29dd0000 - 0x00007ffd2a05e000 	C:\Windows\WinSxS\amd64_microsoft.windows.common-controls_6595b64144ccf1df_6.0.22621.608_none_a9444ca7c10bb01d\COMCTL32.dll
0x00007ffd41ab0000 - 0x00007ffd41b4a000 	C:\Windows\System32\msvcp_win.dll
0x00007ffd43430000 - 0x00007ffd434d7000 	C:\Windows\System32\msvcrt.dll
0x00007ffd427b0000 - 0x00007ffd427e1000 	C:\Windows\System32\IMM32.DLL
0x00007ffd04790000 - 0x00007ffd0482d000 	C:\Program Files\Android\Android Studio\jre\bin\msvcp140.dll
0x00007ffcc4e70000 - 0x00007ffcc5972000 	C:\Program Files\Android\Android Studio\jre\bin\server\jvm.dll
0x00007ffd42450000 - 0x00007ffd424fe000 	C:\Windows\System32\ADVAPI32.dll
0x00007ffd43270000 - 0x00007ffd43314000 	C:\Windows\System32\sechost.dll
0x00007ffd41b50000 - 0x00007ffd41c65000 	C:\Windows\System32\RPCRT4.dll
0x00007ffd43420000 - 0x00007ffd43428000 	C:\Windows\System32\PSAPI.DLL
0x00007ffd1e850000 - 0x00007ffd1e859000 	C:\Windows\SYSTEM32\WSOCK32.dll
0x00007ffd38530000 - 0x00007ffd38564000 	C:\Windows\SYSTEM32\WINMM.dll
0x00007ffd39f60000 - 0x00007ffd39f6a000 	C:\Windows\SYSTEM32\VERSION.dll
0x00007ffd42c70000 - 0x00007ffd42ce1000 	C:\Windows\System32\WS2_32.dll
0x00007ffd40170000 - 0x00007ffd40188000 	C:\Windows\SYSTEM32\kernel.appcore.dll
0x00007ffd25ac0000 - 0x00007ffd25ad1000 	C:\Program Files\Android\Android Studio\jre\bin\verify.dll
0x00007ffd2ed50000 - 0x00007ffd2ef7e000 	C:\Windows\SYSTEM32\DBGHELP.DLL
0x00007ffd43690000 - 0x00007ffd43a19000 	C:\Windows\System32\combase.dll
0x00007ffd42a70000 - 0x00007ffd42b47000 	C:\Windows\System32\OLEAUT32.dll
0x00007ffd21500000 - 0x00007ffd21532000 	C:\Windows\SYSTEM32\dbgcore.DLL
0x00007ffd41180000 - 0x00007ffd411fb000 	C:\Windows\System32\bcryptPrimitives.dll
0x00007ffd05d10000 - 0x00007ffd05d39000 	C:\Program Files\Android\Android Studio\jre\bin\java.dll
0x00007ffd38b80000 - 0x00007ffd38b8b000 	C:\Program Files\Android\Android Studio\jre\bin\jimage.dll
0x00007ffd1ce40000 - 0x00007ffd1ce58000 	C:\Program Files\Android\Android Studio\jre\bin\zip.dll
0x00007ffd41c70000 - 0x00007ffd4244d000 	C:\Windows\System32\SHELL32.dll
0x00007ffd3f190000 - 0x00007ffd3fa47000 	C:\Windows\SYSTEM32\windows.storage.dll
0x00007ffd3f050000 - 0x00007ffd3f18d000 	C:\Windows\SYSTEM32\wintypes.dll
0x00007ffd43320000 - 0x00007ffd43411000 	C:\Windows\System32\SHCORE.dll
0x00007ffd42750000 - 0x00007ffd427ae000 	C:\Windows\System32\shlwapi.dll
0x00007ffd410b0000 - 0x00007ffd410d1000 	C:\Windows\SYSTEM32\profapi.dll
0x00007ffd1cac0000 - 0x00007ffd1cada000 	C:\Program Files\Android\Android Studio\jre\bin\net.dll
0x00007ffd3a3d0000 - 0x00007ffd3a4ff000 	C:\Windows\SYSTEM32\WINHTTP.dll
0x00007ffd40610000 - 0x00007ffd40679000 	C:\Windows\system32\mswsock.dll
0x00007ffd08310000 - 0x00007ffd08324000 	C:\Program Files\Android\Android Studio\jre\bin\nio.dll
0x00007ffd04870000 - 0x00007ffd04897000 	C:\Users\Nauruz\.gradle\native\e1d6ef7f7dcc3fd88c89a11ec53ec762bb8ba0a96d01ffa2cd45eb1d1d8dd5c5\windows-amd64\native-platform.dll
0x00007ffcec820000 - 0x00007ffcec964000 	C:\Users\Nauruz\.gradle\native\5664cfc778a61ccfe75a443a1ab52a65af34e5dc3c78e0209fed803814484fcb\windows-amd64\native-platform-file-events.dll
0x00007ffd25a20000 - 0x00007ffd25a2a000 	C:\Program Files\Android\Android Studio\jre\bin\management.dll
0x00007ffd257b0000 - 0x00007ffd257bd000 	C:\Program Files\Android\Android Studio\jre\bin\management_ext.dll
0x00007ffd40920000 - 0x00007ffd4093b000 	C:\Windows\SYSTEM32\CRYPTSP.dll
0x00007ffd40130000 - 0x00007ffd40165000 	C:\Windows\system32\rsaenh.dll
0x00007ffd406b0000 - 0x00007ffd406d8000 	C:\Windows\SYSTEM32\USERENV.dll
0x00007ffd40b00000 - 0x00007ffd40b28000 	C:\Windows\SYSTEM32\bcrypt.dll
0x00007ffd40900000 - 0x00007ffd4090c000 	C:\Windows\SYSTEM32\CRYPTBASE.dll
0x00007ffd3fca0000 - 0x00007ffd3fccd000 	C:\Windows\SYSTEM32\IPHLPAPI.DLL
0x00007ffd425d0000 - 0x00007ffd425d9000 	C:\Windows\System32\NSI.dll
0x00007ffd3a3b0000 - 0x00007ffd3a3c9000 	C:\Windows\SYSTEM32\dhcpcsvc6.DLL
0x00007ffd3a290000 - 0x00007ffd3a2af000 	C:\Windows\SYSTEM32\dhcpcsvc.DLL
0x00007ffd3fd10000 - 0x00007ffd3fe02000 	C:\Windows\SYSTEM32\DNSAPI.dll
0x00007ffd38cd0000 - 0x00007ffd38cee000 	C:\Users\Nauruz\AppData\Local\Temp\native-platform6409108053502614501dir\native-platform.dll
0x00007ffd401e0000 - 0x00007ffd40214000 	C:\Windows\SYSTEM32\ntmarta.dll

dbghelp: loaded successfully - version: 4.0.5 - missing functions: none
symbol engine: initialized successfully - sym options: 0x614 - pdb path: .;C:\Program Files\Android\Android Studio\jre\bin;C:\Windows\SYSTEM32;C:\Windows\WinSxS\amd64_microsoft.windows.common-controls_6595b64144ccf1df_6.0.22621.608_none_a9444ca7c10bb01d;C:\Program Files\Android\Android Studio\jre\bin\server;C:\Users\Nauruz\.gradle\native\e1d6ef7f7dcc3fd88c89a11ec53ec762bb8ba0a96d01ffa2cd45eb1d1d8dd5c5\windows-amd64;C:\Users\Nauruz\.gradle\native\5664cfc778a61ccfe75a443a1ab52a65af34e5dc3c78e0209fed803814484fcb\windows-amd64;C:\Users\Nauruz\AppData\Local\Temp\native-platform6409108053502614501dir

VM Arguments:
jvm_args: --add-opens=java.base/java.util=ALL-UNNAMED --add-opens=java.base/java.lang=ALL-UNNAMED --add-opens=java.base/java.lang.invoke=ALL-UNNAMED --add-opens=java.base/java.util=ALL-UNNAMED --add-opens=java.prefs/java.util.prefs=ALL-UNNAMED --add-opens=java.prefs/java.util.prefs=ALL-UNNAMED --add-opens=java.base/java.nio.charset=ALL-UNNAMED --add-opens=java.base/java.net=ALL-UNNAMED --add-opens=java.base/java.util.concurrent.atomic=ALL-UNNAMED -Xmx2048m -Dfile.encoding=UTF-8 -Duser.country=RU -Duser.language=ru -Duser.variant 
java_command: org.gradle.launcher.daemon.bootstrap.GradleDaemon 7.2
java_class_path (initial): C:\Users\Nauruz\.gradle\wrapper\dists\gradle-7.2-bin\2dnblmf4td7x66yl1d74lt32g\gradle-7.2\lib\gradle-launcher-7.2.jar
Launcher Type: SUN_STANDARD

[Global flags]
     intx CICompilerCount                          = 3                                         {product} {ergonomic}
     uint ConcGCThreads                            = 2                                         {product} {ergonomic}
     uint G1ConcRefinementThreads                  = 6                                         {product} {ergonomic}
   size_t G1HeapRegionSize                         = 1048576                                   {product} {ergonomic}
    uintx GCDrainStackTargetSize                   = 64                                        {product} {ergonomic}
   size_t InitialHeapSize                          = 257949696                                 {product} {ergonomic}
   size_t MarkStackSize                            = 4194304                                   {product} {ergonomic}
   size_t MaxHeapSize                              = 2147483648                                {product} {command line}
   size_t MaxNewSize                               = 1287651328                                {product} {ergonomic}
   size_t MinHeapDeltaBytes                        = 1048576                                   {product} {ergonomic}
    uintx NonNMethodCodeHeapSize                   = 5830732                                {pd product} {ergonomic}
    uintx NonProfiledCodeHeapSize                  = 122913754                              {pd product} {ergonomic}
    uintx ProfiledCodeHeapSize                     = 122913754                              {pd product} {ergonomic}
    uintx ReservedCodeCacheSize                    = 251658240                              {pd product} {ergonomic}
     bool SegmentedCodeCache                       = true                                      {product} {ergonomic}
     bool UseCompressedClassPointers               = true                                 {lp64_product} {ergonomic}
     bool UseCompressedOops                        = true                                 {lp64_product} {ergonomic}
     bool UseG1GC                                  = true                                      {product} {ergonomic}
     bool UseLargePagesIndividualAllocation        = false                                  {pd product} {ergonomic}

Logging:
Log output configuration:
 #0: stdout all=warning uptime,level,tags
 #1: stderr all=off uptime,level,tags

Environment Variables:
JAVA_HOME=C:\Program Files\Java\jdk1.8.0_202
PATH=C:\Program Files (x86)\Common Files\Oracle\Java\javapath;C:\Windows\system32;C:\Windows;C:\Windows\System32\Wbem;C:\Windows\System32\WindowsPowerShell\v1.0\;C:\Windows\System32\OpenSSH\;C:\Program Files\Git\cmd;C:\Program Files\maven\bin;C:\flyway-9.6.0;C:\Users\Nauruz\AppData\Local\Microsoft\WindowsApps;
USERNAME=Nauruz
OS=Windows_NT
PROCESSOR_IDENTIFIER=AMD64 Family 23 Model 96 Stepping 1, AuthenticAMD



---------------  S Y S T E M  ---------------

OS: Windows 11 , 64 bit Build 22621 (10.0.22621.608)
OS uptime: 0 days 15:27 hours
Hyper-V role detected

CPU:total 6 (initial active 6) (6 cores per cpu, 1 threads per core) family 23 model 96 stepping 1 microcode 0x0, cmov, cx8, fxsr, mmx, sse, sse2, sse3, ssse3, sse4.1, sse4.2, popcnt, avx, avx2, aes, clmul, mmxext, 3dnowpref, lzcnt, sse4a, tsc, tscinvbit, tscinv, bmi1, bmi2, adx, sha, fma

Memory: 4k page, system-wide physical 15733M (3794M free)
TotalPageFile size 15733M (AvailPageFile size 55M)
current process WorkingSet (physical memory assigned to process): 638M, peak: 640M
current process commit charge ("private bytes"): 672M, peak: 900M

vm_info: OpenJDK 64-Bit Server VM (11.0.13+0-b1751.21-8125866) for windows-amd64 JRE (11.0.13+0-b1751.21-8125866), built on Feb  2 2022 03:00:22 by "builder" with MS VC++ 14.0 (VS2015)

END.
